2016-11-15 00:51:26 [scrapy] INFO: Scrapy 1.2.0 started (bot: SocialSpider)
2016-11-15 00:51:26 [scrapy] INFO: Overridden settings: {'NEWSPIDER_MODULE': 'SocialSpider.spiders', 'FEED_URI': '../data/toutiao/__all__.json', 'SPIDER_MODULES': ['SocialSpider.spiders'], 'BOT_NAME': 'SocialSpider', 'FEED_FORMAT': 'json', 'LOG_FILE': '../log/toutiao/__all__.log'}
2016-11-15 00:51:26 [scrapy] INFO: Enabled extensions:
['scrapy.extensions.feedexport.FeedExporter',
 'scrapy.extensions.logstats.LogStats',
 'scrapy.extensions.telnet.TelnetConsole',
 'scrapy.extensions.corestats.CoreStats']
2016-11-15 00:51:26 [scrapy] INFO: Enabled downloader middlewares:
['scrapy.downloadermiddlewares.httpauth.HttpAuthMiddleware',
 'scrapy.downloadermiddlewares.downloadtimeout.DownloadTimeoutMiddleware',
 'scrapy.downloadermiddlewares.defaultheaders.DefaultHeadersMiddleware',
 'scrapy.downloadermiddlewares.useragent.UserAgentMiddleware',
 'SocialSpider.midware.UaMidWare.ProcessUaMidware',
 'scrapy.downloadermiddlewares.retry.RetryMiddleware',
 'scrapy.downloadermiddlewares.redirect.MetaRefreshMiddleware',
 'scrapy.downloadermiddlewares.httpcompression.HttpCompressionMiddleware',
 'scrapy.downloadermiddlewares.redirect.RedirectMiddleware',
 'scrapy.downloadermiddlewares.cookies.CookiesMiddleware',
 'scrapy.downloadermiddlewares.chunked.ChunkedTransferMiddleware',
 'scrapy.downloadermiddlewares.stats.DownloaderStats']
2016-11-15 00:51:26 [scrapy] INFO: Enabled spider middlewares:
['scrapy.spidermiddlewares.httperror.HttpErrorMiddleware',
 'scrapy.spidermiddlewares.offsite.OffsiteMiddleware',
 'scrapy.spidermiddlewares.referer.RefererMiddleware',
 'scrapy.spidermiddlewares.urllength.UrlLengthMiddleware',
 'scrapy.spidermiddlewares.depth.DepthMiddleware']
2016-11-15 00:51:26 [scrapy] INFO: Enabled item pipelines:
[]
2016-11-15 00:51:26 [scrapy] INFO: Spider opened
2016-11-15 00:51:26 [scrapy] INFO: Crawled 0 pages (at 0 pages/min), scraped 0 items (at 0 items/min)
2016-11-15 00:51:27 [scrapy] DEBUG: Telnet console listening on 127.0.0.1:6023
2016-11-15 00:51:27 [toutiao] INFO: now entring download midware
2016-11-15 00:51:27 [toutiao] INFO: User-Agent is: everyfeed-spider/2.0 (http://www.everyfeed.com) <GET http://www.toutiao.com/api/article/feed/?category=__all__&utm_source=toutiao&widen=0&max_behot_time=0&max_behot_time_tmp=0&as=A135B8B16A0CF6F&cp=581AACBF560FEE1>
2016-11-15 00:51:29 [scrapy] DEBUG: Crawled (200) <GET http://www.toutiao.com/api/article/feed/?category=__all__&utm_source=toutiao&widen=0&max_behot_time=0&max_behot_time_tmp=0&as=A135B8B16A0CF6F&cp=581AACBF560FEE1> (referer: None)
2016-11-15 00:51:29 [toutiao] DEBUG: Fetch toutiao homepage page: http://www.toutiao.com/api/article/feed/?category=__all__&utm_source=toutiao&widen=0&max_behot_time=0&max_behot_time_tmp=0&as=A135B8B16A0CF6F&cp=581AACBF560FEE1
2016-11-15 00:51:29 [scrapy] DEBUG: Scraped from <200 http://www.toutiao.com/api/article/feed/?category=__all__&utm_source=toutiao&widen=0&max_behot_time=0&max_behot_time_tmp=0&as=A135B8B16A0CF6F&cp=581AACBF560FEE1>
{'Title': '\xe8\xa1\x97\xe5\x9d\x8a\xe9\x82\xbb\xe5\xb1\x85\xe9\x83\xbd\xe6\x9d\xa5\xe4\xba\x86 \xe5\xae\xb6\xe4\xb9\xa1\xe5\xb8\x82\xe6\xb0\x91\xe8\x87\xaa\xe5\x8f\x91\xe6\x82\xbc\xe5\xbf\xb5\xe2\x80\x9c\xe9\x87\x91\xe5\xad\x94\xe9\x9b\x80\xe2\x80\x9d\xe4\xbd\x99\xe6\x97\xad',
 'TitleUrl': u'http://www.toutiao.com/group/6352849276256059650/'}
2016-11-15 00:51:29 [scrapy] DEBUG: Scraped from <200 http://www.toutiao.com/api/article/feed/?category=__all__&utm_source=toutiao&widen=0&max_behot_time=0&max_behot_time_tmp=0&as=A135B8B16A0CF6F&cp=581AACBF560FEE1>
{'Title': '\xe5\x88\x9a\xe9\x80\x89\xe4\xb8\x8a\xe6\x80\xbb\xe7\xbb\x9f\xef\xbc\x8c\xe7\x89\xb9\xe6\x9c\x97\xe6\x99\xae\xe5\xb0\xb1\xe6\x83\xb3\xe7\xbb\x99\xe4\xb8\xad\xe5\x9b\xbd\xe2\x80\x9c\xe4\xb8\x8b\xe9\xa9\xac\xe5\xa8\x81\xe2\x80\x9d\xef\xbc\x9f',
 'TitleUrl': u'http://www.toutiao.com/group/6352837162158096642/'}
2016-11-15 00:51:29 [scrapy] DEBUG: Scraped from <200 http://www.toutiao.com/api/article/feed/?category=__all__&utm_source=toutiao&widen=0&max_behot_time=0&max_behot_time_tmp=0&as=A135B8B16A0CF6F&cp=581AACBF560FEE1>
{'Title': '\xe8\x8a\xb1\xe8\xb1\xb9\xe5\x81\xb7\xe8\xa2\xad\xe9\x87\x8e\xe7\x8c\xaa\xe5\xb9\xbc\xe5\xb4\xbd\xef\xbc\x8c\xe8\xa2\xab\xe4\xb8\x89\xe5\x8f\xaa\xe9\x87\x8e\xe7\x8c\xaa\xe5\x9b\xb4\xe6\x94\xbb\xe6\xb4\xbb\xe6\xb4\xbb\xe5\x92\xac\xe6\xad\xbb\xef\xbc\x8c\xe6\x91\x84\xe5\xbd\xb1\xe5\xb8\x88\xe9\x83\xbd\xe8\xa2\xab\xe5\x90\x93\xe6\xa5\x9e',
 'TitleUrl': u'http://www.toutiao.com/group/6352805562431193346/'}
2016-11-15 00:51:29 [scrapy] DEBUG: Scraped from <200 http://www.toutiao.com/api/article/feed/?category=__all__&utm_source=toutiao&widen=0&max_behot_time=0&max_behot_time_tmp=0&as=A135B8B16A0CF6F&cp=581AACBF560FEE1>
{'Title': '\xe5\x88\x9b\xe4\xb8\x9a\xe7\x83\xad\xe7\x82\xb9\xef\xbc\x9a\xe6\xb3\x95\xe6\xa0\xbc\xe8\x8e\xb1\xe8\xa3\x85\xe4\xbf\xae\xe5\x8a\xa0\xe7\x9b\x9f\xe6\x88\x90\xe5\x8a\x9f\xe6\xa1\x88\xe4\xbe\x8b\xef\xbc\x8c\xe8\xbd\xbb\xe6\x9d\xbe\xe5\xbc\x80\xe4\xb8\x9a\xef\xbc\x81',
 'TitleUrl': u'http://www.toutiao.com/group/6350543403553390850/'}
2016-11-15 00:51:29 [scrapy] DEBUG: Scraped from <200 http://www.toutiao.com/api/article/feed/?category=__all__&utm_source=toutiao&widen=0&max_behot_time=0&max_behot_time_tmp=0&as=A135B8B16A0CF6F&cp=581AACBF560FEE1>
{'Title': '\xe5\x8d\xab\xe7\x94\x9f\xe9\x97\xb4\xe7\x83\xad\xe6\xb0\xb4\xe5\x99\xa8\xe5\x8c\x85\xe5\x9c\xa8\xe5\x90\x8a\xe9\xa1\xb6\xe9\x87\x8c\xe5\x92\x8c\xe6\x94\xbe\xe5\x90\x8a\xe9\xa1\xb6\xe4\xb8\x8b\xe5\x8c\xba\xe5\x88\xab\xe7\x9c\x9f\xe5\xa4\xa7',
 'TitleUrl': u'http://www.toutiao.com/group/6352837358601142529/'}
2016-11-15 00:51:29 [scrapy] DEBUG: Scraped from <200 http://www.toutiao.com/api/article/feed/?category=__all__&utm_source=toutiao&widen=0&max_behot_time=0&max_behot_time_tmp=0&as=A135B8B16A0CF6F&cp=581AACBF560FEE1>
{'Title': '\xe5\x9b\xbd\xe4\xba\xa7\xe6\x97\x97\xe8\x88\xb0\xe4\xb8\x80\xe5\x93\xa5\xe6\x9d\xa5\xe4\xba\x86\xef\xbc\x81\xe5\x8d\x8e\xe4\xb8\xbaMate9\xe4\xba\xae\xe7\x9b\xb8\xef\xbc\x9a\xe8\xbf\x99\xe4\xbb\xb7\xe6\xa0\xbc\xe7\x9c\x9f\xe5\xbf\x83\xe4\xbe\xbf\xe5\xae\x9c',
 'TitleUrl': u'http://www.toutiao.com/group/6352732673425965313/'}
2016-11-15 00:51:29 [scrapy] DEBUG: Scraped from <200 http://www.toutiao.com/api/article/feed/?category=__all__&utm_source=toutiao&widen=0&max_behot_time=0&max_behot_time_tmp=0&as=A135B8B16A0CF6F&cp=581AACBF560FEE1>
{'Title': '\xe5\x86\x9c\xe6\x9d\x91\xe5\xb1\xb1\xe9\x87\x8c\xe7\x9a\x84\xe5\xb9\xb4\xe8\xbd\xbb\xe5\xb0\x8f\xe4\xbc\x995\xe4\xb8\x87\xe4\xb9\xb0\xe6\x9d\xa5\xe7\x9a\x84\xe8\xb6\x8a\xe5\x8d\x97\xe5\xaa\xb3\xe5\xa6\x87\xef\xbc\x8c\xe9\x95\xbf\xe5\xbe\x97\xe5\xa4\xaa\xe6\xbc\x82\xe4\xba\xae\xe4\xba\x86\xef\xbc\x81',
 'TitleUrl': u'http://www.toutiao.com/group/6352825957896421633/'}
2016-11-15 00:51:29 [scrapy] DEBUG: Scraped from <200 http://www.toutiao.com/api/article/feed/?category=__all__&utm_source=toutiao&widen=0&max_behot_time=0&max_behot_time_tmp=0&as=A135B8B16A0CF6F&cp=581AACBF560FEE1>
{'Title': '\xe4\xb8\xba\xe4\xbb\x80\xe4\xb9\x88\xe8\xaf\xb4\xe5\x8e\xbb\xe5\xb7\x9d\xe8\x97\x8f\xe7\xa9\xb7\xe6\xb8\xb8\xe8\xbf\x87\xe7\x9a\x84\xe5\xa5\xb3\xe4\xba\xba\xe4\xb8\x8d\xe8\x83\xbd\xe5\xa8\xb6\xef\xbc\x9f',
 'TitleUrl': u'http://www.toutiao.com/group/6352735656929657089/'}
2016-11-15 00:51:29 [scrapy] DEBUG: Scraped from <200 http://www.toutiao.com/api/article/feed/?category=__all__&utm_source=toutiao&widen=0&max_behot_time=0&max_behot_time_tmp=0&as=A135B8B16A0CF6F&cp=581AACBF560FEE1>
{'Title': '\xe6\x97\xa5\xe6\x9c\xac\xe7\xbd\x91\xe6\xb0\x91\xe8\xaf\x84\xe8\xae\xba\xef\xbc\x9a\xe4\xb8\xad\xe5\x9b\xbd\xe7\x9a\x84\xe5\xa4\xa7\xe9\x83\xbd\xe5\xb8\x82\xe5\xa4\xaa\xe5\x8e\x89\xe5\xae\xb3\xe4\xba\x86',
 'TitleUrl': u'http://www.toutiao.com/group/6352838140201451777/'}
2016-11-15 00:51:29 [scrapy] DEBUG: Scraped from <200 http://www.toutiao.com/api/article/feed/?category=__all__&utm_source=toutiao&widen=0&max_behot_time=0&max_behot_time_tmp=0&as=A135B8B16A0CF6F&cp=581AACBF560FEE1>
{'Title': '\xe7\x8e\x8b\xe5\xae\x9d\xe5\xbc\xba\xe7\xa6\xbb\xe5\xa9\x9a\xe6\x96\xb0\xe8\xbf\x9b\xe5\xb1\x95\xef\xbc\x9a\xe8\xbf\x99\xe6\xac\xa1\xe9\xa9\xac\xe8\x93\x89\xe7\xbb\x99\xe5\x87\xba\xe7\x9a\x84\xe8\xaf\x81\xe6\x8d\xae\xe5\x8f\x88\xe8\xa2\xab\xe7\xbe\xa4\xe5\x98\xb2\xe4\xba\x86\xef\xbc\x81',
 'TitleUrl': u'http://www.toutiao.com/group/6352644679474249985/'}
2016-11-15 00:51:29 [scrapy] DEBUG: Scraped from <200 http://www.toutiao.com/api/article/feed/?category=__all__&utm_source=toutiao&widen=0&max_behot_time=0&max_behot_time_tmp=0&as=A135B8B16A0CF6F&cp=581AACBF560FEE1>
{'Title': '\xe5\x85\xb3\xe6\x99\x93\xe5\xbd\xa4\xe5\xad\xa6\xe7\x94\x9f\xe7\xac\x94\xe8\xae\xb0\xe5\x85\x8d\xe8\xb4\xb9\xe9\xa2\x86\xe5\x8f\x96\xe5\x95\xa6\xef\xbc\x81\xe4\xbb\x85\xe9\x99\x90300\xe5\xa5\x97',
 'TitleUrl': u'http://www.toutiao.com/group/6350890490174374146/'}
2016-11-15 00:51:29 [scrapy] DEBUG: Scraped from <200 http://www.toutiao.com/api/article/feed/?category=__all__&utm_source=toutiao&widen=0&max_behot_time=0&max_behot_time_tmp=0&as=A135B8B16A0CF6F&cp=581AACBF560FEE1>
{'Title': '\xe5\xaf\xb9\xe6\xaf\x94\xe4\xb8\xb4\xe6\xad\xbb\xe5\x89\x8d\xe7\x9a\x84\xe8\x90\xa8\xe8\xbe\xbe\xe5\xa7\x86\xe4\xb8\x8e\xe5\x8d\xa1\xe6\x89\x8e\xe8\x8f\xb2\xef\xbc\x8c\xe8\xb0\x81\xe6\x9b\xb4\xe6\x9c\x89\xe5\xb0\x8a\xe4\xb8\xa5\xef\xbc\x9f',
 'TitleUrl': u'http://www.toutiao.com/group/6352828030888706306/'}
2016-11-15 00:51:29 [scrapy] DEBUG: Scraped from <200 http://www.toutiao.com/api/article/feed/?category=__all__&utm_source=toutiao&widen=0&max_behot_time=0&max_behot_time_tmp=0&as=A135B8B16A0CF6F&cp=581AACBF560FEE1>
{'Title': '\xe9\xab\x98\xe4\xb8\xad\xe6\x97\xb6\xe5\xa5\xb3\xe7\xa5\x9e\xe6\x98\xaf\xe5\x90\x8c\xe6\xa1\x8c',
 'TitleUrl': u'http://www.toutiao.com/group/6352638396984344834/'}
2016-11-15 00:51:29 [scrapy] DEBUG: Scraped from <200 http://www.toutiao.com/api/article/feed/?category=__all__&utm_source=toutiao&widen=0&max_behot_time=0&max_behot_time_tmp=0&as=A135B8B16A0CF6F&cp=581AACBF560FEE1>
{'Title': '\xe6\xb8\xaf\xe5\xaa\x92\xef\xbc\x9a\xe7\x89\xb9\xe6\x9c\x97\xe6\x99\xae\xe5\xbd\x93\xe9\x80\x89\xe5\x8d\x8e\xe8\xa3\x94\xe6\x88\x90\xe5\x87\xba\xe6\xb0\x94\xe7\xad\x92 \xe5\x94\x90\xe4\xba\xba\xe8\xa1\x97\xe5\x95\x86\xe9\x93\xba\xe8\xa2\xab\xe5\x96\xb7\xe6\xbc\x86\xe6\x89\x93\xe7\xa0\xb8',
 'TitleUrl': u'http://www.toutiao.com/group/6352859553524121858/'}
2016-11-15 00:51:29 [scrapy] DEBUG: Scraped from <200 http://www.toutiao.com/api/article/feed/?category=__all__&utm_source=toutiao&widen=0&max_behot_time=0&max_behot_time_tmp=0&as=A135B8B16A0CF6F&cp=581AACBF560FEE1>
{'Title': '\xe5\xad\x99\xe4\xb8\xad\xe5\xb1\xb1\xe7\x9a\x84\xe6\x97\xa5\xe6\x9c\xac\xe5\xa6\xbb\xe5\xad\x90----\xe5\xa4\xa7\xe6\x9c\x88\xe7\x86\x8f',
 'TitleUrl': u'http://www.toutiao.com/group/6352640417817936130/'}
2016-11-15 00:51:29 [scrapy] DEBUG: Scraped from <200 http://www.toutiao.com/api/article/feed/?category=__all__&utm_source=toutiao&widen=0&max_behot_time=0&max_behot_time_tmp=0&as=A135B8B16A0CF6F&cp=581AACBF560FEE1>
{'Title': '\xe5\xad\x99\xe4\xb8\xad\xe5\xb1\xb1\xe7\x9a\x84\xe6\x97\xa5\xe6\x9c\xac\xe5\xa6\xbb\xe5\xad\x90----\xe5\xa4\xa7\xe6\x9c\x88\xe7\x86\x8f',
 'TitleUrl': u'http://www.toutiao.com/group/6352963413636038914/?_as_1479171087'}
2016-11-15 00:51:29 [toutiao] INFO: now entring download midware
2016-11-15 00:51:29 [toutiao] INFO: User-Agent is: Xaldon_WebSpider/2.0.b1 <GET http://www.toutiao.com/api/article/feed/?category=__all__&utm_source=toutiao&widen=0&max_behot_time=0&max_behot_time_tmp=1479162685&as=A16538313A8D839&cp=581A7DF853099E1>
2016-11-15 00:51:29 [scrapy] DEBUG: Crawled (200) <GET http://www.toutiao.com/api/article/feed/?category=__all__&utm_source=toutiao&widen=0&max_behot_time=0&max_behot_time_tmp=1479162685&as=A16538313A8D839&cp=581A7DF853099E1> (referer: http://www.toutiao.com/api/article/feed/?category=__all__&utm_source=toutiao&widen=0&max_behot_time=0&max_behot_time_tmp=0&as=A135B8B16A0CF6F&cp=581AACBF560FEE1)
2016-11-15 00:51:29 [toutiao] DEBUG: Fetch toutiao homepage page: http://www.toutiao.com/api/article/feed/?category=__all__&utm_source=toutiao&widen=0&max_behot_time=0&max_behot_time_tmp=1479162685&as=A16538313A8D839&cp=581A7DF853099E1
2016-11-15 00:51:29 [scrapy] DEBUG: Scraped from <200 http://www.toutiao.com/api/article/feed/?category=__all__&utm_source=toutiao&widen=0&max_behot_time=0&max_behot_time_tmp=1479162685&as=A16538313A8D839&cp=581A7DF853099E1>
{'Title': '\xe4\xbf\x9d\xe5\xae\x9a\xe5\x9d\xa0\xe4\xba\x95\xe7\x94\xb7\xe7\xab\xa5\xe5\xae\xb6\xe5\xb1\x9e\xe7\x94\xa811\xe9\x9d\xa2\xe9\x94\xa6\xe6\x97\x97\xe8\x87\xb4\xe8\xb0\xa2 \xe2\x80\x9c\xe8\xa2\xab\xe6\x89\x93\xe2\x80\x9d\xe6\x80\xa5\xe6\x95\x91\xe8\xbd\xa6\xe5\x8f\xb8\xe6\x9c\xba\xe7\xa7\xb0\xe5\x8f\xaa\xe6\x98\xaf\xe6\x8e\xa8\xe6\x90\xa1',
 'TitleUrl': u'http://www.toutiao.com/group/6352846597751324929/'}
2016-11-15 00:51:29 [scrapy] DEBUG: Scraped from <200 http://www.toutiao.com/api/article/feed/?category=__all__&utm_source=toutiao&widen=0&max_behot_time=0&max_behot_time_tmp=1479162685&as=A16538313A8D839&cp=581A7DF853099E1>
{'Title': '\xe7\x8b\xac\xe5\xae\xb6\xef\xbc\x9a\xe9\x94\x99\xe4\xb8\x8d\xe5\x9c\xa8\xe4\xb8\xad\xe5\x9b\xbd\xef\xbc\x81\xe5\x8d\xa1\xe5\xa1\x94\xe5\xb0\x94\xe8\xbf\x9d\xe8\xa7\x84"\xe4\xbd\x9c\xe6\xad\xbb" FIFA\xe8\xb0\x83\xe6\x9f\xa5\xe5\x90\x8e\xe6\x88\x96\xe5\xb0\x86\xe5\xa4\x84\xe7\xbd\x9a',
 'TitleUrl': u'http://www.toutiao.com/group/6352872342733537537/'}
2016-11-15 00:51:29 [scrapy] DEBUG: Scraped from <200 http://www.toutiao.com/api/article/feed/?category=__all__&utm_source=toutiao&widen=0&max_behot_time=0&max_behot_time_tmp=1479162685&as=A16538313A8D839&cp=581A7DF853099E1>
{'Title': '\xe5\x8f\x97\xe5\xbc\xa0\xe8\x89\xba\xe8\xb0\x8b\xe5\x90\xaf\xe5\x8f\x91\xe5\xbc\x83\xe8\x88\x9e\xe4\xbb\x8e\xe6\xbc\x94\xef\xbc\x8c\xe8\xa2\xab\xe6\x9b\x9d\xe5\xbd\x93\xe4\xb8\x89\xe4\xb8\x8a\xe4\xbd\x8d\xe5\xab\x81\xe4\xb8\x80\xe7\xba\xbf\xe6\xad\x8c\xe6\x89\x8b\xef\xbc\x8c\xe4\xbb\x8a\xe6\xaf\x94\xe4\xb8\x88\xe5\xa4\xab\xe8\xbf\x98\xe7\xba\xa2',
 'TitleUrl': u'http://www.toutiao.com/group/6352748198682951937/'}
2016-11-15 00:51:29 [scrapy] DEBUG: Scraped from <200 http://www.toutiao.com/api/article/feed/?category=__all__&utm_source=toutiao&widen=0&max_behot_time=0&max_behot_time_tmp=1479162685&as=A16538313A8D839&cp=581A7DF853099E1>
{'Title': '\xe6\x96\xb0\xe5\x95\x86\xe6\x9c\xba\xe5\x8a\xa0\xe7\x9b\x9f\xef\xbc\x9a\xe4\xb8\x89\xe5\xa4\xa9\xe5\xb0\xb1\xe8\xa3\x85\xe4\xbf\xae\xe5\xa5\xbd\xe4\xbd\xa0\xe5\xae\xb6\xe7\x9a\x84\xe7\x8e\xaf\xe4\xbf\x9d\xe6\x9d\x90\xe6\x96\x99.',
 'TitleUrl': u'http://www.toutiao.com/group/6350543403553390850/'}
2016-11-15 00:51:29 [scrapy] DEBUG: Scraped from <200 http://www.toutiao.com/api/article/feed/?category=__all__&utm_source=toutiao&widen=0&max_behot_time=0&max_behot_time_tmp=1479162685&as=A16538313A8D839&cp=581A7DF853099E1>
{'Title': '\xe7\xbe\x8e\xe5\x9b\xbd\xe5\xa4\xa7\xe9\x80\x89\xe5\x90\x8e\xe5\x87\xba\xe7\x8e\xb0\xe5\x8f\x8d\xe5\x8d\x8e\xe8\xa8\x80\xe8\xae\xba \xe4\xb8\xad\xe5\x9b\xbd\xe6\x80\xbb\xe9\xa2\x86\xe9\xa6\x86\xe6\x8f\x90\xe9\x86\x92\xe6\xb3\xa8\xe6\x84\x8f\xe5\xae\x89\xe5\x85\xa8',
 'TitleUrl': u'http://www.toutiao.com/group/6352632469561245954/'}
2016-11-15 00:51:29 [scrapy] DEBUG: Scraped from <200 http://www.toutiao.com/api/article/feed/?category=__all__&utm_source=toutiao&widen=0&max_behot_time=0&max_behot_time_tmp=1479162685&as=A16538313A8D839&cp=581A7DF853099E1>
{'Title': '\xe4\xbb\x80\xe4\xb9\x88\xe6\x98\xaf\xe7\xb3\xbb\xe7\xbb\x9f32\xe4\xbd\x8d\xe4\xb8\x8e64\xe4\xbd\x8d\xe7\x94\xb5\xe8\x84\x91\xe6\x93\x8d\xe4\xbd\x9c\xe7\xb3\xbb\xe7\xbb\x9f\xef\xbc\x9f',
 'TitleUrl': u'http://www.toutiao.com/group/6352802141144826114/'}
2016-11-15 00:51:29 [scrapy] DEBUG: Scraped from <200 http://www.toutiao.com/api/article/feed/?category=__all__&utm_source=toutiao&widen=0&max_behot_time=0&max_behot_time_tmp=1479162685&as=A16538313A8D839&cp=581A7DF853099E1>
{'Title': '\xe6\x88\x91\xe6\x98\xaf\xe5\xad\xa9\xe5\xad\x90\xe7\x9a\x84\xe4\xba\xb2\xe5\xa6\x88\xef\xbc\x8c\xe8\xaf\xb7\xe4\xb8\x8d\xe8\xa6\x81\xe6\x8a\x8a\xe6\x88\x91\xe5\xbd\x93\xe6\x88\x90\xe5\xad\xa9\xe5\xad\x90\xe7\x9a\x84\xe5\xa5\xb6\xe5\xa6\x88\xef\xbc\x81',
 'TitleUrl': u'http://www.toutiao.com/group/6352729776084009217/'}
2016-11-15 00:51:29 [scrapy] DEBUG: Scraped from <200 http://www.toutiao.com/api/article/feed/?category=__all__&utm_source=toutiao&widen=0&max_behot_time=0&max_behot_time_tmp=1479162685&as=A16538313A8D839&cp=581A7DF853099E1>
{'Title': '\xe5\xa4\xa7\xe5\xa7\x90\xe5\x9b\xad\xe4\xb8\xad\xe4\xb8\x8e\xe7\x8c\x8e\xe8\xb1\xb9\xe4\xba\xb2\xe5\xaf\x86\xe5\x90\x88\xe5\xbd\xb1\xef\xbc\x8c\xe6\x8e\xa5\xe4\xb8\x8b\xe5\x8f\x91\xe7\x94\x9f\xe7\x9a\x84\xe4\xb8\x80\xe5\xb9\x95\xe8\xae\xa9\xe5\xa5\xb9\xe5\x90\x8e\xe6\x82\x94\xe8\x87\xaa\xe5\xb7\xb1\xe7\x9a\x84\xe8\xa1\x8c\xe4\xb8\xba',
 'TitleUrl': u'http://www.toutiao.com/group/6352806224270164226/'}
2016-11-15 00:51:29 [scrapy] DEBUG: Scraped from <200 http://www.toutiao.com/api/article/feed/?category=__all__&utm_source=toutiao&widen=0&max_behot_time=0&max_behot_time_tmp=1479162685&as=A16538313A8D839&cp=581A7DF853099E1>
{'Title': '\xe5\xa4\xa7\xe5\xa7\x90\xe5\x9b\xad\xe4\xb8\xad\xe4\xb8\x8e\xe7\x8c\x8e\xe8\xb1\xb9\xe4\xba\xb2\xe5\xaf\x86\xe5\x90\x88\xe5\xbd\xb1\xef\xbc\x8c\xe6\x8e\xa5\xe4\xb8\x8b\xe5\x8f\x91\xe7\x94\x9f\xe7\x9a\x84\xe4\xb8\x80\xe5\xb9\x95\xe8\xae\xa9\xe5\xa5\xb9\xe5\x90\x8e\xe6\x82\x94\xe8\x87\xaa\xe5\xb7\xb1\xe7\x9a\x84\xe8\xa1\x8c\xe4\xb8\xba',
 'TitleUrl': u'http://www.toutiao.com/group/6352963413634826498/?_as_1479171088'}
2016-11-15 00:51:29 [toutiao] INFO: now entring download midware
2016-11-15 00:51:29 [toutiao] INFO: User-Agent is: FyberSpider <GET http://www.toutiao.com/api/article/feed/?category=__all__&utm_source=toutiao&widen=0&max_behot_time=0&max_behot_time_tmp=1479171087&as=A16538313A8D839&cp=581A7DF853099E1>
2016-11-15 00:51:30 [scrapy] DEBUG: Crawled (200) <GET http://www.toutiao.com/api/article/feed/?category=__all__&utm_source=toutiao&widen=0&max_behot_time=0&max_behot_time_tmp=1479171087&as=A16538313A8D839&cp=581A7DF853099E1> (referer: http://www.toutiao.com/api/article/feed/?category=__all__&utm_source=toutiao&widen=0&max_behot_time=0&max_behot_time_tmp=1479162685&as=A16538313A8D839&cp=581A7DF853099E1)
2016-11-15 00:51:30 [toutiao] DEBUG: Fetch toutiao homepage page: http://www.toutiao.com/api/article/feed/?category=__all__&utm_source=toutiao&widen=0&max_behot_time=0&max_behot_time_tmp=1479171087&as=A16538313A8D839&cp=581A7DF853099E1
2016-11-15 00:51:30 [scrapy] DEBUG: Scraped from <200 http://www.toutiao.com/api/article/feed/?category=__all__&utm_source=toutiao&widen=0&max_behot_time=0&max_behot_time_tmp=1479171087&as=A16538313A8D839&cp=581A7DF853099E1>
{'Title': '\xe4\xbc\xa0\xe6\xbb\xb4\xe6\xbb\xb4\xe8\xa3\x81\xe5\x91\x981000\xe4\xba\xba\xef\xbc\x8c\xe5\x86\x85\xe9\x83\xa8\xe5\x91\x98\xe5\xb7\xa5\xe7\xa7\xb0\xe6\xbb\xb4\xe6\xbb\xb4\xe5\xbf\xab\xe8\xbd\xa6\xe6\x98\xaf\xe9\x87\x8d\xe7\x81\xbe\xe5\x8c\xba',
 'TitleUrl': u'http://www.toutiao.com/group/6352822086872432897/'}
2016-11-15 00:51:30 [scrapy] DEBUG: Scraped from <200 http://www.toutiao.com/api/article/feed/?category=__all__&utm_source=toutiao&widen=0&max_behot_time=0&max_behot_time_tmp=1479171087&as=A16538313A8D839&cp=581A7DF853099E1>
{'Title': '\xe9\x87\x8e\xe7\x89\x9b\xe5\xa6\x88\xe5\xa6\x88\xe5\x87\xba\xe9\x97\xa8\xe6\x89\xbe\xe8\xb4\xaa\xe7\x8e\xa9\xe7\x9a\x84\xe5\xb0\x8f\xe9\x87\x8e\xe7\x89\x9b\xef\xbc\x8c\xe5\x8f\xaf\xe7\x9c\x8b\xe5\x88\xb0\xe4\xb8\x8b\xe4\xb8\x80\xe5\xb9\x95\xe5\x90\x8e\xe5\xae\x8c\xe5\x85\xa8\xe5\x82\xbb\xe6\x8e\x89\xe4\xba\x86\xef\xbc\x81',
 'TitleUrl': u'http://www.toutiao.com/group/6352681513582493954/'}
2016-11-15 00:51:30 [scrapy] DEBUG: Scraped from <200 http://www.toutiao.com/api/article/feed/?category=__all__&utm_source=toutiao&widen=0&max_behot_time=0&max_behot_time_tmp=1479171087&as=A16538313A8D839&cp=581A7DF853099E1>
{'Title': '\xe5\x8f\x8c11\xe6\x9c\x80\xe8\xb4\xb5\xe5\xbf\xab\xe9\x80\x92\xef\xbc\x8c\xe5\x9b\xbd\xe5\x86\x85\xe7\xac\xac\xe4\xb8\x80\xe5\x8f\xb0\xe6\x8b\x89\xe5\x85\xb1\xe8\xbe\xbe',
 'TitleUrl': u'http://www.toutiao.com/group/6352753083781628161/'}
2016-11-15 00:51:30 [scrapy] DEBUG: Scraped from <200 http://www.toutiao.com/api/article/feed/?category=__all__&utm_source=toutiao&widen=0&max_behot_time=0&max_behot_time_tmp=1479171087&as=A16538313A8D839&cp=581A7DF853099E1>
{'Title': '\xe6\x96\xb0\xe5\x95\x86\xe6\x9c\xba\xe5\x8a\xa0\xe7\x9b\x9f\xef\xbc\x9a\xe4\xb8\x89\xe5\xa4\xa9\xe5\xb0\xb1\xe8\xa3\x85\xe4\xbf\xae\xe5\xa5\xbd\xe4\xbd\xa0\xe5\xae\xb6\xe7\x9a\x84\xe7\x8e\xaf\xe4\xbf\x9d\xe6\x9d\x90\xe6\x96\x99.',
 'TitleUrl': u'http://www.toutiao.com/group/6350543403553390850/'}
2016-11-15 00:51:30 [scrapy] DEBUG: Scraped from <200 http://www.toutiao.com/api/article/feed/?category=__all__&utm_source=toutiao&widen=0&max_behot_time=0&max_behot_time_tmp=1479171087&as=A16538313A8D839&cp=581A7DF853099E1>
{'Title': '\xe8\xb0\xa2\xe9\x9c\x86\xe9\x94\x8b\xe5\xa4\xa7\xe5\x84\xbf\xe5\xad\x90\xe8\xb0\xa2\xe6\x8c\xaf\xe8\xbd\xa9\xe9\x95\xbf\xe5\xa4\xa7\xe4\xba\x86\xef\xbc\x8c\xe7\x8e\xb0\xe5\x9c\xa8\xe5\x92\x8c\xe7\x88\xb8\xe7\x88\xb8\xe9\x95\xbf\xe7\x9a\x84\xe4\xb8\x80\xe6\xa8\xa1\xe4\xb8\x80\xe6\xa0\xb7',
 'TitleUrl': u'http://www.toutiao.com/group/6350519721096888577/'}
2016-11-15 00:51:30 [scrapy] DEBUG: Scraped from <200 http://www.toutiao.com/api/article/feed/?category=__all__&utm_source=toutiao&widen=0&max_behot_time=0&max_behot_time_tmp=1479171087&as=A16538313A8D839&cp=581A7DF853099E1>
{'Title': '\xe5\x85\xa8\xe7\x90\x83\xe9\xa6\x96\xe6\xac\xbe\xe5\x8f\x8c\xe5\xbc\x95\xe6\x93\x8e\xe7\x94\xb5\xe5\x8a\xa8\xe6\xbb\x91\xe6\x9d\xbf\xef\xbc\x8c\xe6\x9c\x80\xe9\xab\x98\xe6\x97\xb6\xe9\x80\x9f 38 \xe5\x85\xac\xe9\x87\x8c\xef\xbc\x8c\xe5\xa0\xaa\xe6\xaf\x94\xe7\x94\xb5\xe5\x8a\xa8\xe8\xbd\xa6',
 'TitleUrl': u'http://www.toutiao.com/group/6352862535594852609/'}
2016-11-15 00:51:30 [scrapy] DEBUG: Scraped from <200 http://www.toutiao.com/api/article/feed/?category=__all__&utm_source=toutiao&widen=0&max_behot_time=0&max_behot_time_tmp=1479171087&as=A16538313A8D839&cp=581A7DF853099E1>
{'Title': 'iPhone 7\xe5\x8f\x88\xe9\x97\xaf\xe7\xa5\xb8\xef\xbc\x9a\xe7\x83\xa7\xe4\xbc\xa4\xe7\x86\x9f\xe7\x9d\xa1\xe5\xad\x95\xe5\xa6\x87',
 'TitleUrl': u'http://www.toutiao.com/group/6352852270447280385/'}
2016-11-15 00:51:30 [scrapy] DEBUG: Scraped from <200 http://www.toutiao.com/api/article/feed/?category=__all__&utm_source=toutiao&widen=0&max_behot_time=0&max_behot_time_tmp=1479171087&as=A16538313A8D839&cp=581A7DF853099E1>
{'Title': '\xe6\x82\xb2\xe5\x82\xac\xef\xbc\x81\xe7\x8e\x8b\xe5\xae\x9d\xe5\xbc\xba\xe5\x8f\x91\xe5\xbe\xae\xe5\x8d\x9a\xe8\xa2\xab\xe9\xaa\x82\xe6\x83\xa8\xe4\xba\x86\xef\xbc\x8c\xe8\xbf\x99\xe6\xac\xa1\xe4\xb8\x8d\xe6\x98\xaf\xe5\x9b\xa0\xe4\xb8\xba\xe9\xa9\xac\xe8\x93\x89',
 'TitleUrl': u'http://www.toutiao.com/group/6352785826464710914/'}
2016-11-15 00:51:30 [scrapy] DEBUG: Scraped from <200 http://www.toutiao.com/api/article/feed/?category=__all__&utm_source=toutiao&widen=0&max_behot_time=0&max_behot_time_tmp=1479171087&as=A16538313A8D839&cp=581A7DF853099E1>
{'Title': '\xe6\x82\xb2\xe5\x82\xac\xef\xbc\x81\xe7\x8e\x8b\xe5\xae\x9d\xe5\xbc\xba\xe5\x8f\x91\xe5\xbe\xae\xe5\x8d\x9a\xe8\xa2\xab\xe9\xaa\x82\xe6\x83\xa8\xe4\xba\x86\xef\xbc\x8c\xe8\xbf\x99\xe6\xac\xa1\xe4\xb8\x8d\xe6\x98\xaf\xe5\x9b\xa0\xe4\xb8\xba\xe9\xa9\xac\xe8\x93\x89',
 'TitleUrl': u'http://www.toutiao.com/group/6352963663578333441/?_as_1479171088'}
2016-11-15 00:51:30 [toutiao] INFO: now entring download midware
2016-11-15 00:51:30 [toutiao] INFO: User-Agent is: Xaldon_WebSpider/2.0.b1 <GET http://www.toutiao.com/api/article/feed/?category=__all__&utm_source=toutiao&widen=0&max_behot_time=0&max_behot_time_tmp=1479171088&as=A16538313A8D839&cp=581A7DF853099E1>
2016-11-15 00:51:30 [scrapy] DEBUG: Crawled (200) <GET http://www.toutiao.com/api/article/feed/?category=__all__&utm_source=toutiao&widen=0&max_behot_time=0&max_behot_time_tmp=1479171088&as=A16538313A8D839&cp=581A7DF853099E1> (referer: http://www.toutiao.com/api/article/feed/?category=__all__&utm_source=toutiao&widen=0&max_behot_time=0&max_behot_time_tmp=1479171087&as=A16538313A8D839&cp=581A7DF853099E1)
2016-11-15 00:51:30 [toutiao] DEBUG: Fetch toutiao homepage page: http://www.toutiao.com/api/article/feed/?category=__all__&utm_source=toutiao&widen=0&max_behot_time=0&max_behot_time_tmp=1479171088&as=A16538313A8D839&cp=581A7DF853099E1
2016-11-15 00:51:30 [scrapy] DEBUG: Scraped from <200 http://www.toutiao.com/api/article/feed/?category=__all__&utm_source=toutiao&widen=0&max_behot_time=0&max_behot_time_tmp=1479171088&as=A16538313A8D839&cp=581A7DF853099E1>
{'Title': '\xe6\xad\xa6\xe6\xb1\x89\xe4\xb8\xbb\xe5\x9f\x8e\xe5\x8c\xba\xe6\xa5\xbc\xe5\xb8\x82\xe8\xb0\x83\xe6\x8e\xa7\xe5\x86\x8d\xe5\x8d\x87\xe7\xba\xa7\xef\xbc\x9a\xe6\x9c\xac\xe5\x9c\xb0\xe4\xba\xba\xe7\xa6\x81\xe8\xb4\xad\xe7\xac\xac\xe4\xb8\x89\xe5\xa5\x97\xe6\x88\xbf',
 'TitleUrl': u'http://www.toutiao.com/group/6352868977210999041/'}
2016-11-15 00:51:30 [scrapy] DEBUG: Scraped from <200 http://www.toutiao.com/api/article/feed/?category=__all__&utm_source=toutiao&widen=0&max_behot_time=0&max_behot_time_tmp=1479171088&as=A16538313A8D839&cp=581A7DF853099E1>
{'Title': '\xe5\xa7\x9a\xe6\x98\x8e\xe8\xae\xa4\xe4\xb8\xba\xe4\xb8\xad\xe5\x9b\xbd\xe6\xaf\x94\xe7\xbe\x8e\xe5\x9b\xbd\xe5\xbc\xba\xe7\x9a\x84\xe5\x9c\xb0\xe6\x96\xb9\xef\xbc\x8c\xe4\xb8\x80\xe8\xaf\xad\xe9\x81\x93\xe7\xa0\xb4\xef\xbc\x8c\xe6\xbb\xa1\xe5\xba\xa7\xe7\x9a\x86\xe6\x9c\x8d',
 'TitleUrl': u'http://www.toutiao.com/group/6352831099949220097/'}
2016-11-15 00:51:30 [scrapy] DEBUG: Scraped from <200 http://www.toutiao.com/api/article/feed/?category=__all__&utm_source=toutiao&widen=0&max_behot_time=0&max_behot_time_tmp=1479171088&as=A16538313A8D839&cp=581A7DF853099E1>
{'Title': '70\xe5\xb9\xb4\xe4\xb8\x80\xe9\x81\x87\xe7\x9a\x84\xe2\x80\x9c\xe8\xb6\x85\xe7\xba\xa7\xe6\x9c\x88\xe4\xba\xae\xe2\x80\x9d\xe4\xbb\x8a\xe6\x99\x9a\xe7\x8e\xb0\xe8\xba\xab\xe5\xa4\xa9\xe7\xa9\xba\xef\xbc\x9f\xe9\x94\x99\xef\xbc\x81\xe8\xbf\x99\xe9\x83\xbd\xe6\x98\xaf\xe9\xaa\x97\xe4\xba\xba\xe7\x9a\x84',
 'TitleUrl': u'http://www.toutiao.com/group/6352697768671527170/'}
2016-11-15 00:51:30 [scrapy] DEBUG: Scraped from <200 http://www.toutiao.com/api/article/feed/?category=__all__&utm_source=toutiao&widen=0&max_behot_time=0&max_behot_time_tmp=1479171088&as=A16538313A8D839&cp=581A7DF853099E1>
{'Title': '\xe5\x88\x9b\xe4\xb8\x9a\xe7\x83\xad\xe7\x82\xb9\xef\xbc\x9a\xe6\xb3\x95\xe6\xa0\xbc\xe8\x8e\xb1\xe8\xa3\x85\xe4\xbf\xae\xe5\x8a\xa0\xe7\x9b\x9f\xe6\x88\x90\xe5\x8a\x9f\xe6\xa1\x88\xe4\xbe\x8b\xef\xbc\x8c\xe8\xbd\xbb\xe6\x9d\xbe\xe5\xbc\x80\xe4\xb8\x9a\xef\xbc\x81',
 'TitleUrl': u'http://www.toutiao.com/group/6350543403553390850/'}
2016-11-15 00:51:30 [scrapy] DEBUG: Scraped from <200 http://www.toutiao.com/api/article/feed/?category=__all__&utm_source=toutiao&widen=0&max_behot_time=0&max_behot_time_tmp=1479171088&as=A16538313A8D839&cp=581A7DF853099E1>
{'Title': '\xe8\xb7\x9f\xe5\x96\x9c\xe6\xac\xa2\xe7\x9a\x84\xe5\xa5\xb3\xe7\x94\x9f\xe8\x81\x8a\xe5\xbe\xae\xe4\xbf\xa1\xef\xbc\x8c\xe5\xa5\xb9\xe8\xaf\xb4\xef\xbc\x9a\xe5\xa5\xbd\xe5\x9b\xb0\xe5\x95\x8a\xef\xbc\x8c\xe6\x83\xb3\xe7\x9d\xa1\xe8\xa7\x89\xe4\xba\x86\xe3\x80\x82\xe8\xaf\xa5\xe6\x80\x8e\xe4\xb9\x88\xe5\x9b\x9e',
 'TitleUrl': u'http://www.toutiao.com/group/6352531526428918018/'}
2016-11-15 00:51:30 [scrapy] DEBUG: Scraped from <200 http://www.toutiao.com/api/article/feed/?category=__all__&utm_source=toutiao&widen=0&max_behot_time=0&max_behot_time_tmp=1479171088&as=A16538313A8D839&cp=581A7DF853099E1>
{'Title': '\xe8\xa1\xa8\xe5\xa7\x90\xe5\xb8\xa6\xe7\x94\xb7\xe5\x8f\x8b\xe6\x9d\xa5\xe6\x88\x91\xe5\xae\xb6\xe5\x90\x83\xe9\xa5\xad\xef\xbc\x8c\xe9\xa5\xad\xe6\xa1\x8c\xe4\xb8\x8b\xe6\x9c\x89\xe4\xba\xba\xe7\x94\xa8\xe8\x84\x9a\xe5\x8b\xbe\xe6\x88\x91\xef\xbc\x8c\xe4\xbb\x96\xe4\xbb\xac\xe8\xb5\xb0\xe5\x90\x8e\xe6\x88\x91\xe6\x94\xb6\xe5\x88\xb0\xe7\x9f\xad\xe4\xbf\xa1',
 'TitleUrl': u'http://www.toutiao.com/group/6352836192758038785/'}
2016-11-15 00:51:30 [scrapy] DEBUG: Scraped from <200 http://www.toutiao.com/api/article/feed/?category=__all__&utm_source=toutiao&widen=0&max_behot_time=0&max_behot_time_tmp=1479171088&as=A16538313A8D839&cp=581A7DF853099E1>
{'Title': '\xe5\xae\x8b\xe5\xba\x86\xe9\xbe\x84\xe5\xaf\xb9\xe6\xaf\x9b\xe6\xb3\xbd\xe4\xb8\x9c\xe5\x92\x8c\xe8\x92\x8b\xe4\xbb\x8b\xe7\x9f\xb3\xe7\x9a\x84\xe8\xaf\x84\xe4\xbb\xb7\xe5\x8f\xaf\xe8\xb0\x93\xe4\xb8\x80\xe9\x92\x88\xe8\xa7\x81\xe8\xa1\x80',
 'TitleUrl': u'http://www.toutiao.com/group/6351625183716425985/'}
2016-11-15 00:51:30 [scrapy] DEBUG: Scraped from <200 http://www.toutiao.com/api/article/feed/?category=__all__&utm_source=toutiao&widen=0&max_behot_time=0&max_behot_time_tmp=1479171088&as=A16538313A8D839&cp=581A7DF853099E1>
{'Title': '\xe6\x8e\x92\xe9\x98\x9f\xe4\xb9\xb0\xe5\x8d\x8e\xe4\xb8\xba\xe6\x89\x8b\xe6\x9c\xba\xef\xbc\x9f\xe8\xbf\x99\xe7\x94\xbb\xe9\x9d\xa2\xe4\xbc\xb0\xe8\xae\xa1\xe8\x8b\xb9\xe6\x9e\x9c\xe4\xb8\x89\xe6\x98\x9f\xe4\xbc\x9a\xe6\xb1\x97\xe9\xa2\x9c',
 'TitleUrl': u'http://www.toutiao.com/group/6352854432044024321/'}
2016-11-15 00:51:30 [scrapy] DEBUG: Scraped from <200 http://www.toutiao.com/api/article/feed/?category=__all__&utm_source=toutiao&widen=0&max_behot_time=0&max_behot_time_tmp=1479171088&as=A16538313A8D839&cp=581A7DF853099E1>
{'Title': '\xe6\x8e\x92\xe9\x98\x9f\xe4\xb9\xb0\xe5\x8d\x8e\xe4\xb8\xba\xe6\x89\x8b\xe6\x9c\xba\xef\xbc\x9f\xe8\xbf\x99\xe7\x94\xbb\xe9\x9d\xa2\xe4\xbc\xb0\xe8\xae\xa1\xe8\x8b\xb9\xe6\x9e\x9c\xe4\xb8\x89\xe6\x98\x9f\xe4\xbc\x9a\xe6\xb1\x97\xe9\xa2\x9c',
 'TitleUrl': u'http://www.toutiao.com/group/6352963851293737217/?_as_1479171089'}
2016-11-15 00:51:30 [scrapy] DEBUG: Filtered duplicate request: <GET http://www.toutiao.com/api/article/feed/?category=__all__&utm_source=toutiao&widen=0&max_behot_time=0&max_behot_time_tmp=1479171088&as=A16538313A8D839&cp=581A7DF853099E1> - no more duplicates will be shown (see DUPEFILTER_DEBUG to show all duplicates)
2016-11-15 00:51:30 [scrapy] INFO: Closing spider (finished)
2016-11-15 00:51:30 [scrapy] INFO: Stored json feed (43 items) in: ../data/toutiao/__all__.json
2016-11-15 00:51:30 [scrapy] INFO: Dumping Scrapy stats:
{'downloader/request_bytes': 2209,
 'downloader/request_count': 4,
 'downloader/request_method_count/GET': 4,
 'downloader/response_bytes': 14508,
 'downloader/response_count': 4,
 'downloader/response_status_count/200': 4,
 'dupefilter/filtered': 1,
 'finish_reason': 'finished',
 'finish_time': datetime.datetime(2016, 11, 15, 0, 51, 30, 774366),
 'item_scraped_count': 43,
 'log_count/DEBUG': 53,
 'log_count/INFO': 16,
 'request_depth_max': 4,
 'response_received_count': 4,
 'scheduler/dequeued': 4,
 'scheduler/dequeued/memory': 4,
 'scheduler/enqueued': 4,
 'scheduler/enqueued/memory': 4,
 'start_time': datetime.datetime(2016, 11, 15, 0, 51, 27, 202)}
2016-11-15 00:51:30 [scrapy] INFO: Spider closed (finished)
2016-11-15 02:09:24 [scrapy] INFO: Scrapy 1.2.0 started (bot: SocialSpider)
2016-11-15 02:09:24 [scrapy] INFO: Overridden settings: {'NEWSPIDER_MODULE': 'SocialSpider.spiders', 'FEED_URI': '../data/toutiao/__all__.json', 'SPIDER_MODULES': ['SocialSpider.spiders'], 'BOT_NAME': 'SocialSpider', 'FEED_FORMAT': 'json', 'LOG_FILE': '../log/toutiao/__all__.log'}
2016-11-15 02:09:24 [scrapy] INFO: Enabled extensions:
['scrapy.extensions.feedexport.FeedExporter',
 'scrapy.extensions.logstats.LogStats',
 'scrapy.extensions.telnet.TelnetConsole',
 'scrapy.extensions.corestats.CoreStats']
2016-11-15 02:09:24 [scrapy] INFO: Enabled downloader middlewares:
['scrapy.downloadermiddlewares.httpauth.HttpAuthMiddleware',
 'scrapy.downloadermiddlewares.downloadtimeout.DownloadTimeoutMiddleware',
 'scrapy.downloadermiddlewares.defaultheaders.DefaultHeadersMiddleware',
 'scrapy.downloadermiddlewares.useragent.UserAgentMiddleware',
 'SocialSpider.midware.UaMidWare.ProcessUaMidware',
 'scrapy.downloadermiddlewares.retry.RetryMiddleware',
 'scrapy.downloadermiddlewares.redirect.MetaRefreshMiddleware',
 'scrapy.downloadermiddlewares.httpcompression.HttpCompressionMiddleware',
 'scrapy.downloadermiddlewares.redirect.RedirectMiddleware',
 'scrapy.downloadermiddlewares.cookies.CookiesMiddleware',
 'scrapy.downloadermiddlewares.chunked.ChunkedTransferMiddleware',
 'scrapy.downloadermiddlewares.stats.DownloaderStats']
2016-11-15 02:09:24 [scrapy] INFO: Enabled spider middlewares:
['scrapy.spidermiddlewares.httperror.HttpErrorMiddleware',
 'scrapy.spidermiddlewares.offsite.OffsiteMiddleware',
 'scrapy.spidermiddlewares.referer.RefererMiddleware',
 'scrapy.spidermiddlewares.urllength.UrlLengthMiddleware',
 'scrapy.spidermiddlewares.depth.DepthMiddleware']
2016-11-15 02:09:24 [scrapy] INFO: Enabled item pipelines:
[]
2016-11-15 02:09:24 [scrapy] INFO: Spider opened
2016-11-15 02:09:24 [scrapy] INFO: Crawled 0 pages (at 0 pages/min), scraped 0 items (at 0 items/min)
2016-11-15 02:09:24 [scrapy] DEBUG: Telnet console listening on 127.0.0.1:6023
2016-11-15 02:09:24 [toutiao] INFO: now entring download midware
2016-11-15 02:09:24 [toutiao] INFO: User-Agent is: Speedy Spider (Entireweb; Beta/1.0; http://www.entireweb.com/about/search_tech/speedyspider/) <GET http://www.toutiao.com/api/article/feed/?category=__all__&utm_source=toutiao&widen=0&max_behot_time=0&max_behot_time_tmp=0&as=A135B8B16A0CF6F&cp=581AACBF560FEE1>
2016-11-15 02:09:24 [scrapy] DEBUG: Crawled (200) <GET http://www.toutiao.com/api/article/feed/?category=__all__&utm_source=toutiao&widen=0&max_behot_time=0&max_behot_time_tmp=0&as=A135B8B16A0CF6F&cp=581AACBF560FEE1> (referer: None)
2016-11-15 02:09:24 [toutiao] DEBUG: Fetch toutiao homepage page: http://www.toutiao.com/api/article/feed/?category=__all__&utm_source=toutiao&widen=0&max_behot_time=0&max_behot_time_tmp=0&as=A135B8B16A0CF6F&cp=581AACBF560FEE1
2016-11-15 02:09:24 [scrapy] ERROR: Spider error processing <GET http://www.toutiao.com/api/article/feed/?category=__all__&utm_source=toutiao&widen=0&max_behot_time=0&max_behot_time_tmp=0&as=A135B8B16A0CF6F&cp=581AACBF560FEE1> (referer: None)
Traceback (most recent call last):
  File "/usr/lib64/python2.7/site-packages/scrapy/utils/defer.py", line 102, in iter_errback
    yield next(it)
  File "/usr/lib64/python2.7/site-packages/scrapy/spidermiddlewares/offsite.py", line 29, in process_spider_output
    for x in result:
  File "/usr/lib64/python2.7/site-packages/scrapy/spidermiddlewares/referer.py", line 22, in <genexpr>
    return (_set_referer(r) for r in result or ())
  File "/usr/lib64/python2.7/site-packages/scrapy/spidermiddlewares/urllength.py", line 37, in <genexpr>
    return (r for r in result or () if _filter(r))
  File "/usr/lib64/python2.7/site-packages/scrapy/spidermiddlewares/depth.py", line 58, in <genexpr>
    return (r for r in result or () if _filter(r))
  File "/python/SocialSpider/SocialSpider/spiders/toutiao.py", line 31, in parse
    item['MediumUrl'] = val['media_url']
KeyError: 'media_url'
2016-11-15 02:09:24 [scrapy] INFO: Closing spider (finished)
2016-11-15 02:09:24 [scrapy] INFO: Dumping Scrapy stats:
{'downloader/request_bytes': 410,
 'downloader/request_count': 1,
 'downloader/request_method_count/GET': 1,
 'downloader/response_bytes': 5292,
 'downloader/response_count': 1,
 'downloader/response_status_count/200': 1,
 'finish_reason': 'finished',
 'finish_time': datetime.datetime(2016, 11, 15, 2, 9, 24, 757733),
 'log_count/DEBUG': 3,
 'log_count/ERROR': 1,
 'log_count/INFO': 9,
 'response_received_count': 1,
 'scheduler/dequeued': 1,
 'scheduler/dequeued/memory': 1,
 'scheduler/enqueued': 1,
 'scheduler/enqueued/memory': 1,
 'spider_exceptions/KeyError': 1,
 'start_time': datetime.datetime(2016, 11, 15, 2, 9, 24, 244835)}
2016-11-15 02:09:24 [scrapy] INFO: Spider closed (finished)
