2016-11-15 00:49:56 [scrapy] INFO: Scrapy 1.2.0 started (bot: SocialSpider)
2016-11-15 00:49:56 [scrapy] INFO: Overridden settings: {'NEWSPIDER_MODULE': 'SocialSpider.spiders', 'FEED_URI': '../data/toutiao/funny.json', 'SPIDER_MODULES': ['SocialSpider.spiders'], 'BOT_NAME': 'SocialSpider', 'FEED_FORMAT': 'json', 'LOG_FILE': '../log/toutiao/funny.log'}
2016-11-15 00:49:56 [scrapy] INFO: Enabled extensions:
['scrapy.extensions.feedexport.FeedExporter',
 'scrapy.extensions.logstats.LogStats',
 'scrapy.extensions.telnet.TelnetConsole',
 'scrapy.extensions.corestats.CoreStats']
2016-11-15 00:49:56 [scrapy] INFO: Enabled downloader middlewares:
['scrapy.downloadermiddlewares.httpauth.HttpAuthMiddleware',
 'scrapy.downloadermiddlewares.downloadtimeout.DownloadTimeoutMiddleware',
 'scrapy.downloadermiddlewares.defaultheaders.DefaultHeadersMiddleware',
 'scrapy.downloadermiddlewares.useragent.UserAgentMiddleware',
 'SocialSpider.midware.UaMidWare.ProcessUaMidware',
 'scrapy.downloadermiddlewares.retry.RetryMiddleware',
 'scrapy.downloadermiddlewares.redirect.MetaRefreshMiddleware',
 'scrapy.downloadermiddlewares.httpcompression.HttpCompressionMiddleware',
 'scrapy.downloadermiddlewares.redirect.RedirectMiddleware',
 'scrapy.downloadermiddlewares.cookies.CookiesMiddleware',
 'scrapy.downloadermiddlewares.chunked.ChunkedTransferMiddleware',
 'scrapy.downloadermiddlewares.stats.DownloaderStats']
2016-11-15 00:49:56 [scrapy] INFO: Enabled spider middlewares:
['scrapy.spidermiddlewares.httperror.HttpErrorMiddleware',
 'scrapy.spidermiddlewares.offsite.OffsiteMiddleware',
 'scrapy.spidermiddlewares.referer.RefererMiddleware',
 'scrapy.spidermiddlewares.urllength.UrlLengthMiddleware',
 'scrapy.spidermiddlewares.depth.DepthMiddleware']
2016-11-15 00:49:56 [scrapy] INFO: Enabled item pipelines:
[]
2016-11-15 00:49:56 [scrapy] INFO: Spider opened
2016-11-15 00:49:56 [scrapy] INFO: Crawled 0 pages (at 0 pages/min), scraped 0 items (at 0 items/min)
2016-11-15 00:49:56 [scrapy] DEBUG: Telnet console listening on 127.0.0.1:6023
2016-11-15 00:49:56 [toutiao] INFO: now entring download midware
2016-11-15 00:49:56 [toutiao] INFO: User-Agent is: ldspider (http://code.google.com/p/ldspider/wiki/Robots) <GET http://www.toutiao.com/api/article/feed/?category=funny&utm_source=toutiao&widen=0&max_behot_time=0&max_behot_time_tmp=0&as=A135B8B16A0CF6F&cp=581AACBF560FEE1>
2016-11-15 00:49:57 [scrapy] DEBUG: Crawled (200) <GET http://www.toutiao.com/api/article/feed/?category=funny&utm_source=toutiao&widen=0&max_behot_time=0&max_behot_time_tmp=0&as=A135B8B16A0CF6F&cp=581AACBF560FEE1> (referer: None)
2016-11-15 00:49:57 [toutiao] DEBUG: Fetch toutiao homepage page: http://www.toutiao.com/api/article/feed/?category=funny&utm_source=toutiao&widen=0&max_behot_time=0&max_behot_time_tmp=0&as=A135B8B16A0CF6F&cp=581AACBF560FEE1
2016-11-15 00:49:57 [scrapy] DEBUG: Scraped from <200 http://www.toutiao.com/api/article/feed/?category=funny&utm_source=toutiao&widen=0&max_behot_time=0&max_behot_time_tmp=0&as=A135B8B16A0CF6F&cp=581AACBF560FEE1>
{'Title': '\xe7\xa9\xbf\xe8\xbf\x99\xe8\xa3\xa4\xe5\xad\x90\xe4\xb8\x8d\xe8\xa6\x81\xe5\x9c\xa8\xe5\xa4\x96\xe9\x9d\xa2\xe4\xb8\x8b\xe8\xb9\xb2\xef\xbc\x8c\xe4\xb8\x8d\xe7\x84\xb6\xe5\x88\xab\xe4\xba\xba\xe8\xbf\x98\xe4\xbb\xa5\xe4\xb8\xba\xe4\xbd\xa0\xe9\x9a\x8f\xe5\x9c\xb0\xe5\xa4\xa7\xe5\xb0\x8f\xe4\xbe\xbf',
 'TitleUrl': u'http://www.toutiao.com/group/6352257772197839106/'}
2016-11-15 00:49:57 [scrapy] DEBUG: Scraped from <200 http://www.toutiao.com/api/article/feed/?category=funny&utm_source=toutiao&widen=0&max_behot_time=0&max_behot_time_tmp=0&as=A135B8B16A0CF6F&cp=581AACBF560FEE1>
{'Title': '\xe8\xa1\xa3\xe6\x9c\x8d\xe8\xbf\x9c\xe8\xbf\x9c\xe4\xb8\x8d\xe8\x83\xbd\xe9\x81\xae\xe4\xbd\x8f\xe5\xa6\xb9\xe7\xba\xb8\xe7\x9a\x84\xe6\xb0\x94\xe8\xb4\xa8',
 'TitleUrl': u'http://www.toutiao.com/group/6352281661598548225/'}
2016-11-15 00:49:57 [scrapy] DEBUG: Scraped from <200 http://www.toutiao.com/api/article/feed/?category=funny&utm_source=toutiao&widen=0&max_behot_time=0&max_behot_time_tmp=0&as=A135B8B16A0CF6F&cp=581AACBF560FEE1>
{'Title': '\xe5\xa6\xb9\xe5\xad\x90\xe4\xbd\xa0\xe8\xbf\x99\xe6\x98\xaf\xe6\x9c\x89\xe5\xa4\x9a\xe6\xb8\xb4\xe5\x95\x8a\xef\xbc\x9f\xe8\xa6\x81\xe4\xb8\x8d\xe7\xbb\x99\xe4\xbd\xa0\xe6\x89\xbe\xe4\xb8\xaa\xe7\xbc\xb8\xe6\x9d\xa5',
 'TitleUrl': u'http://www.toutiao.com/group/6352420513431945474/'}
2016-11-15 00:49:57 [scrapy] DEBUG: Scraped from <200 http://www.toutiao.com/api/article/feed/?category=funny&utm_source=toutiao&widen=0&max_behot_time=0&max_behot_time_tmp=0&as=A135B8B16A0CF6F&cp=581AACBF560FEE1>
{'Title': '\xe5\xa7\x91\xe5\xa8\x98\xe4\xbd\xa0\xe5\xb0\xb1\xe4\xb8\x8d\xe8\x83\xbd\xe6\x94\xb6\xe6\x95\x9b\xe7\x82\xb9\xe5\x90\x97 \xe8\xbf\x99\xe5\x8f\xaf\xe6\x98\xaf\xe5\x85\xac\xe5\x85\xb1\xe5\x9c\xba\xe5\x90\x88',
 'TitleUrl': u'http://www.toutiao.com/group/6352335850147627265/'}
2016-11-15 00:49:57 [scrapy] DEBUG: Scraped from <200 http://www.toutiao.com/api/article/feed/?category=funny&utm_source=toutiao&widen=0&max_behot_time=0&max_behot_time_tmp=0&as=A135B8B16A0CF6F&cp=581AACBF560FEE1>
{'Title': '\xe6\x90\x9e\xe7\xac\x91\xe5\xbc\xba\xef\xbc\x9a\xe8\xbf\x99\xe6\x98\xaf\xe6\x88\x91\xe8\xa7\x81\xe8\xbf\x87\xe6\x9c\x80\xe5\xa4\xa7\xe7\x9a\x84\xe7\x83\x9f\xe8\x8a\xb1',
 'TitleUrl': u'http://www.toutiao.com/group/6351925942512124161/'}
2016-11-15 00:49:57 [scrapy] DEBUG: Scraped from <200 http://www.toutiao.com/api/article/feed/?category=funny&utm_source=toutiao&widen=0&max_behot_time=0&max_behot_time_tmp=0&as=A135B8B16A0CF6F&cp=581AACBF560FEE1>
{'Title': '\xe5\xa5\xbd\xe5\xa4\xa7\xe4\xb8\x80\xe7\x89\x87\xe7\xa8\xbb\xe8\xb0\xb7\xe7\x94\xb0\xef\xbc\x81',
 'TitleUrl': u'http://www.toutiao.com/group/6351852347907883266/'}
2016-11-15 00:49:57 [scrapy] DEBUG: Scraped from <200 http://www.toutiao.com/api/article/feed/?category=funny&utm_source=toutiao&widen=0&max_behot_time=0&max_behot_time_tmp=0&as=A135B8B16A0CF6F&cp=581AACBF560FEE1>
{'Title': '\xe4\xb8\xad\xe5\x9b\xbd\xe5\x93\xaa\xe4\xb8\xaa\xe5\x9c\xb0\xe5\x8c\xba\xe6\x9c\x80\xe5\x87\xba\xe7\xbe\x8e\xe5\xa5\xb3\xef\xbc\x9f',
 'TitleUrl': u'http://www.toutiao.com/group/6352726349228015873/'}
2016-11-15 00:49:57 [scrapy] DEBUG: Scraped from <200 http://www.toutiao.com/api/article/feed/?category=funny&utm_source=toutiao&widen=0&max_behot_time=0&max_behot_time_tmp=0&as=A135B8B16A0CF6F&cp=581AACBF560FEE1>
{'Title': '\xe8\xbf\x99\xe6\x98\xaf\xe6\x88\x91\xe8\xa7\x81\xe8\xbf\x87\xe5\xae\xa4\xe5\x8f\x8b\xe6\x84\x9f\xe5\x86\x92\xe6\x9c\x80\xe4\xb8\xa5\xe9\x87\x8d\xe7\x9a\x84\xe4\xb8\x80\xe6\xac\xa1',
 'TitleUrl': u'http://www.toutiao.com/group/6352091795631046913/'}
2016-11-15 00:49:57 [scrapy] DEBUG: Scraped from <200 http://www.toutiao.com/api/article/feed/?category=funny&utm_source=toutiao&widen=0&max_behot_time=0&max_behot_time_tmp=0&as=A135B8B16A0CF6F&cp=581AACBF560FEE1>
{'Title': '\xe4\xb8\xba\xe6\x9c\xba\xe6\x99\xba\xe5\x8b\x87\xe6\x95\xa2\xe7\x9a\x84\xe5\x8f\xb8\xe6\x9c\xba\xe7\x82\xb9\xe8\xb5\x9e',
 'TitleUrl': u'http://www.toutiao.com/group/6351891529249849857/'}
2016-11-15 00:49:57 [scrapy] DEBUG: Scraped from <200 http://www.toutiao.com/api/article/feed/?category=funny&utm_source=toutiao&widen=0&max_behot_time=0&max_behot_time_tmp=0&as=A135B8B16A0CF6F&cp=581AACBF560FEE1>
{'Title': '\xe7\x9c\x8b\xe5\x88\xb0\xe8\x97\x8f\xe6\x97\x8f\xe5\xa7\x91\xe5\xa8\x98\xe8\xb9\xb2\xe5\x9c\xa8\xe5\x9c\xb0\xe4\xb8\x8a\xef\xbc\x8c\xe5\x90\x91\xe4\xbd\xa0\xe7\xbe\x9e\xe6\xb6\xa9\xe5\xbe\xae\xe7\xac\x91\xef\xbc\x8c\xe5\x88\xab\xe4\xb8\x8a\xe5\x89\x8d\xe6\x90\xad\xe8\xae\xaa\xef\xbc\x81',
 'TitleUrl': u'http://www.toutiao.com/group/6351711186783142145/'}
2016-11-15 00:49:57 [scrapy] DEBUG: Scraped from <200 http://www.toutiao.com/api/article/feed/?category=funny&utm_source=toutiao&widen=0&max_behot_time=0&max_behot_time_tmp=0&as=A135B8B16A0CF6F&cp=581AACBF560FEE1>
{'Title': '\xe4\xb8\x8d\xe8\xa6\x81\xe6\x8b\x89\xe6\x88\x91 \xef\xbc\x8c\xe4\xb8\x8d\xe8\xa6\x81\xe6\x8b\x89\xe6\x88\x91...',
 'TitleUrl': u'http://www.toutiao.com/group/6352610054641844481/'}
2016-11-15 00:49:57 [scrapy] DEBUG: Scraped from <200 http://www.toutiao.com/api/article/feed/?category=funny&utm_source=toutiao&widen=0&max_behot_time=0&max_behot_time_tmp=0&as=A135B8B16A0CF6F&cp=581AACBF560FEE1>
{'Title': '\xe7\xb2\xbe\xe9\x80\x89\xe6\xae\xb5\xe5\xad\x90\xef\xbc\x9a\xe5\xae\xbe\xe9\xa6\x86\xe9\x9a\x94\xe9\x9f\xb3\xe6\x95\x88\xe6\x9e\x9c\xe5\xb7\xae\xef\xbc\x8c\xe6\x88\x91\xe5\xa5\xbd\xe5\x83\x8f\xe5\x90\xac\xe5\x88\xb0\xe4\xba\x86\xe4\xb8\x8d\xe5\xbe\x97\xe4\xba\x86\xe7\x9a\x84\xe6\x83\x85\xe5\x86\xb5',
 'TitleUrl': u'http://www.toutiao.com/group/6351662819176907010/'}
2016-11-15 00:49:57 [scrapy] DEBUG: Scraped from <200 http://www.toutiao.com/api/article/feed/?category=funny&utm_source=toutiao&widen=0&max_behot_time=0&max_behot_time_tmp=0&as=A135B8B16A0CF6F&cp=581AACBF560FEE1>
{'Title': '\xe8\x80\x81\xe5\x85\xac\xe4\xb8\x8d\xe5\x9b\x9e\xe5\xae\xb6\xef\xbc\x8c\xe6\x88\x91\xe5\xb0\xb1\xe4\xb8\x8d\xe5\x85\xb3\xe9\x97\xa8',
 'TitleUrl': u'http://www.toutiao.com/group/6352364400732766466/'}
2016-11-15 00:49:57 [scrapy] DEBUG: Scraped from <200 http://www.toutiao.com/api/article/feed/?category=funny&utm_source=toutiao&widen=0&max_behot_time=0&max_behot_time_tmp=0&as=A135B8B16A0CF6F&cp=581AACBF560FEE1>
{'Title': '\xe5\xa4\xa7\xe6\x99\x9a\xe4\xb8\x8a\xe4\xb8\x8d\xe7\x9d\xa1\xe8\xa7\x89\xef\xbc\x8c\xe5\x9c\xa8\xe8\xa1\x97\xe4\xb8\x8a\xe7\xab\x99\xe7\x9d\x80\xe5\xb9\xb2\xe5\x95\xa5\xe5\x91\xa2\xef\xbc\x81',
 'TitleUrl': u'http://www.toutiao.com/group/6352705773714276610/'}
2016-11-15 00:49:57 [scrapy] DEBUG: Scraped from <200 http://www.toutiao.com/api/article/feed/?category=funny&utm_source=toutiao&widen=0&max_behot_time=0&max_behot_time_tmp=0&as=A135B8B16A0CF6F&cp=581AACBF560FEE1>
{'Title': '\xe5\x8d\x81\xe6\x9d\xa1\xe7\xac\x91\xe8\xaf\x9d\xef\xbc\x9a\xe5\xa5\xb3\xe5\x90\x8c\xe4\xba\x8b\xe8\x84\xb8\xe7\x9e\xac\xe9\x97\xb4\xe7\xba\xa2\xe4\xba\x86',
 'TitleUrl': u'http://www.toutiao.com/group/6351857837212254465/'}
2016-11-15 00:49:57 [scrapy] DEBUG: Scraped from <200 http://www.toutiao.com/api/article/feed/?category=funny&utm_source=toutiao&widen=0&max_behot_time=0&max_behot_time_tmp=0&as=A135B8B16A0CF6F&cp=581AACBF560FEE1>
{'Title': '\xe5\x8d\x81\xe6\x9d\xa1\xe7\xac\x91\xe8\xaf\x9d\xef\xbc\x9a\xe5\xa5\xb3\xe5\x90\x8c\xe4\xba\x8b\xe8\x84\xb8\xe7\x9e\xac\xe9\x97\xb4\xe7\xba\xa2\xe4\xba\x86',
 'TitleUrl': u'http://www.toutiao.com/group/6352963851295162625/?_as_1479170995'}
2016-11-15 00:49:57 [toutiao] INFO: now entring download midware
2016-11-15 00:49:57 [toutiao] INFO: User-Agent is: nuSearch Spider (compatible; MSIE 4.01; Windows NT) <GET http://www.toutiao.com/api/article/feed/?category=funny&utm_source=toutiao&widen=0&max_behot_time=0&max_behot_time_tmp=1479125875&as=A16538313A8D839&cp=581A7DF853099E1>
2016-11-15 00:49:58 [scrapy] DEBUG: Crawled (200) <GET http://www.toutiao.com/api/article/feed/?category=funny&utm_source=toutiao&widen=0&max_behot_time=0&max_behot_time_tmp=1479125875&as=A16538313A8D839&cp=581A7DF853099E1> (referer: http://www.toutiao.com/api/article/feed/?category=funny&utm_source=toutiao&widen=0&max_behot_time=0&max_behot_time_tmp=0&as=A135B8B16A0CF6F&cp=581AACBF560FEE1)
2016-11-15 00:49:58 [toutiao] DEBUG: Fetch toutiao homepage page: http://www.toutiao.com/api/article/feed/?category=funny&utm_source=toutiao&widen=0&max_behot_time=0&max_behot_time_tmp=1479125875&as=A16538313A8D839&cp=581A7DF853099E1
2016-11-15 00:49:58 [scrapy] DEBUG: Scraped from <200 http://www.toutiao.com/api/article/feed/?category=funny&utm_source=toutiao&widen=0&max_behot_time=0&max_behot_time_tmp=1479125875&as=A16538313A8D839&cp=581A7DF853099E1>
{'Title': '\xe7\xbe\x8e\xe5\xa5\xb3\xe5\x9c\xa8\xe5\x8a\xa8\xe7\x89\xa9\xe5\x9b\xad\xe8\xb7\x9f\xe7\x8c\xa9\xe7\x8c\xa9\xe8\x87\xaa\xe6\x8b\x8d\xe5\x90\x8e\xef\xbc\x8c\xe5\x9b\x9e\xe6\x9d\xa5\xe7\x9c\x8b\xe7\x85\xa7\xe7\x89\x87\xe6\x89\x8d\xe5\x8f\x91\xe7\x8e\xb0\xe5\xa5\xbd\xe5\x83\x8f\xe6\x9c\x89\xe5\x93\xaa\xe9\x87\x8c\xe4\xb8\x8d\xe5\xaf\xb9\xe7\x9a\x84',
 'TitleUrl': u'http://www.toutiao.com/group/6350981729545666818/'}
2016-11-15 00:49:58 [scrapy] DEBUG: Scraped from <200 http://www.toutiao.com/api/article/feed/?category=funny&utm_source=toutiao&widen=0&max_behot_time=0&max_behot_time_tmp=1479125875&as=A16538313A8D839&cp=581A7DF853099E1>
{'Title': '\xe7\xbb\x99\xe4\xbd\xa0\xe4\xb8\xaa\xe9\x80\x89\xe8\x80\x81\xe5\xa9\x86\xe7\x9a\x84\xe6\x9c\xba\xe4\xbc\x9a\xef\xbc\x8c\xe4\xbd\xa0\xe9\x80\x89\xe5\x93\xaa\xe4\xb8\xaa',
 'TitleUrl': u'http://www.toutiao.com/group/6350825332807631105/'}
2016-11-15 00:49:58 [scrapy] DEBUG: Scraped from <200 http://www.toutiao.com/api/article/feed/?category=funny&utm_source=toutiao&widen=0&max_behot_time=0&max_behot_time_tmp=1479125875&as=A16538313A8D839&cp=581A7DF853099E1>
{'Title': '\xe5\xae\xa2\xe8\xbd\xa6\xe6\x92\x9e\xe4\xb8\x8a\xe4\xba\x86\xe8\xbf\x90\xe7\xb2\xaa\xe8\xbd\xa6\xef\xbc\x81',
 'TitleUrl': u'http://www.toutiao.com/group/6350791378154635522/'}
2016-11-15 00:49:58 [scrapy] DEBUG: Scraped from <200 http://www.toutiao.com/api/article/feed/?category=funny&utm_source=toutiao&widen=0&max_behot_time=0&max_behot_time_tmp=1479125875&as=A16538313A8D839&cp=581A7DF853099E1>
{'Title': '\xe4\xbc\xb0\xe8\xae\xa1\xe8\xbf\x98\xe6\xb2\xa1\xe7\xad\x89\xe7\x94\xb0\xe8\x80\x95\xe5\xae\x8c\xef\xbc\x8c\xe7\x89\x9b\xe9\x83\xbd\xe8\xa2\xab\xe5\xa7\x91\xe5\xa8\x98\xe7\xb4\xaf\xe6\xad\xbb\xe4\xba\x86',
 'TitleUrl': u'http://www.toutiao.com/group/6351358079586484481/'}
2016-11-15 00:49:58 [scrapy] DEBUG: Scraped from <200 http://www.toutiao.com/api/article/feed/?category=funny&utm_source=toutiao&widen=0&max_behot_time=0&max_behot_time_tmp=1479125875&as=A16538313A8D839&cp=581A7DF853099E1>
{'Title': '\xe9\xa9\xac\xe8\x93\x89\xe5\xae\x8b\xe5\x96\x86\xe7\xae\x97\xe6\x98\xaf\xe5\xbd\xbb\xe5\xba\x95\xe6\xbf\x80\xe6\x80\x92\xe7\xbd\x91\xe5\x8f\x8b\xe4\xba\x86,\xe8\xbf\x99\xe4\xb8\xaa\xe5\x8f\x91\xe6\xb3\x84\xe6\x96\xb9\xe5\xbc\x8f\xe6\x88\x91\xe6\x9c\x8d',
 'TitleUrl': u'http://www.toutiao.com/group/6350401590181019906/'}
2016-11-15 00:49:58 [scrapy] DEBUG: Scraped from <200 http://www.toutiao.com/api/article/feed/?category=funny&utm_source=toutiao&widen=0&max_behot_time=0&max_behot_time_tmp=1479125875&as=A16538313A8D839&cp=581A7DF853099E1>
{'Title': '\xe9\xaa\x86\xe9\xa9\xbc\xe5\xae\x9e\xe5\x9c\xa8\xe6\x98\xaf\xe7\x9c\x8b\xe4\xb8\x8d\xe4\xb8\x8b\xe5\x8e\xbb\xe4\xba\x86\xef\xbc\x8c\xe5\x93\xa5\xef\xbc\x8c\xe4\xbd\xa0\xe4\xb8\x8b\xe6\xac\xa1\xe8\xbf\x98\xe6\x98\xaf\xe6\x8d\xa2\xe4\xb8\xaa\xe5\x9c\xb0\xe6\x96\xb9\xe5\x90\xa7..',
 'TitleUrl': u'http://www.toutiao.com/group/6350801479579074817/'}
2016-11-15 00:49:58 [scrapy] DEBUG: Scraped from <200 http://www.toutiao.com/api/article/feed/?category=funny&utm_source=toutiao&widen=0&max_behot_time=0&max_behot_time_tmp=1479125875&as=A16538313A8D839&cp=581A7DF853099E1>
{'Title': '\xe5\xa7\x90\xe5\xa7\x90 \xe4\xbd\xa0\xe7\x9a\x84\xe4\xb8\x9c\xe8\xa5\xbf\xe9\x9c\xb2\xe5\x87\xba\xe6\x9d\xa5\xe4\xba\x86',
 'TitleUrl': u'http://www.toutiao.com/group/6351238835985350913/'}
2016-11-15 00:49:58 [scrapy] DEBUG: Scraped from <200 http://www.toutiao.com/api/article/feed/?category=funny&utm_source=toutiao&widen=0&max_behot_time=0&max_behot_time_tmp=1479125875&as=A16538313A8D839&cp=581A7DF853099E1>
{'Title': 'GIF\xe5\x8f\xaf\xe4\xb9\x90\xef\xbc\x9a\xe6\x88\x91\xe8\xbf\x98\xe4\xbb\xa5\xe4\xb8\xba\xe8\xbd\xa6\xe7\xa5\x9e\xe5\x91\xa2\xef\xbc\x8c\xe6\xb2\xa1\xe6\x83\xb3\xe5\x88\xb0\xe6\x98\xaf\xe4\xb8\xaa\xe5\xae\x9e\xe4\xb9\xa0\xe7\x94\x9f',
 'TitleUrl': u'http://www.toutiao.com/group/6351101083574452481/'}
2016-11-15 00:49:58 [scrapy] DEBUG: Scraped from <200 http://www.toutiao.com/api/article/feed/?category=funny&utm_source=toutiao&widen=0&max_behot_time=0&max_behot_time_tmp=1479125875&as=A16538313A8D839&cp=581A7DF853099E1>
{'Title': '\xe7\xa9\xbf\xe8\xbf\x99\xe8\xa3\xa4\xe5\xad\x90\xe4\xb8\x8d\xe8\xa6\x81\xe5\x9c\xa8\xe5\xa4\x96\xe9\x9d\xa2\xe4\xb8\x8b\xe8\xb9\xb2\xef\xbc\x8c\xe4\xb8\x8d\xe7\x84\xb6\xe5\x88\xab\xe4\xba\xba\xe8\xbf\x98\xe4\xbb\xa5\xe4\xb8\xba\xe4\xbd\xa0\xe9\x9a\x8f\xe5\x9c\xb0\xe5\xa4\xa7\xe5\xb0\x8f\xe4\xbe\xbf',
 'TitleUrl': u'http://www.toutiao.com/group/6352257772197839106/'}
2016-11-15 00:49:58 [scrapy] DEBUG: Scraped from <200 http://www.toutiao.com/api/article/feed/?category=funny&utm_source=toutiao&widen=0&max_behot_time=0&max_behot_time_tmp=1479125875&as=A16538313A8D839&cp=581A7DF853099E1>
{'Title': '\xe8\xa1\xa3\xe6\x9c\x8d\xe8\xbf\x9c\xe8\xbf\x9c\xe4\xb8\x8d\xe8\x83\xbd\xe9\x81\xae\xe4\xbd\x8f\xe5\xa6\xb9\xe7\xba\xb8\xe7\x9a\x84\xe6\xb0\x94\xe8\xb4\xa8',
 'TitleUrl': u'http://www.toutiao.com/group/6352281661598548225/'}
2016-11-15 00:49:58 [scrapy] DEBUG: Scraped from <200 http://www.toutiao.com/api/article/feed/?category=funny&utm_source=toutiao&widen=0&max_behot_time=0&max_behot_time_tmp=1479125875&as=A16538313A8D839&cp=581A7DF853099E1>
{'Title': '\xe5\xa6\xb9\xe5\xad\x90\xe4\xbd\xa0\xe8\xbf\x99\xe6\x98\xaf\xe6\x9c\x89\xe5\xa4\x9a\xe6\xb8\xb4\xe5\x95\x8a\xef\xbc\x9f\xe8\xa6\x81\xe4\xb8\x8d\xe7\xbb\x99\xe4\xbd\xa0\xe6\x89\xbe\xe4\xb8\xaa\xe7\xbc\xb8\xe6\x9d\xa5',
 'TitleUrl': u'http://www.toutiao.com/group/6352420513431945474/'}
2016-11-15 00:49:58 [scrapy] DEBUG: Scraped from <200 http://www.toutiao.com/api/article/feed/?category=funny&utm_source=toutiao&widen=0&max_behot_time=0&max_behot_time_tmp=1479125875&as=A16538313A8D839&cp=581A7DF853099E1>
{'Title': '\xe5\xa7\x91\xe5\xa8\x98\xe4\xbd\xa0\xe5\xb0\xb1\xe4\xb8\x8d\xe8\x83\xbd\xe6\x94\xb6\xe6\x95\x9b\xe7\x82\xb9\xe5\x90\x97 \xe8\xbf\x99\xe5\x8f\xaf\xe6\x98\xaf\xe5\x85\xac\xe5\x85\xb1\xe5\x9c\xba\xe5\x90\x88',
 'TitleUrl': u'http://www.toutiao.com/group/6352335850147627265/'}
2016-11-15 00:49:58 [scrapy] DEBUG: Scraped from <200 http://www.toutiao.com/api/article/feed/?category=funny&utm_source=toutiao&widen=0&max_behot_time=0&max_behot_time_tmp=1479125875&as=A16538313A8D839&cp=581A7DF853099E1>
{'Title': '\xe6\x90\x9e\xe7\xac\x91\xe5\xbc\xba\xef\xbc\x9a\xe8\xbf\x99\xe6\x98\xaf\xe6\x88\x91\xe8\xa7\x81\xe8\xbf\x87\xe6\x9c\x80\xe5\xa4\xa7\xe7\x9a\x84\xe7\x83\x9f\xe8\x8a\xb1',
 'TitleUrl': u'http://www.toutiao.com/group/6351925942512124161/'}
2016-11-15 00:49:58 [scrapy] DEBUG: Scraped from <200 http://www.toutiao.com/api/article/feed/?category=funny&utm_source=toutiao&widen=0&max_behot_time=0&max_behot_time_tmp=1479125875&as=A16538313A8D839&cp=581A7DF853099E1>
{'Title': '\xe5\xa5\xbd\xe5\xa4\xa7\xe4\xb8\x80\xe7\x89\x87\xe7\xa8\xbb\xe8\xb0\xb7\xe7\x94\xb0\xef\xbc\x81',
 'TitleUrl': u'http://www.toutiao.com/group/6351852347907883266/'}
2016-11-15 00:49:58 [scrapy] DEBUG: Scraped from <200 http://www.toutiao.com/api/article/feed/?category=funny&utm_source=toutiao&widen=0&max_behot_time=0&max_behot_time_tmp=1479125875&as=A16538313A8D839&cp=581A7DF853099E1>
{'Title': '\xe4\xb8\xad\xe5\x9b\xbd\xe5\x93\xaa\xe4\xb8\xaa\xe5\x9c\xb0\xe5\x8c\xba\xe6\x9c\x80\xe5\x87\xba\xe7\xbe\x8e\xe5\xa5\xb3\xef\xbc\x9f',
 'TitleUrl': u'http://www.toutiao.com/group/6352726349228015873/'}
2016-11-15 00:49:58 [scrapy] DEBUG: Scraped from <200 http://www.toutiao.com/api/article/feed/?category=funny&utm_source=toutiao&widen=0&max_behot_time=0&max_behot_time_tmp=1479125875&as=A16538313A8D839&cp=581A7DF853099E1>
{'Title': '\xe4\xb8\xad\xe5\x9b\xbd\xe5\x93\xaa\xe4\xb8\xaa\xe5\x9c\xb0\xe5\x8c\xba\xe6\x9c\x80\xe5\x87\xba\xe7\xbe\x8e\xe5\xa5\xb3\xef\xbc\x9f',
 'TitleUrl': u'http://www.toutiao.com/group/6352963413635367170/?_as_1479170996'}
2016-11-15 00:49:58 [toutiao] INFO: now entring download midware
2016-11-15 00:49:58 [toutiao] INFO: User-Agent is: FyberSpider (+http://www.fybersearch.com/fyberspider.php) <GET http://www.toutiao.com/api/article/feed/?category=funny&utm_source=toutiao&widen=0&max_behot_time=0&max_behot_time_tmp=1479149939&as=A16538313A8D839&cp=581A7DF853099E1>
2016-11-15 00:49:58 [scrapy] DEBUG: Crawled (200) <GET http://www.toutiao.com/api/article/feed/?category=funny&utm_source=toutiao&widen=0&max_behot_time=0&max_behot_time_tmp=1479149939&as=A16538313A8D839&cp=581A7DF853099E1> (referer: http://www.toutiao.com/api/article/feed/?category=funny&utm_source=toutiao&widen=0&max_behot_time=0&max_behot_time_tmp=1479125875&as=A16538313A8D839&cp=581A7DF853099E1)
2016-11-15 00:49:58 [toutiao] DEBUG: Fetch toutiao homepage page: http://www.toutiao.com/api/article/feed/?category=funny&utm_source=toutiao&widen=0&max_behot_time=0&max_behot_time_tmp=1479149939&as=A16538313A8D839&cp=581A7DF853099E1
2016-11-15 00:49:58 [scrapy] DEBUG: Scraped from <200 http://www.toutiao.com/api/article/feed/?category=funny&utm_source=toutiao&widen=0&max_behot_time=0&max_behot_time_tmp=1479149939&as=A16538313A8D839&cp=581A7DF853099E1>
{'Title': '\xe5\x9b\xbe\xe6\x96\x87\xe7\xac\x91\xe8\xaf\x9d\xef\xbc\x9a\xe9\x97\xba\xe5\xa5\xb3\xef\xbc\x8c\xe4\xbd\xa0\xe9\x9a\x8f\xe4\xbe\xbf\xe6\x89\xbe\xe4\xb8\xaa\xe5\x80\x9f\xe5\x8f\xa3\xef\xbc\x8c\xe8\xb7\x9f\xe4\xbd\xa0\xe5\xa6\x88\xe8\xa6\x81\xe7\x82\xb9\xe9\x92\xb1',
 'TitleUrl': u'http://www.toutiao.com/group/6352032639649612033/'}
2016-11-15 00:49:58 [scrapy] DEBUG: Scraped from <200 http://www.toutiao.com/api/article/feed/?category=funny&utm_source=toutiao&widen=0&max_behot_time=0&max_behot_time_tmp=1479149939&as=A16538313A8D839&cp=581A7DF853099E1>
{'Title': '\xe8\xbf\x99\xe4\xb9\x88\xe6\x89\x93\xe5\xad\xa9\xe5\xad\x90\xe5\xae\x9e\xe5\x9c\xa8\xe6\x98\xaf\xe5\xa4\xaa\xe5\x8f\xaf\xe6\x81\xb6\xe4\xba\x86\xef\xbc\x81',
 'TitleUrl': u'http://www.toutiao.com/group/6351497504647037186/'}
2016-11-15 00:49:58 [scrapy] DEBUG: Scraped from <200 http://www.toutiao.com/api/article/feed/?category=funny&utm_source=toutiao&widen=0&max_behot_time=0&max_behot_time_tmp=1479149939&as=A16538313A8D839&cp=581A7DF853099E1>
{'Title': '\xe6\x88\x91\xe4\xb8\x8d\xe6\x83\xb3\xe5\xbd\x93\xe8\xb5\xb5\xe5\x9b\x9b\xef\xbc\x81',
 'TitleUrl': u'http://www.toutiao.com/group/6350890552187715841/'}
2016-11-15 00:49:58 [scrapy] DEBUG: Scraped from <200 http://www.toutiao.com/api/article/feed/?category=funny&utm_source=toutiao&widen=0&max_behot_time=0&max_behot_time_tmp=1479149939&as=A16538313A8D839&cp=581A7DF853099E1>
{'Title': '\xe5\xbf\xab\xe5\x87\xba\xe6\x9d\xa5\xef\xbc\x8c\xe5\x92\xb1\xe4\xbf\xa9\xe9\x83\xbd\xe7\xbb\x93\xe5\xa9\x9a\xe5\x8d\x8a\xe5\xb9\xb4\xe4\xba\x86\xef\xbc\x8c\xe4\xbd\xa0\xe8\xbf\x98\xe8\xba\xb2\xe7\x9d\x80\xe8\x80\x81\xe4\xb8\x88\xe4\xba\xba',
 'TitleUrl': u'http://www.toutiao.com/group/6351194606739620097/'}
2016-11-15 00:49:58 [scrapy] DEBUG: Scraped from <200 http://www.toutiao.com/api/article/feed/?category=funny&utm_source=toutiao&widen=0&max_behot_time=0&max_behot_time_tmp=1479149939&as=A16538313A8D839&cp=581A7DF853099E1>
{'Title': 'GIF\xe5\x8f\xaf\xe4\xb9\x90\xef\xbc\x9a\xe8\xbf\x99\xe6\x98\xaf\xe6\x88\x91\xe8\xa7\x81\xe8\xbf\x87\xe7\x8e\xa9\xe6\x96\x97\xe7\x89\x9b\xe6\x9c\xba\xe6\x9c\x80\xe7\xa8\xb3\xe7\x9a\x84\xe5\xa6\xb9\xe5\xad\x90\xef\xbc\x8c\xe5\xa4\xb9\xe5\xbe\x97\xe7\x9c\x9f\xe7\xb4\xa7',
 'TitleUrl': u'http://www.toutiao.com/group/6352483228066267393/'}
2016-11-15 00:49:58 [scrapy] DEBUG: Scraped from <200 http://www.toutiao.com/api/article/feed/?category=funny&utm_source=toutiao&widen=0&max_behot_time=0&max_behot_time_tmp=1479149939&as=A16538313A8D839&cp=581A7DF853099E1>
{'Title': 'GIF\xe5\x8f\xaf\xe4\xb9\x90\xef\xbc\x9a\xe8\xbf\x99\xe6\x98\xaf\xe6\x88\x91\xe8\xa7\x81\xe8\xbf\x87\xe7\x8e\xa9\xe6\x96\x97\xe7\x89\x9b\xe6\x9c\xba\xe6\x9c\x80\xe7\xa8\xb3\xe7\x9a\x84\xe5\xa6\xb9\xe5\xad\x90\xef\xbc\x8c\xe5\xa4\xb9\xe5\xbe\x97\xe7\x9c\x9f\xe7\xb4\xa7',
 'TitleUrl': u'http://www.toutiao.com/group/6352963663578218753/?_as_1479170997'}
2016-11-15 00:49:58 [toutiao] INFO: now entring download midware
2016-11-15 00:49:58 [toutiao] INFO: User-Agent is: Nusearch Spider (www.nusearch.com) <GET http://www.toutiao.com/api/article/feed/?category=funny&utm_source=toutiao&widen=0&max_behot_time=0&max_behot_time_tmp=1479168658&as=A16538313A8D839&cp=581A7DF853099E1>
2016-11-15 00:49:59 [scrapy] DEBUG: Crawled (200) <GET http://www.toutiao.com/api/article/feed/?category=funny&utm_source=toutiao&widen=0&max_behot_time=0&max_behot_time_tmp=1479168658&as=A16538313A8D839&cp=581A7DF853099E1> (referer: http://www.toutiao.com/api/article/feed/?category=funny&utm_source=toutiao&widen=0&max_behot_time=0&max_behot_time_tmp=1479149939&as=A16538313A8D839&cp=581A7DF853099E1)
2016-11-15 00:49:59 [toutiao] DEBUG: Fetch toutiao homepage page: http://www.toutiao.com/api/article/feed/?category=funny&utm_source=toutiao&widen=0&max_behot_time=0&max_behot_time_tmp=1479168658&as=A16538313A8D839&cp=581A7DF853099E1
2016-11-15 00:49:59 [scrapy] DEBUG: Scraped from <200 http://www.toutiao.com/api/article/feed/?category=funny&utm_source=toutiao&widen=0&max_behot_time=0&max_behot_time_tmp=1479168658&as=A16538313A8D839&cp=581A7DF853099E1>
{'Title': '\xe5\x9c\xa8\xe5\xab\x82\xe5\xad\x90\xe5\xae\xb6\xe5\xba\x8a\xe4\xb8\x8b\xe7\x9a\x84\xe6\x84\x9f\xe8\xa7\x89\xe6\x8c\xba\xe4\xb8\x8d\xe9\x94\x99\xe7\x9a\x84',
 'TitleUrl': u'http://www.toutiao.com/group/6351372824754192642/'}
2016-11-15 00:49:59 [scrapy] DEBUG: Scraped from <200 http://www.toutiao.com/api/article/feed/?category=funny&utm_source=toutiao&widen=0&max_behot_time=0&max_behot_time_tmp=1479168658&as=A16538313A8D839&cp=581A7DF853099E1>
{'Title': '\xe6\x99\x9a\xe4\xb8\x8a\xe5\xbc\x80\xe5\x87\xba\xe7\xa7\x9f\xef\xbc\x8c\xe4\xb8\x8a\xe6\x9d\xa5\xe4\xb8\x80\xe4\xb8\xaa\xe9\x86\x89\xe5\x88\xb0\xe4\xb8\x8d\xe7\x9c\x81\xe4\xba\xba\xe4\xba\x8b\xe7\x9a\x84\xe5\xa6\xb9\xe5\xad\x90',
 'TitleUrl': u'http://www.toutiao.com/group/6351719877640618242/'}
2016-11-15 00:49:59 [scrapy] DEBUG: Scraped from <200 http://www.toutiao.com/api/article/feed/?category=funny&utm_source=toutiao&widen=0&max_behot_time=0&max_behot_time_tmp=1479168658&as=A16538313A8D839&cp=581A7DF853099E1>
{'Title': '\xe6\xae\xb5\xe5\xad\x90\xe6\x9d\xa5\xe4\xba\x86\xef\xbc\x9a\xe6\x88\x91\xe6\x98\xaf\xe4\xb8\x8d\xe6\x98\xaf\xe4\xb8\x8d\xe7\xba\xaf\xe6\xb4\x81\xe4\xba\x86\xef\xbc\x8c\xe4\xb8\x8d\xe7\xae\xa1\xe7\xac\xac\xe5\x87\xa0\xe7\x9c\xbc\xe9\x83\xbd\xe7\x9c\x8b\xe9\x94\x99',
 'TitleUrl': u'http://www.toutiao.com/group/6350881763157459202/'}
2016-11-15 00:49:59 [scrapy] DEBUG: Scraped from <200 http://www.toutiao.com/api/article/feed/?category=funny&utm_source=toutiao&widen=0&max_behot_time=0&max_behot_time_tmp=1479168658&as=A16538313A8D839&cp=581A7DF853099E1>
{'Title': '\xe6\x96\xb0\xe5\x88\x86\xe9\x85\x8d\xe7\x9a\x84\xe5\x90\x8c\xe6\xa1\x8c\xef\xbc\x8c\xe6\x88\x91\xe7\x9a\x84\xe5\x86\x85\xe5\xbf\x83\xe6\x98\xaf\xe5\xb4\xa9\xe6\xba\x83\xe7\x9a\x84\xef\xbc\x81',
 'TitleUrl': u'http://www.toutiao.com/group/6350975505189044738/'}
2016-11-15 00:49:59 [scrapy] DEBUG: Scraped from <200 http://www.toutiao.com/api/article/feed/?category=funny&utm_source=toutiao&widen=0&max_behot_time=0&max_behot_time_tmp=1479168658&as=A16538313A8D839&cp=581A7DF853099E1>
{'Title': '\xe5\xb0\x91\xe5\xb9\xb4\xef\xbc\x8c\xe7\xbb\x93\xe8\xb4\xa6\xe7\x9a\x84\xe6\x97\xb6\xe5\x80\x99\xe4\xbd\xa0\xe4\xbc\x9a\xe5\x93\xad\xe7\x9a\x84',
 'TitleUrl': u'http://www.toutiao.com/group/6352071442910724354/'}
2016-11-15 00:49:59 [scrapy] DEBUG: Scraped from <200 http://www.toutiao.com/api/article/feed/?category=funny&utm_source=toutiao&widen=0&max_behot_time=0&max_behot_time_tmp=1479168658&as=A16538313A8D839&cp=581A7DF853099E1>
{'Title': '\xe5\x9b\xbe\xe6\x96\x87\xe7\xac\x91\xe8\xaf\x9d\xef\xbc\x9a\xe5\xaa\xb3\xe5\xa6\x87\xef\xbc\x8c\xe4\xbd\xa0\xe6\x97\xa9\xe7\x82\xb9\xe5\x9b\x9e\xe6\x9d\xa5\xe5\x90\xa7\xef\xbc\x8c\xe9\x97\xba\xe5\xa5\xb3\xe5\x81\x9a\xe7\x9a\x84\xe9\xa5\xad\xe6\x88\x91\xe4\xb8\x8d\xe6\x95\xa2\xe5\x90\x83',
 'TitleUrl': u'http://www.toutiao.com/group/6351139593634808065/'}
2016-11-15 00:49:59 [scrapy] DEBUG: Scraped from <200 http://www.toutiao.com/api/article/feed/?category=funny&utm_source=toutiao&widen=0&max_behot_time=0&max_behot_time_tmp=1479168658&as=A16538313A8D839&cp=581A7DF853099E1>
{'Title': '\xe6\x9c\x8b\xe5\x8f\x8b\xe5\x9c\x88\xe6\x9c\x89\xe8\xbf\x99\xe6\xa0\xb7\xe7\x9a\x84\xe4\xba\xba\xef\xbc\x8c\xe5\x88\x86\xe5\x88\x86\xe9\x92\x9f\xe6\x83\xb3\xe6\x8b\x89\xe9\xbb\x91\xe4\xbb\x96',
 'TitleUrl': u'http://www.toutiao.com/group/6348774641301176577/'}
2016-11-15 00:49:59 [scrapy] DEBUG: Scraped from <200 http://www.toutiao.com/api/article/feed/?category=funny&utm_source=toutiao&widen=0&max_behot_time=0&max_behot_time_tmp=1479168658&as=A16538313A8D839&cp=581A7DF853099E1>
{'Title': '\xe6\x90\x9e\xe7\xac\x91\xe5\xbc\xba\xef\xbc\x9a\xe4\xbd\x9c\xe4\xb8\xba\xe4\xb8\x80\xe4\xb8\xaa\xe5\xbe\x88\xe7\x98\xa6\xe7\x9a\x84\xe4\xba\xba\xef\xbc\x8c\xe4\xbd\xa0\xe6\x9c\x89\xe4\xbb\x80\xe4\xb9\x88\xe7\x83\xa6\xe6\x81\xbc\xe5\x90\x97',
 'TitleUrl': u'http://www.toutiao.com/group/6352344474102759681/'}
2016-11-15 00:49:59 [scrapy] DEBUG: Scraped from <200 http://www.toutiao.com/api/article/feed/?category=funny&utm_source=toutiao&widen=0&max_behot_time=0&max_behot_time_tmp=1479168658&as=A16538313A8D839&cp=581A7DF853099E1>
{'Title': '\xe7\xbe\x8e\xe5\xa5\xb3\xe5\x9c\xa8\xe5\x8a\xa8\xe7\x89\xa9\xe5\x9b\xad\xe8\xb7\x9f\xe7\x8c\xa9\xe7\x8c\xa9\xe8\x87\xaa\xe6\x8b\x8d\xe5\x90\x8e\xef\xbc\x8c\xe5\x9b\x9e\xe6\x9d\xa5\xe7\x9c\x8b\xe7\x85\xa7\xe7\x89\x87\xe6\x89\x8d\xe5\x8f\x91\xe7\x8e\xb0\xe5\xa5\xbd\xe5\x83\x8f\xe6\x9c\x89\xe5\x93\xaa\xe9\x87\x8c\xe4\xb8\x8d\xe5\xaf\xb9\xe7\x9a\x84',
 'TitleUrl': u'http://www.toutiao.com/group/6350981729545666818/'}
2016-11-15 00:49:59 [scrapy] DEBUG: Scraped from <200 http://www.toutiao.com/api/article/feed/?category=funny&utm_source=toutiao&widen=0&max_behot_time=0&max_behot_time_tmp=1479168658&as=A16538313A8D839&cp=581A7DF853099E1>
{'Title': '\xe7\xbb\x99\xe4\xbd\xa0\xe4\xb8\xaa\xe9\x80\x89\xe8\x80\x81\xe5\xa9\x86\xe7\x9a\x84\xe6\x9c\xba\xe4\xbc\x9a\xef\xbc\x8c\xe4\xbd\xa0\xe9\x80\x89\xe5\x93\xaa\xe4\xb8\xaa',
 'TitleUrl': u'http://www.toutiao.com/group/6350825332807631105/'}
2016-11-15 00:49:59 [scrapy] DEBUG: Scraped from <200 http://www.toutiao.com/api/article/feed/?category=funny&utm_source=toutiao&widen=0&max_behot_time=0&max_behot_time_tmp=1479168658&as=A16538313A8D839&cp=581A7DF853099E1>
{'Title': '\xe7\xbb\x99\xe4\xbd\xa0\xe4\xb8\xaa\xe9\x80\x89\xe8\x80\x81\xe5\xa9\x86\xe7\x9a\x84\xe6\x9c\xba\xe4\xbc\x9a\xef\xbc\x8c\xe4\xbd\xa0\xe9\x80\x89\xe5\x93\xaa\xe4\xb8\xaa',
 'TitleUrl': u'http://www.toutiao.com/group/6352963851293720833/?_as_1479170997'}
2016-11-15 00:49:59 [toutiao] INFO: now entring download midware
2016-11-15 00:49:59 [toutiao] INFO: User-Agent is: lmspider (lmspider@scansoft.com) <GET http://www.toutiao.com/api/article/feed/?category=funny&utm_source=toutiao&widen=0&max_behot_time=0&max_behot_time_tmp=1479170328&as=A16538313A8D839&cp=581A7DF853099E1>
2016-11-15 00:50:02 [scrapy] DEBUG: Crawled (200) <GET http://www.toutiao.com/api/article/feed/?category=funny&utm_source=toutiao&widen=0&max_behot_time=0&max_behot_time_tmp=1479170328&as=A16538313A8D839&cp=581A7DF853099E1> (referer: http://www.toutiao.com/api/article/feed/?category=funny&utm_source=toutiao&widen=0&max_behot_time=0&max_behot_time_tmp=1479168658&as=A16538313A8D839&cp=581A7DF853099E1)
2016-11-15 00:50:02 [toutiao] DEBUG: Fetch toutiao homepage page: http://www.toutiao.com/api/article/feed/?category=funny&utm_source=toutiao&widen=0&max_behot_time=0&max_behot_time_tmp=1479170328&as=A16538313A8D839&cp=581A7DF853099E1
2016-11-15 00:50:02 [scrapy] DEBUG: Scraped from <200 http://www.toutiao.com/api/article/feed/?category=funny&utm_source=toutiao&widen=0&max_behot_time=0&max_behot_time_tmp=1479170328&as=A16538313A8D839&cp=581A7DF853099E1>
{'Title': '\xe5\x9c\xa8\xe5\xab\x82\xe5\xad\x90\xe5\xae\xb6\xe5\xba\x8a\xe4\xb8\x8b\xe7\x9a\x84\xe6\x84\x9f\xe8\xa7\x89\xe6\x8c\xba\xe4\xb8\x8d\xe9\x94\x99\xe7\x9a\x84',
 'TitleUrl': u'http://www.toutiao.com/group/6351372824754192642/'}
2016-11-15 00:50:02 [scrapy] DEBUG: Scraped from <200 http://www.toutiao.com/api/article/feed/?category=funny&utm_source=toutiao&widen=0&max_behot_time=0&max_behot_time_tmp=1479170328&as=A16538313A8D839&cp=581A7DF853099E1>
{'Title': '\xe6\x99\x9a\xe4\xb8\x8a\xe5\xbc\x80\xe5\x87\xba\xe7\xa7\x9f\xef\xbc\x8c\xe4\xb8\x8a\xe6\x9d\xa5\xe4\xb8\x80\xe4\xb8\xaa\xe9\x86\x89\xe5\x88\xb0\xe4\xb8\x8d\xe7\x9c\x81\xe4\xba\xba\xe4\xba\x8b\xe7\x9a\x84\xe5\xa6\xb9\xe5\xad\x90',
 'TitleUrl': u'http://www.toutiao.com/group/6351719877640618242/'}
2016-11-15 00:50:02 [scrapy] DEBUG: Scraped from <200 http://www.toutiao.com/api/article/feed/?category=funny&utm_source=toutiao&widen=0&max_behot_time=0&max_behot_time_tmp=1479170328&as=A16538313A8D839&cp=581A7DF853099E1>
{'Title': '\xe6\xae\xb5\xe5\xad\x90\xe6\x9d\xa5\xe4\xba\x86\xef\xbc\x9a\xe6\x88\x91\xe6\x98\xaf\xe4\xb8\x8d\xe6\x98\xaf\xe4\xb8\x8d\xe7\xba\xaf\xe6\xb4\x81\xe4\xba\x86\xef\xbc\x8c\xe4\xb8\x8d\xe7\xae\xa1\xe7\xac\xac\xe5\x87\xa0\xe7\x9c\xbc\xe9\x83\xbd\xe7\x9c\x8b\xe9\x94\x99',
 'TitleUrl': u'http://www.toutiao.com/group/6350881763157459202/'}
2016-11-15 00:50:02 [scrapy] DEBUG: Scraped from <200 http://www.toutiao.com/api/article/feed/?category=funny&utm_source=toutiao&widen=0&max_behot_time=0&max_behot_time_tmp=1479170328&as=A16538313A8D839&cp=581A7DF853099E1>
{'Title': '\xe6\x96\xb0\xe5\x88\x86\xe9\x85\x8d\xe7\x9a\x84\xe5\x90\x8c\xe6\xa1\x8c\xef\xbc\x8c\xe6\x88\x91\xe7\x9a\x84\xe5\x86\x85\xe5\xbf\x83\xe6\x98\xaf\xe5\xb4\xa9\xe6\xba\x83\xe7\x9a\x84\xef\xbc\x81',
 'TitleUrl': u'http://www.toutiao.com/group/6350975505189044738/'}
2016-11-15 00:50:02 [scrapy] DEBUG: Scraped from <200 http://www.toutiao.com/api/article/feed/?category=funny&utm_source=toutiao&widen=0&max_behot_time=0&max_behot_time_tmp=1479170328&as=A16538313A8D839&cp=581A7DF853099E1>
{'Title': '\xe5\xb0\x91\xe5\xb9\xb4\xef\xbc\x8c\xe7\xbb\x93\xe8\xb4\xa6\xe7\x9a\x84\xe6\x97\xb6\xe5\x80\x99\xe4\xbd\xa0\xe4\xbc\x9a\xe5\x93\xad\xe7\x9a\x84',
 'TitleUrl': u'http://www.toutiao.com/group/6352071442910724354/'}
2016-11-15 00:50:02 [scrapy] DEBUG: Scraped from <200 http://www.toutiao.com/api/article/feed/?category=funny&utm_source=toutiao&widen=0&max_behot_time=0&max_behot_time_tmp=1479170328&as=A16538313A8D839&cp=581A7DF853099E1>
{'Title': '\xe5\x9b\xbe\xe6\x96\x87\xe7\xac\x91\xe8\xaf\x9d\xef\xbc\x9a\xe5\xaa\xb3\xe5\xa6\x87\xef\xbc\x8c\xe4\xbd\xa0\xe6\x97\xa9\xe7\x82\xb9\xe5\x9b\x9e\xe6\x9d\xa5\xe5\x90\xa7\xef\xbc\x8c\xe9\x97\xba\xe5\xa5\xb3\xe5\x81\x9a\xe7\x9a\x84\xe9\xa5\xad\xe6\x88\x91\xe4\xb8\x8d\xe6\x95\xa2\xe5\x90\x83',
 'TitleUrl': u'http://www.toutiao.com/group/6351139593634808065/'}
2016-11-15 00:50:02 [scrapy] DEBUG: Scraped from <200 http://www.toutiao.com/api/article/feed/?category=funny&utm_source=toutiao&widen=0&max_behot_time=0&max_behot_time_tmp=1479170328&as=A16538313A8D839&cp=581A7DF853099E1>
{'Title': '\xe6\x9c\x8b\xe5\x8f\x8b\xe5\x9c\x88\xe6\x9c\x89\xe8\xbf\x99\xe6\xa0\xb7\xe7\x9a\x84\xe4\xba\xba\xef\xbc\x8c\xe5\x88\x86\xe5\x88\x86\xe9\x92\x9f\xe6\x83\xb3\xe6\x8b\x89\xe9\xbb\x91\xe4\xbb\x96',
 'TitleUrl': u'http://www.toutiao.com/group/6348774641301176577/'}
2016-11-15 00:50:02 [scrapy] DEBUG: Scraped from <200 http://www.toutiao.com/api/article/feed/?category=funny&utm_source=toutiao&widen=0&max_behot_time=0&max_behot_time_tmp=1479170328&as=A16538313A8D839&cp=581A7DF853099E1>
{'Title': '\xe6\x90\x9e\xe7\xac\x91\xe5\xbc\xba\xef\xbc\x9a\xe4\xbd\x9c\xe4\xb8\xba\xe4\xb8\x80\xe4\xb8\xaa\xe5\xbe\x88\xe7\x98\xa6\xe7\x9a\x84\xe4\xba\xba\xef\xbc\x8c\xe4\xbd\xa0\xe6\x9c\x89\xe4\xbb\x80\xe4\xb9\x88\xe7\x83\xa6\xe6\x81\xbc\xe5\x90\x97',
 'TitleUrl': u'http://www.toutiao.com/group/6352344474102759681/'}
2016-11-15 00:50:02 [scrapy] DEBUG: Scraped from <200 http://www.toutiao.com/api/article/feed/?category=funny&utm_source=toutiao&widen=0&max_behot_time=0&max_behot_time_tmp=1479170328&as=A16538313A8D839&cp=581A7DF853099E1>
{'Title': '\xe5\x9b\xbe\xe6\x96\x87\xe7\xac\x91\xe8\xaf\x9d\xef\xbc\x9a\xe9\x97\xba\xe5\xa5\xb3\xef\xbc\x8c\xe4\xbd\xa0\xe9\x9a\x8f\xe4\xbe\xbf\xe6\x89\xbe\xe4\xb8\xaa\xe5\x80\x9f\xe5\x8f\xa3\xef\xbc\x8c\xe8\xb7\x9f\xe4\xbd\xa0\xe5\xa6\x88\xe8\xa6\x81\xe7\x82\xb9\xe9\x92\xb1',
 'TitleUrl': u'http://www.toutiao.com/group/6352032639649612033/'}
2016-11-15 00:50:02 [scrapy] DEBUG: Scraped from <200 http://www.toutiao.com/api/article/feed/?category=funny&utm_source=toutiao&widen=0&max_behot_time=0&max_behot_time_tmp=1479170328&as=A16538313A8D839&cp=581A7DF853099E1>
{'Title': '\xe8\xbf\x99\xe4\xb9\x88\xe6\x89\x93\xe5\xad\xa9\xe5\xad\x90\xe5\xae\x9e\xe5\x9c\xa8\xe6\x98\xaf\xe5\xa4\xaa\xe5\x8f\xaf\xe6\x81\xb6\xe4\xba\x86\xef\xbc\x81',
 'TitleUrl': u'http://www.toutiao.com/group/6351497504647037186/'}
2016-11-15 00:50:02 [scrapy] DEBUG: Scraped from <200 http://www.toutiao.com/api/article/feed/?category=funny&utm_source=toutiao&widen=0&max_behot_time=0&max_behot_time_tmp=1479170328&as=A16538313A8D839&cp=581A7DF853099E1>
{'Title': '\xe6\x88\x91\xe4\xb8\x8d\xe6\x83\xb3\xe5\xbd\x93\xe8\xb5\xb5\xe5\x9b\x9b\xef\xbc\x81',
 'TitleUrl': u'http://www.toutiao.com/group/6350890552187715841/'}
2016-11-15 00:50:02 [scrapy] DEBUG: Scraped from <200 http://www.toutiao.com/api/article/feed/?category=funny&utm_source=toutiao&widen=0&max_behot_time=0&max_behot_time_tmp=1479170328&as=A16538313A8D839&cp=581A7DF853099E1>
{'Title': '\xe5\xbf\xab\xe5\x87\xba\xe6\x9d\xa5\xef\xbc\x8c\xe5\x92\xb1\xe4\xbf\xa9\xe9\x83\xbd\xe7\xbb\x93\xe5\xa9\x9a\xe5\x8d\x8a\xe5\xb9\xb4\xe4\xba\x86\xef\xbc\x8c\xe4\xbd\xa0\xe8\xbf\x98\xe8\xba\xb2\xe7\x9d\x80\xe8\x80\x81\xe4\xb8\x88\xe4\xba\xba',
 'TitleUrl': u'http://www.toutiao.com/group/6351194606739620097/'}
2016-11-15 00:50:02 [scrapy] DEBUG: Scraped from <200 http://www.toutiao.com/api/article/feed/?category=funny&utm_source=toutiao&widen=0&max_behot_time=0&max_behot_time_tmp=1479170328&as=A16538313A8D839&cp=581A7DF853099E1>
{'Title': 'GIF\xe5\x8f\xaf\xe4\xb9\x90\xef\xbc\x9a\xe8\xbf\x99\xe6\x98\xaf\xe6\x88\x91\xe8\xa7\x81\xe8\xbf\x87\xe7\x8e\xa9\xe6\x96\x97\xe7\x89\x9b\xe6\x9c\xba\xe6\x9c\x80\xe7\xa8\xb3\xe7\x9a\x84\xe5\xa6\xb9\xe5\xad\x90\xef\xbc\x8c\xe5\xa4\xb9\xe5\xbe\x97\xe7\x9c\x9f\xe7\xb4\xa7',
 'TitleUrl': u'http://www.toutiao.com/group/6352483228066267393/'}
2016-11-15 00:50:02 [scrapy] DEBUG: Scraped from <200 http://www.toutiao.com/api/article/feed/?category=funny&utm_source=toutiao&widen=0&max_behot_time=0&max_behot_time_tmp=1479170328&as=A16538313A8D839&cp=581A7DF853099E1>
{'Title': '\xe7\xbe\x8e\xe5\xa5\xb3\xe5\x9c\xa8\xe5\x8a\xa8\xe7\x89\xa9\xe5\x9b\xad\xe8\xb7\x9f\xe7\x8c\xa9\xe7\x8c\xa9\xe8\x87\xaa\xe6\x8b\x8d\xe5\x90\x8e\xef\xbc\x8c\xe5\x9b\x9e\xe6\x9d\xa5\xe7\x9c\x8b\xe7\x85\xa7\xe7\x89\x87\xe6\x89\x8d\xe5\x8f\x91\xe7\x8e\xb0\xe5\xa5\xbd\xe5\x83\x8f\xe6\x9c\x89\xe5\x93\xaa\xe9\x87\x8c\xe4\xb8\x8d\xe5\xaf\xb9\xe7\x9a\x84',
 'TitleUrl': u'http://www.toutiao.com/group/6350981729545666818/'}
2016-11-15 00:50:02 [scrapy] DEBUG: Scraped from <200 http://www.toutiao.com/api/article/feed/?category=funny&utm_source=toutiao&widen=0&max_behot_time=0&max_behot_time_tmp=1479170328&as=A16538313A8D839&cp=581A7DF853099E1>
{'Title': '\xe7\xbb\x99\xe4\xbd\xa0\xe4\xb8\xaa\xe9\x80\x89\xe8\x80\x81\xe5\xa9\x86\xe7\x9a\x84\xe6\x9c\xba\xe4\xbc\x9a\xef\xbc\x8c\xe4\xbd\xa0\xe9\x80\x89\xe5\x93\xaa\xe4\xb8\xaa',
 'TitleUrl': u'http://www.toutiao.com/group/6350825332807631105/'}
2016-11-15 00:50:02 [scrapy] DEBUG: Scraped from <200 http://www.toutiao.com/api/article/feed/?category=funny&utm_source=toutiao&widen=0&max_behot_time=0&max_behot_time_tmp=1479170328&as=A16538313A8D839&cp=581A7DF853099E1>
{'Title': '\xe7\xbb\x99\xe4\xbd\xa0\xe4\xb8\xaa\xe9\x80\x89\xe8\x80\x81\xe5\xa9\x86\xe7\x9a\x84\xe6\x9c\xba\xe4\xbc\x9a\xef\xbc\x8c\xe4\xbd\xa0\xe9\x80\x89\xe5\x93\xaa\xe4\xb8\xaa',
 'TitleUrl': u'http://www.toutiao.com/group/6352963450855784705/?_as_1479171000'}
2016-11-15 00:50:02 [scrapy] DEBUG: Filtered duplicate request: <GET http://www.toutiao.com/api/article/feed/?category=funny&utm_source=toutiao&widen=0&max_behot_time=0&max_behot_time_tmp=1479170328&as=A16538313A8D839&cp=581A7DF853099E1> - no more duplicates will be shown (see DUPEFILTER_DEBUG to show all duplicates)
2016-11-15 00:50:02 [scrapy] INFO: Closing spider (finished)
2016-11-15 00:50:02 [scrapy] INFO: Stored json feed (65 items) in: ../data/toutiao/funny.json
2016-11-15 00:50:02 [scrapy] INFO: Dumping Scrapy stats:
{'downloader/request_bytes': 2916,
 'downloader/request_count': 5,
 'downloader/request_method_count/GET': 5,
 'downloader/response_bytes': 24776,
 'downloader/response_count': 5,
 'downloader/response_status_count/200': 5,
 'dupefilter/filtered': 1,
 'finish_reason': 'finished',
 'finish_time': datetime.datetime(2016, 11, 15, 0, 50, 2, 203075),
 'item_scraped_count': 65,
 'log_count/DEBUG': 77,
 'log_count/INFO': 18,
 'request_depth_max': 5,
 'response_received_count': 5,
 'scheduler/dequeued': 5,
 'scheduler/dequeued/memory': 5,
 'scheduler/enqueued': 5,
 'scheduler/enqueued/memory': 5,
 'start_time': datetime.datetime(2016, 11, 15, 0, 49, 56, 805425)}
2016-11-15 00:50:02 [scrapy] INFO: Spider closed (finished)
2016-11-15 02:09:02 [scrapy] INFO: Scrapy 1.2.0 started (bot: SocialSpider)
2016-11-15 02:09:02 [scrapy] INFO: Overridden settings: {'NEWSPIDER_MODULE': 'SocialSpider.spiders', 'FEED_URI': '../data/toutiao/funny.json', 'SPIDER_MODULES': ['SocialSpider.spiders'], 'BOT_NAME': 'SocialSpider', 'FEED_FORMAT': 'json', 'LOG_FILE': '../log/toutiao/funny.log'}
2016-11-15 02:09:02 [scrapy] INFO: Enabled extensions:
['scrapy.extensions.feedexport.FeedExporter',
 'scrapy.extensions.logstats.LogStats',
 'scrapy.extensions.telnet.TelnetConsole',
 'scrapy.extensions.corestats.CoreStats']
2016-11-15 02:09:02 [scrapy] INFO: Enabled downloader middlewares:
['scrapy.downloadermiddlewares.httpauth.HttpAuthMiddleware',
 'scrapy.downloadermiddlewares.downloadtimeout.DownloadTimeoutMiddleware',
 'scrapy.downloadermiddlewares.defaultheaders.DefaultHeadersMiddleware',
 'scrapy.downloadermiddlewares.useragent.UserAgentMiddleware',
 'SocialSpider.midware.UaMidWare.ProcessUaMidware',
 'scrapy.downloadermiddlewares.retry.RetryMiddleware',
 'scrapy.downloadermiddlewares.redirect.MetaRefreshMiddleware',
 'scrapy.downloadermiddlewares.httpcompression.HttpCompressionMiddleware',
 'scrapy.downloadermiddlewares.redirect.RedirectMiddleware',
 'scrapy.downloadermiddlewares.cookies.CookiesMiddleware',
 'scrapy.downloadermiddlewares.chunked.ChunkedTransferMiddleware',
 'scrapy.downloadermiddlewares.stats.DownloaderStats']
2016-11-15 02:09:02 [scrapy] INFO: Enabled spider middlewares:
['scrapy.spidermiddlewares.httperror.HttpErrorMiddleware',
 'scrapy.spidermiddlewares.offsite.OffsiteMiddleware',
 'scrapy.spidermiddlewares.referer.RefererMiddleware',
 'scrapy.spidermiddlewares.urllength.UrlLengthMiddleware',
 'scrapy.spidermiddlewares.depth.DepthMiddleware']
2016-11-15 02:09:02 [scrapy] INFO: Enabled item pipelines:
[]
2016-11-15 02:09:02 [scrapy] INFO: Spider opened
2016-11-15 02:09:02 [scrapy] INFO: Crawled 0 pages (at 0 pages/min), scraped 0 items (at 0 items/min)
2016-11-15 02:09:02 [scrapy] DEBUG: Telnet console listening on 127.0.0.1:6023
2016-11-15 02:09:02 [toutiao] INFO: now entring download midware
2016-11-15 02:09:02 [toutiao] INFO: User-Agent is: Mozilla/5.0 (Windows; U; Windows NT 5.1; en-US) Speedy Spider(http://www.entireweb.com/about/search_tech/speedy_spider/) <GET http://www.toutiao.com/api/article/feed/?category=funny&utm_source=toutiao&widen=0&max_behot_time=0&max_behot_time_tmp=0&as=A135B8B16A0CF6F&cp=581AACBF560FEE1>
2016-11-15 02:09:09 [scrapy] DEBUG: Crawled (200) <GET http://www.toutiao.com/api/article/feed/?category=funny&utm_source=toutiao&widen=0&max_behot_time=0&max_behot_time_tmp=0&as=A135B8B16A0CF6F&cp=581AACBF560FEE1> (referer: None)
2016-11-15 02:09:09 [toutiao] DEBUG: Fetch toutiao homepage page: http://www.toutiao.com/api/article/feed/?category=funny&utm_source=toutiao&widen=0&max_behot_time=0&max_behot_time_tmp=0&as=A135B8B16A0CF6F&cp=581AACBF560FEE1
2016-11-15 02:09:09 [scrapy] DEBUG: Scraped from <200 http://www.toutiao.com/api/article/feed/?category=funny&utm_source=toutiao&widen=0&max_behot_time=0&max_behot_time_tmp=0&as=A135B8B16A0CF6F&cp=581AACBF560FEE1>
{'Category': 'funny',
 'HotValue': 704,
 'MediumUrl': u'http://toutiao.com/m6893518366/',
 'Source': 'toutiao',
 'Time': 1479172733,
 'Title': '\xe7\xa9\xbf\xe8\xbf\x99\xe8\xa3\xa4\xe5\xad\x90\xe4\xb8\x8d\xe8\xa6\x81\xe5\x9c\xa8\xe5\xa4\x96\xe9\x9d\xa2\xe4\xb8\x8b\xe8\xb9\xb2\xef\xbc\x8c\xe4\xb8\x8d\xe7\x84\xb6\xe5\x88\xab\xe4\xba\xba\xe8\xbf\x98\xe4\xbb\xa5\xe4\xb8\xba\xe4\xbd\xa0\xe9\x9a\x8f\xe5\x9c\xb0\xe5\xa4\xa7\xe5\xb0\x8f\xe4\xbe\xbf',
 'Type': 'url',
 'Url': u'http://www.toutiao.com/group/6352257772197839106/'}
2016-11-15 02:09:09 [scrapy] DEBUG: Scraped from <200 http://www.toutiao.com/api/article/feed/?category=funny&utm_source=toutiao&widen=0&max_behot_time=0&max_behot_time_tmp=0&as=A135B8B16A0CF6F&cp=581AACBF560FEE1>
{'Category': 'funny',
 'HotValue': 889,
 'MediumUrl': u'http://toutiao.com/m50271161765/',
 'Source': 'toutiao',
 'Time': 1479169725,
 'Title': '\xe7\xbe\x8e\xe5\xa5\xb3\xe5\x9c\xa8\xe5\x8a\xa8\xe7\x89\xa9\xe5\x9b\xad\xe8\xb7\x9f\xe7\x8c\xa9\xe7\x8c\xa9\xe8\x87\xaa\xe6\x8b\x8d\xe5\x90\x8e\xef\xbc\x8c\xe5\x9b\x9e\xe6\x9d\xa5\xe7\x9c\x8b\xe7\x85\xa7\xe7\x89\x87\xe6\x89\x8d\xe5\x8f\x91\xe7\x8e\xb0\xe5\xa5\xbd\xe5\x83\x8f\xe6\x9c\x89\xe5\x93\xaa\xe9\x87\x8c\xe4\xb8\x8d\xe5\xaf\xb9\xe7\x9a\x84',
 'Type': 'url',
 'Url': u'http://www.toutiao.com/group/6350981729545666818/'}
2016-11-15 02:09:09 [scrapy] DEBUG: Scraped from <200 http://www.toutiao.com/api/article/feed/?category=funny&utm_source=toutiao&widen=0&max_behot_time=0&max_behot_time_tmp=0&as=A135B8B16A0CF6F&cp=581AACBF560FEE1>
{'Category': 'funny',
 'HotValue': 389,
 'MediumUrl': u'http://toutiao.com/m6865929440/',
 'Source': 'toutiao',
 'Time': 1479166717,
 'Title': '\xe8\xa1\xa3\xe6\x9c\x8d\xe8\xbf\x9c\xe8\xbf\x9c\xe4\xb8\x8d\xe8\x83\xbd\xe9\x81\xae\xe4\xbd\x8f\xe5\xa6\xb9\xe7\xba\xb8\xe7\x9a\x84\xe6\xb0\x94\xe8\xb4\xa8',
 'Type': 'url',
 'Url': u'http://www.toutiao.com/group/6352281661598548225/'}
2016-11-15 02:09:09 [scrapy] DEBUG: Scraped from <200 http://www.toutiao.com/api/article/feed/?category=funny&utm_source=toutiao&widen=0&max_behot_time=0&max_behot_time_tmp=0&as=A135B8B16A0CF6F&cp=581AACBF560FEE1>
{'Category': 'funny',
 'HotValue': 615,
 'MediumUrl': u'http://toutiao.com/m50656457835/',
 'Source': 'toutiao',
 'Time': 1479163709,
 'Title': '\xe5\xa6\xb9\xe5\xad\x90\xe4\xbd\xa0\xe8\xbf\x99\xe6\x98\xaf\xe6\x9c\x89\xe5\xa4\x9a\xe6\xb8\xb4\xe5\x95\x8a\xef\xbc\x9f\xe8\xa6\x81\xe4\xb8\x8d\xe7\xbb\x99\xe4\xbd\xa0\xe6\x89\xbe\xe4\xb8\xaa\xe7\xbc\xb8\xe6\x9d\xa5',
 'Type': 'url',
 'Url': u'http://www.toutiao.com/group/6352420513431945474/'}
2016-11-15 02:09:09 [scrapy] DEBUG: Scraped from <200 http://www.toutiao.com/api/article/feed/?category=funny&utm_source=toutiao&widen=0&max_behot_time=0&max_behot_time_tmp=0&as=A135B8B16A0CF6F&cp=581AACBF560FEE1>
{'Category': 'funny',
 'HotValue': 6457,
 'MediumUrl': u'http://toutiao.com/m6996900786/',
 'Source': 'toutiao',
 'Time': 1479160701,
 'Title': '\xe5\xa7\x91\xe5\xa8\x98\xe4\xbd\xa0\xe5\xb0\xb1\xe4\xb8\x8d\xe8\x83\xbd\xe6\x94\xb6\xe6\x95\x9b\xe7\x82\xb9\xe5\x90\x97 \xe8\xbf\x99\xe5\x8f\xaf\xe6\x98\xaf\xe5\x85\xac\xe5\x85\xb1\xe5\x9c\xba\xe5\x90\x88',
 'Type': 'url',
 'Url': u'http://www.toutiao.com/group/6352335850147627265/'}
2016-11-15 02:09:09 [scrapy] DEBUG: Scraped from <200 http://www.toutiao.com/api/article/feed/?category=funny&utm_source=toutiao&widen=0&max_behot_time=0&max_behot_time_tmp=0&as=A135B8B16A0CF6F&cp=581AACBF560FEE1>
{'Category': 'funny',
 'HotValue': 14317,
 'MediumUrl': u'http://toutiao.com/m6246863126/',
 'Source': 'toutiao',
 'Time': 1479157693,
 'Title': '\xe7\xbb\x99\xe4\xbd\xa0\xe4\xb8\xaa\xe9\x80\x89\xe8\x80\x81\xe5\xa9\x86\xe7\x9a\x84\xe6\x9c\xba\xe4\xbc\x9a\xef\xbc\x8c\xe4\xbd\xa0\xe9\x80\x89\xe5\x93\xaa\xe4\xb8\xaa',
 'Type': 'url',
 'Url': u'http://www.toutiao.com/group/6350825332807631105/'}
2016-11-15 02:09:09 [scrapy] DEBUG: Scraped from <200 http://www.toutiao.com/api/article/feed/?category=funny&utm_source=toutiao&widen=0&max_behot_time=0&max_behot_time_tmp=0&as=A135B8B16A0CF6F&cp=581AACBF560FEE1>
{'Category': 'funny',
 'HotValue': 3192,
 'MediumUrl': u'http://toutiao.com/m6615304970/',
 'Source': 'toutiao',
 'Time': 1479154685,
 'Title': '\xe6\x90\x9e\xe7\xac\x91\xe5\xbc\xba\xef\xbc\x9a\xe8\xbf\x99\xe6\x98\xaf\xe6\x88\x91\xe8\xa7\x81\xe8\xbf\x87\xe6\x9c\x80\xe5\xa4\xa7\xe7\x9a\x84\xe7\x83\x9f\xe8\x8a\xb1',
 'Type': 'url',
 'Url': u'http://www.toutiao.com/group/6351925942512124161/'}
2016-11-15 02:09:09 [scrapy] DEBUG: Scraped from <200 http://www.toutiao.com/api/article/feed/?category=funny&utm_source=toutiao&widen=0&max_behot_time=0&max_behot_time_tmp=0&as=A135B8B16A0CF6F&cp=581AACBF560FEE1>
{'Category': 'funny',
 'HotValue': 624,
 'MediumUrl': u'http://toutiao.com/m6509143916/',
 'Source': 'toutiao',
 'Time': 1479151677,
 'Title': '\xe5\xa5\xbd\xe5\xa4\xa7\xe4\xb8\x80\xe7\x89\x87\xe7\xa8\xbb\xe8\xb0\xb7\xe7\x94\xb0\xef\xbc\x81',
 'Type': 'url',
 'Url': u'http://www.toutiao.com/group/6351852347907883266/'}
2016-11-15 02:09:09 [scrapy] DEBUG: Scraped from <200 http://www.toutiao.com/api/article/feed/?category=funny&utm_source=toutiao&widen=0&max_behot_time=0&max_behot_time_tmp=0&as=A135B8B16A0CF6F&cp=581AACBF560FEE1>
{'Category': 'funny',
 'HotValue': 4632,
 'MediumUrl': u'http://toutiao.com/m6893518366/',
 'Source': 'toutiao',
 'Time': 1479148669,
 'Title': '\xe5\xae\xa2\xe8\xbd\xa6\xe6\x92\x9e\xe4\xb8\x8a\xe4\xba\x86\xe8\xbf\x90\xe7\xb2\xaa\xe8\xbd\xa6\xef\xbc\x81',
 'Type': 'url',
 'Url': u'http://www.toutiao.com/group/6350791378154635522/'}
2016-11-15 02:09:09 [scrapy] ERROR: Spider error processing <GET http://www.toutiao.com/api/article/feed/?category=funny&utm_source=toutiao&widen=0&max_behot_time=0&max_behot_time_tmp=0&as=A135B8B16A0CF6F&cp=581AACBF560FEE1> (referer: None)
Traceback (most recent call last):
  File "/usr/lib64/python2.7/site-packages/scrapy/utils/defer.py", line 102, in iter_errback
    yield next(it)
  File "/usr/lib64/python2.7/site-packages/scrapy/spidermiddlewares/offsite.py", line 29, in process_spider_output
    for x in result:
  File "/usr/lib64/python2.7/site-packages/scrapy/spidermiddlewares/referer.py", line 22, in <genexpr>
    return (_set_referer(r) for r in result or ())
  File "/usr/lib64/python2.7/site-packages/scrapy/spidermiddlewares/urllength.py", line 37, in <genexpr>
    return (r for r in result or () if _filter(r))
  File "/usr/lib64/python2.7/site-packages/scrapy/spidermiddlewares/depth.py", line 58, in <genexpr>
    return (r for r in result or () if _filter(r))
  File "/python/SocialSpider/SocialSpider/spiders/toutiao.py", line 31, in parse
    item['MediumUrl'] = val['media_url']
KeyError: 'media_url'
2016-11-15 02:09:09 [scrapy] INFO: Closing spider (finished)
2016-11-15 02:09:09 [scrapy] INFO: Stored json feed (9 items) in: ../data/toutiao/funny.json
2016-11-15 02:09:09 [scrapy] INFO: Dumping Scrapy stats:
{'downloader/request_bytes': 435,
 'downloader/request_count': 1,
 'downloader/request_method_count/GET': 1,
 'downloader/response_bytes': 3670,
 'downloader/response_count': 1,
 'downloader/response_status_count/200': 1,
 'finish_reason': 'finished',
 'finish_time': datetime.datetime(2016, 11, 15, 2, 9, 9, 714918),
 'item_scraped_count': 9,
 'log_count/DEBUG': 12,
 'log_count/ERROR': 1,
 'log_count/INFO': 10,
 'response_received_count': 1,
 'scheduler/dequeued': 1,
 'scheduler/dequeued/memory': 1,
 'scheduler/enqueued': 1,
 'scheduler/enqueued/memory': 1,
 'spider_exceptions/KeyError': 1,
 'start_time': datetime.datetime(2016, 11, 15, 2, 9, 2, 174691)}
2016-11-15 02:09:09 [scrapy] INFO: Spider closed (finished)
