2016-11-15 00:49:43 [scrapy] INFO: Scrapy 1.2.0 started (bot: SocialSpider)
2016-11-15 00:49:43 [scrapy] INFO: Overridden settings: {'NEWSPIDER_MODULE': 'SocialSpider.spiders', 'FEED_URI': '../data/toutiao/news_baby.json', 'SPIDER_MODULES': ['SocialSpider.spiders'], 'BOT_NAME': 'SocialSpider', 'FEED_FORMAT': 'json', 'LOG_FILE': '../log/toutiao/news_baby.log'}
2016-11-15 00:49:43 [scrapy] INFO: Enabled extensions:
['scrapy.extensions.feedexport.FeedExporter',
 'scrapy.extensions.logstats.LogStats',
 'scrapy.extensions.telnet.TelnetConsole',
 'scrapy.extensions.corestats.CoreStats']
2016-11-15 00:49:43 [scrapy] INFO: Enabled downloader middlewares:
['scrapy.downloadermiddlewares.httpauth.HttpAuthMiddleware',
 'scrapy.downloadermiddlewares.downloadtimeout.DownloadTimeoutMiddleware',
 'scrapy.downloadermiddlewares.defaultheaders.DefaultHeadersMiddleware',
 'scrapy.downloadermiddlewares.useragent.UserAgentMiddleware',
 'SocialSpider.midware.UaMidWare.ProcessUaMidware',
 'scrapy.downloadermiddlewares.retry.RetryMiddleware',
 'scrapy.downloadermiddlewares.redirect.MetaRefreshMiddleware',
 'scrapy.downloadermiddlewares.httpcompression.HttpCompressionMiddleware',
 'scrapy.downloadermiddlewares.redirect.RedirectMiddleware',
 'scrapy.downloadermiddlewares.cookies.CookiesMiddleware',
 'scrapy.downloadermiddlewares.chunked.ChunkedTransferMiddleware',
 'scrapy.downloadermiddlewares.stats.DownloaderStats']
2016-11-15 00:49:43 [scrapy] INFO: Enabled spider middlewares:
['scrapy.spidermiddlewares.httperror.HttpErrorMiddleware',
 'scrapy.spidermiddlewares.offsite.OffsiteMiddleware',
 'scrapy.spidermiddlewares.referer.RefererMiddleware',
 'scrapy.spidermiddlewares.urllength.UrlLengthMiddleware',
 'scrapy.spidermiddlewares.depth.DepthMiddleware']
2016-11-15 00:49:43 [scrapy] INFO: Enabled item pipelines:
[]
2016-11-15 00:49:43 [scrapy] INFO: Spider opened
2016-11-15 00:49:43 [scrapy] INFO: Crawled 0 pages (at 0 pages/min), scraped 0 items (at 0 items/min)
2016-11-15 00:49:43 [scrapy] DEBUG: Telnet console listening on 127.0.0.1:6023
2016-11-15 00:49:43 [toutiao] INFO: now entring download midware
2016-11-15 00:49:43 [toutiao] INFO: User-Agent is: nuSearch Spider (compatible; MSIE 4.01; Windows NT) <GET http://www.toutiao.com/api/article/feed/?category=news_baby&utm_source=toutiao&widen=0&max_behot_time=0&max_behot_time_tmp=0&as=A135B8B16A0CF6F&cp=581AACBF560FEE1>
2016-11-15 00:49:44 [scrapy] DEBUG: Crawled (200) <GET http://www.toutiao.com/api/article/feed/?category=news_baby&utm_source=toutiao&widen=0&max_behot_time=0&max_behot_time_tmp=0&as=A135B8B16A0CF6F&cp=581AACBF560FEE1> (referer: None)
2016-11-15 00:49:44 [toutiao] DEBUG: Fetch toutiao homepage page: http://www.toutiao.com/api/article/feed/?category=news_baby&utm_source=toutiao&widen=0&max_behot_time=0&max_behot_time_tmp=0&as=A135B8B16A0CF6F&cp=581AACBF560FEE1
2016-11-15 00:49:44 [scrapy] DEBUG: Scraped from <200 http://www.toutiao.com/api/article/feed/?category=news_baby&utm_source=toutiao&widen=0&max_behot_time=0&max_behot_time_tmp=0&as=A135B8B16A0CF6F&cp=581AACBF560FEE1>
{'Title': '\xe5\x9c\xa8\xe5\x8c\x97\xe4\xba\xac\xe5\x9c\xb0\xe9\x93\x81\xe4\xb8\x8a\xe9\x81\x87\xe5\x88\xb0\xe8\xbf\x99\xe6\xa0\xb7\xe7\x9a\x84\xe4\xb8\xa4\xe4\xbd\x8d\xe5\xa6\x88\xe5\xa6\x88\xef\xbc\x8c\xe7\x9c\x9f\xe4\xb8\xba\xe4\xbb\x96\xe4\xbb\xac\xe7\x9a\x84\xe5\xad\xa9\xe5\xad\x90\xe6\x84\x9f\xe5\x88\xb0\xe6\x82\xb2\xe5\x93\x80',
 'TitleUrl': u'http://www.toutiao.com/group/6352844492668027137/'}
2016-11-15 00:49:44 [scrapy] DEBUG: Scraped from <200 http://www.toutiao.com/api/article/feed/?category=news_baby&utm_source=toutiao&widen=0&max_behot_time=0&max_behot_time_tmp=0&as=A135B8B16A0CF6F&cp=581AACBF560FEE1>
{'Title': '\xe8\xb5\xb7\xe5\x90\x8d\xe5\xa4\xa7\xe5\xb8\x88\xe6\x9c\x80\xe5\xbf\x8c\xe8\xae\xb3\xe7\x9a\x84\xe5\x85\xab\xe7\xb1\xbb\xe5\x90\x8d\xe5\xad\x97\xef\xbc\x8c\xe7\xbb\x99\xe5\xae\x9d\xe5\xae\x9d\xe8\xb5\xb7\xe5\x90\x8d\xe5\x8d\x83\xe4\xb8\x87\xe4\xb8\x8d\xe8\xa6\x81\xe7\x94\xa8\xef\xbc\x81',
 'TitleUrl': u'http://www.toutiao.com/group/6352379718569836802/'}
2016-11-15 00:49:44 [scrapy] DEBUG: Scraped from <200 http://www.toutiao.com/api/article/feed/?category=news_baby&utm_source=toutiao&widen=0&max_behot_time=0&max_behot_time_tmp=0&as=A135B8B16A0CF6F&cp=581AACBF560FEE1>
{'Title': '\xe6\x88\x91\xe6\x98\xaf\xe5\xad\xa9\xe5\xad\x90\xe7\x9a\x84\xe4\xba\xb2\xe5\xa6\x88\xef\xbc\x8c\xe8\xaf\xb7\xe4\xb8\x8d\xe8\xa6\x81\xe6\x8a\x8a\xe6\x88\x91\xe5\xbd\x93\xe6\x88\x90\xe5\xad\xa9\xe5\xad\x90\xe7\x9a\x84\xe5\xa5\xb6\xe5\xa6\x88\xef\xbc\x81',
 'TitleUrl': u'http://www.toutiao.com/group/6352729776084009217/'}
2016-11-15 00:49:44 [scrapy] DEBUG: Scraped from <200 http://www.toutiao.com/api/article/feed/?category=news_baby&utm_source=toutiao&widen=0&max_behot_time=0&max_behot_time_tmp=0&as=A135B8B16A0CF6F&cp=581AACBF560FEE1>
{'Title': '\xe6\x9c\x89\xe8\xbf\x99\xe6\xa0\xb7\xe7\x94\x9f\xe6\xb4\xbb\xe4\xb9\xa0\xe6\x83\xaf\xe7\x9a\x84\xe5\xa4\xab\xe5\xa6\xbb  \xe6\x9c\x80\xe5\xae\xb9\xe6\x98\x93\xe7\x94\x9f\xe7\x94\xb7\xe5\xad\xa9',
 'TitleUrl': u'http://www.toutiao.com/group/6352636687667036417/'}
2016-11-15 00:49:44 [scrapy] DEBUG: Scraped from <200 http://www.toutiao.com/api/article/feed/?category=news_baby&utm_source=toutiao&widen=0&max_behot_time=0&max_behot_time_tmp=0&as=A135B8B16A0CF6F&cp=581AACBF560FEE1>
{'Title': '\xe5\x84\xbf\xe7\xab\xa5\xe4\xba\xba\xe7\xbe\xa4\xe8\xaf\xb7\xe6\x85\x8e\xe7\x94\xa8\xef\xbc\x8c\xe8\xbf\x99\xe7\xb1\xbb\xe6\x88\x90\xe5\x88\x86\xe7\x9a\x84\xe5\x92\xb3\xe5\x97\xbd\xe8\x8d\xaf\xe6\xb0\xb4\xe3\x80\x82',
 'TitleUrl': u'http://www.toutiao.com/group/6352810657385332994/'}
2016-11-15 00:49:44 [scrapy] DEBUG: Scraped from <200 http://www.toutiao.com/api/article/feed/?category=news_baby&utm_source=toutiao&widen=0&max_behot_time=0&max_behot_time_tmp=0&as=A135B8B16A0CF6F&cp=581AACBF560FEE1>
{'Title': '\xe4\xb8\xba\xe4\xba\x86\xe7\x8b\x97\xe5\xb1\x81\xe7\x9a\x84\xe5\xae\x89\xe5\x85\xa8\xe6\x84\x9f\xef\xbc\x8c\xe6\x88\x91\xe4\xbb\xac\xe4\xbb\x98\xe5\x87\xba\xe5\xa4\xaa\xe5\xa4\x9a\xe4\xba\x86\xef\xbc\x81',
 'TitleUrl': u'http://www.toutiao.com/group/6352695062819864834/'}
2016-11-15 00:49:44 [scrapy] DEBUG: Scraped from <200 http://www.toutiao.com/api/article/feed/?category=news_baby&utm_source=toutiao&widen=0&max_behot_time=0&max_behot_time_tmp=0&as=A135B8B16A0CF6F&cp=581AACBF560FEE1>
{'Title': '\xe7\x8c\x9c\xe5\xad\x97\xe8\xb0\x9c\xef\xbc\x8c\xe6\x9d\xa5\xe5\x81\x9a\xe4\xb8\xaa\xe6\x99\xba\xe5\x8a\x9b\xe4\xbd\x93\xe6\x93\x8d\xe5\x90\xa7\xef\xbc\x81',
 'TitleUrl': u'http://www.toutiao.com/group/6352733282890973441/'}
2016-11-15 00:49:44 [scrapy] DEBUG: Scraped from <200 http://www.toutiao.com/api/article/feed/?category=news_baby&utm_source=toutiao&widen=0&max_behot_time=0&max_behot_time_tmp=0&as=A135B8B16A0CF6F&cp=581AACBF560FEE1>
{'Title': '\xe6\x80\x80\xe5\xad\x95\xe4\xb8\xa4\xe4\xb8\xaa\xe6\x9c\x88\xe5\x8e\xbb\xe6\xa3\x80\xe6\x9f\xa5\xe7\xab\x9f\xe7\x84\xb6\xe6\xb2\xa1\xe6\x9c\x89\xe8\x83\x8e\xe5\xbf\x83\xef\xbc\x8c\xe5\x8e\x9f\xe6\x9d\xa5\xe5\x8e\x9f\xe5\x9b\xa0\xe5\x9c\xa8\xe8\xbf\x99\xe9\x87\x8c\xef\xbc\x81',
 'TitleUrl': u'http://www.toutiao.com/group/6352759660802294017/'}
2016-11-15 00:49:44 [scrapy] DEBUG: Scraped from <200 http://www.toutiao.com/api/article/feed/?category=news_baby&utm_source=toutiao&widen=0&max_behot_time=0&max_behot_time_tmp=0&as=A135B8B16A0CF6F&cp=581AACBF560FEE1>
{'Title': '\xe6\x90\x9e\xe7\xac\x91\xe8\xb5\xb5\xe7\x9f\xb3\xef\xbc\x9a\xe5\x85\xbb\xe4\xb8\x80\xe4\xb8\xaa\xe9\xab\x98\xe6\x99\xba\xe5\x95\x86\xe7\x9a\x84\xe5\xa9\xb4\xe5\x84\xbf\xe6\x98\xaf\xe4\xbb\x80\xe4\xb9\x88\xe4\xbd\x93\xe9\xaa\x8c\xef\xbc\x9f\xe6\x8d\xa2\xe4\xb8\xaa\xe5\xb0\xbf\xe5\xb8\x83\xe9\x83\xbd\xe5\xbf\x83\xe5\x8a\x9b\xe6\x86\x94\xe6\x82\xb4',
 'TitleUrl': u'http://www.toutiao.com/group/6352420795259552258/'}
2016-11-15 00:49:44 [scrapy] DEBUG: Scraped from <200 http://www.toutiao.com/api/article/feed/?category=news_baby&utm_source=toutiao&widen=0&max_behot_time=0&max_behot_time_tmp=0&as=A135B8B16A0CF6F&cp=581AACBF560FEE1>
{'Title': '\xe5\xbd\x93\xe5\xa6\x88\xe7\x9a\x84\xe8\xa6\x81\xe7\x95\x99\xe7\xa5\x9e\xe4\xba\x86\xef\xbc\x81\xe5\xb0\x8f\xe5\xbf\x83\xe8\xba\xab\xe8\xbe\xb9\xe7\x9a\x84\xe4\xb8\x8d\xe5\xbd\x93\xe9\xbc\x93\xe5\x8a\xb1\xe6\x88\x90\xe7\x98\xbe\xef\xbc\x8c\xe6\x89\xad\xe6\x9b\xb2\xe5\xad\xa9\xe5\xad\x90\xe4\xbb\xb7\xe5\x80\xbc\xe8\xa7\x82',
 'TitleUrl': u'http://www.toutiao.com/group/6352819831305421057/'}
2016-11-15 00:49:44 [scrapy] DEBUG: Scraped from <200 http://www.toutiao.com/api/article/feed/?category=news_baby&utm_source=toutiao&widen=0&max_behot_time=0&max_behot_time_tmp=0&as=A135B8B16A0CF6F&cp=581AACBF560FEE1>
{'Title': '\xe5\x93\x84\xe5\xad\xa9\xe5\xad\x90\xe7\x9d\xa1\xe8\xa7\x89\xef\xbc\x8c\xe6\x80\x8e\xe4\xb9\x88\xe6\x9c\x80\xe6\x9c\x89\xe6\x95\x88\xef\xbc\x9f',
 'TitleUrl': u'http://www.toutiao.com/group/6351632824390385922/'}
2016-11-15 00:49:44 [scrapy] DEBUG: Scraped from <200 http://www.toutiao.com/api/article/feed/?category=news_baby&utm_source=toutiao&widen=0&max_behot_time=0&max_behot_time_tmp=0&as=A135B8B16A0CF6F&cp=581AACBF560FEE1>
{'Title': '\xe4\xba\xa7\xe5\x90\x8e\xe5\xa1\x91\xe8\xba\xab\xe8\xa1\xa3\xe6\xad\xa3\xe7\xa1\xae\xe9\x80\x89\xe6\x8b\xa9\xef\xbc\x81\xe9\x80\x89\xe5\xaf\xb9\xe4\xb8\x8d\xe6\xb5\xaa\xe8\xb4\xb9\xe9\x92\xb1\xef\xbc\x81',
 'TitleUrl': u'http://www.toutiao.com/group/6352686612585758978/'}
2016-11-15 00:49:44 [scrapy] DEBUG: Scraped from <200 http://www.toutiao.com/api/article/feed/?category=news_baby&utm_source=toutiao&widen=0&max_behot_time=0&max_behot_time_tmp=0&as=A135B8B16A0CF6F&cp=581AACBF560FEE1>
{'Title': '\xe7\x9c\x8b\xe4\xb8\x80\xe6\xac\xa1\xe5\x93\xad\xe4\xb8\x80\xe6\xac\xa1\xe7\x9a\x84\xe7\xbb\x98\xe6\x9c\xac\xef\xbc\x9a\xe6\x88\x91\xe5\x86\x8d\xe4\xb9\x9f\xe4\xb8\x8d\xe5\x81\x9a\xe5\xa4\xa7\xe5\x90\xbc\xe5\xa4\xa7\xe5\x8f\xab\xe7\x9a\x84\xe5\xa6\x88\xe5\xa6\x88\xe4\xba\x86',
 'TitleUrl': u'http://www.toutiao.com/group/6352641245986980097/'}
2016-11-15 00:49:44 [scrapy] DEBUG: Scraped from <200 http://www.toutiao.com/api/article/feed/?category=news_baby&utm_source=toutiao&widen=0&max_behot_time=0&max_behot_time_tmp=0&as=A135B8B16A0CF6F&cp=581AACBF560FEE1>
{'Title': '\xe6\x80\x80\xe5\xad\x95\xe6\x9c\x9f\xe9\x97\xb4\xe5\xa6\x88\xe5\xa6\x88\xe5\xa4\x9a\xe5\x90\x83\xe8\xbf\x99\xe4\xba\x9b\xef\xbc\x8c\xe8\xae\xa9\xe5\xae\x9d\xe5\xae\x9d\xe6\x9c\x89\xe5\x8f\x8c\xe6\x98\x8e\xe4\xba\xae\xe6\xbc\x82\xe4\xba\xae\xe7\x9a\x84\xe5\xa4\xa7\xe7\x9c\xbc\xe7\x9d\x9b',
 'TitleUrl': u'http://www.toutiao.com/group/6350840684291539201/'}
2016-11-15 00:49:44 [scrapy] DEBUG: Scraped from <200 http://www.toutiao.com/api/article/feed/?category=news_baby&utm_source=toutiao&widen=0&max_behot_time=0&max_behot_time_tmp=0&as=A135B8B16A0CF6F&cp=581AACBF560FEE1>
{'Title': '\xe8\xa6\x81\xe4\xb8\x8d\xe8\xa6\x81\xe9\x98\xbb\xe6\xad\xa2\xe5\xad\xa9\xe5\xad\x90\xe7\x8e\xa9ipad\xef\xbc\x9f\xe8\xbf\x99\xe6\x98\xaf\xe6\x88\x91\xe8\xa7\x81\xe8\xbf\x87\xe6\x9c\x80\xe5\xa5\xbd\xe7\x9a\x84\xe5\x9b\x9e\xe7\xad\x94',
 'TitleUrl': u'http://www.toutiao.com/group/6352815904095092994/'}
2016-11-15 00:49:44 [scrapy] DEBUG: Scraped from <200 http://www.toutiao.com/api/article/feed/?category=news_baby&utm_source=toutiao&widen=0&max_behot_time=0&max_behot_time_tmp=0&as=A135B8B16A0CF6F&cp=581AACBF560FEE1>
{'Title': '\xe8\xa6\x81\xe4\xb8\x8d\xe8\xa6\x81\xe9\x98\xbb\xe6\xad\xa2\xe5\xad\xa9\xe5\xad\x90\xe7\x8e\xa9ipad\xef\xbc\x9f\xe8\xbf\x99\xe6\x98\xaf\xe6\x88\x91\xe8\xa7\x81\xe8\xbf\x87\xe6\x9c\x80\xe5\xa5\xbd\xe7\x9a\x84\xe5\x9b\x9e\xe7\xad\x94',
 'TitleUrl': u'http://www.toutiao.com/group/6352963809900019969/?_as_1479170982'}
2016-11-15 00:49:44 [toutiao] INFO: now entring download midware
2016-11-15 00:49:44 [toutiao] INFO: User-Agent is: hl_ftien_spider_v1.1 <GET http://www.toutiao.com/api/article/feed/?category=news_baby&utm_source=toutiao&widen=0&max_behot_time=0&max_behot_time_tmp=1479125861&as=A16538313A8D839&cp=581A7DF853099E1>
2016-11-15 00:49:44 [scrapy] DEBUG: Crawled (200) <GET http://www.toutiao.com/api/article/feed/?category=news_baby&utm_source=toutiao&widen=0&max_behot_time=0&max_behot_time_tmp=1479125861&as=A16538313A8D839&cp=581A7DF853099E1> (referer: http://www.toutiao.com/api/article/feed/?category=news_baby&utm_source=toutiao&widen=0&max_behot_time=0&max_behot_time_tmp=0&as=A135B8B16A0CF6F&cp=581AACBF560FEE1)
2016-11-15 00:49:44 [toutiao] DEBUG: Fetch toutiao homepage page: http://www.toutiao.com/api/article/feed/?category=news_baby&utm_source=toutiao&widen=0&max_behot_time=0&max_behot_time_tmp=1479125861&as=A16538313A8D839&cp=581A7DF853099E1
2016-11-15 00:49:44 [scrapy] DEBUG: Scraped from <200 http://www.toutiao.com/api/article/feed/?category=news_baby&utm_source=toutiao&widen=0&max_behot_time=0&max_behot_time_tmp=1479125861&as=A16538313A8D839&cp=581A7DF853099E1>
{'Title': '\xe8\xbf\x99\xe4\xba\x9b\xe8\xa1\x8c\xe4\xb8\xba\xe6\x98\xaf\xe5\x9c\xa8\xe5\x8f\x98\xe7\x9b\xb8\xe8\x99\x90\xe5\xbe\x85\xe5\xae\x9d\xe5\xae\x9d\xef\xbc\x8c\xe4\xb8\x8d\xe8\xa6\x81\xe5\x81\x9a\xe4\xba\x86',
 'TitleUrl': u'http://www.toutiao.com/group/6350846557310664962/'}
2016-11-15 00:49:44 [scrapy] DEBUG: Scraped from <200 http://www.toutiao.com/api/article/feed/?category=news_baby&utm_source=toutiao&widen=0&max_behot_time=0&max_behot_time_tmp=1479125861&as=A16538313A8D839&cp=581A7DF853099E1>
{'Title': '\xe6\x88\x91\xe5\x9c\xa8\xe7\xbe\x8e\xe5\x9b\xbd\xe7\x94\x9f\xe5\xad\xa9\xe5\xad\x90\xe7\x9a\x84\xe5\xa5\x87\xe8\x91\xa9\xe7\xbb\x8f\xe5\x8e\x86\xef\xbc\x8c\xe4\xb8\xad\xe5\x9b\xbd\xe5\xa6\x88\xe5\xa6\x88\xe5\xae\x8c\xe5\x85\xa8\xe4\xb8\x8d\xe8\x83\xbd\xe7\x90\x86\xe8\xa7\xa3\xef\xbc\x81',
 'TitleUrl': u'http://www.toutiao.com/group/6352706632921383170/'}
2016-11-15 00:49:44 [scrapy] DEBUG: Scraped from <200 http://www.toutiao.com/api/article/feed/?category=news_baby&utm_source=toutiao&widen=0&max_behot_time=0&max_behot_time_tmp=1479125861&as=A16538313A8D839&cp=581A7DF853099E1>
{'Title': '\xe6\x91\x98\xe4\xba\x86\xe8\x85\xba\xe6\xa0\xb7\xe4\xbd\x93\xe5\xad\xa9\xe5\xad\x90\xe5\x91\xbc\xe5\x90\xb8\xe5\xb0\xb1\xe9\xa1\xba\xe7\x95\x85\xe5\x90\x97\xef\xbc\x9f',
 'TitleUrl': u'http://www.toutiao.com/group/6352657270644359425/'}
2016-11-15 00:49:44 [scrapy] DEBUG: Scraped from <200 http://www.toutiao.com/api/article/feed/?category=news_baby&utm_source=toutiao&widen=0&max_behot_time=0&max_behot_time_tmp=1479125861&as=A16538313A8D839&cp=581A7DF853099E1>
{'Title': '\xe6\x9c\x89\xe8\xbf\x99\xe6\xa0\xb7\xe7\x94\x9f\xe6\xb4\xbb\xe4\xb9\xa0\xe6\x83\xaf\xe7\x9a\x84\xe5\xa4\xab\xe5\xa6\xbb  \xe6\x9c\x80\xe5\xae\xb9\xe6\x98\x93\xe7\x94\x9f\xe7\x94\xb7\xe5\xad\xa9',
 'TitleUrl': u'http://www.toutiao.com/group/6352636687667036417/'}
2016-11-15 00:49:44 [scrapy] DEBUG: Scraped from <200 http://www.toutiao.com/api/article/feed/?category=news_baby&utm_source=toutiao&widen=0&max_behot_time=0&max_behot_time_tmp=1479125861&as=A16538313A8D839&cp=581A7DF853099E1>
{'Title': '\xe6\x9c\x89\xe8\xbf\x99\xe6\xa0\xb7\xe7\x94\x9f\xe6\xb4\xbb\xe4\xb9\xa0\xe6\x83\xaf\xe7\x9a\x84\xe5\xa4\xab\xe5\xa6\xbb  \xe6\x9c\x80\xe5\xae\xb9\xe6\x98\x93\xe7\x94\x9f\xe7\x94\xb7\xe5\xad\xa9',
 'TitleUrl': u'http://www.toutiao.com/group/6352964083185647873/?_as_1479170983'}
2016-11-15 00:49:44 [toutiao] INFO: now entring download midware
2016-11-15 00:49:44 [toutiao] INFO: User-Agent is: Speedy Spider (Entireweb; Beta/1.3; http://www.entireweb.com/about/search_tech/speedyspider/) <GET http://www.toutiao.com/api/article/feed/?category=news_baby&utm_source=toutiao&widen=0&max_behot_time=0&max_behot_time_tmp=1479149925&as=A16538313A8D839&cp=581A7DF853099E1>
2016-11-15 00:49:45 [scrapy] DEBUG: Crawled (200) <GET http://www.toutiao.com/api/article/feed/?category=news_baby&utm_source=toutiao&widen=0&max_behot_time=0&max_behot_time_tmp=1479149925&as=A16538313A8D839&cp=581A7DF853099E1> (referer: http://www.toutiao.com/api/article/feed/?category=news_baby&utm_source=toutiao&widen=0&max_behot_time=0&max_behot_time_tmp=1479125861&as=A16538313A8D839&cp=581A7DF853099E1)
2016-11-15 00:49:45 [toutiao] DEBUG: Fetch toutiao homepage page: http://www.toutiao.com/api/article/feed/?category=news_baby&utm_source=toutiao&widen=0&max_behot_time=0&max_behot_time_tmp=1479149925&as=A16538313A8D839&cp=581A7DF853099E1
2016-11-15 00:49:45 [scrapy] DEBUG: Scraped from <200 http://www.toutiao.com/api/article/feed/?category=news_baby&utm_source=toutiao&widen=0&max_behot_time=0&max_behot_time_tmp=1479149925&as=A16538313A8D839&cp=581A7DF853099E1>
{'Title': '\xe5\xa5\xb3\xe5\xad\x90\xe4\xb8\x80\xe5\xb9\xb4\xe5\x89\x96\xe4\xb8\xa4\xe4\xb8\xaa\xe5\xad\xa9\xe5\xad\x90\xe5\x8c\xbb\xe7\x94\x9f\xe6\x84\xa4\xe6\x80\x92\xef\xbc\x8c\xe5\x90\xac\xe5\x8e\x9f\xe5\x9b\xa0\xe8\xae\xa9\xe4\xba\xba\xe5\x90\x8c\xe6\x83\x85\xe4\xb8\x8d\xe8\xb5\xb7\xe6\x9d\xa5',
 'TitleUrl': u'http://www.toutiao.com/group/6352675487613337858/'}
2016-11-15 00:49:45 [scrapy] DEBUG: Scraped from <200 http://www.toutiao.com/api/article/feed/?category=news_baby&utm_source=toutiao&widen=0&max_behot_time=0&max_behot_time_tmp=1479149925&as=A16538313A8D839&cp=581A7DF853099E1>
{'Title': '\xe9\x95\xbf\xe7\x82\xb9\xe5\xbf\x83\xef\xbc\x8c\xe7\x89\x99\xe9\xbd\xbf\xe9\x95\xbf\xe8\xbf\x99\xe6\xa0\xb7\xef\xbc\x8c\xe5\xa6\x88\xe5\xa6\x88\xe4\xbb\xac\xe5\x8d\x83\xe4\xb8\x87\xe8\xa6\x81\xe5\xb0\x8f\xe5\xbf\x83\xef\xbc\x8c\xe8\xbf\x99\xe4\xba\x9b\xe9\x83\xbd\xe6\x98\xaf\xe5\xbc\x82\xe5\xb8\xb8\xef\xbc\x81',
 'TitleUrl': u'http://www.toutiao.com/group/6351764793737117953/'}
2016-11-15 00:49:45 [scrapy] DEBUG: Scraped from <200 http://www.toutiao.com/api/article/feed/?category=news_baby&utm_source=toutiao&widen=0&max_behot_time=0&max_behot_time_tmp=1479149925&as=A16538313A8D839&cp=581A7DF853099E1>
{'Title': '\xe8\xbf\x99\xe4\xb9\x88\xe5\xb8\xa6\xe5\xa8\x83\xe4\xb8\x80\xe8\xbe\x88\xe5\xad\x90\xe5\xb0\xb1\xe6\xaf\x81\xe4\xba\x86\xef\xbc\x81\xe7\x9c\x8b\xe7\x9c\x8b\xe4\xbd\xa0\xe5\xae\xb6\xe6\x98\xaf\xe5\x90\xa6\xe4\xb9\x9f\xe8\xbf\x99\xe6\xa0\xb7',
 'TitleUrl': u'http://www.toutiao.com/group/6351177532783460866/'}
2016-11-15 00:49:45 [scrapy] DEBUG: Scraped from <200 http://www.toutiao.com/api/article/feed/?category=news_baby&utm_source=toutiao&widen=0&max_behot_time=0&max_behot_time_tmp=1479149925&as=A16538313A8D839&cp=581A7DF853099E1>
{'Title': '\xe7\xa6\x85\xe5\xb8\x88\xe4\xbc\xa0\xe9\x92\x88\xe9\x81\x93\xe4\xba\x8c\xe7\xa9\xb4:\xe5\x86\x85\xe5\x85\xb3 \xe8\xb6\xb3\xe4\xb8\x89\xe9\x87\x8c',
 'TitleUrl': u'http://www.toutiao.com/group/6352667946964271361/'}
2016-11-15 00:49:45 [scrapy] DEBUG: Scraped from <200 http://www.toutiao.com/api/article/feed/?category=news_baby&utm_source=toutiao&widen=0&max_behot_time=0&max_behot_time_tmp=1479149925&as=A16538313A8D839&cp=581A7DF853099E1>
{'Title': '\xe5\x81\x9a\xe5\xae\xb6\xe5\x8a\xa1\xe5\x92\x8c\xe4\xb8\x8d\xe5\x81\x9a\xe5\xae\xb6\xe5\x8a\xa1\xe7\x9a\x84\xe5\xad\xa9\xe5\xad\x90\xef\xbc\x8c\xe5\xb7\xae\xe7\x9a\x84\xe4\xb8\x8d\xe5\x8f\xaa\xe6\x98\xaf\xe6\x9c\xaa\xe6\x9d\xa5\xef\xbc\x81',
 'TitleUrl': u'http://www.toutiao.com/group/6352604238471758337/'}
2016-11-15 00:49:45 [scrapy] DEBUG: Scraped from <200 http://www.toutiao.com/api/article/feed/?category=news_baby&utm_source=toutiao&widen=0&max_behot_time=0&max_behot_time_tmp=1479149925&as=A16538313A8D839&cp=581A7DF853099E1>
{'Title': '\xe5\xa4\x87\xe5\xad\x95\xef\xbc\x8c\xe8\xbf\x993\xe4\xbb\xb6\xe4\xba\x8b\xe6\x9c\x80\xe5\xbf\x8c\xe8\xae\xb3',
 'TitleUrl': u'http://www.toutiao.com/group/6352653624804278530/'}
2016-11-15 00:49:45 [scrapy] DEBUG: Scraped from <200 http://www.toutiao.com/api/article/feed/?category=news_baby&utm_source=toutiao&widen=0&max_behot_time=0&max_behot_time_tmp=1479149925&as=A16538313A8D839&cp=581A7DF853099E1>
{'Title': '\xe8\x82\xb2\xe5\x84\xbf\xe7\x9b\x98\xe7\x82\xb9\xe4\xb8\xa8\xe6\x88\x91\xe4\xb8\xba\xe4\xbb\x80\xe4\xb9\x88\xe4\xbc\x9a\xe9\x80\x89\xe8\xbf\x99\xe5\x87\xa0\xe6\xac\xbe\xe5\xa5\xb6\xe7\x93\xb6\xe6\x8e\xa8\xe8\x8d\x90\xe7\xbb\x99\xe4\xbd\xa0\xef\xbc\x9f',
 'TitleUrl': u'http://www.toutiao.com/group/6352715932313780481/'}
2016-11-15 00:49:45 [scrapy] DEBUG: Scraped from <200 http://www.toutiao.com/api/article/feed/?category=news_baby&utm_source=toutiao&widen=0&max_behot_time=0&max_behot_time_tmp=1479149925&as=A16538313A8D839&cp=581A7DF853099E1>
{'Title': '\xe5\xae\x9d\xe5\xae\x9d\xe4\xb8\xba\xe4\xbb\x80\xe4\xb9\x88\xe4\xbc\x9a\xe5\xbe\x97\xe6\xb9\xbf\xe7\x96\xb9\xef\xbc\x9f\xe6\x9c\x89\xe4\xba\x86\xe6\xb9\xbf\xe7\x96\xb9\xe5\xba\x94\xe8\xaf\xa5\xe5\x90\x83\xe4\xbb\x80\xe4\xb9\x88\xef\xbc\x9f\xe7\x9f\xa5\xe9\x81\x93\xe8\xbf\x99\xe4\xba\x9b\xe5\xb0\xb1\xe5\xa4\x9f\xe4\xba\x86!',
 'TitleUrl': u'http://www.toutiao.com/group/6352634623771623681/'}
2016-11-15 00:49:45 [scrapy] DEBUG: Scraped from <200 http://www.toutiao.com/api/article/feed/?category=news_baby&utm_source=toutiao&widen=0&max_behot_time=0&max_behot_time_tmp=1479149925&as=A16538313A8D839&cp=581A7DF853099E1>
{'Title': '\xe8\xbf\x99\xe4\xba\x9b\xe8\xa1\x8c\xe4\xb8\xba\xe6\x98\xaf\xe5\x9c\xa8\xe5\x8f\x98\xe7\x9b\xb8\xe8\x99\x90\xe5\xbe\x85\xe5\xae\x9d\xe5\xae\x9d\xef\xbc\x8c\xe4\xb8\x8d\xe8\xa6\x81\xe5\x81\x9a\xe4\xba\x86',
 'TitleUrl': u'http://www.toutiao.com/group/6350846557310664962/'}
2016-11-15 00:49:45 [scrapy] DEBUG: Scraped from <200 http://www.toutiao.com/api/article/feed/?category=news_baby&utm_source=toutiao&widen=0&max_behot_time=0&max_behot_time_tmp=1479149925&as=A16538313A8D839&cp=581A7DF853099E1>
{'Title': '\xe6\x88\x91\xe5\x9c\xa8\xe7\xbe\x8e\xe5\x9b\xbd\xe7\x94\x9f\xe5\xad\xa9\xe5\xad\x90\xe7\x9a\x84\xe5\xa5\x87\xe8\x91\xa9\xe7\xbb\x8f\xe5\x8e\x86\xef\xbc\x8c\xe4\xb8\xad\xe5\x9b\xbd\xe5\xa6\x88\xe5\xa6\x88\xe5\xae\x8c\xe5\x85\xa8\xe4\xb8\x8d\xe8\x83\xbd\xe7\x90\x86\xe8\xa7\xa3\xef\xbc\x81',
 'TitleUrl': u'http://www.toutiao.com/group/6352706632921383170/'}
2016-11-15 00:49:45 [scrapy] DEBUG: Scraped from <200 http://www.toutiao.com/api/article/feed/?category=news_baby&utm_source=toutiao&widen=0&max_behot_time=0&max_behot_time_tmp=1479149925&as=A16538313A8D839&cp=581A7DF853099E1>
{'Title': '\xe6\x91\x98\xe4\xba\x86\xe8\x85\xba\xe6\xa0\xb7\xe4\xbd\x93\xe5\xad\xa9\xe5\xad\x90\xe5\x91\xbc\xe5\x90\xb8\xe5\xb0\xb1\xe9\xa1\xba\xe7\x95\x85\xe5\x90\x97\xef\xbc\x9f',
 'TitleUrl': u'http://www.toutiao.com/group/6352657270644359425/'}
2016-11-15 00:49:45 [scrapy] DEBUG: Scraped from <200 http://www.toutiao.com/api/article/feed/?category=news_baby&utm_source=toutiao&widen=0&max_behot_time=0&max_behot_time_tmp=1479149925&as=A16538313A8D839&cp=581A7DF853099E1>
{'Title': '\xe5\x9c\xa8\xe5\x8c\x97\xe4\xba\xac\xe5\x9c\xb0\xe9\x93\x81\xe4\xb8\x8a\xe9\x81\x87\xe5\x88\xb0\xe8\xbf\x99\xe6\xa0\xb7\xe7\x9a\x84\xe4\xb8\xa4\xe4\xbd\x8d\xe5\xa6\x88\xe5\xa6\x88\xef\xbc\x8c\xe7\x9c\x9f\xe4\xb8\xba\xe4\xbb\x96\xe4\xbb\xac\xe7\x9a\x84\xe5\xad\xa9\xe5\xad\x90\xe6\x84\x9f\xe5\x88\xb0\xe6\x82\xb2\xe5\x93\x80',
 'TitleUrl': u'http://www.toutiao.com/group/6352844492668027137/'}
2016-11-15 00:49:45 [scrapy] DEBUG: Scraped from <200 http://www.toutiao.com/api/article/feed/?category=news_baby&utm_source=toutiao&widen=0&max_behot_time=0&max_behot_time_tmp=1479149925&as=A16538313A8D839&cp=581A7DF853099E1>
{'Title': '\xe8\xb5\xb7\xe5\x90\x8d\xe5\xa4\xa7\xe5\xb8\x88\xe6\x9c\x80\xe5\xbf\x8c\xe8\xae\xb3\xe7\x9a\x84\xe5\x85\xab\xe7\xb1\xbb\xe5\x90\x8d\xe5\xad\x97\xef\xbc\x8c\xe7\xbb\x99\xe5\xae\x9d\xe5\xae\x9d\xe8\xb5\xb7\xe5\x90\x8d\xe5\x8d\x83\xe4\xb8\x87\xe4\xb8\x8d\xe8\xa6\x81\xe7\x94\xa8\xef\xbc\x81',
 'TitleUrl': u'http://www.toutiao.com/group/6352379718569836802/'}
2016-11-15 00:49:45 [scrapy] DEBUG: Scraped from <200 http://www.toutiao.com/api/article/feed/?category=news_baby&utm_source=toutiao&widen=0&max_behot_time=0&max_behot_time_tmp=1479149925&as=A16538313A8D839&cp=581A7DF853099E1>
{'Title': '\xe6\x88\x91\xe6\x98\xaf\xe5\xad\xa9\xe5\xad\x90\xe7\x9a\x84\xe4\xba\xb2\xe5\xa6\x88\xef\xbc\x8c\xe8\xaf\xb7\xe4\xb8\x8d\xe8\xa6\x81\xe6\x8a\x8a\xe6\x88\x91\xe5\xbd\x93\xe6\x88\x90\xe5\xad\xa9\xe5\xad\x90\xe7\x9a\x84\xe5\xa5\xb6\xe5\xa6\x88\xef\xbc\x81',
 'TitleUrl': u'http://www.toutiao.com/group/6352729776084009217/'}
2016-11-15 00:49:45 [scrapy] DEBUG: Scraped from <200 http://www.toutiao.com/api/article/feed/?category=news_baby&utm_source=toutiao&widen=0&max_behot_time=0&max_behot_time_tmp=1479149925&as=A16538313A8D839&cp=581A7DF853099E1>
{'Title': '\xe6\x9c\x89\xe8\xbf\x99\xe6\xa0\xb7\xe7\x94\x9f\xe6\xb4\xbb\xe4\xb9\xa0\xe6\x83\xaf\xe7\x9a\x84\xe5\xa4\xab\xe5\xa6\xbb  \xe6\x9c\x80\xe5\xae\xb9\xe6\x98\x93\xe7\x94\x9f\xe7\x94\xb7\xe5\xad\xa9',
 'TitleUrl': u'http://www.toutiao.com/group/6352636687667036417/'}
2016-11-15 00:49:45 [scrapy] DEBUG: Scraped from <200 http://www.toutiao.com/api/article/feed/?category=news_baby&utm_source=toutiao&widen=0&max_behot_time=0&max_behot_time_tmp=1479149925&as=A16538313A8D839&cp=581A7DF853099E1>
{'Title': '\xe6\x9c\x89\xe8\xbf\x99\xe6\xa0\xb7\xe7\x94\x9f\xe6\xb4\xbb\xe4\xb9\xa0\xe6\x83\xaf\xe7\x9a\x84\xe5\xa4\xab\xe5\xa6\xbb  \xe6\x9c\x80\xe5\xae\xb9\xe6\x98\x93\xe7\x94\x9f\xe7\x94\xb7\xe5\xad\xa9',
 'TitleUrl': u'http://www.toutiao.com/group/6352963809900200193/?_as_1479170983'}
2016-11-15 00:49:45 [toutiao] INFO: now entring download midware
2016-11-15 00:49:45 [toutiao] INFO: User-Agent is: iaskspider/2.0(+http://iask.com/help/help_index.html) <GET http://www.toutiao.com/api/article/feed/?category=news_baby&utm_source=toutiao&widen=0&max_behot_time=0&max_behot_time_tmp=1479158949&as=A16538313A8D839&cp=581A7DF853099E1>
2016-11-15 00:49:46 [scrapy] DEBUG: Crawled (200) <GET http://www.toutiao.com/api/article/feed/?category=news_baby&utm_source=toutiao&widen=0&max_behot_time=0&max_behot_time_tmp=1479158949&as=A16538313A8D839&cp=581A7DF853099E1> (referer: http://www.toutiao.com/api/article/feed/?category=news_baby&utm_source=toutiao&widen=0&max_behot_time=0&max_behot_time_tmp=1479149925&as=A16538313A8D839&cp=581A7DF853099E1)
2016-11-15 00:49:46 [toutiao] DEBUG: Fetch toutiao homepage page: http://www.toutiao.com/api/article/feed/?category=news_baby&utm_source=toutiao&widen=0&max_behot_time=0&max_behot_time_tmp=1479158949&as=A16538313A8D839&cp=581A7DF853099E1
2016-11-15 00:49:46 [scrapy] DEBUG: Scraped from <200 http://www.toutiao.com/api/article/feed/?category=news_baby&utm_source=toutiao&widen=0&max_behot_time=0&max_behot_time_tmp=1479158949&as=A16538313A8D839&cp=581A7DF853099E1>
{'Title': '\xe5\xae\x9d\xe5\xae\x9d\xe5\x90\x83\xe5\xa5\xb6\xe6\x97\xb6\xef\xbc\x8c\xe5\xa6\x88\xe5\xa6\x88\xe4\xbc\x9a\xe6\x9c\x89\xe4\xbb\x80\xe4\xb9\x88\xe6\x84\x9f\xe8\xa7\x89\xef\xbc\x9f\xe4\xbc\xa0\xe8\xa8\x80\xe6\x9c\x89\xe6\x80\xa7\xe5\xbf\xab\xe6\x84\x9f\xef\xbc\x8c\xe6\x98\xaf\xe7\x9c\x9f\xe6\x98\xaf\xe5\x81\x87\xef\xbc\x9f',
 'TitleUrl': u'http://www.toutiao.com/group/6350902489990136066/'}
2016-11-15 00:49:46 [scrapy] DEBUG: Scraped from <200 http://www.toutiao.com/api/article/feed/?category=news_baby&utm_source=toutiao&widen=0&max_behot_time=0&max_behot_time_tmp=1479158949&as=A16538313A8D839&cp=581A7DF853099E1>
{'Title': '\xe4\xb8\xa4\xe5\xb2\x81\xe5\xae\x9d\xe5\xae\x9d\xe7\xab\x9f\xe7\x84\xb6\xe5\xbe\x97\xe4\xba\x86\xe8\x82\xbe\xe7\xbb\x93\xe7\x9f\xb3\xef\xbc\x8c\xe5\x8e\x9f\xe5\x9b\xa0\xe5\x8d\xb4\xe8\xae\xa9\xe5\xbe\x88\xe5\xa4\x9a\xe5\xae\xb6\xe9\x95\xbf\xe8\xa7\x89\xe5\xbe\x97\xe8\x87\xaa\xe5\xb7\xb1\xe5\xa4\xb1\xe8\x81\x8c',
 'TitleUrl': u'http://www.toutiao.com/group/6352743619099312385/'}
2016-11-15 00:49:46 [scrapy] DEBUG: Scraped from <200 http://www.toutiao.com/api/article/feed/?category=news_baby&utm_source=toutiao&widen=0&max_behot_time=0&max_behot_time_tmp=1479158949&as=A16538313A8D839&cp=581A7DF853099E1>
{'Title': '\xe7\x9c\x8b\xe5\xae\x9d\xe5\xae\x9d\xe7\x9a\x84\xe7\x9d\xa1\xe5\xa7\xbf\xe5\xb0\xb1\xe8\x83\xbd\xe7\x9f\xa5\xe9\x81\x93\xe5\xad\xa9\xe5\xad\x90\xe7\x9a\x84\xe6\x80\xa7\xe6\xa0\xbc\xef\xbc\x81 \xe5\xbe\x88\xe5\x87\x86\xef\xbc\x8c\xe4\xbd\xa0\xe5\xae\xb6\xe5\xad\xa9\xe5\xad\x90\xe6\x98\xaf\xe6\x80\x8e\xe6\xa0\xb7\xe7\x9a\x84\xef\xbc\x9f',
 'TitleUrl': u'http://www.toutiao.com/group/6350818760078098690/'}
2016-11-15 00:49:46 [scrapy] DEBUG: Scraped from <200 http://www.toutiao.com/api/article/feed/?category=news_baby&utm_source=toutiao&widen=0&max_behot_time=0&max_behot_time_tmp=1479158949&as=A16538313A8D839&cp=581A7DF853099E1>
{'Title': '\xe8\x80\x81\xe7\x88\xb6\xe4\xba\xb2\xe5\x93\x84\xe4\xb8\x89\xe4\xb8\xaa\xe6\x9c\x88\xe5\xa5\xb3\xe5\x84\xbf\xe7\x9d\xa1\xe8\xa7\x89\xef\xbc\x8c\xe9\x85\x92\xe9\x86\x92\xe5\x90\x8e\xe7\x9c\x8b\xe5\x88\xb0\xe5\xad\xa9\xe5\xad\x90\xe8\xbf\x9e\xe6\x89\x87\xe8\x87\xaa\xe5\xb7\xb1\xe5\x98\xb4\xe5\xb7\xb4\xef\xbc\x81',
 'TitleUrl': u'http://www.toutiao.com/group/6350886706371428609/'}
2016-11-15 00:49:46 [scrapy] DEBUG: Scraped from <200 http://www.toutiao.com/api/article/feed/?category=news_baby&utm_source=toutiao&widen=0&max_behot_time=0&max_behot_time_tmp=1479158949&as=A16538313A8D839&cp=581A7DF853099E1>
{'Title': '\xe7\x94\x9f\xe4\xba\xa7\xe5\x89\x8d\xe4\xb8\x80\xe5\xa4\xa9\xe8\xbf\x98\xe5\x9c\xa8\xe4\xb8\x8a\xe7\x8f\xad\xef\xbc\x8c\xe7\x94\x9f\xe4\xb8\x8b\xe5\xad\xa9\xe5\xad\x90\xe5\x90\x8e\xe8\xbf\x9e\xe8\x87\xaa\xe5\xb7\xb1\xe9\x83\xbd\xe4\xb8\x8d\xe6\x95\xa2\xe7\x9b\xb8\xe4\xbf\xa1\xef\xbc\x81',
 'TitleUrl': u'http://www.toutiao.com/group/6352632792250401025/'}
2016-11-15 00:49:46 [scrapy] DEBUG: Scraped from <200 http://www.toutiao.com/api/article/feed/?category=news_baby&utm_source=toutiao&widen=0&max_behot_time=0&max_behot_time_tmp=1479158949&as=A16538313A8D839&cp=581A7DF853099E1>
{'Title': '\xe4\xba\xa7\xe5\xa6\x87\xe5\x88\x86\xe5\xa8\xa9\xe9\x82\xa3\xe4\xba\x9b\xe5\x90\x93\xe4\xba\xba\xe7\x9a\x84\xe7\x9e\xac\xe9\x97\xb4\xef\xbc\x81',
 'TitleUrl': u'http://www.toutiao.com/group/6325979284830306562/'}
2016-11-15 00:49:46 [scrapy] DEBUG: Scraped from <200 http://www.toutiao.com/api/article/feed/?category=news_baby&utm_source=toutiao&widen=0&max_behot_time=0&max_behot_time_tmp=1479158949&as=A16538313A8D839&cp=581A7DF853099E1>
{'Title': '\xe5\x88\xab\xe5\x86\x8d\xe7\xbb\x99\xe5\xad\xa9\xe5\xad\x90\xe4\xb9\xb0\xe8\xb6\x85\xe5\xb8\x82\xe8\xbf\x99\xe4\xba\x9b\xe7\x89\xb9\xe4\xbb\xb7\xe9\xa3\x9f\xe7\x89\xa9\xe4\xba\x86\xef\xbc\x8c\xe5\xae\xb9\xe6\x98\x93\xe6\x8d\x9f\xe5\xae\xb3\xe5\x81\xa5\xe5\xba\xb7\xef\xbc\x81',
 'TitleUrl': u'http://www.toutiao.com/group/6352712326873858306/'}
2016-11-15 00:49:46 [scrapy] DEBUG: Scraped from <200 http://www.toutiao.com/api/article/feed/?category=news_baby&utm_source=toutiao&widen=0&max_behot_time=0&max_behot_time_tmp=1479158949&as=A16538313A8D839&cp=581A7DF853099E1>
{'Title': '\xe8\x82\xb2\xe5\x84\xbf\xef\xbc\x9a\xe6\x80\x80\xe5\xad\x95\xe5\x90\x83\xe5\x86\xb0\xe6\xb7\x87\xe6\xb7\x8b\xe6\x9c\x89\xe4\xbb\x80\xe4\xb9\x88\xe5\x90\x8e\xe6\x9e\x9c\xef\xbc\x9f\xe7\x9c\x8b\xe7\x9c\x8b\xe9\x99\x88\xe5\xa6\x8d\xe5\xb8\x8c\xe5\xb0\xb1\xe7\x9f\xa5\xe9\x81\x93\xe4\xba\x86\xef\xbc\x81',
 'TitleUrl': u'http://www.toutiao.com/group/6352724425749643522/'}
2016-11-15 00:49:46 [scrapy] DEBUG: Scraped from <200 http://www.toutiao.com/api/article/feed/?category=news_baby&utm_source=toutiao&widen=0&max_behot_time=0&max_behot_time_tmp=1479158949&as=A16538313A8D839&cp=581A7DF853099E1>
{'Title': '\xe5\xa5\xb3\xe5\xad\x90\xe4\xb8\x80\xe5\xb9\xb4\xe5\x89\x96\xe4\xb8\xa4\xe4\xb8\xaa\xe5\xad\xa9\xe5\xad\x90\xe5\x8c\xbb\xe7\x94\x9f\xe6\x84\xa4\xe6\x80\x92\xef\xbc\x8c\xe5\x90\xac\xe5\x8e\x9f\xe5\x9b\xa0\xe8\xae\xa9\xe4\xba\xba\xe5\x90\x8c\xe6\x83\x85\xe4\xb8\x8d\xe8\xb5\xb7\xe6\x9d\xa5',
 'TitleUrl': u'http://www.toutiao.com/group/6352675487613337858/'}
2016-11-15 00:49:46 [scrapy] DEBUG: Scraped from <200 http://www.toutiao.com/api/article/feed/?category=news_baby&utm_source=toutiao&widen=0&max_behot_time=0&max_behot_time_tmp=1479158949&as=A16538313A8D839&cp=581A7DF853099E1>
{'Title': '\xe9\x95\xbf\xe7\x82\xb9\xe5\xbf\x83\xef\xbc\x8c\xe7\x89\x99\xe9\xbd\xbf\xe9\x95\xbf\xe8\xbf\x99\xe6\xa0\xb7\xef\xbc\x8c\xe5\xa6\x88\xe5\xa6\x88\xe4\xbb\xac\xe5\x8d\x83\xe4\xb8\x87\xe8\xa6\x81\xe5\xb0\x8f\xe5\xbf\x83\xef\xbc\x8c\xe8\xbf\x99\xe4\xba\x9b\xe9\x83\xbd\xe6\x98\xaf\xe5\xbc\x82\xe5\xb8\xb8\xef\xbc\x81',
 'TitleUrl': u'http://www.toutiao.com/group/6351764793737117953/'}
2016-11-15 00:49:46 [scrapy] DEBUG: Scraped from <200 http://www.toutiao.com/api/article/feed/?category=news_baby&utm_source=toutiao&widen=0&max_behot_time=0&max_behot_time_tmp=1479158949&as=A16538313A8D839&cp=581A7DF853099E1>
{'Title': '\xe5\x81\x9a\xe5\xae\xb6\xe5\x8a\xa1\xe5\x92\x8c\xe4\xb8\x8d\xe5\x81\x9a\xe5\xae\xb6\xe5\x8a\xa1\xe7\x9a\x84\xe5\xad\xa9\xe5\xad\x90\xef\xbc\x8c\xe5\xb7\xae\xe7\x9a\x84\xe4\xb8\x8d\xe5\x8f\xaa\xe6\x98\xaf\xe6\x9c\xaa\xe6\x9d\xa5\xef\xbc\x81',
 'TitleUrl': u'http://www.toutiao.com/group/6352604238471758337/'}
2016-11-15 00:49:46 [scrapy] DEBUG: Scraped from <200 http://www.toutiao.com/api/article/feed/?category=news_baby&utm_source=toutiao&widen=0&max_behot_time=0&max_behot_time_tmp=1479158949&as=A16538313A8D839&cp=581A7DF853099E1>
{'Title': '\xe8\x82\xb2\xe5\x84\xbf\xe7\x9b\x98\xe7\x82\xb9\xe4\xb8\xa8\xe6\x88\x91\xe4\xb8\xba\xe4\xbb\x80\xe4\xb9\x88\xe4\xbc\x9a\xe9\x80\x89\xe8\xbf\x99\xe5\x87\xa0\xe6\xac\xbe\xe5\xa5\xb6\xe7\x93\xb6\xe6\x8e\xa8\xe8\x8d\x90\xe7\xbb\x99\xe4\xbd\xa0\xef\xbc\x9f',
 'TitleUrl': u'http://www.toutiao.com/group/6352715932313780481/'}
2016-11-15 00:49:46 [scrapy] DEBUG: Scraped from <200 http://www.toutiao.com/api/article/feed/?category=news_baby&utm_source=toutiao&widen=0&max_behot_time=0&max_behot_time_tmp=1479158949&as=A16538313A8D839&cp=581A7DF853099E1>
{'Title': '\xe8\x82\xb2\xe5\x84\xbf\xe7\x9b\x98\xe7\x82\xb9\xe4\xb8\xa8\xe6\x88\x91\xe4\xb8\xba\xe4\xbb\x80\xe4\xb9\x88\xe4\xbc\x9a\xe9\x80\x89\xe8\xbf\x99\xe5\x87\xa0\xe6\xac\xbe\xe5\xa5\xb6\xe7\x93\xb6\xe6\x8e\xa8\xe8\x8d\x90\xe7\xbb\x99\xe4\xbd\xa0\xef\xbc\x9f',
 'TitleUrl': u'http://www.toutiao.com/group/6352963191736582401/?_as_1479170984'}
2016-11-15 00:49:46 [toutiao] INFO: now entring download midware
2016-11-15 00:49:46 [toutiao] INFO: User-Agent is: Speedy Spider (http://www.entireweb.com) <GET http://www.toutiao.com/api/article/feed/?category=news_baby&utm_source=toutiao&widen=0&max_behot_time=0&max_behot_time_tmp=1479170724&as=A16538313A8D839&cp=581A7DF853099E1>
2016-11-15 00:49:46 [scrapy] DEBUG: Crawled (200) <GET http://www.toutiao.com/api/article/feed/?category=news_baby&utm_source=toutiao&widen=0&max_behot_time=0&max_behot_time_tmp=1479170724&as=A16538313A8D839&cp=581A7DF853099E1> (referer: http://www.toutiao.com/api/article/feed/?category=news_baby&utm_source=toutiao&widen=0&max_behot_time=0&max_behot_time_tmp=1479158949&as=A16538313A8D839&cp=581A7DF853099E1)
2016-11-15 00:49:46 [toutiao] DEBUG: Fetch toutiao homepage page: http://www.toutiao.com/api/article/feed/?category=news_baby&utm_source=toutiao&widen=0&max_behot_time=0&max_behot_time_tmp=1479170724&as=A16538313A8D839&cp=581A7DF853099E1
2016-11-15 00:49:46 [scrapy] DEBUG: Scraped from <200 http://www.toutiao.com/api/article/feed/?category=news_baby&utm_source=toutiao&widen=0&max_behot_time=0&max_behot_time_tmp=1479170724&as=A16538313A8D839&cp=581A7DF853099E1>
{'Title': '\xe6\xb7\xbb\xe5\x8a\xa0\xe5\x89\x82\xe6\x9c\x80\xe5\xa4\x9a\xe9\x9b\xb6\xe9\xa3\x9f\xe6\x8e\x92\xe8\xa1\x8c\xe6\xa6\x9c\xef\xbc\x8c\xe7\xbb\x99\xe5\xad\xa9\xe5\xad\x90\xe5\x90\x83\xe8\xa6\x81\xe6\xb3\xa8\xe6\x84\x8f\xe5\x93\xa6\xef\xbc\x81',
 'TitleUrl': u'http://www.toutiao.com/group/6352678297146491394/'}
2016-11-15 00:49:46 [scrapy] DEBUG: Scraped from <200 http://www.toutiao.com/api/article/feed/?category=news_baby&utm_source=toutiao&widen=0&max_behot_time=0&max_behot_time_tmp=1479170724&as=A16538313A8D839&cp=581A7DF853099E1>
{'Title': '\xe6\x80\x80\xe5\xad\x9538\xe5\x91\xa8\xe8\x83\x8e\xe6\xad\xbb\xe8\x85\xb9\xe4\xb8\xad\xef\xbc\x8c\xe4\xb8\xad\xe9\x97\xb4\xe5\xad\xa9\xe5\xad\x90\xe5\x87\xba\xe7\x8e\xb0\xe4\xba\x86\xe6\xb1\x82\xe6\x95\x91\xe4\xbf\xa1\xe5\x8f\xb7\xe5\xa6\x88\xe5\xa6\x88\xe7\xab\x9f\xe7\x84\xb6\xe4\xb8\x8d\xe7\x9f\xa5\xe9\x81\x93',
 'TitleUrl': u'http://www.toutiao.com/group/6350909727481069825/'}
2016-11-15 00:49:46 [scrapy] DEBUG: Scraped from <200 http://www.toutiao.com/api/article/feed/?category=news_baby&utm_source=toutiao&widen=0&max_behot_time=0&max_behot_time_tmp=1479170724&as=A16538313A8D839&cp=581A7DF853099E1>
{'Title': '5\xe5\xb2\x81\xe5\xad\xa9\xe5\xad\x90\xe6\x80\xbb\xe6\x98\xaf\xe8\xaf\xb4\xe8\x82\x9a\xe5\xad\x90\xe7\x96\xbc\xef\xbc\x8c\xe7\xbb\x93\xe6\x9e\x9c\xe5\x8e\x9f\xe5\x9b\xa0\xe7\xa1\xae\xe5\xae\x9e\xe8\x82\x9a\xe5\xad\x90\xe9\x87\x8c\xe6\x9c\x89\xe4\xb8\x80\xe4\xb8\xaa\xe5\xad\xa9\xe5\xad\x90',
 'TitleUrl': u'http://www.toutiao.com/group/6350843745240105218/'}
2016-11-15 00:49:46 [scrapy] DEBUG: Scraped from <200 http://www.toutiao.com/api/article/feed/?category=news_baby&utm_source=toutiao&widen=0&max_behot_time=0&max_behot_time_tmp=1479170724&as=A16538313A8D839&cp=581A7DF853099E1>
{'Title': '\xe5\xae\x9d\xe5\xae\x9d\xe7\xa1\xac\xe7\x94\x9f\xe7\x94\x9f\xe8\xa2\xab\xe5\xa9\x86\xe5\xa9\x86\xe5\xb8\xa6\xe5\x9b\x9e\xe8\x80\x81\xe5\xae\xb6\xef\xbc\x8c\xe8\xaf\xb4\xe7\x9a\x84\xe8\xbf\x99\xe5\x8f\xa5\xe8\xaf\x9d\xef\xbc\x8c\xe8\xae\xa9\xe6\x88\x91\xe6\x83\xb3\xe6\x89\x87\xe5\xa5\xb9\xe5\x98\xb4\xe5\xb7\xb4',
 'TitleUrl': u'http://www.toutiao.com/group/6351001267712901377/'}
2016-11-15 00:49:46 [scrapy] DEBUG: Scraped from <200 http://www.toutiao.com/api/article/feed/?category=news_baby&utm_source=toutiao&widen=0&max_behot_time=0&max_behot_time_tmp=1479170724&as=A16538313A8D839&cp=581A7DF853099E1>
{'Title': '\xe5\x86\xac\xe5\xa4\xa9\xe5\xae\x9d\xe5\xae\x9d\xe7\xa9\xbf\xe8\xa1\xa3\xe2\x80\x9c\xe4\xb8\x89\xe6\x9a\x96\xe4\xba\x8c\xe5\x87\x89\xe2\x80\x9d\xe5\x8e\x9f\xe5\x88\x99',
 'TitleUrl': u'http://www.toutiao.com/group/6326000626111906050/'}
2016-11-15 00:49:46 [scrapy] DEBUG: Scraped from <200 http://www.toutiao.com/api/article/feed/?category=news_baby&utm_source=toutiao&widen=0&max_behot_time=0&max_behot_time_tmp=1479170724&as=A16538313A8D839&cp=581A7DF853099E1>
{'Title': '\xe5\xae\x9d\xe5\xae\x9d\xe7\x9d\xa1\xe8\xa7\x89 \xef\xbc\x8c\xe7\xbb\x9d\xe4\xb8\x8d\xe5\x8f\xaf\xe5\x81\x9a\xe8\xbf\x995\xe4\xbb\xb6\xe4\xba\x8b\xef\xbc\x8c\xe4\xb8\x8d\xe7\x84\xb6\xe5\x90\x8e\xe6\x82\x94\xe9\x83\xbd\xe6\x9d\xa5\xe4\xb8\x8d\xe5\x8f\x8a\xef\xbc\x81',
 'TitleUrl': u'http://www.toutiao.com/group/6350941826388312322/'}
2016-11-15 00:49:46 [scrapy] DEBUG: Scraped from <200 http://www.toutiao.com/api/article/feed/?category=news_baby&utm_source=toutiao&widen=0&max_behot_time=0&max_behot_time_tmp=1479170724&as=A16538313A8D839&cp=581A7DF853099E1>
{'Title': '\xe5\xae\x9d\xe5\xae\x9d\xe4\xb8\x80\xe8\xa7\x89\xe5\x88\xb0\xe5\xa4\xa9\xe4\xba\xae\xef\xbc\x9a\xe6\xb8\xa9\xe5\x92\x8c\xe7\x9a\x84\xe6\x88\x92\xe5\xa4\x9c\xe5\xa5\xb6\xe3\x80\x81\xe7\x9d\xa1\xe8\xbf\x87\xe5\xa4\x9c',
 'TitleUrl': u'http://www.toutiao.com/group/6350584096237961474/'}
2016-11-15 00:49:46 [scrapy] DEBUG: Scraped from <200 http://www.toutiao.com/api/article/feed/?category=news_baby&utm_source=toutiao&widen=0&max_behot_time=0&max_behot_time_tmp=1479170724&as=A16538313A8D839&cp=581A7DF853099E1>
{'Title': '\xe5\xad\xa9\xe5\xad\x90\xe8\x82\xba\xe5\xaf\x92\xe8\xbf\x98\xe6\x98\xaf\xe8\x82\xba\xe7\x83\xad\xef\xbc\x9f\xe7\x9c\x8b\xe7\x9c\x8b\xe6\x89\x8b\xe6\x8e\x8c\xe5\xa4\xa7\xe9\xb1\xbc\xe9\x99\x85\xe5\xb0\xb1\xe7\x9f\xa5\xe9\x81\x93\xe4\xba\x86\xef\xbc\x81',
 'TitleUrl': u'http://www.toutiao.com/group/6352755888021717250/'}
2016-11-15 00:49:46 [scrapy] DEBUG: Scraped from <200 http://www.toutiao.com/api/article/feed/?category=news_baby&utm_source=toutiao&widen=0&max_behot_time=0&max_behot_time_tmp=1479170724&as=A16538313A8D839&cp=581A7DF853099E1>
{'Title': '\xe7\x94\x9f\xe4\xba\xa7\xe5\x89\x8d\xe4\xb8\x80\xe5\xa4\xa9\xe8\xbf\x98\xe5\x9c\xa8\xe4\xb8\x8a\xe7\x8f\xad\xef\xbc\x8c\xe7\x94\x9f\xe4\xb8\x8b\xe5\xad\xa9\xe5\xad\x90\xe5\x90\x8e\xe8\xbf\x9e\xe8\x87\xaa\xe5\xb7\xb1\xe9\x83\xbd\xe4\xb8\x8d\xe6\x95\xa2\xe7\x9b\xb8\xe4\xbf\xa1\xef\xbc\x81',
 'TitleUrl': u'http://www.toutiao.com/group/6352632792250401025/'}
2016-11-15 00:49:46 [scrapy] DEBUG: Scraped from <200 http://www.toutiao.com/api/article/feed/?category=news_baby&utm_source=toutiao&widen=0&max_behot_time=0&max_behot_time_tmp=1479170724&as=A16538313A8D839&cp=581A7DF853099E1>
{'Title': '\xe5\x88\xab\xe5\x86\x8d\xe7\xbb\x99\xe5\xad\xa9\xe5\xad\x90\xe4\xb9\xb0\xe8\xb6\x85\xe5\xb8\x82\xe8\xbf\x99\xe4\xba\x9b\xe7\x89\xb9\xe4\xbb\xb7\xe9\xa3\x9f\xe7\x89\xa9\xe4\xba\x86\xef\xbc\x8c\xe5\xae\xb9\xe6\x98\x93\xe6\x8d\x9f\xe5\xae\xb3\xe5\x81\xa5\xe5\xba\xb7\xef\xbc\x81',
 'TitleUrl': u'http://www.toutiao.com/group/6352712326873858306/'}
2016-11-15 00:49:46 [scrapy] DEBUG: Scraped from <200 http://www.toutiao.com/api/article/feed/?category=news_baby&utm_source=toutiao&widen=0&max_behot_time=0&max_behot_time_tmp=1479170724&as=A16538313A8D839&cp=581A7DF853099E1>
{'Title': '\xe5\x88\xab\xe5\x86\x8d\xe7\xbb\x99\xe5\xad\xa9\xe5\xad\x90\xe4\xb9\xb0\xe8\xb6\x85\xe5\xb8\x82\xe8\xbf\x99\xe4\xba\x9b\xe7\x89\xb9\xe4\xbb\xb7\xe9\xa3\x9f\xe7\x89\xa9\xe4\xba\x86\xef\xbc\x8c\xe5\xae\xb9\xe6\x98\x93\xe6\x8d\x9f\xe5\xae\xb3\xe5\x81\xa5\xe5\xba\xb7\xef\xbc\x81',
 'TitleUrl': u'http://www.toutiao.com/group/6352963598985494785/?_as_1479170985'}
2016-11-15 00:49:46 [toutiao] INFO: now entring download midware
2016-11-15 00:49:46 [toutiao] INFO: User-Agent is: Speedy Spider (Entireweb; Beta/1.3; http://www.entireweb.com/about/search_tech/speedyspider/) <GET http://www.toutiao.com/api/article/feed/?category=news_baby&utm_source=toutiao&widen=0&max_behot_time=0&max_behot_time_tmp=1479170956&as=A16538313A8D839&cp=581A7DF853099E1>
2016-11-15 00:49:47 [scrapy] DEBUG: Crawled (200) <GET http://www.toutiao.com/api/article/feed/?category=news_baby&utm_source=toutiao&widen=0&max_behot_time=0&max_behot_time_tmp=1479170956&as=A16538313A8D839&cp=581A7DF853099E1> (referer: http://www.toutiao.com/api/article/feed/?category=news_baby&utm_source=toutiao&widen=0&max_behot_time=0&max_behot_time_tmp=1479170724&as=A16538313A8D839&cp=581A7DF853099E1)
2016-11-15 00:49:47 [toutiao] DEBUG: Fetch toutiao homepage page: http://www.toutiao.com/api/article/feed/?category=news_baby&utm_source=toutiao&widen=0&max_behot_time=0&max_behot_time_tmp=1479170956&as=A16538313A8D839&cp=581A7DF853099E1
2016-11-15 00:49:47 [scrapy] DEBUG: Scraped from <200 http://www.toutiao.com/api/article/feed/?category=news_baby&utm_source=toutiao&widen=0&max_behot_time=0&max_behot_time_tmp=1479170956&as=A16538313A8D839&cp=581A7DF853099E1>
{'Title': '\xe9\x94\x99\xe8\xbf\x87\xe5\xad\xa9\xe5\xad\x90\xe9\x98\x85\xe8\xaf\xbb\xe6\x95\x8f\xe6\x84\x9f\xe6\x9c\x9f\xef\xbc\x8c\xe5\x88\xab\xe6\x80\xaa\xe5\xad\xa9\xe5\xad\x90\xe4\xb8\x8d\xe7\x88\xb1\xe9\x98\x85\xe8\xaf\xbb',
 'TitleUrl': u'http://www.toutiao.com/group/6351954959219491073/'}
2016-11-15 00:49:47 [scrapy] DEBUG: Scraped from <200 http://www.toutiao.com/api/article/feed/?category=news_baby&utm_source=toutiao&widen=0&max_behot_time=0&max_behot_time_tmp=1479170956&as=A16538313A8D839&cp=581A7DF853099E1>
{'Title': '\xe5\xb0\x8f\xe4\xbb\x93\xe9\xbc\xa0\xe9\x99\xa9\xe6\x92\x91\xe7\xa0\xb4\xe8\x82\x9a\xe7\x9a\xae\xef\xbc\x8c\xe7\x94\x9f\xe5\x87\xba\xe5\x85\xab\xe5\x8f\xaa\xe4\xbb\x93\xe9\xbc\xa0\xe5\xae\x9d\xe5\xae\x9d',
 'TitleUrl': u'http://www.toutiao.com/group/6350984278864068866/'}
2016-11-15 00:49:47 [scrapy] DEBUG: Scraped from <200 http://www.toutiao.com/api/article/feed/?category=news_baby&utm_source=toutiao&widen=0&max_behot_time=0&max_behot_time_tmp=1479170956&as=A16538313A8D839&cp=581A7DF853099E1>
{'Title': '\xe9\x83\xbd\xe8\xaf\xb4\xe7\x8e\x8b\xe4\xbf\x8a\xe5\x87\xaf\xe7\x9a\x84\xe7\x89\x99\xe9\xbe\x88\xe6\xb2\xa1\xe6\x95\x91\xe4\xba\x86\xef\xbc\x8c\xe5\x8f\xaf\xe8\xbf\x99\xe6\xac\xa1\xe5\xa4\xa7\xe5\xae\xb6\xe7\x9a\x84\xe5\x85\xb3\xe6\xb3\xa8\xe7\x82\xb9\xe5\x8d\xb4\xe5\x9c\xa8\xe4\xbb\x96\xe7\x9a\x84\xe4\xb8\x8b\xe5\xb7\xb4\xe4\xb8\x8a',
 'TitleUrl': u'http://www.toutiao.com/group/6350915825998594305/'}
2016-11-15 00:49:47 [scrapy] DEBUG: Scraped from <200 http://www.toutiao.com/api/article/feed/?category=news_baby&utm_source=toutiao&widen=0&max_behot_time=0&max_behot_time_tmp=1479170956&as=A16538313A8D839&cp=581A7DF853099E1>
{'Title': '\xe6\x9c\x89\xe5\xa8\x83\xe5\x90\x8e\xef\xbc\x8c\xe5\xa5\xb3\xe4\xba\xba\xe8\xbf\x99\xe4\xba\x94\xe7\xa7\x8d\xe8\xa1\x8c\xe4\xb8\xba\xef\xbc\x8c\xe4\xbc\x9a\xe8\xae\xa9\xe8\x80\x81\xe5\x85\xac\xe7\xa6\xbb\xe4\xbd\xa0\xe8\xb6\x8a\xe6\x9d\xa5\xe8\xb6\x8a\xe8\xbf\x9c\xef\xbc\x81',
 'TitleUrl': u'http://www.toutiao.com/group/6351629001102622977/'}
2016-11-15 00:49:47 [scrapy] DEBUG: Scraped from <200 http://www.toutiao.com/api/article/feed/?category=news_baby&utm_source=toutiao&widen=0&max_behot_time=0&max_behot_time_tmp=1479170956&as=A16538313A8D839&cp=581A7DF853099E1>
{'Title': '\xe7\x88\xb6\xe6\xaf\x8d\xe8\xa6\x81\xe7\x89\xa2\xe8\xae\xb0\xe8\xbf\x99\xe5\x87\xa0\xe7\x82\xb9  \xe4\xb8\x8d\xe8\xa6\x81\xe8\xae\xa9\xe5\xae\x9d\xe5\xae\x9d\xe6\x80\xa7\xe6\xa0\xbc\xe5\x8f\x98\xe5\xbe\x97\xe8\x83\x86\xe5\xb0\x8f\xe6\x87\xa6\xe5\xbc\xb1',
 'TitleUrl': u'http://www.toutiao.com/group/6352655210947494146/'}
2016-11-15 00:49:47 [scrapy] DEBUG: Scraped from <200 http://www.toutiao.com/api/article/feed/?category=news_baby&utm_source=toutiao&widen=0&max_behot_time=0&max_behot_time_tmp=1479170956&as=A16538313A8D839&cp=581A7DF853099E1>
{'Title': '\xe7\x88\xb6\xe6\xaf\x8d\xe8\xa6\x81\xe7\x89\xa2\xe8\xae\xb0\xe8\xbf\x99\xe5\x87\xa0\xe7\x82\xb9  \xe4\xb8\x8d\xe8\xa6\x81\xe8\xae\xa9\xe5\xae\x9d\xe5\xae\x9d\xe6\x80\xa7\xe6\xa0\xbc\xe5\x8f\x98\xe5\xbe\x97\xe8\x83\x86\xe5\xb0\x8f\xe6\x87\xa6\xe5\xbc\xb1',
 'TitleUrl': u'http://www.toutiao.com/group/6352963699758727425/?_as_1479170985'}
2016-11-15 00:49:47 [toutiao] INFO: now entring download midware
2016-11-15 00:49:47 [toutiao] INFO: User-Agent is: Nusearch Spider (www.nusearch.com) <GET http://www.toutiao.com/api/article/feed/?category=news_baby&utm_source=toutiao&widen=0&max_behot_time=0&max_behot_time_tmp=1479170984&as=A16538313A8D839&cp=581A7DF853099E1>
2016-11-15 00:49:47 [scrapy] DEBUG: Crawled (200) <GET http://www.toutiao.com/api/article/feed/?category=news_baby&utm_source=toutiao&widen=0&max_behot_time=0&max_behot_time_tmp=1479170984&as=A16538313A8D839&cp=581A7DF853099E1> (referer: http://www.toutiao.com/api/article/feed/?category=news_baby&utm_source=toutiao&widen=0&max_behot_time=0&max_behot_time_tmp=1479170956&as=A16538313A8D839&cp=581A7DF853099E1)
2016-11-15 00:49:48 [toutiao] DEBUG: Fetch toutiao homepage page: http://www.toutiao.com/api/article/feed/?category=news_baby&utm_source=toutiao&widen=0&max_behot_time=0&max_behot_time_tmp=1479170984&as=A16538313A8D839&cp=581A7DF853099E1
2016-11-15 00:49:48 [scrapy] DEBUG: Scraped from <200 http://www.toutiao.com/api/article/feed/?category=news_baby&utm_source=toutiao&widen=0&max_behot_time=0&max_behot_time_tmp=1479170984&as=A16538313A8D839&cp=581A7DF853099E1>
{'Title': '\xe4\xbb\x8e\xe5\xbd\xa9\xe8\xb6\x85\xe5\xb0\xb1\xe8\x83\xbd\xe7\x9c\x8b\xe7\x94\xb7\xe5\xad\xa9\xe5\xa5\xb3\xe5\xad\xa9,\xe8\xb5\xb6\xe7\xb4\xa7\xe6\x8b\xbf\xe8\xb5\xb7\xe5\xbd\xa9\xe8\xb6\x85\xe7\x9c\x8b\xe7\x9c\x8b\xe5\x90\xa7',
 'TitleUrl': u'http://www.toutiao.com/group/6352636667547009281/'}
2016-11-15 00:49:48 [scrapy] DEBUG: Scraped from <200 http://www.toutiao.com/api/article/feed/?category=news_baby&utm_source=toutiao&widen=0&max_behot_time=0&max_behot_time_tmp=1479170984&as=A16538313A8D839&cp=581A7DF853099E1>
{'Title': '\xe7\x8c\xa9\xe7\x8c\xa9\xe7\x9c\x8b\xe5\x88\xb0\xe5\xad\x95\xe5\xa6\x87\xe5\x85\xb4\xe5\xa5\x8b\xe7\x9a\x84\xe8\xb7\x91\xe8\xbf\x87\xe5\x8e\xbb\xef\xbc\x8c\xe5\xad\x95\xe5\xa6\x87\xe6\x83\xb3\xe8\xba\xb2\xe9\x97\xaa\xe4\xbd\x86\xe7\x9c\x8b\xe5\x88\xb0\xe7\x8c\xa9\xe7\x8c\xa9\xe7\x9a\x84\xe4\xb8\xbe\xe6\x8e\xaa\xe7\x9e\xac\xe9\x97\xb4\xe5\x93\xad\xe4\xba\x86',
 'TitleUrl': u'http://www.toutiao.com/group/6351544799074664705/'}
2016-11-15 00:49:48 [scrapy] DEBUG: Scraped from <200 http://www.toutiao.com/api/article/feed/?category=news_baby&utm_source=toutiao&widen=0&max_behot_time=0&max_behot_time_tmp=1479170984&as=A16538313A8D839&cp=581A7DF853099E1>
{'Title': '\xe6\xb8\x85\xe5\x8d\x8e\xe5\xad\xa6\xe9\x9c\xb8\xe6\x88\x90\xe9\x95\xbf\xe8\xae\xb0\xef\xbc\x9a\xe6\x88\x91\xe7\x9a\x84\xe4\xbc\x98\xe7\xa7\x80\xe7\xa6\xbb\xe4\xb8\x8d\xe5\xbc\x80\xe7\x88\xb8\xe5\xa6\x88\xe7\x9a\x84\xe5\xb0\x8a\xe9\x87\x8d\xef\xbc\x81\xe6\x9c\x9b\xe5\xad\x90\xe6\x88\x90\xe9\xbe\x99\xe7\x9a\x84\xe5\xae\xb6\xe9\x95\xbf\xe5\xad\xa6\xe5\xad\xa6',
 'TitleUrl': u'http://www.toutiao.com/group/6352667803795603714/'}
2016-11-15 00:49:48 [scrapy] DEBUG: Scraped from <200 http://www.toutiao.com/api/article/feed/?category=news_baby&utm_source=toutiao&widen=0&max_behot_time=0&max_behot_time_tmp=1479170984&as=A16538313A8D839&cp=581A7DF853099E1>
{'Title': '\xe4\xba\x8c\xe8\x83\x8e\xe5\xa6\x88\xe5\xa6\x885\xe5\xb9\xb4\xe4\xb8\xa4\xe5\xba\xa6\xe5\x89\x96\xe8\x85\xb9\xef\xbc\x8c\xe7\x9c\x8b\xe5\xae\x8c\xe8\xbf\x99\xe5\x89\x96\xe5\xae\xab\xe4\xba\xa79\xe4\xb8\xaa\xe7\x97\x9b\xe7\x82\xb9\xe4\xb8\x8b\xe8\xbe\x88\xe5\xad\x90\xe4\xb9\x96\xe4\xb9\x96\xe9\xa1\xba\xe4\xba\xa7',
 'TitleUrl': u'http://www.toutiao.com/group/6307900666611417345/'}
2016-11-15 00:49:48 [scrapy] DEBUG: Scraped from <200 http://www.toutiao.com/api/article/feed/?category=news_baby&utm_source=toutiao&widen=0&max_behot_time=0&max_behot_time_tmp=1479170984&as=A16538313A8D839&cp=581A7DF853099E1>
{'Title': '\xe8\x82\xb2\xe5\x84\xbf\xef\xbc\x9a\xe4\xba\xa7\xe6\xa3\x80\xe6\xad\xa3\xe5\xb8\xb8\xef\xbc\x8c\xe5\xa6\x88\xe5\xa6\x88\xe5\x90\x83\xe4\xba\x86\xe8\xbf\x99\xe4\xb8\xaa\xe5\xaf\xbc\xe8\x87\xb4\xe8\x83\x8e\xe5\x81\x9c\xef\xbc\x8c\xe5\xbe\x97\xe7\x9f\xa5\xe5\x8e\x9f\xe5\x9b\xa0\xe5\x90\x8e\xe6\x82\x94\xe4\xb8\x8d\xe5\xb7\xb2',
 'TitleUrl': u'http://www.toutiao.com/group/6351975836510863617/'}
2016-11-15 00:49:48 [scrapy] DEBUG: Scraped from <200 http://www.toutiao.com/api/article/feed/?category=news_baby&utm_source=toutiao&widen=0&max_behot_time=0&max_behot_time_tmp=1479170984&as=A16538313A8D839&cp=581A7DF853099E1>
{'Title': '\xe7\x9c\x8b\xe9\x9d\xa2\xe7\x9b\xb8\xe4\xbe\xbf\xe7\x9f\xa5\xe7\x94\x9f\xe7\x94\xb7\xe7\x94\x9f\xe5\xa5\xb3\xef\xbc\x9f\xe8\xbf\x99\xe4\xba\x9b\xe8\xaf\xb4\xe6\xb3\x95\xe5\xb1\x85\xe7\x84\xb6\xe5\xbe\x88\xe5\xa4\x9a\xe5\xa6\x88\xe5\xa6\x88\xe9\x83\xbd\xe4\xb8\x8d\xe7\x9f\xa5\xe9\x81\x93',
 'TitleUrl': u'http://www.toutiao.com/group/6352748522068787458/'}
2016-11-15 00:49:48 [scrapy] DEBUG: Scraped from <200 http://www.toutiao.com/api/article/feed/?category=news_baby&utm_source=toutiao&widen=0&max_behot_time=0&max_behot_time_tmp=1479170984&as=A16538313A8D839&cp=581A7DF853099E1>
{'Title': '\xe5\xae\x9d\xe5\xae\x9d\xe7\x9a\x84\xe4\xb9\xb3\xe5\x90\x8d\xe5\xa4\xa7\xe5\x85\xa8\xef\xbc\x8c\xe6\xaf\x8f\xe4\xb8\x80\xe4\xb8\xaa\xe9\x83\xbd\xe5\xbe\x88\xe5\xa5\xbd\xe5\x90\xac\xef\xbc\x81\xe4\xbd\xa0\xe7\xbb\x99\xe5\xad\xa9\xe5\xad\x90\xe5\x8f\x96\xe5\xa5\xbd\xe4\xb9\xb3\xe5\x90\x8d\xe4\xba\x86\xe5\x90\x97\xef\xbc\x9f',
 'TitleUrl': u'http://www.toutiao.com/group/6351720035421143298/'}
2016-11-15 00:49:48 [scrapy] DEBUG: Scraped from <200 http://www.toutiao.com/api/article/feed/?category=news_baby&utm_source=toutiao&widen=0&max_behot_time=0&max_behot_time_tmp=1479170984&as=A16538313A8D839&cp=581A7DF853099E1>
{'Title': '\xe7\x94\xb7\xe5\xae\x9d\xe6\x82\xa3\xe4\xb8\x89\xe5\xba\xa6\xe5\x94\x87\xe8\x85\xad\xe8\xa3\x82\xe6\x83\xb9\xe4\xba\xba\xe6\x80\x9c\xef\xbc\x8c\xe6\xaf\x8d\xe4\xba\xb2\xe6\x84\xa7\xe7\x96\x9a\xe6\xb2\xa1\xe5\x81\x9a\xe5\xa5\xbd\xe8\xbf\x99\xe4\xbb\xb6\xe4\xba\x8b\xef\xbc\x81',
 'TitleUrl': u'http://www.toutiao.com/group/6352696611147694337/'}
2016-11-15 00:49:48 [scrapy] DEBUG: Scraped from <200 http://www.toutiao.com/api/article/feed/?category=news_baby&utm_source=toutiao&widen=0&max_behot_time=0&max_behot_time_tmp=1479170984&as=A16538313A8D839&cp=581A7DF853099E1>
{'Title': '\xe9\x94\x99\xe8\xbf\x87\xe5\xad\xa9\xe5\xad\x90\xe9\x98\x85\xe8\xaf\xbb\xe6\x95\x8f\xe6\x84\x9f\xe6\x9c\x9f\xef\xbc\x8c\xe5\x88\xab\xe6\x80\xaa\xe5\xad\xa9\xe5\xad\x90\xe4\xb8\x8d\xe7\x88\xb1\xe9\x98\x85\xe8\xaf\xbb',
 'TitleUrl': u'http://www.toutiao.com/group/6351954959219491073/'}
2016-11-15 00:49:48 [scrapy] DEBUG: Scraped from <200 http://www.toutiao.com/api/article/feed/?category=news_baby&utm_source=toutiao&widen=0&max_behot_time=0&max_behot_time_tmp=1479170984&as=A16538313A8D839&cp=581A7DF853099E1>
{'Title': '\xe5\xb0\x8f\xe4\xbb\x93\xe9\xbc\xa0\xe9\x99\xa9\xe6\x92\x91\xe7\xa0\xb4\xe8\x82\x9a\xe7\x9a\xae\xef\xbc\x8c\xe7\x94\x9f\xe5\x87\xba\xe5\x85\xab\xe5\x8f\xaa\xe4\xbb\x93\xe9\xbc\xa0\xe5\xae\x9d\xe5\xae\x9d',
 'TitleUrl': u'http://www.toutiao.com/group/6350984278864068866/'}
2016-11-15 00:49:48 [scrapy] DEBUG: Scraped from <200 http://www.toutiao.com/api/article/feed/?category=news_baby&utm_source=toutiao&widen=0&max_behot_time=0&max_behot_time_tmp=1479170984&as=A16538313A8D839&cp=581A7DF853099E1>
{'Title': '\xe9\x83\xbd\xe8\xaf\xb4\xe7\x8e\x8b\xe4\xbf\x8a\xe5\x87\xaf\xe7\x9a\x84\xe7\x89\x99\xe9\xbe\x88\xe6\xb2\xa1\xe6\x95\x91\xe4\xba\x86\xef\xbc\x8c\xe5\x8f\xaf\xe8\xbf\x99\xe6\xac\xa1\xe5\xa4\xa7\xe5\xae\xb6\xe7\x9a\x84\xe5\x85\xb3\xe6\xb3\xa8\xe7\x82\xb9\xe5\x8d\xb4\xe5\x9c\xa8\xe4\xbb\x96\xe7\x9a\x84\xe4\xb8\x8b\xe5\xb7\xb4\xe4\xb8\x8a',
 'TitleUrl': u'http://www.toutiao.com/group/6350915825998594305/'}
2016-11-15 00:49:48 [scrapy] DEBUG: Scraped from <200 http://www.toutiao.com/api/article/feed/?category=news_baby&utm_source=toutiao&widen=0&max_behot_time=0&max_behot_time_tmp=1479170984&as=A16538313A8D839&cp=581A7DF853099E1>
{'Title': '\xe6\x9c\x89\xe5\xa8\x83\xe5\x90\x8e\xef\xbc\x8c\xe5\xa5\xb3\xe4\xba\xba\xe8\xbf\x99\xe4\xba\x94\xe7\xa7\x8d\xe8\xa1\x8c\xe4\xb8\xba\xef\xbc\x8c\xe4\xbc\x9a\xe8\xae\xa9\xe8\x80\x81\xe5\x85\xac\xe7\xa6\xbb\xe4\xbd\xa0\xe8\xb6\x8a\xe6\x9d\xa5\xe8\xb6\x8a\xe8\xbf\x9c\xef\xbc\x81',
 'TitleUrl': u'http://www.toutiao.com/group/6351629001102622977/'}
2016-11-15 00:49:48 [scrapy] DEBUG: Scraped from <200 http://www.toutiao.com/api/article/feed/?category=news_baby&utm_source=toutiao&widen=0&max_behot_time=0&max_behot_time_tmp=1479170984&as=A16538313A8D839&cp=581A7DF853099E1>
{'Title': '\xe7\x88\xb6\xe6\xaf\x8d\xe8\xa6\x81\xe7\x89\xa2\xe8\xae\xb0\xe8\xbf\x99\xe5\x87\xa0\xe7\x82\xb9  \xe4\xb8\x8d\xe8\xa6\x81\xe8\xae\xa9\xe5\xae\x9d\xe5\xae\x9d\xe6\x80\xa7\xe6\xa0\xbc\xe5\x8f\x98\xe5\xbe\x97\xe8\x83\x86\xe5\xb0\x8f\xe6\x87\xa6\xe5\xbc\xb1',
 'TitleUrl': u'http://www.toutiao.com/group/6352655210947494146/'}
2016-11-15 00:49:48 [scrapy] DEBUG: Scraped from <200 http://www.toutiao.com/api/article/feed/?category=news_baby&utm_source=toutiao&widen=0&max_behot_time=0&max_behot_time_tmp=1479170984&as=A16538313A8D839&cp=581A7DF853099E1>
{'Title': '\xe6\xb7\xbb\xe5\x8a\xa0\xe5\x89\x82\xe6\x9c\x80\xe5\xa4\x9a\xe9\x9b\xb6\xe9\xa3\x9f\xe6\x8e\x92\xe8\xa1\x8c\xe6\xa6\x9c\xef\xbc\x8c\xe7\xbb\x99\xe5\xad\xa9\xe5\xad\x90\xe5\x90\x83\xe8\xa6\x81\xe6\xb3\xa8\xe6\x84\x8f\xe5\x93\xa6\xef\xbc\x81',
 'TitleUrl': u'http://www.toutiao.com/group/6352678297146491394/'}
2016-11-15 00:49:48 [scrapy] DEBUG: Scraped from <200 http://www.toutiao.com/api/article/feed/?category=news_baby&utm_source=toutiao&widen=0&max_behot_time=0&max_behot_time_tmp=1479170984&as=A16538313A8D839&cp=581A7DF853099E1>
{'Title': '\xe6\x80\x80\xe5\xad\x9538\xe5\x91\xa8\xe8\x83\x8e\xe6\xad\xbb\xe8\x85\xb9\xe4\xb8\xad\xef\xbc\x8c\xe4\xb8\xad\xe9\x97\xb4\xe5\xad\xa9\xe5\xad\x90\xe5\x87\xba\xe7\x8e\xb0\xe4\xba\x86\xe6\xb1\x82\xe6\x95\x91\xe4\xbf\xa1\xe5\x8f\xb7\xe5\xa6\x88\xe5\xa6\x88\xe7\xab\x9f\xe7\x84\xb6\xe4\xb8\x8d\xe7\x9f\xa5\xe9\x81\x93',
 'TitleUrl': u'http://www.toutiao.com/group/6350909727481069825/'}
2016-11-15 00:49:48 [scrapy] DEBUG: Scraped from <200 http://www.toutiao.com/api/article/feed/?category=news_baby&utm_source=toutiao&widen=0&max_behot_time=0&max_behot_time_tmp=1479170984&as=A16538313A8D839&cp=581A7DF853099E1>
{'Title': '\xe6\x80\x80\xe5\xad\x9538\xe5\x91\xa8\xe8\x83\x8e\xe6\xad\xbb\xe8\x85\xb9\xe4\xb8\xad\xef\xbc\x8c\xe4\xb8\xad\xe9\x97\xb4\xe5\xad\xa9\xe5\xad\x90\xe5\x87\xba\xe7\x8e\xb0\xe4\xba\x86\xe6\xb1\x82\xe6\x95\x91\xe4\xbf\xa1\xe5\x8f\xb7\xe5\xa6\x88\xe5\xa6\x88\xe7\xab\x9f\xe7\x84\xb6\xe4\xb8\x8d\xe7\x9f\xa5\xe9\x81\x93',
 'TitleUrl': u'http://www.toutiao.com/group/6352968397969424898/?_as_1479170986'}
2016-11-15 00:49:48 [scrapy] DEBUG: Filtered duplicate request: <GET http://www.toutiao.com/api/article/feed/?category=news_baby&utm_source=toutiao&widen=0&max_behot_time=0&max_behot_time_tmp=1479170984&as=A16538313A8D839&cp=581A7DF853099E1> - no more duplicates will be shown (see DUPEFILTER_DEBUG to show all duplicates)
2016-11-15 00:49:48 [scrapy] INFO: Closing spider (finished)
2016-11-15 00:49:48 [scrapy] INFO: Stored json feed (83 items) in: ../data/toutiao/news_baby.json
2016-11-15 00:49:48 [scrapy] INFO: Dumping Scrapy stats:
{'downloader/request_bytes': 4312,
 'downloader/request_count': 7,
 'downloader/request_method_count/GET': 7,
 'downloader/response_bytes': 29520,
 'downloader/response_count': 7,
 'downloader/response_status_count/200': 7,
 'dupefilter/filtered': 1,
 'finish_reason': 'finished',
 'finish_time': datetime.datetime(2016, 11, 15, 0, 49, 48, 101144),
 'item_scraped_count': 83,
 'log_count/DEBUG': 99,
 'log_count/INFO': 22,
 'request_depth_max': 7,
 'response_received_count': 7,
 'scheduler/dequeued': 7,
 'scheduler/dequeued/memory': 7,
 'scheduler/enqueued': 7,
 'scheduler/enqueued/memory': 7,
 'start_time': datetime.datetime(2016, 11, 15, 0, 49, 43, 421734)}
2016-11-15 00:49:48 [scrapy] INFO: Spider closed (finished)
2016-11-15 02:08:58 [scrapy] INFO: Scrapy 1.2.0 started (bot: SocialSpider)
2016-11-15 02:08:58 [scrapy] INFO: Overridden settings: {'NEWSPIDER_MODULE': 'SocialSpider.spiders', 'FEED_URI': '../data/toutiao/news_baby.json', 'SPIDER_MODULES': ['SocialSpider.spiders'], 'BOT_NAME': 'SocialSpider', 'FEED_FORMAT': 'json', 'LOG_FILE': '../log/toutiao/news_baby.log'}
2016-11-15 02:08:58 [scrapy] INFO: Enabled extensions:
['scrapy.extensions.feedexport.FeedExporter',
 'scrapy.extensions.logstats.LogStats',
 'scrapy.extensions.telnet.TelnetConsole',
 'scrapy.extensions.corestats.CoreStats']
2016-11-15 02:08:59 [scrapy] INFO: Enabled downloader middlewares:
['scrapy.downloadermiddlewares.httpauth.HttpAuthMiddleware',
 'scrapy.downloadermiddlewares.downloadtimeout.DownloadTimeoutMiddleware',
 'scrapy.downloadermiddlewares.defaultheaders.DefaultHeadersMiddleware',
 'scrapy.downloadermiddlewares.useragent.UserAgentMiddleware',
 'SocialSpider.midware.UaMidWare.ProcessUaMidware',
 'scrapy.downloadermiddlewares.retry.RetryMiddleware',
 'scrapy.downloadermiddlewares.redirect.MetaRefreshMiddleware',
 'scrapy.downloadermiddlewares.httpcompression.HttpCompressionMiddleware',
 'scrapy.downloadermiddlewares.redirect.RedirectMiddleware',
 'scrapy.downloadermiddlewares.cookies.CookiesMiddleware',
 'scrapy.downloadermiddlewares.chunked.ChunkedTransferMiddleware',
 'scrapy.downloadermiddlewares.stats.DownloaderStats']
2016-11-15 02:08:59 [scrapy] INFO: Enabled spider middlewares:
['scrapy.spidermiddlewares.httperror.HttpErrorMiddleware',
 'scrapy.spidermiddlewares.offsite.OffsiteMiddleware',
 'scrapy.spidermiddlewares.referer.RefererMiddleware',
 'scrapy.spidermiddlewares.urllength.UrlLengthMiddleware',
 'scrapy.spidermiddlewares.depth.DepthMiddleware']
2016-11-15 02:08:59 [scrapy] INFO: Enabled item pipelines:
[]
2016-11-15 02:08:59 [scrapy] INFO: Spider opened
2016-11-15 02:08:59 [scrapy] INFO: Crawled 0 pages (at 0 pages/min), scraped 0 items (at 0 items/min)
2016-11-15 02:08:59 [scrapy] DEBUG: Telnet console listening on 127.0.0.1:6023
2016-11-15 02:08:59 [toutiao] INFO: now entring download midware
2016-11-15 02:08:59 [toutiao] INFO: User-Agent is: Mozilla/5.0 (Windows; U; Windows NT 5.1; en-US) Speedy Spider(http://www.entireweb.com/about/search_tech/speedy_spider/) <GET http://www.toutiao.com/api/article/feed/?category=news_baby&utm_source=toutiao&widen=0&max_behot_time=0&max_behot_time_tmp=0&as=A135B8B16A0CF6F&cp=581AACBF560FEE1>
2016-11-15 02:08:59 [scrapy] DEBUG: Crawled (200) <GET http://www.toutiao.com/api/article/feed/?category=news_baby&utm_source=toutiao&widen=0&max_behot_time=0&max_behot_time_tmp=0&as=A135B8B16A0CF6F&cp=581AACBF560FEE1> (referer: None)
2016-11-15 02:08:59 [toutiao] DEBUG: Fetch toutiao homepage page: http://www.toutiao.com/api/article/feed/?category=news_baby&utm_source=toutiao&widen=0&max_behot_time=0&max_behot_time_tmp=0&as=A135B8B16A0CF6F&cp=581AACBF560FEE1
2016-11-15 02:08:59 [scrapy] DEBUG: Scraped from <200 http://www.toutiao.com/api/article/feed/?category=news_baby&utm_source=toutiao&widen=0&max_behot_time=0&max_behot_time_tmp=0&as=A135B8B16A0CF6F&cp=581AACBF560FEE1>
{'Category': 'news_baby',
 'HotValue': 6,
 'MediumUrl': u'http://toutiao.com/m51562842382/',
 'Source': 'toutiao',
 'Time': 1479172729,
 'Title': '\xe8\xb5\xb7\xe5\x90\x8d\xe5\xa4\xa7\xe5\xb8\x88\xe6\x9c\x80\xe5\xbf\x8c\xe8\xae\xb3\xe7\x9a\x84\xe5\x85\xab\xe7\xb1\xbb\xe5\x90\x8d\xe5\xad\x97\xef\xbc\x8c\xe7\xbb\x99\xe5\xae\x9d\xe5\xae\x9d\xe8\xb5\xb7\xe5\x90\x8d\xe5\x8d\x83\xe4\xb8\x87\xe4\xb8\x8d\xe8\xa6\x81\xe7\x94\xa8\xef\xbc\x81',
 'Type': 'url',
 'Url': u'http://www.toutiao.com/group/6352379718569836802/'}
2016-11-15 02:08:59 [scrapy] ERROR: Spider error processing <GET http://www.toutiao.com/api/article/feed/?category=news_baby&utm_source=toutiao&widen=0&max_behot_time=0&max_behot_time_tmp=0&as=A135B8B16A0CF6F&cp=581AACBF560FEE1> (referer: None)
Traceback (most recent call last):
  File "/usr/lib64/python2.7/site-packages/scrapy/utils/defer.py", line 102, in iter_errback
    yield next(it)
  File "/usr/lib64/python2.7/site-packages/scrapy/spidermiddlewares/offsite.py", line 29, in process_spider_output
    for x in result:
  File "/usr/lib64/python2.7/site-packages/scrapy/spidermiddlewares/referer.py", line 22, in <genexpr>
    return (_set_referer(r) for r in result or ())
  File "/usr/lib64/python2.7/site-packages/scrapy/spidermiddlewares/urllength.py", line 37, in <genexpr>
    return (r for r in result or () if _filter(r))
  File "/usr/lib64/python2.7/site-packages/scrapy/spidermiddlewares/depth.py", line 58, in <genexpr>
    return (r for r in result or () if _filter(r))
  File "/python/SocialSpider/SocialSpider/spiders/toutiao.py", line 33, in parse
    item['HotValue'] = val['comments_count']
KeyError: 'comments_count'
2016-11-15 02:08:59 [scrapy] INFO: Closing spider (finished)
2016-11-15 02:08:59 [scrapy] INFO: Stored json feed (1 items) in: ../data/toutiao/news_baby.json
2016-11-15 02:08:59 [scrapy] INFO: Dumping Scrapy stats:
{'downloader/request_bytes': 439,
 'downloader/request_count': 1,
 'downloader/request_method_count/GET': 1,
 'downloader/response_bytes': 3844,
 'downloader/response_count': 1,
 'downloader/response_status_count/200': 1,
 'finish_reason': 'finished',
 'finish_time': datetime.datetime(2016, 11, 15, 2, 8, 59, 662881),
 'item_scraped_count': 1,
 'log_count/DEBUG': 4,
 'log_count/ERROR': 1,
 'log_count/INFO': 10,
 'response_received_count': 1,
 'scheduler/dequeued': 1,
 'scheduler/dequeued/memory': 1,
 'scheduler/enqueued': 1,
 'scheduler/enqueued/memory': 1,
 'spider_exceptions/KeyError': 1,
 'start_time': datetime.datetime(2016, 11, 15, 2, 8, 59, 24254)}
2016-11-15 02:08:59 [scrapy] INFO: Spider closed (finished)
