2016-11-15 00:50:40 [scrapy] INFO: Scrapy 1.2.0 started (bot: SocialSpider)
2016-11-15 00:50:40 [scrapy] INFO: Overridden settings: {'NEWSPIDER_MODULE': 'SocialSpider.spiders', 'FEED_URI': '../data/toutiao/news_food.json', 'SPIDER_MODULES': ['SocialSpider.spiders'], 'BOT_NAME': 'SocialSpider', 'FEED_FORMAT': 'json', 'LOG_FILE': '../log/toutiao/news_food.log'}
2016-11-15 00:50:40 [scrapy] INFO: Enabled extensions:
['scrapy.extensions.feedexport.FeedExporter',
 'scrapy.extensions.logstats.LogStats',
 'scrapy.extensions.telnet.TelnetConsole',
 'scrapy.extensions.corestats.CoreStats']
2016-11-15 00:50:40 [scrapy] INFO: Enabled downloader middlewares:
['scrapy.downloadermiddlewares.httpauth.HttpAuthMiddleware',
 'scrapy.downloadermiddlewares.downloadtimeout.DownloadTimeoutMiddleware',
 'scrapy.downloadermiddlewares.defaultheaders.DefaultHeadersMiddleware',
 'scrapy.downloadermiddlewares.useragent.UserAgentMiddleware',
 'SocialSpider.midware.UaMidWare.ProcessUaMidware',
 'scrapy.downloadermiddlewares.retry.RetryMiddleware',
 'scrapy.downloadermiddlewares.redirect.MetaRefreshMiddleware',
 'scrapy.downloadermiddlewares.httpcompression.HttpCompressionMiddleware',
 'scrapy.downloadermiddlewares.redirect.RedirectMiddleware',
 'scrapy.downloadermiddlewares.cookies.CookiesMiddleware',
 'scrapy.downloadermiddlewares.chunked.ChunkedTransferMiddleware',
 'scrapy.downloadermiddlewares.stats.DownloaderStats']
2016-11-15 00:50:40 [scrapy] INFO: Enabled spider middlewares:
['scrapy.spidermiddlewares.httperror.HttpErrorMiddleware',
 'scrapy.spidermiddlewares.offsite.OffsiteMiddleware',
 'scrapy.spidermiddlewares.referer.RefererMiddleware',
 'scrapy.spidermiddlewares.urllength.UrlLengthMiddleware',
 'scrapy.spidermiddlewares.depth.DepthMiddleware']
2016-11-15 00:50:40 [scrapy] INFO: Enabled item pipelines:
[]
2016-11-15 00:50:40 [scrapy] INFO: Spider opened
2016-11-15 00:50:40 [scrapy] INFO: Crawled 0 pages (at 0 pages/min), scraped 0 items (at 0 items/min)
2016-11-15 00:50:40 [scrapy] DEBUG: Telnet console listening on 127.0.0.1:6023
2016-11-15 00:50:40 [toutiao] INFO: now entring download midware
2016-11-15 00:50:40 [toutiao] INFO: User-Agent is: envolk[ITS]spider/1.6 (+http://www.envolk.com/envolkspider.html) <GET http://www.toutiao.com/api/article/feed/?category=news_food&utm_source=toutiao&widen=0&max_behot_time=0&max_behot_time_tmp=0&as=A135B8B16A0CF6F&cp=581AACBF560FEE1>
2016-11-15 00:50:41 [scrapy] DEBUG: Crawled (200) <GET http://www.toutiao.com/api/article/feed/?category=news_food&utm_source=toutiao&widen=0&max_behot_time=0&max_behot_time_tmp=0&as=A135B8B16A0CF6F&cp=581AACBF560FEE1> (referer: None)
2016-11-15 00:50:41 [toutiao] DEBUG: Fetch toutiao homepage page: http://www.toutiao.com/api/article/feed/?category=news_food&utm_source=toutiao&widen=0&max_behot_time=0&max_behot_time_tmp=0&as=A135B8B16A0CF6F&cp=581AACBF560FEE1
2016-11-15 00:50:41 [scrapy] DEBUG: Scraped from <200 http://www.toutiao.com/api/article/feed/?category=news_food&utm_source=toutiao&widen=0&max_behot_time=0&max_behot_time_tmp=0&as=A135B8B16A0CF6F&cp=581AACBF560FEE1>
{'Title': '\xe6\x97\xa9\xe9\xa4\x90\xe5\x90\x83\xe5\x95\xa5\xe6\x9c\x89\xe8\x90\xa5\xe5\x85\xbb\xef\xbc\x9f',
 'TitleUrl': u'http://www.toutiao.com/group/6352682022997065986/'}
2016-11-15 00:50:41 [scrapy] DEBUG: Scraped from <200 http://www.toutiao.com/api/article/feed/?category=news_food&utm_source=toutiao&widen=0&max_behot_time=0&max_behot_time_tmp=0&as=A135B8B16A0CF6F&cp=581AACBF560FEE1>
{'Title': '\xe5\x88\x86\xe5\x88\x86\xe9\x92\x9f\xe6\x95\x99\xe4\xbc\x9a\xe4\xbd\xa0\xe5\x81\x9a\xe4\xb8\x80\xe9\x81\x93\xe5\xbc\x80\xe8\x83\x83\xe8\x8f\x9c\xef\xbc\x8c\xe6\x88\x90\xe6\x9c\xac\xe5\x8f\xaa\xe9\x9c\x806\xe5\x9d\x97\xe9\x92\xb1\xef\xbc\x8c\xe4\xba\xba\xe4\xba\xba\xe9\x83\xbd\xe7\x88\xb1\xe5\x90\x83',
 'TitleUrl': u'http://www.toutiao.com/group/6352648123802779906/'}
2016-11-15 00:50:41 [scrapy] DEBUG: Scraped from <200 http://www.toutiao.com/api/article/feed/?category=news_food&utm_source=toutiao&widen=0&max_behot_time=0&max_behot_time_tmp=0&as=A135B8B16A0CF6F&cp=581AACBF560FEE1>
{'Title': '\xe6\x83\xb3\xe8\x80\x83\xe6\xb8\x85\xe5\x8d\x8e\xe5\x8c\x97\xe5\xa4\xa7\xe5\x90\x97\xef\xbc\x9f\xe8\xae\xa9\xe5\xad\xa9\xe5\xad\x90\xe5\x90\x83\xe4\xbb\xa5\xe4\xb8\x8b\xe9\xa3\x9f\xe5\x93\x81\xe5\x90\xa7\xef\xbc\x81',
 'TitleUrl': u'http://www.toutiao.com/group/6348637631597641986/'}
2016-11-15 00:50:41 [scrapy] DEBUG: Scraped from <200 http://www.toutiao.com/api/article/feed/?category=news_food&utm_source=toutiao&widen=0&max_behot_time=0&max_behot_time_tmp=0&as=A135B8B16A0CF6F&cp=581AACBF560FEE1>
{'Title': '\xe5\xad\x94\xe5\xad\x90\xe8\x80\x81\xe4\xb9\xa1\xe4\xb8\x80\xe8\x80\x81\xe5\xa4\xaa\xe5\xa4\xaa\xe5\x81\x9a\xe5\x87\xba\xe6\x83\x8a\xe4\xb8\x96\xe8\x96\x84\xe9\xa5\xbc\xef\xbc\x8c\xe2\x80\x9c\xe4\xbd\xa0\xe5\x90\x83\xe8\xbf\x87\xe7\xba\xb8\xe5\x90\x97\xe2\x80\x9d',
 'TitleUrl': u'http://www.toutiao.com/group/6351989269628829954/'}
2016-11-15 00:50:41 [scrapy] DEBUG: Scraped from <200 http://www.toutiao.com/api/article/feed/?category=news_food&utm_source=toutiao&widen=0&max_behot_time=0&max_behot_time_tmp=0&as=A135B8B16A0CF6F&cp=581AACBF560FEE1>
{'Title': '\xe5\xad\xa9\xe5\xad\x90\xe7\x88\xb1\xe5\x90\x83\xe7\x9a\x84\xe4\xb8\x8d\xe5\xbe\x97\xe4\xba\x86\xe7\x9a\x84\xe9\xb2\x9c\xe8\x99\xbe\xe8\x92\xb8\xe8\x9b\x8b\xef\xbc\x8c\xe9\xb2\x9c\xe9\xa6\x99\xe5\xab\xa9\xe6\xbb\x91\xe5\x81\x9a\xe6\xb3\x95\xe8\xbf\x98\xe8\xb6\x85\xe7\xae\x80\xe5\x8d\x95',
 'TitleUrl': u'http://www.toutiao.com/group/6350897622664741121/'}
2016-11-15 00:50:41 [scrapy] DEBUG: Scraped from <200 http://www.toutiao.com/api/article/feed/?category=news_food&utm_source=toutiao&widen=0&max_behot_time=0&max_behot_time_tmp=0&as=A135B8B16A0CF6F&cp=581AACBF560FEE1>
{'Title': '\xe8\x8c\xb6\xe5\x8f\xb6\xe9\x87\x8c\xe7\x9a\x84\xe5\xb0\x8f\xe7\x94\x9f\xe5\x91\xbd\xef\xbc\x8c\xe7\x9c\x8b\xe5\x88\xb0\xe8\xbf\x99\xe4\xb8\xaa\xef\xbc\x8c\xe4\xbd\xa0\xe8\xbf\x98\xe6\x80\x8e\xe4\xb9\x88\xe5\x96\x9d\xe8\x8c\xb6',
 'TitleUrl': u'http://www.toutiao.com/group/6351960267882086657/'}
2016-11-15 00:50:41 [scrapy] DEBUG: Scraped from <200 http://www.toutiao.com/api/article/feed/?category=news_food&utm_source=toutiao&widen=0&max_behot_time=0&max_behot_time_tmp=0&as=A135B8B16A0CF6F&cp=581AACBF560FEE1>
{'Title': '\xe5\xb8\xa6\xe8\x80\x81\xe5\xa9\x86\xe5\x8e\xbb\xe5\x90\x83\xe5\xa5\xb9\xe6\x9c\x80\xe7\x88\xb1\xe7\x9a\x84\xe7\x81\xab\xe9\x94\x85\xef\xbc\x8c\xe7\x9c\x8b\xe5\xae\x8c\xe9\x85\x8d\xe8\x8f\x9c\xe5\x90\x8e\xe5\xa5\xb9\xe7\xab\x9f\xe7\x84\xb6\xe8\xb7\x91\xe4\xba\x86',
 'TitleUrl': u'http://www.toutiao.com/group/6351720410551550210/'}
2016-11-15 00:50:41 [scrapy] DEBUG: Scraped from <200 http://www.toutiao.com/api/article/feed/?category=news_food&utm_source=toutiao&widen=0&max_behot_time=0&max_behot_time_tmp=0&as=A135B8B16A0CF6F&cp=581AACBF560FEE1>
{'Title': '\xe4\xbd\xa0\xe7\x9f\xa5\xe9\x81\x93\xe5\x90\x97\xef\xbc\x9f\xe7\x81\xab\xe9\x81\x8d\xe5\xa4\xa7\xe6\xb1\x9f\xe5\x8d\x97\xe5\x8c\x97\xe7\x9a\x84\xe5\xb0\x8f\xe5\x90\x83\xe7\x83\xa4\xe5\x86\xb7\xe9\x9d\xa2\xef\xbc\x8c\xe7\xab\x9f\xe6\x98\xaf\xe4\xb8\x80\xe4\xbd\x8d\xe4\xb8\x8b\xe5\xb2\x97\xe8\x81\x8c\xe5\xb7\xa5\xe5\x8f\x91\xe6\x98\x8e\xe7\x9a\x84\xef\xbc\x81',
 'TitleUrl': u'http://www.toutiao.com/group/6350932125021618433/'}
2016-11-15 00:50:41 [scrapy] DEBUG: Scraped from <200 http://www.toutiao.com/api/article/feed/?category=news_food&utm_source=toutiao&widen=0&max_behot_time=0&max_behot_time_tmp=0&as=A135B8B16A0CF6F&cp=581AACBF560FEE1>
{'Title': '\xe5\xa4\xa7\xe9\x93\x81\xe9\x94\x85\xe9\x87\x8c\xe7\x82\x96\xe4\xb8\x80\xe7\x89\xa9\xe8\xae\xa9\xe4\xba\xba\xe6\x83\x8a\xe8\xae\xb6\xef\xbc\x81\xe4\xbb\x94\xe7\xbb\x86\xe7\x9c\x8b\xe6\x89\x8d\xe7\x9c\x8b\xe5\x87\xba\xe4\xba\x86\xe5\x90\x8d\xe5\xa0\x82',
 'TitleUrl': u'http://www.toutiao.com/group/6352447203767828738/'}
2016-11-15 00:50:41 [scrapy] DEBUG: Scraped from <200 http://www.toutiao.com/api/article/feed/?category=news_food&utm_source=toutiao&widen=0&max_behot_time=0&max_behot_time_tmp=0&as=A135B8B16A0CF6F&cp=581AACBF560FEE1>
{'Title': '\xe4\xb8\x9c\xe5\x8c\x97\xe8\x80\x81\xe5\xa5\xb6\xe5\xa5\xb6\xe6\x89\x8b\xe6\x8a\x8a\xe6\x89\x8b\xe6\x95\x99\xe4\xbd\xa0\xe5\x81\x9a\xe4\xb8\x9c\xe5\x8c\x97\xe5\xa4\xa7\xe9\x85\xb1\xef\xbc\x8c\xe7\xba\xaf\xe6\x89\x8b\xe5\xb7\xa5\xe6\x97\xa0\xe6\xb7\xbb\xe5\x8a\xa0\xef\xbc\x81',
 'TitleUrl': u'http://www.toutiao.com/group/6350909934133281026/'}
2016-11-15 00:50:41 [scrapy] DEBUG: Scraped from <200 http://www.toutiao.com/api/article/feed/?category=news_food&utm_source=toutiao&widen=0&max_behot_time=0&max_behot_time_tmp=0&as=A135B8B16A0CF6F&cp=581AACBF560FEE1>
{'Title': '\xe8\xbf\x99\xe7\xa2\x97\xe6\xb1\xa4\xef\xbc\x8c\xe8\xaf\xb7\xe5\xb8\xb8\xe5\x81\x9a\xe7\xbb\x99\xe5\xad\xa9\xe5\xad\x90\xe5\x96\x9d\xef\xbc\x8c\xe5\xa2\x9e\xe5\xbc\xba\xe4\xbd\x93\xe8\xb4\xa8\xe5\xbc\xba\xe8\xba\xab\xe5\x81\xa5\xe4\xbd\x93\xef\xbc\x8c\xe4\xbf\x83\xe8\xbf\x9b\xe7\x94\x9f\xe9\x95\xbf\xe5\x8f\x91\xe8\x82\xb2',
 'TitleUrl': u'http://www.toutiao.com/group/6352709207703159298/'}
2016-11-15 00:50:41 [scrapy] DEBUG: Scraped from <200 http://www.toutiao.com/api/article/feed/?category=news_food&utm_source=toutiao&widen=0&max_behot_time=0&max_behot_time_tmp=0&as=A135B8B16A0CF6F&cp=581AACBF560FEE1>
{'Title': '\xe9\xb8\xa1\xe8\xba\xab\xe4\xb8\x8a\xe4\xb8\x89\xe4\xb8\xaa\xe9\x83\xa8\xe4\xbd\x8d\xe5\x88\xab\xe5\x86\x8d\xe5\x90\x83\xe4\xba\x86\xef\xbc\x8c\xe6\x98\xaf\xe6\xaf\x92\xe7\xb4\xa0\xe6\x9c\x80\xe5\xa4\x9a\xe7\x9a\x84\xe5\x9c\xb0\xe6\x96\xb9\xef\xbc\x8c\xe8\x87\xb4\xe7\x99\x8c\xef\xbc\x81',
 'TitleUrl': u'http://www.toutiao.com/group/6352748253788750081/'}
2016-11-15 00:50:41 [scrapy] DEBUG: Scraped from <200 http://www.toutiao.com/api/article/feed/?category=news_food&utm_source=toutiao&widen=0&max_behot_time=0&max_behot_time_tmp=0&as=A135B8B16A0CF6F&cp=581AACBF560FEE1>
{'Title': '\xe8\xa1\xa8\xe5\x93\xa5\xe5\x8f\xaa\xe4\xbc\x9a\xe5\x81\x9a\xe8\xbf\x99\xe4\xb8\x80\xe9\x81\x93\xe6\x8b\xbf\xe6\x89\x8b\xe8\x8f\x9c\xef\xbc\x8c\xe5\xbc\x80\xe7\x9a\x84\xe5\xa4\xa7\xe6\x8e\x92\xe6\xa1\xa3\xe6\xaf\x8f\xe5\xa4\xa9\xe5\x8d\xb4\xe5\xba\xa7\xe6\x97\xa0\xe8\x99\x9a\xe5\xb8\xad',
 'TitleUrl': u'http://www.toutiao.com/group/6352664357554651393/'}
2016-11-15 00:50:41 [scrapy] DEBUG: Scraped from <200 http://www.toutiao.com/api/article/feed/?category=news_food&utm_source=toutiao&widen=0&max_behot_time=0&max_behot_time_tmp=0&as=A135B8B16A0CF6F&cp=581AACBF560FEE1>
{'Title': '\xe6\x97\xa5\xe6\x9c\xac\xe4\xba\xba\xe6\xb0\x94\xe5\xb0\x8f\xe5\x90\x83\xef\xbc\x8c\xe6\x95\x99\xe4\xbd\xa0\xe5\xa6\x82\xe4\xbd\x95\xe5\x81\x9a\xe4\xb8\xb2\xe7\x83\xa4\xe9\xb8\xa1\xe7\x9a\xae',
 'TitleUrl': u'http://www.toutiao.com/group/6337621734158598402/'}
2016-11-15 00:50:41 [scrapy] DEBUG: Scraped from <200 http://www.toutiao.com/api/article/feed/?category=news_food&utm_source=toutiao&widen=0&max_behot_time=0&max_behot_time_tmp=0&as=A135B8B16A0CF6F&cp=581AACBF560FEE1>
{'Title': '\xe5\x93\xaa\xe4\xba\x9b\xe9\x87\x8e\xe8\x8f\x9c\xe5\x8f\xaa\xe6\x9c\x89\xe5\x86\x9c\xe6\x9d\x91\xe4\xba\xba\xe5\x90\x83\xe8\xbf\x87\xef\xbc\x9f',
 'TitleUrl': u'http://www.toutiao.com/group/6350412068771856641/'}
2016-11-15 00:50:41 [scrapy] DEBUG: Scraped from <200 http://www.toutiao.com/api/article/feed/?category=news_food&utm_source=toutiao&widen=0&max_behot_time=0&max_behot_time_tmp=0&as=A135B8B16A0CF6F&cp=581AACBF560FEE1>
{'Title': '\xe5\x93\xaa\xe4\xba\x9b\xe9\x87\x8e\xe8\x8f\x9c\xe5\x8f\xaa\xe6\x9c\x89\xe5\x86\x9c\xe6\x9d\x91\xe4\xba\xba\xe5\x90\x83\xe8\xbf\x87\xef\xbc\x9f',
 'TitleUrl': u'http://www.toutiao.com/group/6352963892403552513/?_as_1479171039'}
2016-11-15 00:50:41 [toutiao] INFO: now entring download midware
2016-11-15 00:50:41 [toutiao] INFO: User-Agent is: ldspider (http://code.google.com/p/ldspider/wiki/Robots) <GET http://www.toutiao.com/api/article/feed/?category=news_food&utm_source=toutiao&widen=0&max_behot_time=0&max_behot_time_tmp=1479125919&as=A16538313A8D839&cp=581A7DF853099E1>
2016-11-15 00:50:41 [scrapy] DEBUG: Crawled (200) <GET http://www.toutiao.com/api/article/feed/?category=news_food&utm_source=toutiao&widen=0&max_behot_time=0&max_behot_time_tmp=1479125919&as=A16538313A8D839&cp=581A7DF853099E1> (referer: http://www.toutiao.com/api/article/feed/?category=news_food&utm_source=toutiao&widen=0&max_behot_time=0&max_behot_time_tmp=0&as=A135B8B16A0CF6F&cp=581AACBF560FEE1)
2016-11-15 00:50:41 [toutiao] DEBUG: Fetch toutiao homepage page: http://www.toutiao.com/api/article/feed/?category=news_food&utm_source=toutiao&widen=0&max_behot_time=0&max_behot_time_tmp=1479125919&as=A16538313A8D839&cp=581A7DF853099E1
2016-11-15 00:50:41 [scrapy] DEBUG: Scraped from <200 http://www.toutiao.com/api/article/feed/?category=news_food&utm_source=toutiao&widen=0&max_behot_time=0&max_behot_time_tmp=1479125919&as=A16538313A8D839&cp=581A7DF853099E1>
{'Title': '\xe5\x93\xaa\xe4\xba\x9b\xe7\xa7\x98\xe6\x96\xb9\xe5\x8f\xaf\xe4\xbb\xa5\xe8\xae\xa9\xe7\xb1\xb3\xe9\xa5\xad\xe5\x8f\x98\xe5\xbe\x97\xe6\x9b\xb4\xe5\xa5\xbd\xe5\x90\x83\xef\xbc\x9f',
 'TitleUrl': u'http://www.toutiao.com/group/6352633727071289601/'}
2016-11-15 00:50:41 [scrapy] DEBUG: Scraped from <200 http://www.toutiao.com/api/article/feed/?category=news_food&utm_source=toutiao&widen=0&max_behot_time=0&max_behot_time_tmp=1479125919&as=A16538313A8D839&cp=581A7DF853099E1>
{'Title': '\xe5\xad\xa9\xe5\xad\x90\xe6\x9c\x80\xe5\x96\x9c\xe6\xac\xa2\xe7\x9a\x84\xe5\xa4\xaa\xe9\x98\xb3\xe8\x82\x89',
 'TitleUrl': u'http://www.toutiao.com/group/6350800300350030082/'}
2016-11-15 00:50:41 [scrapy] DEBUG: Scraped from <200 http://www.toutiao.com/api/article/feed/?category=news_food&utm_source=toutiao&widen=0&max_behot_time=0&max_behot_time_tmp=1479125919&as=A16538313A8D839&cp=581A7DF853099E1>
{'Title': '\xe5\xae\x9e\xe6\x8b\x8d\xef\xbc\x9a\xe4\xb8\x9c\xe5\x8c\x97\xe5\x86\x9c\xe6\xb0\x91\xe7\x9a\x84\xe6\x97\xa5\xe5\xb8\xb8\xe4\xbc\x99\xe9\xa3\x9f',
 'TitleUrl': u'http://www.toutiao.com/group/6351287831654531330/'}
2016-11-15 00:50:41 [scrapy] DEBUG: Scraped from <200 http://www.toutiao.com/api/article/feed/?category=news_food&utm_source=toutiao&widen=0&max_behot_time=0&max_behot_time_tmp=1479125919&as=A16538313A8D839&cp=581A7DF853099E1>
{'Title': '\xe5\xb1\x9e\xe4\xba\x8e80.90\xe5\x90\x8e\xe7\x9a\x84\xe9\x9b\xb6\xe9\xa3\x9f.\xe5\x8d\xb4\xe5\x86\x8d\xe5\x90\x83\xe4\xb8\x8d\xe5\x87\xba\xe5\xbd\x93\xe5\xb9\xb4\xe7\x9a\x84\xe6\x84\x9f\xe8\xa7\x89',
 'TitleUrl': u'http://www.toutiao.com/group/6352688904131690754/'}
2016-11-15 00:50:41 [scrapy] DEBUG: Scraped from <200 http://www.toutiao.com/api/article/feed/?category=news_food&utm_source=toutiao&widen=0&max_behot_time=0&max_behot_time_tmp=1479125919&as=A16538313A8D839&cp=581A7DF853099E1>
{'Title': '\xe5\xaa\xb3\xe5\xa6\x87\xe9\xa6\x96\xe6\xac\xa1\xe5\x81\x9a\xe9\xa5\xad\xef\xbc\x8c\xe7\xb4\xab\xe8\x96\xaf\xe7\xab\x9f\xe7\x85\xae\xe2\x80\x9c\xe7\xbb\xbf\xe2\x80\x9d\xe4\xba\x86\xef\xbc\x81\xe5\x90\x93\xe5\x9d\x8f\xef\xbc\x8c\xe5\xa9\x86\xe5\xa9\x86\xe5\x8d\xb4\xe4\xb8\x80\xe8\x84\xb8\xe4\xb8\x8d\xe4\xbb\xa5\xe4\xb8\xba\xe7\x84\xb6\xef\xbc\x9f',
 'TitleUrl': u'http://www.toutiao.com/group/6350494405149425922/'}
2016-11-15 00:50:41 [scrapy] DEBUG: Scraped from <200 http://www.toutiao.com/api/article/feed/?category=news_food&utm_source=toutiao&widen=0&max_behot_time=0&max_behot_time_tmp=1479125919&as=A16538313A8D839&cp=581A7DF853099E1>
{'Title': '\xe5\xae\xb6\xe5\xb8\xb8\xe6\xb0\xb4\xe7\x85\xae\xe9\xb1\xbc\xe8\xbf\x99\xe6\xa0\xb7\xe5\x81\x9a \xe6\xaf\x94\xe9\xa5\xad\xe5\xba\x97\xe5\xa5\xbd\xe5\x90\x8310\xe5\x80\x8d \xe6\x9c\x89\xe7\xa7\x98\xe8\xaf\x80\xef\xbc\x81',
 'TitleUrl': u'http://www.toutiao.com/group/6323471607583375618/'}
2016-11-15 00:50:41 [scrapy] DEBUG: Scraped from <200 http://www.toutiao.com/api/article/feed/?category=news_food&utm_source=toutiao&widen=0&max_behot_time=0&max_behot_time_tmp=1479125919&as=A16538313A8D839&cp=581A7DF853099E1>
{'Title': '\xe5\x85\xa5\xe5\x86\xac\xe7\x9a\x84\xe9\xa4\x90\xe6\xa1\x8c\xef\xbc\x8c\xe5\xbd\x93\xe7\x84\xb6\xe5\xb0\x91\xe4\xb8\x8d\xe4\xba\x86\xe7\x81\xab\xe9\x94\x85\xe7\x9a\x84\xe6\x88\x8f\xe4\xbb\xbd\xef\xbc\x81',
 'TitleUrl': u'http://www.toutiao.com/group/6350441450110583041/'}
2016-11-15 00:50:41 [scrapy] DEBUG: Scraped from <200 http://www.toutiao.com/api/article/feed/?category=news_food&utm_source=toutiao&widen=0&max_behot_time=0&max_behot_time_tmp=1479125919&as=A16538313A8D839&cp=581A7DF853099E1>
{'Title': '\xe4\xbd\xa0\xe8\xbf\x98\xe5\x9c\xa8\xe7\x94\xa8\xe7\x94\xb5\xe9\xa5\xad\xe7\x85\xb2\xe7\x86\xac\xe7\xb1\xb3\xe7\xb2\xa5\xef\xbc\x9f\xe5\xbf\xab\xe5\x88\xab\xe8\xb4\xb9\xe5\x8a\xb2\xe4\xba\x86\xef\xbc\x8c\xe7\x94\xa8\xe5\xae\x83\xe5\x81\x9a\xe5\x87\xba\xe7\x9a\x84\xe7\xb1\xb3\xe7\xb3\x8a\xe6\x9b\xb4\xe5\xa5\xbd\xe6\xb6\x88\xe5\x8c\x96',
 'TitleUrl': u'http://www.toutiao.com/group/6350962485709127938/'}
2016-11-15 00:50:41 [scrapy] DEBUG: Scraped from <200 http://www.toutiao.com/api/article/feed/?category=news_food&utm_source=toutiao&widen=0&max_behot_time=0&max_behot_time_tmp=1479125919&as=A16538313A8D839&cp=581A7DF853099E1>
{'Title': '\xe6\x97\xa9\xe9\xa4\x90\xe5\x90\x83\xe5\x95\xa5\xe6\x9c\x89\xe8\x90\xa5\xe5\x85\xbb\xef\xbc\x9f',
 'TitleUrl': u'http://www.toutiao.com/group/6352682022997065986/'}
2016-11-15 00:50:41 [scrapy] DEBUG: Scraped from <200 http://www.toutiao.com/api/article/feed/?category=news_food&utm_source=toutiao&widen=0&max_behot_time=0&max_behot_time_tmp=1479125919&as=A16538313A8D839&cp=581A7DF853099E1>
{'Title': '\xe5\x88\x86\xe5\x88\x86\xe9\x92\x9f\xe6\x95\x99\xe4\xbc\x9a\xe4\xbd\xa0\xe5\x81\x9a\xe4\xb8\x80\xe9\x81\x93\xe5\xbc\x80\xe8\x83\x83\xe8\x8f\x9c\xef\xbc\x8c\xe6\x88\x90\xe6\x9c\xac\xe5\x8f\xaa\xe9\x9c\x806\xe5\x9d\x97\xe9\x92\xb1\xef\xbc\x8c\xe4\xba\xba\xe4\xba\xba\xe9\x83\xbd\xe7\x88\xb1\xe5\x90\x83',
 'TitleUrl': u'http://www.toutiao.com/group/6352648123802779906/'}
2016-11-15 00:50:41 [scrapy] DEBUG: Scraped from <200 http://www.toutiao.com/api/article/feed/?category=news_food&utm_source=toutiao&widen=0&max_behot_time=0&max_behot_time_tmp=1479125919&as=A16538313A8D839&cp=581A7DF853099E1>
{'Title': '\xe6\x83\xb3\xe8\x80\x83\xe6\xb8\x85\xe5\x8d\x8e\xe5\x8c\x97\xe5\xa4\xa7\xe5\x90\x97\xef\xbc\x9f\xe8\xae\xa9\xe5\xad\xa9\xe5\xad\x90\xe5\x90\x83\xe4\xbb\xa5\xe4\xb8\x8b\xe9\xa3\x9f\xe5\x93\x81\xe5\x90\xa7\xef\xbc\x81',
 'TitleUrl': u'http://www.toutiao.com/group/6348637631597641986/'}
2016-11-15 00:50:41 [scrapy] DEBUG: Scraped from <200 http://www.toutiao.com/api/article/feed/?category=news_food&utm_source=toutiao&widen=0&max_behot_time=0&max_behot_time_tmp=1479125919&as=A16538313A8D839&cp=581A7DF853099E1>
{'Title': '\xe5\xad\x94\xe5\xad\x90\xe8\x80\x81\xe4\xb9\xa1\xe4\xb8\x80\xe8\x80\x81\xe5\xa4\xaa\xe5\xa4\xaa\xe5\x81\x9a\xe5\x87\xba\xe6\x83\x8a\xe4\xb8\x96\xe8\x96\x84\xe9\xa5\xbc\xef\xbc\x8c\xe2\x80\x9c\xe4\xbd\xa0\xe5\x90\x83\xe8\xbf\x87\xe7\xba\xb8\xe5\x90\x97\xe2\x80\x9d',
 'TitleUrl': u'http://www.toutiao.com/group/6351989269628829954/'}
2016-11-15 00:50:41 [scrapy] DEBUG: Scraped from <200 http://www.toutiao.com/api/article/feed/?category=news_food&utm_source=toutiao&widen=0&max_behot_time=0&max_behot_time_tmp=1479125919&as=A16538313A8D839&cp=581A7DF853099E1>
{'Title': '\xe5\xad\xa9\xe5\xad\x90\xe7\x88\xb1\xe5\x90\x83\xe7\x9a\x84\xe4\xb8\x8d\xe5\xbe\x97\xe4\xba\x86\xe7\x9a\x84\xe9\xb2\x9c\xe8\x99\xbe\xe8\x92\xb8\xe8\x9b\x8b\xef\xbc\x8c\xe9\xb2\x9c\xe9\xa6\x99\xe5\xab\xa9\xe6\xbb\x91\xe5\x81\x9a\xe6\xb3\x95\xe8\xbf\x98\xe8\xb6\x85\xe7\xae\x80\xe5\x8d\x95',
 'TitleUrl': u'http://www.toutiao.com/group/6350897622664741121/'}
2016-11-15 00:50:41 [scrapy] DEBUG: Scraped from <200 http://www.toutiao.com/api/article/feed/?category=news_food&utm_source=toutiao&widen=0&max_behot_time=0&max_behot_time_tmp=1479125919&as=A16538313A8D839&cp=581A7DF853099E1>
{'Title': '\xe8\x8c\xb6\xe5\x8f\xb6\xe9\x87\x8c\xe7\x9a\x84\xe5\xb0\x8f\xe7\x94\x9f\xe5\x91\xbd\xef\xbc\x8c\xe7\x9c\x8b\xe5\x88\xb0\xe8\xbf\x99\xe4\xb8\xaa\xef\xbc\x8c\xe4\xbd\xa0\xe8\xbf\x98\xe6\x80\x8e\xe4\xb9\x88\xe5\x96\x9d\xe8\x8c\xb6',
 'TitleUrl': u'http://www.toutiao.com/group/6351960267882086657/'}
2016-11-15 00:50:41 [scrapy] DEBUG: Scraped from <200 http://www.toutiao.com/api/article/feed/?category=news_food&utm_source=toutiao&widen=0&max_behot_time=0&max_behot_time_tmp=1479125919&as=A16538313A8D839&cp=581A7DF853099E1>
{'Title': '\xe5\xb8\xa6\xe8\x80\x81\xe5\xa9\x86\xe5\x8e\xbb\xe5\x90\x83\xe5\xa5\xb9\xe6\x9c\x80\xe7\x88\xb1\xe7\x9a\x84\xe7\x81\xab\xe9\x94\x85\xef\xbc\x8c\xe7\x9c\x8b\xe5\xae\x8c\xe9\x85\x8d\xe8\x8f\x9c\xe5\x90\x8e\xe5\xa5\xb9\xe7\xab\x9f\xe7\x84\xb6\xe8\xb7\x91\xe4\xba\x86',
 'TitleUrl': u'http://www.toutiao.com/group/6351720410551550210/'}
2016-11-15 00:50:41 [scrapy] DEBUG: Scraped from <200 http://www.toutiao.com/api/article/feed/?category=news_food&utm_source=toutiao&widen=0&max_behot_time=0&max_behot_time_tmp=1479125919&as=A16538313A8D839&cp=581A7DF853099E1>
{'Title': '\xe5\xb8\xa6\xe8\x80\x81\xe5\xa9\x86\xe5\x8e\xbb\xe5\x90\x83\xe5\xa5\xb9\xe6\x9c\x80\xe7\x88\xb1\xe7\x9a\x84\xe7\x81\xab\xe9\x94\x85\xef\xbc\x8c\xe7\x9c\x8b\xe5\xae\x8c\xe9\x85\x8d\xe8\x8f\x9c\xe5\x90\x8e\xe5\xa5\xb9\xe7\xab\x9f\xe7\x84\xb6\xe8\xb7\x91\xe4\xba\x86',
 'TitleUrl': u'http://www.toutiao.com/group/6352964083184795905/?_as_1479171040'}
2016-11-15 00:50:41 [toutiao] INFO: now entring download midware
2016-11-15 00:50:41 [toutiao] INFO: User-Agent is: Nusearch Spider (www.nusearch.com) <GET http://www.toutiao.com/api/article/feed/?category=news_food&utm_source=toutiao&widen=0&max_behot_time=0&max_behot_time_tmp=1479149983&as=A16538313A8D839&cp=581A7DF853099E1>
2016-11-15 00:50:42 [scrapy] DEBUG: Crawled (200) <GET http://www.toutiao.com/api/article/feed/?category=news_food&utm_source=toutiao&widen=0&max_behot_time=0&max_behot_time_tmp=1479149983&as=A16538313A8D839&cp=581A7DF853099E1> (referer: http://www.toutiao.com/api/article/feed/?category=news_food&utm_source=toutiao&widen=0&max_behot_time=0&max_behot_time_tmp=1479125919&as=A16538313A8D839&cp=581A7DF853099E1)
2016-11-15 00:50:42 [toutiao] DEBUG: Fetch toutiao homepage page: http://www.toutiao.com/api/article/feed/?category=news_food&utm_source=toutiao&widen=0&max_behot_time=0&max_behot_time_tmp=1479149983&as=A16538313A8D839&cp=581A7DF853099E1
2016-11-15 00:50:42 [scrapy] DEBUG: Scraped from <200 http://www.toutiao.com/api/article/feed/?category=news_food&utm_source=toutiao&widen=0&max_behot_time=0&max_behot_time_tmp=1479149983&as=A16538313A8D839&cp=581A7DF853099E1>
{'Title': '\xe5\xb0\x8f\xe6\x97\xb6\xe5\x80\x99\xe6\x9c\x80\xe7\x88\xb1\xe7\x9a\x84\xe2\x80\x9c\xe4\xba\x94\xe6\xaf\x9b\xe9\x92\xb1\xe5\xb0\x8f\xe5\x90\x83\xe2\x80\x9d\xe5\x88\xb0\xe5\xba\x95\xe6\x9c\x89\xe5\xa4\x9a\xe8\x84\x8f\xef\xbc\x9f',
 'TitleUrl': u'http://www.toutiao.com/group/6352450000890364161/'}
2016-11-15 00:50:42 [scrapy] DEBUG: Scraped from <200 http://www.toutiao.com/api/article/feed/?category=news_food&utm_source=toutiao&widen=0&max_behot_time=0&max_behot_time_tmp=1479149983&as=A16538313A8D839&cp=581A7DF853099E1>
{'Title': '\xe9\xa6\x99\xe9\xa6\x99\xe6\xbb\xa1\xe6\xbb\xa1\xe7\x9a\x84\xe7\x88\xb1\xef\xbc\x8c\xe6\x97\xa9\xe9\xa4\x90\xe7\xbb\x99\xe5\xae\xb6\xe4\xba\xba\xe5\x81\x9a\xe4\xb8\x80\xe7\xa2\x97\xe2\x80\x94\xe7\x9a\xae\xe8\x9b\x8b\xe7\x98\xa6\xe8\x82\x89\xe7\xb2\xa5',
 'TitleUrl': u'http://www.toutiao.com/group/6351929219445948674/'}
2016-11-15 00:50:42 [scrapy] DEBUG: Scraped from <200 http://www.toutiao.com/api/article/feed/?category=news_food&utm_source=toutiao&widen=0&max_behot_time=0&max_behot_time_tmp=1479149983&as=A16538313A8D839&cp=581A7DF853099E1>
{'Title': '\xe6\x97\xa9\xe9\xa4\x90\xe5\x90\x83\xe8\xbf\x99\xe4\xb8\xaa \xe4\xb8\x80\xe6\x95\xb4\xe5\xa4\xa9\xe7\x9a\x84\xe5\xbf\x83\xe6\x83\x85\xe9\x83\xbd\xe4\xbc\x9a\xe5\xbe\x88\xe5\xa5\xbd\xe5\x93\xa6\xef\xbc\x81',
 'TitleUrl': u'http://www.toutiao.com/group/6350888212726104322/'}
2016-11-15 00:50:42 [scrapy] DEBUG: Scraped from <200 http://www.toutiao.com/api/article/feed/?category=news_food&utm_source=toutiao&widen=0&max_behot_time=0&max_behot_time_tmp=1479149983&as=A16538313A8D839&cp=581A7DF853099E1>
{'Title': '\xe4\xb8\xba\xe4\xbb\x80\xe4\xb9\x88\xe9\x82\xa3\xe4\xb9\x88\xe5\xa4\x9a\xe4\xba\xba\xe5\x96\x9c\xe6\xac\xa2\xe8\x87\xaa\xe5\xb7\xb1\xe5\x96\x9d\xe9\x85\x92\xef\xbc\x9f',
 'TitleUrl': u'http://www.toutiao.com/group/6351725671579910402/'}
2016-11-15 00:50:42 [scrapy] DEBUG: Scraped from <200 http://www.toutiao.com/api/article/feed/?category=news_food&utm_source=toutiao&widen=0&max_behot_time=0&max_behot_time_tmp=1479149983&as=A16538313A8D839&cp=581A7DF853099E1>
{'Title': '\xe4\xb8\x89\xe9\xb2\x9c\xe7\xa0\x82\xe9\x94\x85\xef\xbc\x8c\xe7\x9c\x9f\xe7\x9a\x84\xe5\x8f\xaa\xe6\x9c\x89\xe4\xb8\x89\xe9\xb2\x9c\xe5\x90\x97\xef\xbc\x9f',
 'TitleUrl': u'http://www.toutiao.com/group/6352015773863756033/'}
2016-11-15 00:50:42 [scrapy] DEBUG: Scraped from <200 http://www.toutiao.com/api/article/feed/?category=news_food&utm_source=toutiao&widen=0&max_behot_time=0&max_behot_time_tmp=1479149983&as=A16538313A8D839&cp=581A7DF853099E1>
{'Title': '\xe6\x95\x99\xe4\xbd\xa0\xe5\x9c\xa8\xe5\xae\xb6\xe5\x81\x9a\xe7\x94\x9c\xe5\x93\x81\xef\xbc\x8c\xe8\xbf\x99\xe4\xb8\xaa\xe5\x86\xac\xe5\xa4\xa9\xe6\x9a\x96\xe6\x9a\x96\xe5\x93\x92',
 'TitleUrl': u'http://www.toutiao.com/group/6350483430920601857/'}
2016-11-15 00:50:42 [scrapy] DEBUG: Scraped from <200 http://www.toutiao.com/api/article/feed/?category=news_food&utm_source=toutiao&widen=0&max_behot_time=0&max_behot_time_tmp=1479149983&as=A16538313A8D839&cp=581A7DF853099E1>
{'Title': '\xe5\x88\xab\xe5\x86\x8d\xe6\x89\x94\xe4\xba\x86\xef\xbc\x81\xe5\x8e\x9f\xe6\x9d\xa5\xe7\xba\xa2\xe9\x85\x92\xe5\xa1\x9e\xe6\x89\x8d\xe6\x98\xaf\xe4\xb8\x80\xe7\x93\xb6\xe9\x85\x92\xe4\xb8\xad\xe6\x9c\x80\xe5\x80\xbc\xe9\x92\xb1\xe7\x9a\x84\xef\xbc\x81',
 'TitleUrl': u'http://www.toutiao.com/group/6341206984972468482/'}
2016-11-15 00:50:42 [scrapy] DEBUG: Scraped from <200 http://www.toutiao.com/api/article/feed/?category=news_food&utm_source=toutiao&widen=0&max_behot_time=0&max_behot_time_tmp=1479149983&as=A16538313A8D839&cp=581A7DF853099E1>
{'Title': '\xe6\x88\x91\xe6\x98\xaf\xe4\xb8\x80\xe4\xb8\xaa\xe9\xa4\x90\xe9\xa6\x86\xe6\x9c\x8d\xe5\x8a\xa1\xe5\x91\x98\xef\xbc\x8c\xe5\xa4\xa9\xe5\xa4\xa9\xe9\x83\xbd\xe5\x90\x83\xe9\xba\xbb\xe8\xbe\xa3\xe7\x83\xab\xef\xbc\x81',
 'TitleUrl': u'http://www.toutiao.com/group/6350920086307684609/'}
2016-11-15 00:50:42 [scrapy] DEBUG: Scraped from <200 http://www.toutiao.com/api/article/feed/?category=news_food&utm_source=toutiao&widen=0&max_behot_time=0&max_behot_time_tmp=1479149983&as=A16538313A8D839&cp=581A7DF853099E1>
{'Title': '\xe5\x93\xaa\xe4\xba\x9b\xe7\xa7\x98\xe6\x96\xb9\xe5\x8f\xaf\xe4\xbb\xa5\xe8\xae\xa9\xe7\xb1\xb3\xe9\xa5\xad\xe5\x8f\x98\xe5\xbe\x97\xe6\x9b\xb4\xe5\xa5\xbd\xe5\x90\x83\xef\xbc\x9f',
 'TitleUrl': u'http://www.toutiao.com/group/6352633727071289601/'}
2016-11-15 00:50:42 [scrapy] DEBUG: Scraped from <200 http://www.toutiao.com/api/article/feed/?category=news_food&utm_source=toutiao&widen=0&max_behot_time=0&max_behot_time_tmp=1479149983&as=A16538313A8D839&cp=581A7DF853099E1>
{'Title': '\xe5\xad\xa9\xe5\xad\x90\xe6\x9c\x80\xe5\x96\x9c\xe6\xac\xa2\xe7\x9a\x84\xe5\xa4\xaa\xe9\x98\xb3\xe8\x82\x89',
 'TitleUrl': u'http://www.toutiao.com/group/6350800300350030082/'}
2016-11-15 00:50:42 [scrapy] DEBUG: Scraped from <200 http://www.toutiao.com/api/article/feed/?category=news_food&utm_source=toutiao&widen=0&max_behot_time=0&max_behot_time_tmp=1479149983&as=A16538313A8D839&cp=581A7DF853099E1>
{'Title': '\xe5\xae\x9e\xe6\x8b\x8d\xef\xbc\x9a\xe4\xb8\x9c\xe5\x8c\x97\xe5\x86\x9c\xe6\xb0\x91\xe7\x9a\x84\xe6\x97\xa5\xe5\xb8\xb8\xe4\xbc\x99\xe9\xa3\x9f',
 'TitleUrl': u'http://www.toutiao.com/group/6351287831654531330/'}
2016-11-15 00:50:42 [scrapy] DEBUG: Scraped from <200 http://www.toutiao.com/api/article/feed/?category=news_food&utm_source=toutiao&widen=0&max_behot_time=0&max_behot_time_tmp=1479149983&as=A16538313A8D839&cp=581A7DF853099E1>
{'Title': '\xe5\xb1\x9e\xe4\xba\x8e80.90\xe5\x90\x8e\xe7\x9a\x84\xe9\x9b\xb6\xe9\xa3\x9f.\xe5\x8d\xb4\xe5\x86\x8d\xe5\x90\x83\xe4\xb8\x8d\xe5\x87\xba\xe5\xbd\x93\xe5\xb9\xb4\xe7\x9a\x84\xe6\x84\x9f\xe8\xa7\x89',
 'TitleUrl': u'http://www.toutiao.com/group/6352688904131690754/'}
2016-11-15 00:50:42 [scrapy] DEBUG: Scraped from <200 http://www.toutiao.com/api/article/feed/?category=news_food&utm_source=toutiao&widen=0&max_behot_time=0&max_behot_time_tmp=1479149983&as=A16538313A8D839&cp=581A7DF853099E1>
{'Title': '\xe5\xaa\xb3\xe5\xa6\x87\xe9\xa6\x96\xe6\xac\xa1\xe5\x81\x9a\xe9\xa5\xad\xef\xbc\x8c\xe7\xb4\xab\xe8\x96\xaf\xe7\xab\x9f\xe7\x85\xae\xe2\x80\x9c\xe7\xbb\xbf\xe2\x80\x9d\xe4\xba\x86\xef\xbc\x81\xe5\x90\x93\xe5\x9d\x8f\xef\xbc\x8c\xe5\xa9\x86\xe5\xa9\x86\xe5\x8d\xb4\xe4\xb8\x80\xe8\x84\xb8\xe4\xb8\x8d\xe4\xbb\xa5\xe4\xb8\xba\xe7\x84\xb6\xef\xbc\x9f',
 'TitleUrl': u'http://www.toutiao.com/group/6350494405149425922/'}
2016-11-15 00:50:42 [scrapy] DEBUG: Scraped from <200 http://www.toutiao.com/api/article/feed/?category=news_food&utm_source=toutiao&widen=0&max_behot_time=0&max_behot_time_tmp=1479149983&as=A16538313A8D839&cp=581A7DF853099E1>
{'Title': '\xe5\xae\xb6\xe5\xb8\xb8\xe6\xb0\xb4\xe7\x85\xae\xe9\xb1\xbc\xe8\xbf\x99\xe6\xa0\xb7\xe5\x81\x9a \xe6\xaf\x94\xe9\xa5\xad\xe5\xba\x97\xe5\xa5\xbd\xe5\x90\x8310\xe5\x80\x8d \xe6\x9c\x89\xe7\xa7\x98\xe8\xaf\x80\xef\xbc\x81',
 'TitleUrl': u'http://www.toutiao.com/group/6323471607583375618/'}
2016-11-15 00:50:42 [scrapy] DEBUG: Scraped from <200 http://www.toutiao.com/api/article/feed/?category=news_food&utm_source=toutiao&widen=0&max_behot_time=0&max_behot_time_tmp=1479149983&as=A16538313A8D839&cp=581A7DF853099E1>
{'Title': '\xe5\x85\xa5\xe5\x86\xac\xe7\x9a\x84\xe9\xa4\x90\xe6\xa1\x8c\xef\xbc\x8c\xe5\xbd\x93\xe7\x84\xb6\xe5\xb0\x91\xe4\xb8\x8d\xe4\xba\x86\xe7\x81\xab\xe9\x94\x85\xe7\x9a\x84\xe6\x88\x8f\xe4\xbb\xbd\xef\xbc\x81',
 'TitleUrl': u'http://www.toutiao.com/group/6350441450110583041/'}
2016-11-15 00:50:42 [scrapy] DEBUG: Scraped from <200 http://www.toutiao.com/api/article/feed/?category=news_food&utm_source=toutiao&widen=0&max_behot_time=0&max_behot_time_tmp=1479149983&as=A16538313A8D839&cp=581A7DF853099E1>
{'Title': '\xe5\x85\xa5\xe5\x86\xac\xe7\x9a\x84\xe9\xa4\x90\xe6\xa1\x8c\xef\xbc\x8c\xe5\xbd\x93\xe7\x84\xb6\xe5\xb0\x91\xe4\xb8\x8d\xe4\xba\x86\xe7\x81\xab\xe9\x94\x85\xe7\x9a\x84\xe6\x88\x8f\xe4\xbb\xbd\xef\xbc\x81',
 'TitleUrl': u'http://www.toutiao.com/group/6352963598985347329/?_as_1479171040'}
2016-11-15 00:50:42 [toutiao] INFO: now entring download midware
2016-11-15 00:50:42 [toutiao] INFO: User-Agent is: Speedy Spider (http://www.entireweb.com/about/search_tech/speedy_spider/) <GET http://www.toutiao.com/api/article/feed/?category=news_food&utm_source=toutiao&widen=0&max_behot_time=0&max_behot_time_tmp=1479168701&as=A16538313A8D839&cp=581A7DF853099E1>
2016-11-15 00:50:42 [scrapy] DEBUG: Crawled (200) <GET http://www.toutiao.com/api/article/feed/?category=news_food&utm_source=toutiao&widen=0&max_behot_time=0&max_behot_time_tmp=1479168701&as=A16538313A8D839&cp=581A7DF853099E1> (referer: http://www.toutiao.com/api/article/feed/?category=news_food&utm_source=toutiao&widen=0&max_behot_time=0&max_behot_time_tmp=1479149983&as=A16538313A8D839&cp=581A7DF853099E1)
2016-11-15 00:50:42 [toutiao] DEBUG: Fetch toutiao homepage page: http://www.toutiao.com/api/article/feed/?category=news_food&utm_source=toutiao&widen=0&max_behot_time=0&max_behot_time_tmp=1479168701&as=A16538313A8D839&cp=581A7DF853099E1
2016-11-15 00:50:42 [scrapy] DEBUG: Scraped from <200 http://www.toutiao.com/api/article/feed/?category=news_food&utm_source=toutiao&widen=0&max_behot_time=0&max_behot_time_tmp=1479168701&as=A16538313A8D839&cp=581A7DF853099E1>
{'Title': '\xe7\x83\xa4\xe8\x82\xa0\xe9\x87\x8c\xe7\x9a\x84\xe8\x82\x89\xe6\x98\xaf\xe4\xbb\x80\xe4\xb9\x88\xe8\x82\x89\xef\xbc\x9f\xe5\x90\x83\xe4\xba\x86\xe5\xaf\xb9\xe8\xba\xab\xe4\xbd\x93\xe6\x9c\x89\xe6\xb2\xa1\xe6\x9c\x89\xe4\xbb\x80\xe4\xb9\x88\xe5\xae\xb3\xe5\xa4\x84\xef\xbc\x9f',
 'TitleUrl': u'http://www.toutiao.com/group/6352783106453274881/'}
2016-11-15 00:50:42 [scrapy] DEBUG: Scraped from <200 http://www.toutiao.com/api/article/feed/?category=news_food&utm_source=toutiao&widen=0&max_behot_time=0&max_behot_time_tmp=1479168701&as=A16538313A8D839&cp=581A7DF853099E1>
{'Title': '\xe6\x89\x93\xe9\xb8\xa1\xe8\x9b\x8b\xe6\x97\xb6\xe5\x8a\xa0\xe5\x85\xa5\xe4\xb8\xa4\xe6\xa0\xb7\xe5\xae\x9d\xe5\xb0\xb1\xe8\x83\xbd\xe7\x82\x92\xe5\xa5\xbd\xe9\xb8\xa1\xe8\x9b\x8b',
 'TitleUrl': u'http://www.toutiao.com/group/6350111438031290881/'}
2016-11-15 00:50:42 [scrapy] DEBUG: Scraped from <200 http://www.toutiao.com/api/article/feed/?category=news_food&utm_source=toutiao&widen=0&max_behot_time=0&max_behot_time_tmp=1479168701&as=A16538313A8D839&cp=581A7DF853099E1>
{'Title': '\xe6\x80\x8e\xe4\xb9\x88\xe5\x88\xa4\xe6\x96\xad\xe7\x99\xbd\xe9\x85\x92\xe6\x98\xaf\xe7\xba\xaf\xe7\xb2\xae\xe9\x85\xbf\xe9\x80\xa0\xe7\x9a\x84\xe8\xbf\x98\xe6\x98\xaf\xe5\x8b\xbe\xe5\x85\x91\xe7\x9a\x84\xef\xbc\x9f',
 'TitleUrl': u'http://www.toutiao.com/group/6350537734720848129/'}
2016-11-15 00:50:42 [scrapy] DEBUG: Scraped from <200 http://www.toutiao.com/api/article/feed/?category=news_food&utm_source=toutiao&widen=0&max_behot_time=0&max_behot_time_tmp=1479168701&as=A16538313A8D839&cp=581A7DF853099E1>
{'Title': '\xe9\xb1\xbc\xe9\x92\x93\xe5\xa4\x9a\xe4\xba\x86\xe5\x90\x83\xe4\xb8\x8d\xe5\xae\x8c\xef\xbc\x9f\xe7\x9c\x8b\xe4\xbb\x96\xe4\xb8\x80\xe6\x8b\x9b\xe8\xae\xa9\xe5\x86\xbb\xe9\xb1\xbc\xe5\x8f\x98\xe7\xbe\x8e\xe5\x91\xb3',
 'TitleUrl': u'http://www.toutiao.com/group/6352118062933786881/'}
2016-11-15 00:50:42 [scrapy] DEBUG: Scraped from <200 http://www.toutiao.com/api/article/feed/?category=news_food&utm_source=toutiao&widen=0&max_behot_time=0&max_behot_time_tmp=1479168701&as=A16538313A8D839&cp=581A7DF853099E1>
{'Title': '\xe4\xbd\xa0\xe6\x9c\x89\xe7\x97\x85\xe5\x90\xa7\xef\xbc\x81\xe8\xaf\xb7\xe8\x87\xaa\xe8\xa7\x89\xe5\xaf\xb9\xe5\x8f\xb7\xe5\x85\xa5\xe5\xba\xa7',
 'TitleUrl': u'http://www.toutiao.com/group/6350921996020482305/'}
2016-11-15 00:50:42 [scrapy] DEBUG: Scraped from <200 http://www.toutiao.com/api/article/feed/?category=news_food&utm_source=toutiao&widen=0&max_behot_time=0&max_behot_time_tmp=1479168701&as=A16538313A8D839&cp=581A7DF853099E1>
{'Title': '\xe6\x99\x9a\xe9\xa4\x90\xe4\xb8\x80\xe7\x9b\xb4\xe4\xb8\x8d\xe6\x95\xa2\xe5\x90\x83\xe5\xa4\x9a\xef\xbc\x9f\xef\xbc\x818\xe4\xb8\xaa\xe8\x8f\x9c\xe8\xae\xa9\xe4\xbd\xa0\xe8\xb6\x8a\xe5\x90\x83\xe8\xb6\x8a\xe7\x98\xa6\xef\xbc\x81\xe5\x86\x8d\xe4\xb9\x9f\xe4\xb8\x8d\xe7\x94\xa8\xe5\xbf\x8d\xe5\x8f\x97\xe9\xa5\xa5\xe9\xa5\xbf\xe4\xba\x86',
 'TitleUrl': u'http://www.toutiao.com/group/6321771293575479554/'}
2016-11-15 00:50:42 [scrapy] DEBUG: Scraped from <200 http://www.toutiao.com/api/article/feed/?category=news_food&utm_source=toutiao&widen=0&max_behot_time=0&max_behot_time_tmp=1479168701&as=A16538313A8D839&cp=581A7DF853099E1>
{'Title': '80\xe5\xb2\x81\xe8\x80\x81\xe5\xa9\x86\xe5\xa9\x86\xe4\xba\xb2\xe8\x87\xaa\xe4\xb8\x8a\xe9\x98\xb5\xe5\x81\x9a\xe8\xa3\xa4\xe5\xb8\xa6\xe9\x9d\xa2\xef\xbc\x8c\xe8\x80\x81\xe5\xbd\x93\xe7\x9b\x8a\xe5\xa3\xae\xef\xbc\x81',
 'TitleUrl': u'http://www.toutiao.com/group/6350941152834093313/'}
2016-11-15 00:50:42 [scrapy] DEBUG: Scraped from <200 http://www.toutiao.com/api/article/feed/?category=news_food&utm_source=toutiao&widen=0&max_behot_time=0&max_behot_time_tmp=1479168701&as=A16538313A8D839&cp=581A7DF853099E1>
{'Title': '\xe5\xbe\x88\xe5\xa4\x9a\xe4\xba\xba\xe4\xb8\x8d\xe7\x9f\xa5\xe9\x81\x93\xe8\xbf\x99\xe6\xa0\xb7\xe7\x82\x92\xe8\x8f\x9c\xef\xbc\x8c\xe8\x8f\x9c\xe6\x89\x8d\xe4\xb8\x8d\xe4\xbc\x9a\xe8\x80\x81\xef\xbc\x81\xe4\xb8\x8d\xe4\xbc\x9a\xe5\x8f\x98\xe9\xbb\x84\xef\xbc\x81',
 'TitleUrl': u'http://www.toutiao.com/group/6352398288582852865/'}
2016-11-15 00:50:42 [scrapy] DEBUG: Scraped from <200 http://www.toutiao.com/api/article/feed/?category=news_food&utm_source=toutiao&widen=0&max_behot_time=0&max_behot_time_tmp=1479168701&as=A16538313A8D839&cp=581A7DF853099E1>
{'Title': '\xe5\xb0\x8f\xe6\x97\xb6\xe5\x80\x99\xe6\x9c\x80\xe7\x88\xb1\xe7\x9a\x84\xe2\x80\x9c\xe4\xba\x94\xe6\xaf\x9b\xe9\x92\xb1\xe5\xb0\x8f\xe5\x90\x83\xe2\x80\x9d\xe5\x88\xb0\xe5\xba\x95\xe6\x9c\x89\xe5\xa4\x9a\xe8\x84\x8f\xef\xbc\x9f',
 'TitleUrl': u'http://www.toutiao.com/group/6352450000890364161/'}
2016-11-15 00:50:42 [scrapy] DEBUG: Scraped from <200 http://www.toutiao.com/api/article/feed/?category=news_food&utm_source=toutiao&widen=0&max_behot_time=0&max_behot_time_tmp=1479168701&as=A16538313A8D839&cp=581A7DF853099E1>
{'Title': '\xe9\xa6\x99\xe9\xa6\x99\xe6\xbb\xa1\xe6\xbb\xa1\xe7\x9a\x84\xe7\x88\xb1\xef\xbc\x8c\xe6\x97\xa9\xe9\xa4\x90\xe7\xbb\x99\xe5\xae\xb6\xe4\xba\xba\xe5\x81\x9a\xe4\xb8\x80\xe7\xa2\x97\xe2\x80\x94\xe7\x9a\xae\xe8\x9b\x8b\xe7\x98\xa6\xe8\x82\x89\xe7\xb2\xa5',
 'TitleUrl': u'http://www.toutiao.com/group/6351929219445948674/'}
2016-11-15 00:50:42 [scrapy] DEBUG: Scraped from <200 http://www.toutiao.com/api/article/feed/?category=news_food&utm_source=toutiao&widen=0&max_behot_time=0&max_behot_time_tmp=1479168701&as=A16538313A8D839&cp=581A7DF853099E1>
{'Title': '\xe6\x97\xa9\xe9\xa4\x90\xe5\x90\x83\xe8\xbf\x99\xe4\xb8\xaa \xe4\xb8\x80\xe6\x95\xb4\xe5\xa4\xa9\xe7\x9a\x84\xe5\xbf\x83\xe6\x83\x85\xe9\x83\xbd\xe4\xbc\x9a\xe5\xbe\x88\xe5\xa5\xbd\xe5\x93\xa6\xef\xbc\x81',
 'TitleUrl': u'http://www.toutiao.com/group/6350888212726104322/'}
2016-11-15 00:50:42 [scrapy] DEBUG: Scraped from <200 http://www.toutiao.com/api/article/feed/?category=news_food&utm_source=toutiao&widen=0&max_behot_time=0&max_behot_time_tmp=1479168701&as=A16538313A8D839&cp=581A7DF853099E1>
{'Title': '\xe4\xb8\xba\xe4\xbb\x80\xe4\xb9\x88\xe9\x82\xa3\xe4\xb9\x88\xe5\xa4\x9a\xe4\xba\xba\xe5\x96\x9c\xe6\xac\xa2\xe8\x87\xaa\xe5\xb7\xb1\xe5\x96\x9d\xe9\x85\x92\xef\xbc\x9f',
 'TitleUrl': u'http://www.toutiao.com/group/6351725671579910402/'}
2016-11-15 00:50:42 [scrapy] DEBUG: Scraped from <200 http://www.toutiao.com/api/article/feed/?category=news_food&utm_source=toutiao&widen=0&max_behot_time=0&max_behot_time_tmp=1479168701&as=A16538313A8D839&cp=581A7DF853099E1>
{'Title': '\xe4\xb8\x89\xe9\xb2\x9c\xe7\xa0\x82\xe9\x94\x85\xef\xbc\x8c\xe7\x9c\x9f\xe7\x9a\x84\xe5\x8f\xaa\xe6\x9c\x89\xe4\xb8\x89\xe9\xb2\x9c\xe5\x90\x97\xef\xbc\x9f',
 'TitleUrl': u'http://www.toutiao.com/group/6352015773863756033/'}
2016-11-15 00:50:42 [scrapy] DEBUG: Scraped from <200 http://www.toutiao.com/api/article/feed/?category=news_food&utm_source=toutiao&widen=0&max_behot_time=0&max_behot_time_tmp=1479168701&as=A16538313A8D839&cp=581A7DF853099E1>
{'Title': '\xe6\x95\x99\xe4\xbd\xa0\xe5\x9c\xa8\xe5\xae\xb6\xe5\x81\x9a\xe7\x94\x9c\xe5\x93\x81\xef\xbc\x8c\xe8\xbf\x99\xe4\xb8\xaa\xe5\x86\xac\xe5\xa4\xa9\xe6\x9a\x96\xe6\x9a\x96\xe5\x93\x92',
 'TitleUrl': u'http://www.toutiao.com/group/6350483430920601857/'}
2016-11-15 00:50:42 [scrapy] DEBUG: Scraped from <200 http://www.toutiao.com/api/article/feed/?category=news_food&utm_source=toutiao&widen=0&max_behot_time=0&max_behot_time_tmp=1479168701&as=A16538313A8D839&cp=581A7DF853099E1>
{'Title': '\xe5\x88\xab\xe5\x86\x8d\xe6\x89\x94\xe4\xba\x86\xef\xbc\x81\xe5\x8e\x9f\xe6\x9d\xa5\xe7\xba\xa2\xe9\x85\x92\xe5\xa1\x9e\xe6\x89\x8d\xe6\x98\xaf\xe4\xb8\x80\xe7\x93\xb6\xe9\x85\x92\xe4\xb8\xad\xe6\x9c\x80\xe5\x80\xbc\xe9\x92\xb1\xe7\x9a\x84\xef\xbc\x81',
 'TitleUrl': u'http://www.toutiao.com/group/6341206984972468482/'}
2016-11-15 00:50:42 [scrapy] DEBUG: Scraped from <200 http://www.toutiao.com/api/article/feed/?category=news_food&utm_source=toutiao&widen=0&max_behot_time=0&max_behot_time_tmp=1479168701&as=A16538313A8D839&cp=581A7DF853099E1>
{'Title': '\xe5\x88\xab\xe5\x86\x8d\xe6\x89\x94\xe4\xba\x86\xef\xbc\x81\xe5\x8e\x9f\xe6\x9d\xa5\xe7\xba\xa2\xe9\x85\x92\xe5\xa1\x9e\xe6\x89\x8d\xe6\x98\xaf\xe4\xb8\x80\xe7\x93\xb6\xe9\x85\x92\xe4\xb8\xad\xe6\x9c\x80\xe5\x80\xbc\xe9\x92\xb1\xe7\x9a\x84\xef\xbc\x81',
 'TitleUrl': u'http://www.toutiao.com/group/6352963598986510593/?_as_1479171041'}
2016-11-15 00:50:42 [toutiao] INFO: now entring download midware
2016-11-15 00:50:42 [toutiao] INFO: User-Agent is: Xaldon_WebSpider/2.0.b1 <GET http://www.toutiao.com/api/article/feed/?category=news_food&utm_source=toutiao&widen=0&max_behot_time=0&max_behot_time_tmp=1479170781&as=A16538313A8D839&cp=581A7DF853099E1>
2016-11-15 00:50:43 [scrapy] DEBUG: Crawled (200) <GET http://www.toutiao.com/api/article/feed/?category=news_food&utm_source=toutiao&widen=0&max_behot_time=0&max_behot_time_tmp=1479170781&as=A16538313A8D839&cp=581A7DF853099E1> (referer: http://www.toutiao.com/api/article/feed/?category=news_food&utm_source=toutiao&widen=0&max_behot_time=0&max_behot_time_tmp=1479168701&as=A16538313A8D839&cp=581A7DF853099E1)
2016-11-15 00:50:43 [toutiao] DEBUG: Fetch toutiao homepage page: http://www.toutiao.com/api/article/feed/?category=news_food&utm_source=toutiao&widen=0&max_behot_time=0&max_behot_time_tmp=1479170781&as=A16538313A8D839&cp=581A7DF853099E1
2016-11-15 00:50:43 [scrapy] DEBUG: Scraped from <200 http://www.toutiao.com/api/article/feed/?category=news_food&utm_source=toutiao&widen=0&max_behot_time=0&max_behot_time_tmp=1479170781&as=A16538313A8D839&cp=581A7DF853099E1>
{'Title': '\xe5\x8d\x81\xe4\xba\x8c\xe9\x81\x93\xe9\x94\x8b\xe5\x91\xb3\xef\xbc\x8c\xe9\x99\xa4\xe7\x97\x98\xe6\x8e\x92\xe6\xaf\x92\xef\xbc\x8c\xe6\xb8\x85\xe6\xaf\x92\xe5\xae\xb6\xe9\x87\x8c\xe5\xbf\x85\xe5\xa4\x87',
 'TitleUrl': u'http://www.toutiao.com/group/6350393832379449601/'}
2016-11-15 00:50:43 [scrapy] DEBUG: Scraped from <200 http://www.toutiao.com/api/article/feed/?category=news_food&utm_source=toutiao&widen=0&max_behot_time=0&max_behot_time_tmp=1479170781&as=A16538313A8D839&cp=581A7DF853099E1>
{'Title': '\xe5\x9c\xa8\xe5\xad\x94\xe5\xad\x90\xe5\xae\xb6\xe4\xb9\xa1\xef\xbc\x8c\xe7\x9c\x8b\xe8\xbf\x99\xe7\xa7\x8d\xe5\x8f\xaf\xe4\xbb\xa5\xe5\x90\x83\xe7\x9a\x84\xe2\x80\x9c\xe7\xba\xb8\xe2\x80\x9d\xe6\x98\xaf\xe5\xa6\x82\xe4\xbd\x95\xe5\x88\xb6\xe4\xbd\x9c\xe5\x87\xba\xe6\x9d\xa5\xe7\x9a\x84\xef\xbc\x81',
 'TitleUrl': u'http://www.toutiao.com/group/6350815608837243393/'}
2016-11-15 00:50:43 [scrapy] DEBUG: Scraped from <200 http://www.toutiao.com/api/article/feed/?category=news_food&utm_source=toutiao&widen=0&max_behot_time=0&max_behot_time_tmp=1479170781&as=A16538313A8D839&cp=581A7DF853099E1>
{'Title': '\xe4\xbb\x80\xe4\xb9\x88\xe7\x89\x8c\xe5\xad\x90\xe7\x9a\x84\xe5\x8e\xa8\xe5\xb8\x88\xe6\x9c\xba\xe5\xa5\xbd\xef\xbc\x9f\xe5\x8e\xa8\xe5\xb8\x88\xe6\x9c\xba\xe7\x9a\x84\xe9\x80\x89\xe6\x8b\xa9\xe7\x9f\xa5\xe8\xaf\x86&\xe9\xab\x98\xe5\x93\x81\xe8\xb4\xa8\xe5\x8e\xa8\xe5\xb8\x88\xe6\x9c\xba\xe6\x8e\xa8\xe8\x8d\x90',
 'TitleUrl': u'http://www.toutiao.com/group/6351925426109546754/'}
2016-11-15 00:50:43 [scrapy] DEBUG: Scraped from <200 http://www.toutiao.com/api/article/feed/?category=news_food&utm_source=toutiao&widen=0&max_behot_time=0&max_behot_time_tmp=1479170781&as=A16538313A8D839&cp=581A7DF853099E1>
{'Title': '\xe5\x90\x83\xe7\xb4\xa022\xe5\xb9\xb4\xe7\x9a\x84\xe5\xa5\xb3\xe5\xad\x90\xe7\xac\xac\xe4\xb8\x80\xe6\xac\xa1\xe5\xb0\x9d\xe4\xba\x86\xe8\x82\x89\xe9\xa3\x9f\xef\xbc\x8c\xe6\xbb\xa1\xe8\xb6\xb3\xe7\x9a\x84\xe8\xa1\xa8\xe6\x83\x85\xe8\xae\xa9\xe4\xba\xba\xe6\xb0\xb8\xe7\x94\x9f\xe9\x9a\xbe\xe5\xbf\x98\xef\xbc\x81',
 'TitleUrl': u'http://www.toutiao.com/group/6350453612195381506/'}
2016-11-15 00:50:43 [scrapy] DEBUG: Scraped from <200 http://www.toutiao.com/api/article/feed/?category=news_food&utm_source=toutiao&widen=0&max_behot_time=0&max_behot_time_tmp=1479170781&as=A16538313A8D839&cp=581A7DF853099E1>
{'Title': '\xe7\xba\xa2\xe6\xb2\xb9\xe5\xae\xb6\xe5\xb8\xb8\xe8\x8f\x9c\xe5\x81\x9a\xe6\xb3\x95\xe5\xa4\xa7\xe5\x85\xa8\xef\xbc\x8c\xe7\xbb\x9d\xe5\xaf\xb9\xe5\x88\xba\xe6\xbf\x80\xe4\xbd\xa0\xe7\x9a\x84\xe5\x91\xb3\xe8\x95\xbe',
 'TitleUrl': u'http://www.toutiao.com/group/6319815420904210689/'}
2016-11-15 00:50:43 [scrapy] DEBUG: Scraped from <200 http://www.toutiao.com/api/article/feed/?category=news_food&utm_source=toutiao&widen=0&max_behot_time=0&max_behot_time_tmp=1479170781&as=A16538313A8D839&cp=581A7DF853099E1>
{'Title': '\xe6\x9c\x8b\xe5\x8f\x8b\xe6\x9d\xa5\xe5\x81\x9a\xe5\xae\xa2\xe6\x97\xb6\xe6\x88\x91\xe5\xb8\xb8\xe5\x81\x9a\xe7\x9a\x84\xe4\xb8\x80\xe9\x81\x93\xe8\x8f\x9c\xef\xbc\x8c\xe7\xae\x80\xe5\x8d\x95\xe6\x98\x93\xe5\x81\x9a\xef\xbc\x8c\xe6\x9c\x8b\xe5\x8f\x8b\xe9\x83\xbd\xe8\xaf\xb4\xe5\xa5\xbd\xef\xbc\x81',
 'TitleUrl': u'http://www.toutiao.com/group/6352045259182981377/'}
2016-11-15 00:50:43 [scrapy] DEBUG: Scraped from <200 http://www.toutiao.com/api/article/feed/?category=news_food&utm_source=toutiao&widen=0&max_behot_time=0&max_behot_time_tmp=1479170781&as=A16538313A8D839&cp=581A7DF853099E1>
{'Title': '\xe7\xab\x8b\xe5\x86\xac\xe5\x90\x83\xe4\xba\x86\xe5\xae\x83\xef\xbc\x8c\xe6\x95\xb4\xe4\xb8\xaa\xe5\x86\xac\xe5\xa4\xa9\xe4\xb8\x8d\xe6\x80\x95\xe4\xba\x86\xe5\x86\xb7\xef\xbc\x81\xe6\x9c\x89\xe4\xba\xba\xe5\xab\x8c\xe5\xae\x83\xe8\x86\xbb\xef\xbc\x8c\xe6\x88\x91\xe7\x9a\x84\xe6\x96\xb9\xe6\xb3\x95\xe5\xa5\xbd\xe5\x90\x83\xe5\x8f\x88\xe7\xae\x80\xe5\x8d\x95',
 'TitleUrl': u'http://www.toutiao.com/group/6350487811996844289/'}
2016-11-15 00:50:43 [scrapy] DEBUG: Scraped from <200 http://www.toutiao.com/api/article/feed/?category=news_food&utm_source=toutiao&widen=0&max_behot_time=0&max_behot_time_tmp=1479170781&as=A16538313A8D839&cp=581A7DF853099E1>
{'Title': '\xe7\xbb\x8f\xe5\xb8\xb8\xe5\x96\x9d\xe9\x85\x92\xe4\xbc\x9a\xe4\xb8\x8d\xe4\xbc\x9a\xe5\xbc\x95\xe8\xb5\xb7\xe8\x82\x9d\xe7\x99\x8c',
 'TitleUrl': u'http://www.toutiao.com/group/6351229701591351553/'}
2016-11-15 00:50:43 [scrapy] DEBUG: Scraped from <200 http://www.toutiao.com/api/article/feed/?category=news_food&utm_source=toutiao&widen=0&max_behot_time=0&max_behot_time_tmp=1479170781&as=A16538313A8D839&cp=581A7DF853099E1>
{'Title': '\xe7\x83\xa4\xe8\x82\xa0\xe9\x87\x8c\xe7\x9a\x84\xe8\x82\x89\xe6\x98\xaf\xe4\xbb\x80\xe4\xb9\x88\xe8\x82\x89\xef\xbc\x9f\xe5\x90\x83\xe4\xba\x86\xe5\xaf\xb9\xe8\xba\xab\xe4\xbd\x93\xe6\x9c\x89\xe6\xb2\xa1\xe6\x9c\x89\xe4\xbb\x80\xe4\xb9\x88\xe5\xae\xb3\xe5\xa4\x84\xef\xbc\x9f',
 'TitleUrl': u'http://www.toutiao.com/group/6352783106453274881/'}
2016-11-15 00:50:43 [scrapy] DEBUG: Scraped from <200 http://www.toutiao.com/api/article/feed/?category=news_food&utm_source=toutiao&widen=0&max_behot_time=0&max_behot_time_tmp=1479170781&as=A16538313A8D839&cp=581A7DF853099E1>
{'Title': '\xe6\x89\x93\xe9\xb8\xa1\xe8\x9b\x8b\xe6\x97\xb6\xe5\x8a\xa0\xe5\x85\xa5\xe4\xb8\xa4\xe6\xa0\xb7\xe5\xae\x9d\xe5\xb0\xb1\xe8\x83\xbd\xe7\x82\x92\xe5\xa5\xbd\xe9\xb8\xa1\xe8\x9b\x8b',
 'TitleUrl': u'http://www.toutiao.com/group/6350111438031290881/'}
2016-11-15 00:50:43 [scrapy] DEBUG: Scraped from <200 http://www.toutiao.com/api/article/feed/?category=news_food&utm_source=toutiao&widen=0&max_behot_time=0&max_behot_time_tmp=1479170781&as=A16538313A8D839&cp=581A7DF853099E1>
{'Title': '\xe6\x80\x8e\xe4\xb9\x88\xe5\x88\xa4\xe6\x96\xad\xe7\x99\xbd\xe9\x85\x92\xe6\x98\xaf\xe7\xba\xaf\xe7\xb2\xae\xe9\x85\xbf\xe9\x80\xa0\xe7\x9a\x84\xe8\xbf\x98\xe6\x98\xaf\xe5\x8b\xbe\xe5\x85\x91\xe7\x9a\x84\xef\xbc\x9f',
 'TitleUrl': u'http://www.toutiao.com/group/6350537734720848129/'}
2016-11-15 00:50:43 [scrapy] DEBUG: Scraped from <200 http://www.toutiao.com/api/article/feed/?category=news_food&utm_source=toutiao&widen=0&max_behot_time=0&max_behot_time_tmp=1479170781&as=A16538313A8D839&cp=581A7DF853099E1>
{'Title': '\xe9\xb1\xbc\xe9\x92\x93\xe5\xa4\x9a\xe4\xba\x86\xe5\x90\x83\xe4\xb8\x8d\xe5\xae\x8c\xef\xbc\x9f\xe7\x9c\x8b\xe4\xbb\x96\xe4\xb8\x80\xe6\x8b\x9b\xe8\xae\xa9\xe5\x86\xbb\xe9\xb1\xbc\xe5\x8f\x98\xe7\xbe\x8e\xe5\x91\xb3',
 'TitleUrl': u'http://www.toutiao.com/group/6352118062933786881/'}
2016-11-15 00:50:43 [scrapy] DEBUG: Scraped from <200 http://www.toutiao.com/api/article/feed/?category=news_food&utm_source=toutiao&widen=0&max_behot_time=0&max_behot_time_tmp=1479170781&as=A16538313A8D839&cp=581A7DF853099E1>
{'Title': '\xe4\xbd\xa0\xe6\x9c\x89\xe7\x97\x85\xe5\x90\xa7\xef\xbc\x81\xe8\xaf\xb7\xe8\x87\xaa\xe8\xa7\x89\xe5\xaf\xb9\xe5\x8f\xb7\xe5\x85\xa5\xe5\xba\xa7',
 'TitleUrl': u'http://www.toutiao.com/group/6350921996020482305/'}
2016-11-15 00:50:43 [scrapy] DEBUG: Scraped from <200 http://www.toutiao.com/api/article/feed/?category=news_food&utm_source=toutiao&widen=0&max_behot_time=0&max_behot_time_tmp=1479170781&as=A16538313A8D839&cp=581A7DF853099E1>
{'Title': '\xe6\x99\x9a\xe9\xa4\x90\xe4\xb8\x80\xe7\x9b\xb4\xe4\xb8\x8d\xe6\x95\xa2\xe5\x90\x83\xe5\xa4\x9a\xef\xbc\x9f\xef\xbc\x818\xe4\xb8\xaa\xe8\x8f\x9c\xe8\xae\xa9\xe4\xbd\xa0\xe8\xb6\x8a\xe5\x90\x83\xe8\xb6\x8a\xe7\x98\xa6\xef\xbc\x81\xe5\x86\x8d\xe4\xb9\x9f\xe4\xb8\x8d\xe7\x94\xa8\xe5\xbf\x8d\xe5\x8f\x97\xe9\xa5\xa5\xe9\xa5\xbf\xe4\xba\x86',
 'TitleUrl': u'http://www.toutiao.com/group/6321771293575479554/'}
2016-11-15 00:50:43 [scrapy] DEBUG: Scraped from <200 http://www.toutiao.com/api/article/feed/?category=news_food&utm_source=toutiao&widen=0&max_behot_time=0&max_behot_time_tmp=1479170781&as=A16538313A8D839&cp=581A7DF853099E1>
{'Title': '80\xe5\xb2\x81\xe8\x80\x81\xe5\xa9\x86\xe5\xa9\x86\xe4\xba\xb2\xe8\x87\xaa\xe4\xb8\x8a\xe9\x98\xb5\xe5\x81\x9a\xe8\xa3\xa4\xe5\xb8\xa6\xe9\x9d\xa2\xef\xbc\x8c\xe8\x80\x81\xe5\xbd\x93\xe7\x9b\x8a\xe5\xa3\xae\xef\xbc\x81',
 'TitleUrl': u'http://www.toutiao.com/group/6350941152834093313/'}
2016-11-15 00:50:43 [scrapy] DEBUG: Scraped from <200 http://www.toutiao.com/api/article/feed/?category=news_food&utm_source=toutiao&widen=0&max_behot_time=0&max_behot_time_tmp=1479170781&as=A16538313A8D839&cp=581A7DF853099E1>
{'Title': '80\xe5\xb2\x81\xe8\x80\x81\xe5\xa9\x86\xe5\xa9\x86\xe4\xba\xb2\xe8\x87\xaa\xe4\xb8\x8a\xe9\x98\xb5\xe5\x81\x9a\xe8\xa3\xa4\xe5\xb8\xa6\xe9\x9d\xa2\xef\xbc\x8c\xe8\x80\x81\xe5\xbd\x93\xe7\x9b\x8a\xe5\xa3\xae\xef\xbc\x81',
 'TitleUrl': u'http://www.toutiao.com/group/6352963663578104065/?_as_1479171041'}
2016-11-15 00:50:43 [toutiao] INFO: now entring download midware
2016-11-15 00:50:43 [toutiao] INFO: User-Agent is: Mozilla/5.0 (Windows; U; Windows NT 5.1; en-US) Speedy Spider(http://www.entireweb.com/about/search_tech/speedy_spider/) <GET http://www.toutiao.com/api/article/feed/?category=news_food&utm_source=toutiao&widen=0&max_behot_time=0&max_behot_time_tmp=1479171012&as=A16538313A8D839&cp=581A7DF853099E1>
2016-11-15 00:50:43 [scrapy] DEBUG: Crawled (200) <GET http://www.toutiao.com/api/article/feed/?category=news_food&utm_source=toutiao&widen=0&max_behot_time=0&max_behot_time_tmp=1479171012&as=A16538313A8D839&cp=581A7DF853099E1> (referer: http://www.toutiao.com/api/article/feed/?category=news_food&utm_source=toutiao&widen=0&max_behot_time=0&max_behot_time_tmp=1479170781&as=A16538313A8D839&cp=581A7DF853099E1)
2016-11-15 00:50:43 [toutiao] DEBUG: Fetch toutiao homepage page: http://www.toutiao.com/api/article/feed/?category=news_food&utm_source=toutiao&widen=0&max_behot_time=0&max_behot_time_tmp=1479171012&as=A16538313A8D839&cp=581A7DF853099E1
2016-11-15 00:50:43 [scrapy] DEBUG: Scraped from <200 http://www.toutiao.com/api/article/feed/?category=news_food&utm_source=toutiao&widen=0&max_behot_time=0&max_behot_time_tmp=1479171012&as=A16538313A8D839&cp=581A7DF853099E1>
{'Title': '\xe7\x83\xa4\xe8\x82\xa0\xe9\x87\x8c\xe7\x9a\x84\xe8\x82\x89\xe6\x98\xaf\xe4\xbb\x80\xe4\xb9\x88\xe8\x82\x89\xef\xbc\x9f\xe5\x90\x83\xe4\xba\x86\xe5\xaf\xb9\xe8\xba\xab\xe4\xbd\x93\xe6\x9c\x89\xe6\xb2\xa1\xe6\x9c\x89\xe4\xbb\x80\xe4\xb9\x88\xe5\xae\xb3\xe5\xa4\x84\xef\xbc\x9f',
 'TitleUrl': u'http://www.toutiao.com/group/6352783106453274881/'}
2016-11-15 00:50:43 [scrapy] DEBUG: Scraped from <200 http://www.toutiao.com/api/article/feed/?category=news_food&utm_source=toutiao&widen=0&max_behot_time=0&max_behot_time_tmp=1479171012&as=A16538313A8D839&cp=581A7DF853099E1>
{'Title': '\xe6\x89\x93\xe9\xb8\xa1\xe8\x9b\x8b\xe6\x97\xb6\xe5\x8a\xa0\xe5\x85\xa5\xe4\xb8\xa4\xe6\xa0\xb7\xe5\xae\x9d\xe5\xb0\xb1\xe8\x83\xbd\xe7\x82\x92\xe5\xa5\xbd\xe9\xb8\xa1\xe8\x9b\x8b',
 'TitleUrl': u'http://www.toutiao.com/group/6350111438031290881/'}
2016-11-15 00:50:43 [scrapy] DEBUG: Scraped from <200 http://www.toutiao.com/api/article/feed/?category=news_food&utm_source=toutiao&widen=0&max_behot_time=0&max_behot_time_tmp=1479171012&as=A16538313A8D839&cp=581A7DF853099E1>
{'Title': '\xe6\x80\x8e\xe4\xb9\x88\xe5\x88\xa4\xe6\x96\xad\xe7\x99\xbd\xe9\x85\x92\xe6\x98\xaf\xe7\xba\xaf\xe7\xb2\xae\xe9\x85\xbf\xe9\x80\xa0\xe7\x9a\x84\xe8\xbf\x98\xe6\x98\xaf\xe5\x8b\xbe\xe5\x85\x91\xe7\x9a\x84\xef\xbc\x9f',
 'TitleUrl': u'http://www.toutiao.com/group/6350537734720848129/'}
2016-11-15 00:50:43 [scrapy] DEBUG: Scraped from <200 http://www.toutiao.com/api/article/feed/?category=news_food&utm_source=toutiao&widen=0&max_behot_time=0&max_behot_time_tmp=1479171012&as=A16538313A8D839&cp=581A7DF853099E1>
{'Title': '\xe9\xb1\xbc\xe9\x92\x93\xe5\xa4\x9a\xe4\xba\x86\xe5\x90\x83\xe4\xb8\x8d\xe5\xae\x8c\xef\xbc\x9f\xe7\x9c\x8b\xe4\xbb\x96\xe4\xb8\x80\xe6\x8b\x9b\xe8\xae\xa9\xe5\x86\xbb\xe9\xb1\xbc\xe5\x8f\x98\xe7\xbe\x8e\xe5\x91\xb3',
 'TitleUrl': u'http://www.toutiao.com/group/6352118062933786881/'}
2016-11-15 00:50:43 [scrapy] DEBUG: Scraped from <200 http://www.toutiao.com/api/article/feed/?category=news_food&utm_source=toutiao&widen=0&max_behot_time=0&max_behot_time_tmp=1479171012&as=A16538313A8D839&cp=581A7DF853099E1>
{'Title': '\xe4\xbd\xa0\xe6\x9c\x89\xe7\x97\x85\xe5\x90\xa7\xef\xbc\x81\xe8\xaf\xb7\xe8\x87\xaa\xe8\xa7\x89\xe5\xaf\xb9\xe5\x8f\xb7\xe5\x85\xa5\xe5\xba\xa7',
 'TitleUrl': u'http://www.toutiao.com/group/6350921996020482305/'}
2016-11-15 00:50:43 [scrapy] DEBUG: Scraped from <200 http://www.toutiao.com/api/article/feed/?category=news_food&utm_source=toutiao&widen=0&max_behot_time=0&max_behot_time_tmp=1479171012&as=A16538313A8D839&cp=581A7DF853099E1>
{'Title': '\xe6\x99\x9a\xe9\xa4\x90\xe4\xb8\x80\xe7\x9b\xb4\xe4\xb8\x8d\xe6\x95\xa2\xe5\x90\x83\xe5\xa4\x9a\xef\xbc\x9f\xef\xbc\x818\xe4\xb8\xaa\xe8\x8f\x9c\xe8\xae\xa9\xe4\xbd\xa0\xe8\xb6\x8a\xe5\x90\x83\xe8\xb6\x8a\xe7\x98\xa6\xef\xbc\x81\xe5\x86\x8d\xe4\xb9\x9f\xe4\xb8\x8d\xe7\x94\xa8\xe5\xbf\x8d\xe5\x8f\x97\xe9\xa5\xa5\xe9\xa5\xbf\xe4\xba\x86',
 'TitleUrl': u'http://www.toutiao.com/group/6321771293575479554/'}
2016-11-15 00:50:43 [scrapy] DEBUG: Scraped from <200 http://www.toutiao.com/api/article/feed/?category=news_food&utm_source=toutiao&widen=0&max_behot_time=0&max_behot_time_tmp=1479171012&as=A16538313A8D839&cp=581A7DF853099E1>
{'Title': '80\xe5\xb2\x81\xe8\x80\x81\xe5\xa9\x86\xe5\xa9\x86\xe4\xba\xb2\xe8\x87\xaa\xe4\xb8\x8a\xe9\x98\xb5\xe5\x81\x9a\xe8\xa3\xa4\xe5\xb8\xa6\xe9\x9d\xa2\xef\xbc\x8c\xe8\x80\x81\xe5\xbd\x93\xe7\x9b\x8a\xe5\xa3\xae\xef\xbc\x81',
 'TitleUrl': u'http://www.toutiao.com/group/6350941152834093313/'}
2016-11-15 00:50:43 [scrapy] DEBUG: Scraped from <200 http://www.toutiao.com/api/article/feed/?category=news_food&utm_source=toutiao&widen=0&max_behot_time=0&max_behot_time_tmp=1479171012&as=A16538313A8D839&cp=581A7DF853099E1>
{'Title': '\xe5\xbe\x88\xe5\xa4\x9a\xe4\xba\xba\xe4\xb8\x8d\xe7\x9f\xa5\xe9\x81\x93\xe8\xbf\x99\xe6\xa0\xb7\xe7\x82\x92\xe8\x8f\x9c\xef\xbc\x8c\xe8\x8f\x9c\xe6\x89\x8d\xe4\xb8\x8d\xe4\xbc\x9a\xe8\x80\x81\xef\xbc\x81\xe4\xb8\x8d\xe4\xbc\x9a\xe5\x8f\x98\xe9\xbb\x84\xef\xbc\x81',
 'TitleUrl': u'http://www.toutiao.com/group/6352398288582852865/'}
2016-11-15 00:50:43 [scrapy] DEBUG: Scraped from <200 http://www.toutiao.com/api/article/feed/?category=news_food&utm_source=toutiao&widen=0&max_behot_time=0&max_behot_time_tmp=1479171012&as=A16538313A8D839&cp=581A7DF853099E1>
{'Title': '\xe5\xb0\x8f\xe6\x97\xb6\xe5\x80\x99\xe6\x9c\x80\xe7\x88\xb1\xe7\x9a\x84\xe2\x80\x9c\xe4\xba\x94\xe6\xaf\x9b\xe9\x92\xb1\xe5\xb0\x8f\xe5\x90\x83\xe2\x80\x9d\xe5\x88\xb0\xe5\xba\x95\xe6\x9c\x89\xe5\xa4\x9a\xe8\x84\x8f\xef\xbc\x9f',
 'TitleUrl': u'http://www.toutiao.com/group/6352450000890364161/'}
2016-11-15 00:50:43 [scrapy] DEBUG: Scraped from <200 http://www.toutiao.com/api/article/feed/?category=news_food&utm_source=toutiao&widen=0&max_behot_time=0&max_behot_time_tmp=1479171012&as=A16538313A8D839&cp=581A7DF853099E1>
{'Title': '\xe9\xa6\x99\xe9\xa6\x99\xe6\xbb\xa1\xe6\xbb\xa1\xe7\x9a\x84\xe7\x88\xb1\xef\xbc\x8c\xe6\x97\xa9\xe9\xa4\x90\xe7\xbb\x99\xe5\xae\xb6\xe4\xba\xba\xe5\x81\x9a\xe4\xb8\x80\xe7\xa2\x97\xe2\x80\x94\xe7\x9a\xae\xe8\x9b\x8b\xe7\x98\xa6\xe8\x82\x89\xe7\xb2\xa5',
 'TitleUrl': u'http://www.toutiao.com/group/6351929219445948674/'}
2016-11-15 00:50:43 [scrapy] DEBUG: Scraped from <200 http://www.toutiao.com/api/article/feed/?category=news_food&utm_source=toutiao&widen=0&max_behot_time=0&max_behot_time_tmp=1479171012&as=A16538313A8D839&cp=581A7DF853099E1>
{'Title': '\xe6\x97\xa9\xe9\xa4\x90\xe5\x90\x83\xe8\xbf\x99\xe4\xb8\xaa \xe4\xb8\x80\xe6\x95\xb4\xe5\xa4\xa9\xe7\x9a\x84\xe5\xbf\x83\xe6\x83\x85\xe9\x83\xbd\xe4\xbc\x9a\xe5\xbe\x88\xe5\xa5\xbd\xe5\x93\xa6\xef\xbc\x81',
 'TitleUrl': u'http://www.toutiao.com/group/6350888212726104322/'}
2016-11-15 00:50:43 [scrapy] DEBUG: Scraped from <200 http://www.toutiao.com/api/article/feed/?category=news_food&utm_source=toutiao&widen=0&max_behot_time=0&max_behot_time_tmp=1479171012&as=A16538313A8D839&cp=581A7DF853099E1>
{'Title': '\xe4\xb8\xba\xe4\xbb\x80\xe4\xb9\x88\xe9\x82\xa3\xe4\xb9\x88\xe5\xa4\x9a\xe4\xba\xba\xe5\x96\x9c\xe6\xac\xa2\xe8\x87\xaa\xe5\xb7\xb1\xe5\x96\x9d\xe9\x85\x92\xef\xbc\x9f',
 'TitleUrl': u'http://www.toutiao.com/group/6351725671579910402/'}
2016-11-15 00:50:43 [scrapy] DEBUG: Scraped from <200 http://www.toutiao.com/api/article/feed/?category=news_food&utm_source=toutiao&widen=0&max_behot_time=0&max_behot_time_tmp=1479171012&as=A16538313A8D839&cp=581A7DF853099E1>
{'Title': '\xe4\xb8\x89\xe9\xb2\x9c\xe7\xa0\x82\xe9\x94\x85\xef\xbc\x8c\xe7\x9c\x9f\xe7\x9a\x84\xe5\x8f\xaa\xe6\x9c\x89\xe4\xb8\x89\xe9\xb2\x9c\xe5\x90\x97\xef\xbc\x9f',
 'TitleUrl': u'http://www.toutiao.com/group/6352015773863756033/'}
2016-11-15 00:50:43 [scrapy] DEBUG: Scraped from <200 http://www.toutiao.com/api/article/feed/?category=news_food&utm_source=toutiao&widen=0&max_behot_time=0&max_behot_time_tmp=1479171012&as=A16538313A8D839&cp=581A7DF853099E1>
{'Title': '\xe6\x95\x99\xe4\xbd\xa0\xe5\x9c\xa8\xe5\xae\xb6\xe5\x81\x9a\xe7\x94\x9c\xe5\x93\x81\xef\xbc\x8c\xe8\xbf\x99\xe4\xb8\xaa\xe5\x86\xac\xe5\xa4\xa9\xe6\x9a\x96\xe6\x9a\x96\xe5\x93\x92',
 'TitleUrl': u'http://www.toutiao.com/group/6350483430920601857/'}
2016-11-15 00:50:43 [scrapy] DEBUG: Scraped from <200 http://www.toutiao.com/api/article/feed/?category=news_food&utm_source=toutiao&widen=0&max_behot_time=0&max_behot_time_tmp=1479171012&as=A16538313A8D839&cp=581A7DF853099E1>
{'Title': '\xe5\x88\xab\xe5\x86\x8d\xe6\x89\x94\xe4\xba\x86\xef\xbc\x81\xe5\x8e\x9f\xe6\x9d\xa5\xe7\xba\xa2\xe9\x85\x92\xe5\xa1\x9e\xe6\x89\x8d\xe6\x98\xaf\xe4\xb8\x80\xe7\x93\xb6\xe9\x85\x92\xe4\xb8\xad\xe6\x9c\x80\xe5\x80\xbc\xe9\x92\xb1\xe7\x9a\x84\xef\xbc\x81',
 'TitleUrl': u'http://www.toutiao.com/group/6341206984972468482/'}
2016-11-15 00:50:43 [scrapy] DEBUG: Scraped from <200 http://www.toutiao.com/api/article/feed/?category=news_food&utm_source=toutiao&widen=0&max_behot_time=0&max_behot_time_tmp=1479171012&as=A16538313A8D839&cp=581A7DF853099E1>
{'Title': '\xe5\x88\xab\xe5\x86\x8d\xe6\x89\x94\xe4\xba\x86\xef\xbc\x81\xe5\x8e\x9f\xe6\x9d\xa5\xe7\xba\xa2\xe9\x85\x92\xe5\xa1\x9e\xe6\x89\x8d\xe6\x98\xaf\xe4\xb8\x80\xe7\x93\xb6\xe9\x85\x92\xe4\xb8\xad\xe6\x9c\x80\xe5\x80\xbc\xe9\x92\xb1\xe7\x9a\x84\xef\xbc\x81',
 'TitleUrl': u'http://www.toutiao.com/group/6352963892402848001/?_as_1479171042'}
2016-11-15 00:50:43 [scrapy] DEBUG: Filtered duplicate request: <GET http://www.toutiao.com/api/article/feed/?category=news_food&utm_source=toutiao&widen=0&max_behot_time=0&max_behot_time_tmp=1479170781&as=A16538313A8D839&cp=581A7DF853099E1> - no more duplicates will be shown (see DUPEFILTER_DEBUG to show all duplicates)
2016-11-15 00:50:43 [scrapy] INFO: Closing spider (finished)
2016-11-15 00:50:43 [scrapy] INFO: Stored json feed (96 items) in: ../data/toutiao/news_food.json
2016-11-15 00:50:43 [scrapy] INFO: Dumping Scrapy stats:
{'downloader/request_bytes': 3695,
 'downloader/request_count': 6,
 'downloader/request_method_count/GET': 6,
 'downloader/response_bytes': 20417,
 'downloader/response_count': 6,
 'downloader/response_status_count/200': 6,
 'dupefilter/filtered': 1,
 'finish_reason': 'finished',
 'finish_time': datetime.datetime(2016, 11, 15, 0, 50, 43, 883320),
 'item_scraped_count': 96,
 'log_count/DEBUG': 110,
 'log_count/INFO': 20,
 'request_depth_max': 6,
 'response_received_count': 6,
 'scheduler/dequeued': 6,
 'scheduler/dequeued/memory': 6,
 'scheduler/enqueued': 6,
 'scheduler/enqueued/memory': 6,
 'start_time': datetime.datetime(2016, 11, 15, 0, 50, 40, 680292)}
2016-11-15 00:50:43 [scrapy] INFO: Spider closed (finished)
2016-11-15 02:09:17 [scrapy] INFO: Scrapy 1.2.0 started (bot: SocialSpider)
2016-11-15 02:09:17 [scrapy] INFO: Overridden settings: {'NEWSPIDER_MODULE': 'SocialSpider.spiders', 'FEED_URI': '../data/toutiao/news_food.json', 'SPIDER_MODULES': ['SocialSpider.spiders'], 'BOT_NAME': 'SocialSpider', 'FEED_FORMAT': 'json', 'LOG_FILE': '../log/toutiao/news_food.log'}
2016-11-15 02:09:17 [scrapy] INFO: Enabled extensions:
['scrapy.extensions.feedexport.FeedExporter',
 'scrapy.extensions.logstats.LogStats',
 'scrapy.extensions.telnet.TelnetConsole',
 'scrapy.extensions.corestats.CoreStats']
2016-11-15 02:09:17 [scrapy] INFO: Enabled downloader middlewares:
['scrapy.downloadermiddlewares.httpauth.HttpAuthMiddleware',
 'scrapy.downloadermiddlewares.downloadtimeout.DownloadTimeoutMiddleware',
 'scrapy.downloadermiddlewares.defaultheaders.DefaultHeadersMiddleware',
 'scrapy.downloadermiddlewares.useragent.UserAgentMiddleware',
 'SocialSpider.midware.UaMidWare.ProcessUaMidware',
 'scrapy.downloadermiddlewares.retry.RetryMiddleware',
 'scrapy.downloadermiddlewares.redirect.MetaRefreshMiddleware',
 'scrapy.downloadermiddlewares.httpcompression.HttpCompressionMiddleware',
 'scrapy.downloadermiddlewares.redirect.RedirectMiddleware',
 'scrapy.downloadermiddlewares.cookies.CookiesMiddleware',
 'scrapy.downloadermiddlewares.chunked.ChunkedTransferMiddleware',
 'scrapy.downloadermiddlewares.stats.DownloaderStats']
2016-11-15 02:09:17 [scrapy] INFO: Enabled spider middlewares:
['scrapy.spidermiddlewares.httperror.HttpErrorMiddleware',
 'scrapy.spidermiddlewares.offsite.OffsiteMiddleware',
 'scrapy.spidermiddlewares.referer.RefererMiddleware',
 'scrapy.spidermiddlewares.urllength.UrlLengthMiddleware',
 'scrapy.spidermiddlewares.depth.DepthMiddleware']
2016-11-15 02:09:17 [scrapy] INFO: Enabled item pipelines:
[]
2016-11-15 02:09:17 [scrapy] INFO: Spider opened
2016-11-15 02:09:17 [scrapy] INFO: Crawled 0 pages (at 0 pages/min), scraped 0 items (at 0 items/min)
2016-11-15 02:09:17 [scrapy] DEBUG: Telnet console listening on 127.0.0.1:6023
2016-11-15 02:09:17 [toutiao] INFO: now entring download midware
2016-11-15 02:09:17 [toutiao] INFO: User-Agent is: Mozilla/4.0 (compatible; MSIE 7.0; Windows NT 6.0) AddSugarSpiderBot www.idealobserver.com <GET http://www.toutiao.com/api/article/feed/?category=news_food&utm_source=toutiao&widen=0&max_behot_time=0&max_behot_time_tmp=0&as=A135B8B16A0CF6F&cp=581AACBF560FEE1>
2016-11-15 02:09:18 [scrapy] DEBUG: Crawled (200) <GET http://www.toutiao.com/api/article/feed/?category=news_food&utm_source=toutiao&widen=0&max_behot_time=0&max_behot_time_tmp=0&as=A135B8B16A0CF6F&cp=581AACBF560FEE1> (referer: None)
2016-11-15 02:09:18 [toutiao] DEBUG: Fetch toutiao homepage page: http://www.toutiao.com/api/article/feed/?category=news_food&utm_source=toutiao&widen=0&max_behot_time=0&max_behot_time_tmp=0&as=A135B8B16A0CF6F&cp=581AACBF560FEE1
2016-11-15 02:09:18 [scrapy] ERROR: Spider error processing <GET http://www.toutiao.com/api/article/feed/?category=news_food&utm_source=toutiao&widen=0&max_behot_time=0&max_behot_time_tmp=0&as=A135B8B16A0CF6F&cp=581AACBF560FEE1> (referer: None)
Traceback (most recent call last):
  File "/usr/lib64/python2.7/site-packages/scrapy/utils/defer.py", line 102, in iter_errback
    yield next(it)
  File "/usr/lib64/python2.7/site-packages/scrapy/spidermiddlewares/offsite.py", line 29, in process_spider_output
    for x in result:
  File "/usr/lib64/python2.7/site-packages/scrapy/spidermiddlewares/referer.py", line 22, in <genexpr>
    return (_set_referer(r) for r in result or ())
  File "/usr/lib64/python2.7/site-packages/scrapy/spidermiddlewares/urllength.py", line 37, in <genexpr>
    return (r for r in result or () if _filter(r))
  File "/usr/lib64/python2.7/site-packages/scrapy/spidermiddlewares/depth.py", line 58, in <genexpr>
    return (r for r in result or () if _filter(r))
  File "/python/SocialSpider/SocialSpider/spiders/toutiao.py", line 31, in parse
    item['MediumUrl'] = val['media_url']
KeyError: 'media_url'
2016-11-15 02:09:18 [scrapy] INFO: Closing spider (finished)
2016-11-15 02:09:18 [scrapy] INFO: Dumping Scrapy stats:
{'downloader/request_bytes': 409,
 'downloader/request_count': 1,
 'downloader/request_method_count/GET': 1,
 'downloader/response_bytes': 4009,
 'downloader/response_count': 1,
 'downloader/response_status_count/200': 1,
 'finish_reason': 'finished',
 'finish_time': datetime.datetime(2016, 11, 15, 2, 9, 18, 325880),
 'log_count/DEBUG': 3,
 'log_count/ERROR': 1,
 'log_count/INFO': 9,
 'response_received_count': 1,
 'scheduler/dequeued': 1,
 'scheduler/dequeued/memory': 1,
 'scheduler/enqueued': 1,
 'scheduler/enqueued/memory': 1,
 'spider_exceptions/KeyError': 1,
 'start_time': datetime.datetime(2016, 11, 15, 2, 9, 17, 630700)}
2016-11-15 02:09:18 [scrapy] INFO: Spider closed (finished)
