2016-11-15 00:49:48 [scrapy] INFO: Scrapy 1.2.0 started (bot: SocialSpider)
2016-11-15 00:49:48 [scrapy] INFO: Overridden settings: {'NEWSPIDER_MODULE': 'SocialSpider.spiders', 'FEED_URI': '../data/toutiao/news_finance.json', 'SPIDER_MODULES': ['SocialSpider.spiders'], 'BOT_NAME': 'SocialSpider', 'FEED_FORMAT': 'json', 'LOG_FILE': '../log/toutiao/news_finance.log'}
2016-11-15 00:49:48 [scrapy] INFO: Enabled extensions:
['scrapy.extensions.feedexport.FeedExporter',
 'scrapy.extensions.logstats.LogStats',
 'scrapy.extensions.telnet.TelnetConsole',
 'scrapy.extensions.corestats.CoreStats']
2016-11-15 00:49:48 [scrapy] INFO: Enabled downloader middlewares:
['scrapy.downloadermiddlewares.httpauth.HttpAuthMiddleware',
 'scrapy.downloadermiddlewares.downloadtimeout.DownloadTimeoutMiddleware',
 'scrapy.downloadermiddlewares.defaultheaders.DefaultHeadersMiddleware',
 'scrapy.downloadermiddlewares.useragent.UserAgentMiddleware',
 'SocialSpider.midware.UaMidWare.ProcessUaMidware',
 'scrapy.downloadermiddlewares.retry.RetryMiddleware',
 'scrapy.downloadermiddlewares.redirect.MetaRefreshMiddleware',
 'scrapy.downloadermiddlewares.httpcompression.HttpCompressionMiddleware',
 'scrapy.downloadermiddlewares.redirect.RedirectMiddleware',
 'scrapy.downloadermiddlewares.cookies.CookiesMiddleware',
 'scrapy.downloadermiddlewares.chunked.ChunkedTransferMiddleware',
 'scrapy.downloadermiddlewares.stats.DownloaderStats']
2016-11-15 00:49:48 [scrapy] INFO: Enabled spider middlewares:
['scrapy.spidermiddlewares.httperror.HttpErrorMiddleware',
 'scrapy.spidermiddlewares.offsite.OffsiteMiddleware',
 'scrapy.spidermiddlewares.referer.RefererMiddleware',
 'scrapy.spidermiddlewares.urllength.UrlLengthMiddleware',
 'scrapy.spidermiddlewares.depth.DepthMiddleware']
2016-11-15 00:49:48 [scrapy] INFO: Enabled item pipelines:
[]
2016-11-15 00:49:48 [scrapy] INFO: Spider opened
2016-11-15 00:49:48 [scrapy] INFO: Crawled 0 pages (at 0 pages/min), scraped 0 items (at 0 items/min)
2016-11-15 00:49:48 [scrapy] DEBUG: Telnet console listening on 127.0.0.1:6023
2016-11-15 00:49:48 [toutiao] INFO: now entring download midware
2016-11-15 00:49:48 [toutiao] INFO: User-Agent is: sogou spider <GET http://www.toutiao.com/api/article/feed/?category=news_finance&utm_source=toutiao&widen=0&max_behot_time=0&max_behot_time_tmp=0&as=A135B8B16A0CF6F&cp=581AACBF560FEE1>
2016-11-15 00:49:49 [scrapy] DEBUG: Crawled (200) <GET http://www.toutiao.com/api/article/feed/?category=news_finance&utm_source=toutiao&widen=0&max_behot_time=0&max_behot_time_tmp=0&as=A135B8B16A0CF6F&cp=581AACBF560FEE1> (referer: None)
2016-11-15 00:49:49 [toutiao] DEBUG: Fetch toutiao homepage page: http://www.toutiao.com/api/article/feed/?category=news_finance&utm_source=toutiao&widen=0&max_behot_time=0&max_behot_time_tmp=0&as=A135B8B16A0CF6F&cp=581AACBF560FEE1
2016-11-15 00:49:49 [scrapy] DEBUG: Scraped from <200 http://www.toutiao.com/api/article/feed/?category=news_finance&utm_source=toutiao&widen=0&max_behot_time=0&max_behot_time_tmp=0&as=A135B8B16A0CF6F&cp=581AACBF560FEE1>
{'Title': '\xe6\x98\xa8\xe5\xa4\x9c\xe4\xbb\x8a\xe6\x99\xa8\xe5\x85\xa8\xe7\x90\x83\xe5\xa4\xa7\xe5\x85\xac\xe5\x8f\xb8\xe5\x8a\xa8\xe6\x80\x81',
 'TitleUrl': u'http://www.toutiao.com/group/6352951447848599810/'}
2016-11-15 00:49:49 [scrapy] DEBUG: Scraped from <200 http://www.toutiao.com/api/article/feed/?category=news_finance&utm_source=toutiao&widen=0&max_behot_time=0&max_behot_time_tmp=0&as=A135B8B16A0CF6F&cp=581AACBF560FEE1>
{'Title': '\xe9\xa3\x8e\xe6\x9a\xb4\xe6\x9d\xa5\xe4\xba\x86\xef\xbc\x81\xe7\xba\xb8\xe5\xb8\x81\xe4\xbd\x9c\xe5\xba\x9f\xef\xbc\x8c\xe9\x87\x91\xe4\xbb\xb7\xe4\xb8\x80\xe5\xa4\x9c\xe6\x9a\xb4\xe6\xb6\xa840%\xef\xbc\x81\xe8\xb4\xab\xe7\xa9\xb7\xe6\xad\xa3\xe5\x9c\xa8\xe9\x80\x90\xe6\xad\xa5\xe9\x80\xbc\xe8\xbf\x91\xe6\xaf\x8f\xe4\xb8\xaa\xe5\xb7\xa5\xe8\x96\xaa\xe6\x97\x8f',
 'TitleUrl': u'http://www.toutiao.com/group/6352814475821383938/'}
2016-11-15 00:49:49 [scrapy] DEBUG: Scraped from <200 http://www.toutiao.com/api/article/feed/?category=news_finance&utm_source=toutiao&widen=0&max_behot_time=0&max_behot_time_tmp=0&as=A135B8B16A0CF6F&cp=581AACBF560FEE1>
{'Title': '\xe9\x99\x8d\xe4\xbb\xb7\xe5\x95\xa6\xef\xbc\x81\xe6\xb1\xbd\xe6\x9f\xb4\xe6\xb2\xb9\xe4\xbb\xb7\xe5\xb0\x86\xe8\xbf\x8e\xe5\xb9\xb4\xe5\x86\x85\xe6\x9c\x80\xe5\xa4\xa7\xe5\xb9\x85\xe4\xb8\x8b\xe8\xb0\x83',
 'TitleUrl': u'http://www.toutiao.com/group/6352699400234500354/'}
2016-11-15 00:49:49 [scrapy] DEBUG: Scraped from <200 http://www.toutiao.com/api/article/feed/?category=news_finance&utm_source=toutiao&widen=0&max_behot_time=0&max_behot_time_tmp=0&as=A135B8B16A0CF6F&cp=581AACBF560FEE1>
{'Title': '\xe5\x88\x9b\xe4\xb8\x9a\xe7\x83\xad\xe7\x82\xb9\xef\xbc\x9a\xe6\xb3\x95\xe6\xa0\xbc\xe8\x8e\xb1\xe8\xa3\x85\xe4\xbf\xae\xe5\x8a\xa0\xe7\x9b\x9f\xe6\x88\x90\xe5\x8a\x9f\xe6\xa1\x88\xe4\xbe\x8b\xef\xbc\x8c\xe8\xbd\xbb\xe6\x9d\xbe\xe5\xbc\x80\xe4\xb8\x9a\xef\xbc\x81',
 'TitleUrl': u'http://www.toutiao.com/group/6350543403553390850/'}
2016-11-15 00:49:49 [scrapy] DEBUG: Scraped from <200 http://www.toutiao.com/api/article/feed/?category=news_finance&utm_source=toutiao&widen=0&max_behot_time=0&max_behot_time_tmp=0&as=A135B8B16A0CF6F&cp=581AACBF560FEE1>
{'Title': '\xe2\x80\x9c\xe7\x99\xbe\xe4\xb8\x87\xe5\xb9\xb4\xe8\x96\xaa40\xe5\xa4\x9a\xe4\xb8\x87\xe4\xb8\xaa\xe7\xa8\x8e\xe2\x80\x9d\xe9\xab\x98\xe4\xb8\x8d\xe9\xab\x98\xef\xbc\x9f',
 'TitleUrl': u'http://www.toutiao.com/group/6352785208668668161/'}
2016-11-15 00:49:49 [scrapy] DEBUG: Scraped from <200 http://www.toutiao.com/api/article/feed/?category=news_finance&utm_source=toutiao&widen=0&max_behot_time=0&max_behot_time_tmp=0&as=A135B8B16A0CF6F&cp=581AACBF560FEE1>
{'Title': '\xe8\xbf\x98\xe4\xb8\x8d\xe6\x87\x82\xe5\xb7\x9d\xe6\x99\xae\xe4\xb8\xba\xe4\xbb\x80\xe4\xb9\x88\xe8\xb5\xa2\xef\xbc\x9f\xe5\xb7\xb4\xe8\x8f\xb2\xe7\x89\xb9\xe5\x91\x8a\xe8\xaf\x89\xe4\xbd\xa0\xe7\xad\x94\xe6\xa1\x88\xef\xbc\x9a25\xe5\x80\x8d',
 'TitleUrl': u'http://www.toutiao.com/group/6352698191738093826/'}
2016-11-15 00:49:49 [scrapy] DEBUG: Scraped from <200 http://www.toutiao.com/api/article/feed/?category=news_finance&utm_source=toutiao&widen=0&max_behot_time=0&max_behot_time_tmp=0&as=A135B8B16A0CF6F&cp=581AACBF560FEE1>
{'Title': '3200\xe7\x82\xb9\xe4\xb9\x8b\xe4\xb8\x8a\xef\xbc\x8cA\xe8\x82\xa1\xe7\x9a\x84\xe5\xa4\xba\xe5\x91\xbd\xe7\x8b\x82\xe9\xa3\x99\xe8\xbf\x98\xe8\x83\xbd\xe5\x9d\x9a\xe6\x8c\x81\xe5\xa4\x9a\xe4\xb9\x85\xef\xbc\x9f',
 'TitleUrl': u'http://www.toutiao.com/group/6352747013902401793/'}
2016-11-15 00:49:49 [scrapy] DEBUG: Scraped from <200 http://www.toutiao.com/api/article/feed/?category=news_finance&utm_source=toutiao&widen=0&max_behot_time=0&max_behot_time_tmp=0&as=A135B8B16A0CF6F&cp=581AACBF560FEE1>
{'Title': '\xe5\x8f\x91\xe6\x94\xb9\xe5\xa7\x9411\xe6\x9c\x88\xe6\x96\xb0\xe6\x89\xb92000\xe4\xba\xbf\xe9\x93\x81\xe8\xb7\xaf\xe9\xa1\xb9\xe7\x9b\xae \xe5\x9b\x9b\xe5\xad\xa3\xe5\xba\xa6\xe5\x9f\xba\xe5\xbb\xba\xe5\x8f\x91\xe5\x8a\x9b',
 'TitleUrl': u'http://www.toutiao.com/group/6352773411530146049/'}
2016-11-15 00:49:49 [scrapy] DEBUG: Scraped from <200 http://www.toutiao.com/api/article/feed/?category=news_finance&utm_source=toutiao&widen=0&max_behot_time=0&max_behot_time_tmp=0&as=A135B8B16A0CF6F&cp=581AACBF560FEE1>
{'Title': '\xe7\x89\xb9\xe6\x9c\x97\xe6\x99\xae\xe5\xaf\xb9\xe4\xb8\xad\xe5\x9b\xbd\xe5\xbe\x81\xe6\x94\xb645%\xe7\x9a\x84\xe5\x85\xb3\xe7\xa8\x8e\xef\xbc\x8c\xe8\xbf\x99\xe5\xaf\xb9\xe5\x85\xbb\xe6\xae\x96\xe4\xb8\x9a\xe5\xbd\xb1\xe5\x93\x8d\xe6\x9c\x89\xe5\xa4\x9a\xe5\xa4\xa7\xef\xbc\x9f',
 'TitleUrl': u'http://www.toutiao.com/group/6352690804338737665/'}
2016-11-15 00:49:49 [scrapy] DEBUG: Scraped from <200 http://www.toutiao.com/api/article/feed/?category=news_finance&utm_source=toutiao&widen=0&max_behot_time=0&max_behot_time_tmp=0&as=A135B8B16A0CF6F&cp=581AACBF560FEE1>
{'Title': '\xe5\x86\x9c\xe6\x9d\x91\xe7\xa8\xbb\xe7\x94\xb05\xe7\xa7\x8d\xe8\xb5\x9a\xe9\x92\xb1\xe5\x85\xbb\xe6\xae\x96\xe7\xbb\x93\xe5\x90\x88\xef\xbc\x8c\xe8\x87\xb4\xe5\xaf\x8c\xe5\xb0\xb1\xe6\x98\xaf\xe8\xbf\x99\xe4\xb9\x88\xe7\xae\x80\xe5\x8d\x95',
 'TitleUrl': u'http://www.toutiao.com/group/6352975506170429698/'}
2016-11-15 00:49:49 [scrapy] DEBUG: Scraped from <200 http://www.toutiao.com/api/article/feed/?category=news_finance&utm_source=toutiao&widen=0&max_behot_time=0&max_behot_time_tmp=0&as=A135B8B16A0CF6F&cp=581AACBF560FEE1>
{'Title': '\xe5\xbf\xab\xe9\x80\x92\xe5\x91\x98\xe7\x9a\x84\xe7\x9c\x9f\xe5\xae\x9e\xe5\xb7\xa5\xe8\xb5\x84\xe6\x9c\x89\xe5\xa4\x9a\xe5\xb0\x91\xef\xbc\x9f',
 'TitleUrl': u'http://www.toutiao.com/group/6352777694630904066/'}
2016-11-15 00:49:49 [scrapy] DEBUG: Scraped from <200 http://www.toutiao.com/api/article/feed/?category=news_finance&utm_source=toutiao&widen=0&max_behot_time=0&max_behot_time_tmp=0&as=A135B8B16A0CF6F&cp=581AACBF560FEE1>
{'Title': '\xe6\xb8\x85\xe4\xbb\x93\xe5\xbc\x8f\xe5\x87\x8f\xe6\x8c\x81\xe6\x9a\xb4\xe9\x9c\xb2\xe5\x88\xb6\xe5\xba\xa6\xe7\xbc\xba\xe9\x99\xb7',
 'TitleUrl': u'http://www.toutiao.com/group/6352871037902487810/'}
2016-11-15 00:49:49 [scrapy] DEBUG: Scraped from <200 http://www.toutiao.com/api/article/feed/?category=news_finance&utm_source=toutiao&widen=0&max_behot_time=0&max_behot_time_tmp=0&as=A135B8B16A0CF6F&cp=581AACBF560FEE1>
{'Title': '\xe4\xb8\xba\xe6\x9c\x9f\xe6\x9c\xab\xe8\x80\x83\xe8\xaf\x95\xe5\x8a\xa9\xe5\x8a\x9b\xef\xbc\x8c\xe5\xae\xb6\xe9\x95\xbf\xe5\xad\xa6\xe7\x94\x9f\xe9\x83\xbd\xe4\xb8\x8d\xe8\xa6\x81\xe9\x94\x99\xe8\xbf\x87\xe5\xad\xa6\xe5\xa4\xa711\xe6\x9c\x88\xe6\x84\x9f\xe6\x81\xa9\xe9\x92\x9c\xe6\x83\xa0',
 'TitleUrl': u'http://www.toutiao.com/group/6350890490174374146/'}
2016-11-15 00:49:49 [scrapy] DEBUG: Scraped from <200 http://www.toutiao.com/api/article/feed/?category=news_finance&utm_source=toutiao&widen=0&max_behot_time=0&max_behot_time_tmp=0&as=A135B8B16A0CF6F&cp=581AACBF560FEE1>
{'Title': '\xe9\x80\x9a\xe7\x94\xa8\xe5\x9e\x8bSaaS\xe5\xb7\xb2\xe6\x97\xa0\xe5\xa4\xaa\xe5\xa4\xa7\xe6\x9c\xba\xe4\xbc\x9a\xef\xbc\x8c\xe6\x89\xbe\xe5\x87\x86\xe5\x9e\x82\xe7\x9b\xb4\xe9\xa2\x86\xe5\x9f\x9f\xe6\x9c\x80\xe9\x87\x8d\xe8\xa6\x81',
 'TitleUrl': u'http://www.toutiao.com/group/6352612757632991490/'}
2016-11-15 00:49:49 [scrapy] DEBUG: Scraped from <200 http://www.toutiao.com/api/article/feed/?category=news_finance&utm_source=toutiao&widen=0&max_behot_time=0&max_behot_time_tmp=0&as=A135B8B16A0CF6F&cp=581AACBF560FEE1>
{'Title': '\xe7\xa7\x81\xe5\xae\xb6\xe8\xbd\xa6\xe8\xbd\xa6\xe4\xb8\xbb\xe8\xbf\x8e\xe6\x9d\xa5\xe5\xa5\xbd\xe6\xb6\x88\xe6\x81\xaf\xef\xbc\x9a \xe5\x9b\xbd\xe5\x86\x85\xe6\xb2\xb9\xe4\xbb\xb7\xe5\xb0\x86\xe8\xb7\x8c\xe5\x9b\x9e5\xe5\x85\x83\xe6\x97\xb6\xe4\xbb\xa3',
 'TitleUrl': u'http://www.toutiao.com/group/6352918156759843073/'}
2016-11-15 00:49:49 [scrapy] DEBUG: Scraped from <200 http://www.toutiao.com/api/article/feed/?category=news_finance&utm_source=toutiao&widen=0&max_behot_time=0&max_behot_time_tmp=0&as=A135B8B16A0CF6F&cp=581AACBF560FEE1>
{'Title': '\xe7\xa7\x81\xe5\xae\xb6\xe8\xbd\xa6\xe8\xbd\xa6\xe4\xb8\xbb\xe8\xbf\x8e\xe6\x9d\xa5\xe5\xa5\xbd\xe6\xb6\x88\xe6\x81\xaf\xef\xbc\x9a \xe5\x9b\xbd\xe5\x86\x85\xe6\xb2\xb9\xe4\xbb\xb7\xe5\xb0\x86\xe8\xb7\x8c\xe5\x9b\x9e5\xe5\x85\x83\xe6\x97\xb6\xe4\xbb\xa3',
 'TitleUrl': u'http://www.toutiao.com/group/6352963743719178498/?_as_1479170988'}
2016-11-15 00:49:49 [toutiao] INFO: now entring download midware
2016-11-15 00:49:49 [toutiao] INFO: User-Agent is: Mozilla/5.0 (compatible; Speedy Spider; http://www.entireweb.com/about/search_tech/speedy_spider/) <GET http://www.toutiao.com/api/article/feed/?category=news_finance&utm_source=toutiao&widen=0&max_behot_time=0&max_behot_time_tmp=1479161987&as=A16538313A8D839&cp=581A7DF853099E1>
2016-11-15 00:49:50 [scrapy] DEBUG: Crawled (200) <GET http://www.toutiao.com/api/article/feed/?category=news_finance&utm_source=toutiao&widen=0&max_behot_time=0&max_behot_time_tmp=1479161987&as=A16538313A8D839&cp=581A7DF853099E1> (referer: http://www.toutiao.com/api/article/feed/?category=news_finance&utm_source=toutiao&widen=0&max_behot_time=0&max_behot_time_tmp=0&as=A135B8B16A0CF6F&cp=581AACBF560FEE1)
2016-11-15 00:49:50 [toutiao] DEBUG: Fetch toutiao homepage page: http://www.toutiao.com/api/article/feed/?category=news_finance&utm_source=toutiao&widen=0&max_behot_time=0&max_behot_time_tmp=1479161987&as=A16538313A8D839&cp=581A7DF853099E1
2016-11-15 00:49:50 [scrapy] DEBUG: Scraped from <200 http://www.toutiao.com/api/article/feed/?category=news_finance&utm_source=toutiao&widen=0&max_behot_time=0&max_behot_time_tmp=1479161987&as=A16538313A8D839&cp=581A7DF853099E1>
{'Title': '\xe5\x85\xb3\xe6\xb3\xa8\xe4\xb8\xa8\xe4\xb8\x8b\xe6\x9c\x88\xe8\xb5\xb7 \xe4\xbd\xa0\xe7\x9a\x84\xe9\x93\xb6\xe8\xa1\x8c\xe8\xb4\xa6\xe6\x88\xb7\xe8\xa6\x81\xe8\xbf\x99\xe6\xa0\xb7\xe7\xae\xa1\xe7\x90\x86\xef\xbc\x81',
 'TitleUrl': u'http://www.toutiao.com/group/6352697433608159746/'}
2016-11-15 00:49:50 [scrapy] DEBUG: Scraped from <200 http://www.toutiao.com/api/article/feed/?category=news_finance&utm_source=toutiao&widen=0&max_behot_time=0&max_behot_time_tmp=1479161987&as=A16538313A8D839&cp=581A7DF853099E1>
{'Title': '\xe5\x87\xba\xe7\x94\x9f\xe5\x9c\xa8\xe5\x86\x9c\xe5\x8e\x86\xe5\x93\xaa\xe4\xb8\xaa\xe6\x9c\x88\xef\xbc\x8c\xe7\x90\x86\xe8\xb4\xa2\xe9\xab\x98\xe6\x89\x8b\xef\xbc\x8c\xe4\xb8\x8d\xe5\xb7\xa5\xe4\xbd\x9c\xe4\xb9\x9f\xe8\x83\xbd\xe5\xbd\x93\xe5\xaf\x8c\xe7\xbf\x81',
 'TitleUrl': u'http://www.toutiao.com/group/6352971918170636545/'}
2016-11-15 00:49:50 [scrapy] DEBUG: Scraped from <200 http://www.toutiao.com/api/article/feed/?category=news_finance&utm_source=toutiao&widen=0&max_behot_time=0&max_behot_time_tmp=1479161987&as=A16538313A8D839&cp=581A7DF853099E1>
{'Title': '\xe9\xbb\x84\xe9\x87\x91\xe6\x9a\xb4\xe8\xb7\x8c20\xe7\xbe\x8e\xe5\x85\x83!\xe5\x85\xa8\xe7\x90\x83\xe9\x99\xb7\xe5\x85\xa5\xe2\x80\x9c\xe7\x89\xb9\xe6\x9c\x97\xe6\x99\xae\xe9\xaa\x97\xe5\xb1\x80\xe2\x80\x9d!',
 'TitleUrl': u'http://www.toutiao.com/group/6352691121755586817/'}
2016-11-15 00:49:50 [scrapy] DEBUG: Scraped from <200 http://www.toutiao.com/api/article/feed/?category=news_finance&utm_source=toutiao&widen=0&max_behot_time=0&max_behot_time_tmp=1479161987&as=A16538313A8D839&cp=581A7DF853099E1>
{'Title': '\xe5\x9c\xb0\xe6\x96\xb9\xe8\xb4\xa2\xe6\x94\xbf\xe7\xa0\xb4\xe4\xba\xa7\xe8\xae\xa1\xe5\x88\x92\xe5\x87\xba\xe5\x8f\xb0\xef\xbc\x8c\xe5\x8f\xaf\xe5\x8f\x98\xe5\x8d\x96\xe6\x94\xbf\xe5\xba\x9c\xe8\xb5\x84\xe4\xba\xa7\xe5\x81\xbf\xe5\x80\xba',
 'TitleUrl': u'http://www.toutiao.com/group/6352833623604248834/'}
2016-11-15 00:49:50 [scrapy] DEBUG: Scraped from <200 http://www.toutiao.com/api/article/feed/?category=news_finance&utm_source=toutiao&widen=0&max_behot_time=0&max_behot_time_tmp=1479161987&as=A16538313A8D839&cp=581A7DF853099E1>
{'Title': '\xe5\xb1\xb1\xe4\xb8\x9c\xe9\x92\xa2\xe9\x93\x81\xe8\x82\xa1\xe4\xbb\xbd\xe6\x9c\x89\xe9\x99\x90\xe5\x85\xac\xe5\x8f\xb8\xe5\x85\xac\xe5\x91\x8a',
 'TitleUrl': u'http://www.toutiao.com/group/6352807307739922689/'}
2016-11-15 00:49:50 [scrapy] DEBUG: Scraped from <200 http://www.toutiao.com/api/article/feed/?category=news_finance&utm_source=toutiao&widen=0&max_behot_time=0&max_behot_time_tmp=1479161987&as=A16538313A8D839&cp=581A7DF853099E1>
{'Title': '\xe6\xb2\xa1\xe6\x9c\x89\xe5\x8d\x95\xe4\xbd\x8d\xef\xbc\x8c\xe7\x81\xb5\xe6\xb4\xbb\xe5\xb0\xb1\xe4\xb8\x9a\xef\xbc\x8c\xe7\xa4\xbe\xe4\xbf\x9d\xe4\xba\xa4\xe8\xbf\x98\xe6\x98\xaf\xe4\xb8\x8d\xe4\xba\xa4\xef\xbc\x9f',
 'TitleUrl': u'http://www.toutiao.com/group/6351278095773958401/'}
2016-11-15 00:49:50 [scrapy] DEBUG: Scraped from <200 http://www.toutiao.com/api/article/feed/?category=news_finance&utm_source=toutiao&widen=0&max_behot_time=0&max_behot_time_tmp=1479161987&as=A16538313A8D839&cp=581A7DF853099E1>
{'Title': '11\xe6\x9c\x8815\xe6\x97\xa5\xe9\x87\x8d\xe7\x82\xb9\xe5\x85\xb3\xe6\xb3\xa8\xe7\x9a\x84\xe6\x9d\xbf\xe5\x9d\x97\xe5\x8f\x8a\xe4\xb8\xaa\xe8\x82\xa1\xef\xbc\x88\xe5\x9b\xbe\xef\xbc\x89',
 'TitleUrl': u'http://www.toutiao.com/group/6352961631551258881/'}
2016-11-15 00:49:50 [scrapy] DEBUG: Scraped from <200 http://www.toutiao.com/api/article/feed/?category=news_finance&utm_source=toutiao&widen=0&max_behot_time=0&max_behot_time_tmp=1479161987&as=A16538313A8D839&cp=581A7DF853099E1>
{'Title': '\xe5\x8d\xa1\xe7\xa5\x9e\xe4\xba\x94\xe5\xa4\xa7\xe6\x8b\x9b\xef\xbc\x8c\xe4\xbb\x8e\xe6\xad\xa4\xe9\x93\xb6\xe8\xa1\x8c\xe8\xb7\xaa\xe7\x9d\x80\xe6\xb1\x82\xe4\xbd\xa0\xe5\x8a\x9e\xe7\x90\x86\xe4\xbf\xa1\xe7\x94\xa8\xe5\x8d\xa1\xef\xbc\x81',
 'TitleUrl': u'http://www.toutiao.com/group/6352230303109546242/'}
2016-11-15 00:49:50 [scrapy] DEBUG: Scraped from <200 http://www.toutiao.com/api/article/feed/?category=news_finance&utm_source=toutiao&widen=0&max_behot_time=0&max_behot_time_tmp=1479161987&as=A16538313A8D839&cp=581A7DF853099E1>
{'Title': '\xe6\x98\xa8\xe5\xa4\x9c\xe4\xbb\x8a\xe6\x99\xa8\xe5\x85\xa8\xe7\x90\x83\xe5\xa4\xa7\xe5\x85\xac\xe5\x8f\xb8\xe5\x8a\xa8\xe6\x80\x81',
 'TitleUrl': u'http://www.toutiao.com/group/6352951447848599810/'}
2016-11-15 00:49:50 [scrapy] DEBUG: Scraped from <200 http://www.toutiao.com/api/article/feed/?category=news_finance&utm_source=toutiao&widen=0&max_behot_time=0&max_behot_time_tmp=1479161987&as=A16538313A8D839&cp=581A7DF853099E1>
{'Title': '\xe9\xa3\x8e\xe6\x9a\xb4\xe6\x9d\xa5\xe4\xba\x86\xef\xbc\x81\xe7\xba\xb8\xe5\xb8\x81\xe4\xbd\x9c\xe5\xba\x9f\xef\xbc\x8c\xe9\x87\x91\xe4\xbb\xb7\xe4\xb8\x80\xe5\xa4\x9c\xe6\x9a\xb4\xe6\xb6\xa840%\xef\xbc\x81\xe8\xb4\xab\xe7\xa9\xb7\xe6\xad\xa3\xe5\x9c\xa8\xe9\x80\x90\xe6\xad\xa5\xe9\x80\xbc\xe8\xbf\x91\xe6\xaf\x8f\xe4\xb8\xaa\xe5\xb7\xa5\xe8\x96\xaa\xe6\x97\x8f',
 'TitleUrl': u'http://www.toutiao.com/group/6352814475821383938/'}
2016-11-15 00:49:50 [scrapy] DEBUG: Scraped from <200 http://www.toutiao.com/api/article/feed/?category=news_finance&utm_source=toutiao&widen=0&max_behot_time=0&max_behot_time_tmp=1479161987&as=A16538313A8D839&cp=581A7DF853099E1>
{'Title': '\xe9\x99\x8d\xe4\xbb\xb7\xe5\x95\xa6\xef\xbc\x81\xe6\xb1\xbd\xe6\x9f\xb4\xe6\xb2\xb9\xe4\xbb\xb7\xe5\xb0\x86\xe8\xbf\x8e\xe5\xb9\xb4\xe5\x86\x85\xe6\x9c\x80\xe5\xa4\xa7\xe5\xb9\x85\xe4\xb8\x8b\xe8\xb0\x83',
 'TitleUrl': u'http://www.toutiao.com/group/6352699400234500354/'}
2016-11-15 00:49:50 [scrapy] DEBUG: Scraped from <200 http://www.toutiao.com/api/article/feed/?category=news_finance&utm_source=toutiao&widen=0&max_behot_time=0&max_behot_time_tmp=1479161987&as=A16538313A8D839&cp=581A7DF853099E1>
{'Title': '\xe2\x80\x9c\xe7\x99\xbe\xe4\xb8\x87\xe5\xb9\xb4\xe8\x96\xaa40\xe5\xa4\x9a\xe4\xb8\x87\xe4\xb8\xaa\xe7\xa8\x8e\xe2\x80\x9d\xe9\xab\x98\xe4\xb8\x8d\xe9\xab\x98\xef\xbc\x9f',
 'TitleUrl': u'http://www.toutiao.com/group/6352785208668668161/'}
2016-11-15 00:49:50 [scrapy] DEBUG: Scraped from <200 http://www.toutiao.com/api/article/feed/?category=news_finance&utm_source=toutiao&widen=0&max_behot_time=0&max_behot_time_tmp=1479161987&as=A16538313A8D839&cp=581A7DF853099E1>
{'Title': '\xe8\xbf\x98\xe4\xb8\x8d\xe6\x87\x82\xe5\xb7\x9d\xe6\x99\xae\xe4\xb8\xba\xe4\xbb\x80\xe4\xb9\x88\xe8\xb5\xa2\xef\xbc\x9f\xe5\xb7\xb4\xe8\x8f\xb2\xe7\x89\xb9\xe5\x91\x8a\xe8\xaf\x89\xe4\xbd\xa0\xe7\xad\x94\xe6\xa1\x88\xef\xbc\x9a25\xe5\x80\x8d',
 'TitleUrl': u'http://www.toutiao.com/group/6352698191738093826/'}
2016-11-15 00:49:50 [scrapy] DEBUG: Scraped from <200 http://www.toutiao.com/api/article/feed/?category=news_finance&utm_source=toutiao&widen=0&max_behot_time=0&max_behot_time_tmp=1479161987&as=A16538313A8D839&cp=581A7DF853099E1>
{'Title': '3200\xe7\x82\xb9\xe4\xb9\x8b\xe4\xb8\x8a\xef\xbc\x8cA\xe8\x82\xa1\xe7\x9a\x84\xe5\xa4\xba\xe5\x91\xbd\xe7\x8b\x82\xe9\xa3\x99\xe8\xbf\x98\xe8\x83\xbd\xe5\x9d\x9a\xe6\x8c\x81\xe5\xa4\x9a\xe4\xb9\x85\xef\xbc\x9f',
 'TitleUrl': u'http://www.toutiao.com/group/6352747013902401793/'}
2016-11-15 00:49:50 [scrapy] DEBUG: Scraped from <200 http://www.toutiao.com/api/article/feed/?category=news_finance&utm_source=toutiao&widen=0&max_behot_time=0&max_behot_time_tmp=1479161987&as=A16538313A8D839&cp=581A7DF853099E1>
{'Title': '3200\xe7\x82\xb9\xe4\xb9\x8b\xe4\xb8\x8a\xef\xbc\x8cA\xe8\x82\xa1\xe7\x9a\x84\xe5\xa4\xba\xe5\x91\xbd\xe7\x8b\x82\xe9\xa3\x99\xe8\xbf\x98\xe8\x83\xbd\xe5\x9d\x9a\xe6\x8c\x81\xe5\xa4\x9a\xe4\xb9\x85\xef\xbc\x9f',
 'TitleUrl': u'http://www.toutiao.com/group/6352963293916954881/?_as_1479170989'}
2016-11-15 00:49:50 [toutiao] INFO: now entring download midware
2016-11-15 00:49:50 [toutiao] INFO: User-Agent is: BaiDuSpider <GET http://www.toutiao.com/api/article/feed/?category=news_finance&utm_source=toutiao&widen=0&max_behot_time=0&max_behot_time_tmp=1479166787&as=A16538313A8D839&cp=581A7DF853099E1>
2016-11-15 00:49:51 [scrapy] DEBUG: Crawled (200) <GET http://www.toutiao.com/api/article/feed/?category=news_finance&utm_source=toutiao&widen=0&max_behot_time=0&max_behot_time_tmp=1479166787&as=A16538313A8D839&cp=581A7DF853099E1> (referer: http://www.toutiao.com/api/article/feed/?category=news_finance&utm_source=toutiao&widen=0&max_behot_time=0&max_behot_time_tmp=1479161987&as=A16538313A8D839&cp=581A7DF853099E1)
2016-11-15 00:49:51 [toutiao] DEBUG: Fetch toutiao homepage page: http://www.toutiao.com/api/article/feed/?category=news_finance&utm_source=toutiao&widen=0&max_behot_time=0&max_behot_time_tmp=1479166787&as=A16538313A8D839&cp=581A7DF853099E1
2016-11-15 00:49:51 [scrapy] DEBUG: Scraped from <200 http://www.toutiao.com/api/article/feed/?category=news_finance&utm_source=toutiao&widen=0&max_behot_time=0&max_behot_time_tmp=1479166787&as=A16538313A8D839&cp=581A7DF853099E1>
{'Title': '\xe4\xbb\x8a\xe5\xb9\xb4\xe4\xb8\xba\xe4\xbb\x80\xe4\xb9\x88\xe6\x89\x80\xe6\x9c\x89\xe7\x9a\x84\xe5\x86\x9c\xe4\xba\xa7\xe5\x93\x81\xe9\x83\xbd\xe4\xb8\x8d\xe5\x80\xbc\xe9\x92\xb1\xef\xbc\x9f',
 'TitleUrl': u'http://www.toutiao.com/group/6352973346883240193/'}
2016-11-15 00:49:51 [scrapy] DEBUG: Scraped from <200 http://www.toutiao.com/api/article/feed/?category=news_finance&utm_source=toutiao&widen=0&max_behot_time=0&max_behot_time_tmp=1479166787&as=A16538313A8D839&cp=581A7DF853099E1>
{'Title': '\xe4\xbf\xa1\xe7\x94\xa8\xe5\x8d\xa1\xe4\xb8\xad\xe5\xbf\x83\xe6\x89\x93\xe6\xad\xbb\xe4\xb8\x8d\xe8\x82\xaf\xe8\xaf\xb4\xe7\x9a\x84\xe7\xa7\x98\xe5\xaf\x86\xef\xbc\x88\xe6\x96\x87\xe5\xad\x97\xe7\xb2\xbe\xe8\xa3\x85\xe7\x89\x88\xef\xbc\x89',
 'TitleUrl': u'http://www.toutiao.com/group/6351785850057343234/'}
2016-11-15 00:49:51 [scrapy] DEBUG: Scraped from <200 http://www.toutiao.com/api/article/feed/?category=news_finance&utm_source=toutiao&widen=0&max_behot_time=0&max_behot_time_tmp=1479166787&as=A16538313A8D839&cp=581A7DF853099E1>
{'Title': '\xe8\x91\xa3\xe6\x98\x8e\xe7\x8f\xa0\xe8\xae\xad\xe6\x96\xa5\xe8\x82\xa1\xe4\xb8\x9c\xe6\x89\x80\xe4\xbb\xa5\xe8\xa2\xab\xe5\x85\x8d\xef\xbc\x9f\xe7\x9c\x9f\xe7\x9b\xb8\xe6\x9d\xa5\xe4\xba\x86',
 'TitleUrl': u'http://www.toutiao.com/group/6351877198432961026/'}
2016-11-15 00:49:51 [scrapy] DEBUG: Scraped from <200 http://www.toutiao.com/api/article/feed/?category=news_finance&utm_source=toutiao&widen=0&max_behot_time=0&max_behot_time_tmp=1479166787&as=A16538313A8D839&cp=581A7DF853099E1>
{'Title': '\xe5\x88\x9b\xe4\xb8\x9a\xe7\x83\xad\xe7\x82\xb9\xef\xbc\x9a\xe6\xb3\x95\xe6\xa0\xbc\xe8\x8e\xb1\xe8\xa3\x85\xe4\xbf\xae\xe5\x8a\xa0\xe7\x9b\x9f\xe6\x88\x90\xe5\x8a\x9f\xe6\xa1\x88\xe4\xbe\x8b\xef\xbc\x8c\xe8\xbd\xbb\xe6\x9d\xbe\xe5\xbc\x80\xe4\xb8\x9a\xef\xbc\x81',
 'TitleUrl': u'http://www.toutiao.com/group/6350543403553390850/'}
2016-11-15 00:49:51 [scrapy] DEBUG: Scraped from <200 http://www.toutiao.com/api/article/feed/?category=news_finance&utm_source=toutiao&widen=0&max_behot_time=0&max_behot_time_tmp=1479166787&as=A16538313A8D839&cp=581A7DF853099E1>
{'Title': '\xe4\xbf\xa1\xe7\x94\xa8\xe5\x8d\xa1\xe6\xbb\x9e\xe7\xba\xb3\xe9\x87\x912017\xe5\xb9\xb41\xe6\x9c\x88\xe8\xb5\xb7\xe5\xb0\x86\xe5\x8f\x96\xe6\xb6\x88 \xe9\x80\xbe\xe6\x9c\x9f\xe5\xb0\xb1\xe6\xb2\xa1\xe4\xba\x8b\xe5\x84\xbf\xe4\xba\x86?',
 'TitleUrl': u'http://www.toutiao.com/group/6352228129683996930/'}
2016-11-15 00:49:51 [scrapy] DEBUG: Scraped from <200 http://www.toutiao.com/api/article/feed/?category=news_finance&utm_source=toutiao&widen=0&max_behot_time=0&max_behot_time_tmp=1479166787&as=A16538313A8D839&cp=581A7DF853099E1>
{'Title': '\xe6\x9c\xaa\xe6\x9d\xa510\xe5\xb9\xb4\xef\xbc\x8c\xe6\x88\x91\xe4\xbb\xac\xe8\xaf\xa5\xe5\xa6\x82\xe4\xbd\x95\xe9\x85\x8d\xe7\xbd\xae\xe8\xb5\x84\xe4\xba\xa7',
 'TitleUrl': u'http://www.toutiao.com/group/6344611661378322689/'}
2016-11-15 00:49:51 [scrapy] DEBUG: Scraped from <200 http://www.toutiao.com/api/article/feed/?category=news_finance&utm_source=toutiao&widen=0&max_behot_time=0&max_behot_time_tmp=1479166787&as=A16538313A8D839&cp=581A7DF853099E1>
{'Title': '\xe8\xbf\x99\xe4\xbb\xbd\xe9\xab\x98\xe9\x80\x81\xe8\xbd\xac\xe6\xbd\x9c\xe5\x8a\x9b\xe8\x82\xa1\xe5\x90\x8d\xe5\x8d\x95\xef\xbc\x8c\xe5\xbe\x88\xe9\x9d\xa0N\xe8\xb0\xb1B\xef\xbc\x81',
 'TitleUrl': u'http://www.toutiao.com/group/6349048628476363009/'}
2016-11-15 00:49:51 [scrapy] DEBUG: Scraped from <200 http://www.toutiao.com/api/article/feed/?category=news_finance&utm_source=toutiao&widen=0&max_behot_time=0&max_behot_time_tmp=1479166787&as=A16538313A8D839&cp=581A7DF853099E1>
{'Title': '\xe4\xbd\x93\xe5\xbd\xa9\xe5\xa4\xa7\xe4\xb9\x90\xe9\x80\x8f\xe5\xa5\x96\xe6\xb1\xa0\xe7\xa0\xb436\xe4\xba\xbf\xe5\x88\x9b\xe8\xae\xb0\xe5\xbd\x95\xef\xbc\x8c\xe6\x80\x8e\xe4\xb9\x88\xe4\xb9\xb0\xe6\x89\x8d\xe8\x83\xbd\xe5\xb0\x86\xe5\xa5\x96\xe6\xb1\xa0\xe6\x8e\x8f\xe7\xa9\xba\xef\xbc\x9f',
 'TitleUrl': u'http://www.toutiao.com/group/6342753383161528578/'}
2016-11-15 00:49:51 [scrapy] DEBUG: Scraped from <200 http://www.toutiao.com/api/article/feed/?category=news_finance&utm_source=toutiao&widen=0&max_behot_time=0&max_behot_time_tmp=1479166787&as=A16538313A8D839&cp=581A7DF853099E1>
{'Title': '\xe5\x85\xb3\xe6\xb3\xa8\xe4\xb8\xa8\xe4\xb8\x8b\xe6\x9c\x88\xe8\xb5\xb7 \xe4\xbd\xa0\xe7\x9a\x84\xe9\x93\xb6\xe8\xa1\x8c\xe8\xb4\xa6\xe6\x88\xb7\xe8\xa6\x81\xe8\xbf\x99\xe6\xa0\xb7\xe7\xae\xa1\xe7\x90\x86\xef\xbc\x81',
 'TitleUrl': u'http://www.toutiao.com/group/6352697433608159746/'}
2016-11-15 00:49:51 [scrapy] DEBUG: Scraped from <200 http://www.toutiao.com/api/article/feed/?category=news_finance&utm_source=toutiao&widen=0&max_behot_time=0&max_behot_time_tmp=1479166787&as=A16538313A8D839&cp=581A7DF853099E1>
{'Title': '\xe5\x87\xba\xe7\x94\x9f\xe5\x9c\xa8\xe5\x86\x9c\xe5\x8e\x86\xe5\x93\xaa\xe4\xb8\xaa\xe6\x9c\x88\xef\xbc\x8c\xe7\x90\x86\xe8\xb4\xa2\xe9\xab\x98\xe6\x89\x8b\xef\xbc\x8c\xe4\xb8\x8d\xe5\xb7\xa5\xe4\xbd\x9c\xe4\xb9\x9f\xe8\x83\xbd\xe5\xbd\x93\xe5\xaf\x8c\xe7\xbf\x81',
 'TitleUrl': u'http://www.toutiao.com/group/6352971918170636545/'}
2016-11-15 00:49:51 [scrapy] DEBUG: Scraped from <200 http://www.toutiao.com/api/article/feed/?category=news_finance&utm_source=toutiao&widen=0&max_behot_time=0&max_behot_time_tmp=1479166787&as=A16538313A8D839&cp=581A7DF853099E1>
{'Title': '\xe9\xbb\x84\xe9\x87\x91\xe6\x9a\xb4\xe8\xb7\x8c20\xe7\xbe\x8e\xe5\x85\x83!\xe5\x85\xa8\xe7\x90\x83\xe9\x99\xb7\xe5\x85\xa5\xe2\x80\x9c\xe7\x89\xb9\xe6\x9c\x97\xe6\x99\xae\xe9\xaa\x97\xe5\xb1\x80\xe2\x80\x9d!',
 'TitleUrl': u'http://www.toutiao.com/group/6352691121755586817/'}
2016-11-15 00:49:51 [scrapy] DEBUG: Scraped from <200 http://www.toutiao.com/api/article/feed/?category=news_finance&utm_source=toutiao&widen=0&max_behot_time=0&max_behot_time_tmp=1479166787&as=A16538313A8D839&cp=581A7DF853099E1>
{'Title': '\xe5\x9c\xb0\xe6\x96\xb9\xe8\xb4\xa2\xe6\x94\xbf\xe7\xa0\xb4\xe4\xba\xa7\xe8\xae\xa1\xe5\x88\x92\xe5\x87\xba\xe5\x8f\xb0\xef\xbc\x8c\xe5\x8f\xaf\xe5\x8f\x98\xe5\x8d\x96\xe6\x94\xbf\xe5\xba\x9c\xe8\xb5\x84\xe4\xba\xa7\xe5\x81\xbf\xe5\x80\xba',
 'TitleUrl': u'http://www.toutiao.com/group/6352833623604248834/'}
2016-11-15 00:49:51 [scrapy] DEBUG: Scraped from <200 http://www.toutiao.com/api/article/feed/?category=news_finance&utm_source=toutiao&widen=0&max_behot_time=0&max_behot_time_tmp=1479166787&as=A16538313A8D839&cp=581A7DF853099E1>
{'Title': '\xe5\xb1\xb1\xe4\xb8\x9c\xe9\x92\xa2\xe9\x93\x81\xe8\x82\xa1\xe4\xbb\xbd\xe6\x9c\x89\xe9\x99\x90\xe5\x85\xac\xe5\x8f\xb8\xe5\x85\xac\xe5\x91\x8a',
 'TitleUrl': u'http://www.toutiao.com/group/6352807307739922689/'}
2016-11-15 00:49:51 [scrapy] DEBUG: Scraped from <200 http://www.toutiao.com/api/article/feed/?category=news_finance&utm_source=toutiao&widen=0&max_behot_time=0&max_behot_time_tmp=1479166787&as=A16538313A8D839&cp=581A7DF853099E1>
{'Title': '\xe6\xb2\xa1\xe6\x9c\x89\xe5\x8d\x95\xe4\xbd\x8d\xef\xbc\x8c\xe7\x81\xb5\xe6\xb4\xbb\xe5\xb0\xb1\xe4\xb8\x9a\xef\xbc\x8c\xe7\xa4\xbe\xe4\xbf\x9d\xe4\xba\xa4\xe8\xbf\x98\xe6\x98\xaf\xe4\xb8\x8d\xe4\xba\xa4\xef\xbc\x9f',
 'TitleUrl': u'http://www.toutiao.com/group/6351278095773958401/'}
2016-11-15 00:49:51 [scrapy] DEBUG: Scraped from <200 http://www.toutiao.com/api/article/feed/?category=news_finance&utm_source=toutiao&widen=0&max_behot_time=0&max_behot_time_tmp=1479166787&as=A16538313A8D839&cp=581A7DF853099E1>
{'Title': '11\xe6\x9c\x8815\xe6\x97\xa5\xe9\x87\x8d\xe7\x82\xb9\xe5\x85\xb3\xe6\xb3\xa8\xe7\x9a\x84\xe6\x9d\xbf\xe5\x9d\x97\xe5\x8f\x8a\xe4\xb8\xaa\xe8\x82\xa1\xef\xbc\x88\xe5\x9b\xbe\xef\xbc\x89',
 'TitleUrl': u'http://www.toutiao.com/group/6352961631551258881/'}
2016-11-15 00:49:51 [scrapy] DEBUG: Scraped from <200 http://www.toutiao.com/api/article/feed/?category=news_finance&utm_source=toutiao&widen=0&max_behot_time=0&max_behot_time_tmp=1479166787&as=A16538313A8D839&cp=581A7DF853099E1>
{'Title': '11\xe6\x9c\x8815\xe6\x97\xa5\xe9\x87\x8d\xe7\x82\xb9\xe5\x85\xb3\xe6\xb3\xa8\xe7\x9a\x84\xe6\x9d\xbf\xe5\x9d\x97\xe5\x8f\x8a\xe4\xb8\xaa\xe8\x82\xa1\xef\xbc\x88\xe5\x9b\xbe\xef\xbc\x89',
 'TitleUrl': u'http://www.toutiao.com/group/6352963699757809921/?_as_1479170989'}
2016-11-15 00:49:51 [toutiao] INFO: now entring download midware
2016-11-15 00:49:51 [toutiao] INFO: User-Agent is: Baiduspider+(+http://www.baidu.com/search/spider_jp.html) <GET http://www.toutiao.com/api/article/feed/?category=news_finance&utm_source=toutiao&widen=0&max_behot_time=0&max_behot_time_tmp=1479170526&as=A16538313A8D839&cp=581A7DF853099E1>
2016-11-15 00:49:52 [scrapy] DEBUG: Crawled (200) <GET http://www.toutiao.com/api/article/feed/?category=news_finance&utm_source=toutiao&widen=0&max_behot_time=0&max_behot_time_tmp=1479170526&as=A16538313A8D839&cp=581A7DF853099E1> (referer: http://www.toutiao.com/api/article/feed/?category=news_finance&utm_source=toutiao&widen=0&max_behot_time=0&max_behot_time_tmp=1479166787&as=A16538313A8D839&cp=581A7DF853099E1)
2016-11-15 00:49:52 [toutiao] DEBUG: Fetch toutiao homepage page: http://www.toutiao.com/api/article/feed/?category=news_finance&utm_source=toutiao&widen=0&max_behot_time=0&max_behot_time_tmp=1479170526&as=A16538313A8D839&cp=581A7DF853099E1
2016-11-15 00:49:52 [scrapy] DEBUG: Scraped from <200 http://www.toutiao.com/api/article/feed/?category=news_finance&utm_source=toutiao&widen=0&max_behot_time=0&max_behot_time_tmp=1479170526&as=A16538313A8D839&cp=581A7DF853099E1>
{'Title': '\xe5\x91\xa8\xe4\xba\x8c\xe6\x9c\xba\xe6\x9e\x84\xe4\xb8\x80\xe8\x87\xb4\xe6\x9c\x80\xe7\x9c\x8b\xe5\xa5\xbd\xe7\x9a\x8410\xe9\x87\x91\xe8\x82\xa1',
 'TitleUrl': u'http://www.toutiao.com/group/6352716904238760193/'}
2016-11-15 00:49:52 [scrapy] DEBUG: Scraped from <200 http://www.toutiao.com/api/article/feed/?category=news_finance&utm_source=toutiao&widen=0&max_behot_time=0&max_behot_time_tmp=1479170526&as=A16538313A8D839&cp=581A7DF853099E1>
{'Title': '\xe5\x85\xac\xe5\x8a\xa1\xe5\x91\x98\xe6\x9c\x89\xe4\xba\x86\xe2\x80\x9c\xe8\x81\x8c\xe4\xb8\x9a\xe5\xb9\xb4\xe9\x87\x91\xe2\x80\x9d\xef\xbc\x8c\xe9\x82\xa3\xe4\xbc\x81\xe4\xb8\x9a\xe5\x91\x98\xe5\xb7\xa5\xe5\x85\xbb\xe8\x80\x81\xe5\x92\x8b\xe5\x8a\x9e\xef\xbc\x9f',
 'TitleUrl': u'http://www.toutiao.com/group/6352691029426241794/'}
2016-11-15 00:49:52 [scrapy] DEBUG: Scraped from <200 http://www.toutiao.com/api/article/feed/?category=news_finance&utm_source=toutiao&widen=0&max_behot_time=0&max_behot_time_tmp=1479170526&as=A16538313A8D839&cp=581A7DF853099E1>
{'Title': '\xe5\xaf\x8c\xe4\xba\xba\xe6\x80\x9d\xe7\xbb\xb4\xe7\xb3\xbb\xe5\x88\x97\xef\xbc\x8856\xef\xbc\x89\xef\xbc\x9a\xe8\xbf\x993\xe4\xb8\xaa\xe4\xb9\xa0\xe6\x83\xaf\xef\xbc\x8c\xe5\x86\xb3\xe5\xae\x9a\xe4\xbd\xa0\xe6\x98\xaf\xe7\xa9\xb7\xe4\xba\xba\xe8\xbf\x98\xe6\x98\xaf\xe5\xaf\x8c\xe4\xba\xba\xef\xbc\x81',
 'TitleUrl': u'http://www.toutiao.com/group/6352630832070787329/'}
2016-11-15 00:49:52 [scrapy] DEBUG: Scraped from <200 http://www.toutiao.com/api/article/feed/?category=news_finance&utm_source=toutiao&widen=0&max_behot_time=0&max_behot_time_tmp=1479170526&as=A16538313A8D839&cp=581A7DF853099E1>
{'Title': '\xe7\x89\xb9\xe6\x9c\x97\xe6\x99\xae\xe5\xbd\x93\xe9\x80\x89\xe5\x90\x8e\xe5\x88\xa4\xe8\x8b\xa5\xe4\xb8\xa4\xe4\xba\xba 12\xe6\x9c\x88\xe5\x8a\xa0\xe6\x81\xaf\xe4\xb8\xbb\xe5\xae\xb0\xe5\xb8\x82\xe5\x9c\xba',
 'TitleUrl': u'http://www.toutiao.com/group/6352736134590087426/'}
2016-11-15 00:49:52 [scrapy] DEBUG: Scraped from <200 http://www.toutiao.com/api/article/feed/?category=news_finance&utm_source=toutiao&widen=0&max_behot_time=0&max_behot_time_tmp=1479170526&as=A16538313A8D839&cp=581A7DF853099E1>
{'Title': '\xe5\xb1\xb1\xe4\xb8\x9c\xe9\xa6\x96\xe5\xaf\x8c\xe5\x86\x8d\xe5\x8f\x91\xe7\xa6\x8f\xe5\x88\xa9\xe6\xb6\xa8\xe5\xb7\xa5\xe8\xb5\x84 6\xe5\xb9\xb4\xe5\x86\x85\xe8\x87\xb3\xe5\xb0\x91\xe6\xb6\xa8\xe4\xba\x8618\xe6\xac\xa1',
 'TitleUrl': u'http://www.toutiao.com/group/6352714535317635329/'}
2016-11-15 00:49:52 [scrapy] DEBUG: Scraped from <200 http://www.toutiao.com/api/article/feed/?category=news_finance&utm_source=toutiao&widen=0&max_behot_time=0&max_behot_time_tmp=1479170526&as=A16538313A8D839&cp=581A7DF853099E1>
{'Title': 'A\xe8\x82\xa1\xe5\x90\x9b\xef\xbc\x9a3200\xe7\x82\xb9\xe5\x90\x8e\xe4\xb8\x8b\xe4\xb8\x80\xe4\xb8\xaa\xe9\xab\x98\xe7\x82\xb9\xe5\x9c\xa8\xe5\x93\xaa\xe9\x87\x8c\xef\xbc\x9f\xe4\xbd\x95\xe6\x97\xb6\xe8\xb0\x83\xe6\x95\xb4\xef\xbc\x9f',
 'TitleUrl': u'http://www.toutiao.com/group/6352826067800408321/'}
2016-11-15 00:49:52 [scrapy] DEBUG: Scraped from <200 http://www.toutiao.com/api/article/feed/?category=news_finance&utm_source=toutiao&widen=0&max_behot_time=0&max_behot_time_tmp=1479170526&as=A16538313A8D839&cp=581A7DF853099E1>
{'Title': '\xe6\xb1\x9f\xe8\xa5\xbf\xe9\x99\x8d\xe4\xbd\x8e\xe5\xa4\xa9\xe7\x84\xb6\xe6\xb0\x94\xe7\xae\xa1\xe8\xbe\x93\xe4\xbb\xb7\xe6\xa0\xbc',
 'TitleUrl': u'http://www.toutiao.com/group/6352939597904019714/'}
2016-11-15 00:49:52 [scrapy] DEBUG: Scraped from <200 http://www.toutiao.com/api/article/feed/?category=news_finance&utm_source=toutiao&widen=0&max_behot_time=0&max_behot_time_tmp=1479170526&as=A16538313A8D839&cp=581A7DF853099E1>
{'Title': '\xe4\xb8\xba\xe4\xbb\x80\xe4\xb9\x88\xe8\xa1\x97\xe4\xb8\x8a\xe9\xa6\x99\xe5\x96\xb7\xe5\x96\xb7\xe7\x9a\x84\xe7\x83\xa4\xe9\xb8\xad\xe5\x8f\xaa\xe5\x8d\x9618\xe5\x85\x83\xef\xbc\x9f',
 'TitleUrl': u'http://www.toutiao.com/group/6349328464570482945/'}
2016-11-15 00:49:52 [scrapy] DEBUG: Scraped from <200 http://www.toutiao.com/api/article/feed/?category=news_finance&utm_source=toutiao&widen=0&max_behot_time=0&max_behot_time_tmp=1479170526&as=A16538313A8D839&cp=581A7DF853099E1>
{'Title': '\xe4\xbb\x8a\xe5\xb9\xb4\xe4\xb8\xba\xe4\xbb\x80\xe4\xb9\x88\xe6\x89\x80\xe6\x9c\x89\xe7\x9a\x84\xe5\x86\x9c\xe4\xba\xa7\xe5\x93\x81\xe9\x83\xbd\xe4\xb8\x8d\xe5\x80\xbc\xe9\x92\xb1\xef\xbc\x9f',
 'TitleUrl': u'http://www.toutiao.com/group/6352973346883240193/'}
2016-11-15 00:49:52 [scrapy] DEBUG: Scraped from <200 http://www.toutiao.com/api/article/feed/?category=news_finance&utm_source=toutiao&widen=0&max_behot_time=0&max_behot_time_tmp=1479170526&as=A16538313A8D839&cp=581A7DF853099E1>
{'Title': '\xe4\xbf\xa1\xe7\x94\xa8\xe5\x8d\xa1\xe4\xb8\xad\xe5\xbf\x83\xe6\x89\x93\xe6\xad\xbb\xe4\xb8\x8d\xe8\x82\xaf\xe8\xaf\xb4\xe7\x9a\x84\xe7\xa7\x98\xe5\xaf\x86\xef\xbc\x88\xe6\x96\x87\xe5\xad\x97\xe7\xb2\xbe\xe8\xa3\x85\xe7\x89\x88\xef\xbc\x89',
 'TitleUrl': u'http://www.toutiao.com/group/6351785850057343234/'}
2016-11-15 00:49:52 [scrapy] DEBUG: Scraped from <200 http://www.toutiao.com/api/article/feed/?category=news_finance&utm_source=toutiao&widen=0&max_behot_time=0&max_behot_time_tmp=1479170526&as=A16538313A8D839&cp=581A7DF853099E1>
{'Title': '\xe8\x91\xa3\xe6\x98\x8e\xe7\x8f\xa0\xe8\xae\xad\xe6\x96\xa5\xe8\x82\xa1\xe4\xb8\x9c\xe6\x89\x80\xe4\xbb\xa5\xe8\xa2\xab\xe5\x85\x8d\xef\xbc\x9f\xe7\x9c\x9f\xe7\x9b\xb8\xe6\x9d\xa5\xe4\xba\x86',
 'TitleUrl': u'http://www.toutiao.com/group/6351877198432961026/'}
2016-11-15 00:49:52 [scrapy] DEBUG: Scraped from <200 http://www.toutiao.com/api/article/feed/?category=news_finance&utm_source=toutiao&widen=0&max_behot_time=0&max_behot_time_tmp=1479170526&as=A16538313A8D839&cp=581A7DF853099E1>
{'Title': '\xe4\xbf\xa1\xe7\x94\xa8\xe5\x8d\xa1\xe6\xbb\x9e\xe7\xba\xb3\xe9\x87\x912017\xe5\xb9\xb41\xe6\x9c\x88\xe8\xb5\xb7\xe5\xb0\x86\xe5\x8f\x96\xe6\xb6\x88 \xe9\x80\xbe\xe6\x9c\x9f\xe5\xb0\xb1\xe6\xb2\xa1\xe4\xba\x8b\xe5\x84\xbf\xe4\xba\x86?',
 'TitleUrl': u'http://www.toutiao.com/group/6352228129683996930/'}
2016-11-15 00:49:52 [scrapy] DEBUG: Scraped from <200 http://www.toutiao.com/api/article/feed/?category=news_finance&utm_source=toutiao&widen=0&max_behot_time=0&max_behot_time_tmp=1479170526&as=A16538313A8D839&cp=581A7DF853099E1>
{'Title': '\xe6\x9c\xaa\xe6\x9d\xa510\xe5\xb9\xb4\xef\xbc\x8c\xe6\x88\x91\xe4\xbb\xac\xe8\xaf\xa5\xe5\xa6\x82\xe4\xbd\x95\xe9\x85\x8d\xe7\xbd\xae\xe8\xb5\x84\xe4\xba\xa7',
 'TitleUrl': u'http://www.toutiao.com/group/6344611661378322689/'}
2016-11-15 00:49:52 [scrapy] DEBUG: Scraped from <200 http://www.toutiao.com/api/article/feed/?category=news_finance&utm_source=toutiao&widen=0&max_behot_time=0&max_behot_time_tmp=1479170526&as=A16538313A8D839&cp=581A7DF853099E1>
{'Title': '\xe8\xbf\x99\xe4\xbb\xbd\xe9\xab\x98\xe9\x80\x81\xe8\xbd\xac\xe6\xbd\x9c\xe5\x8a\x9b\xe8\x82\xa1\xe5\x90\x8d\xe5\x8d\x95\xef\xbc\x8c\xe5\xbe\x88\xe9\x9d\xa0N\xe8\xb0\xb1B\xef\xbc\x81',
 'TitleUrl': u'http://www.toutiao.com/group/6349048628476363009/'}
2016-11-15 00:49:52 [scrapy] DEBUG: Scraped from <200 http://www.toutiao.com/api/article/feed/?category=news_finance&utm_source=toutiao&widen=0&max_behot_time=0&max_behot_time_tmp=1479170526&as=A16538313A8D839&cp=581A7DF853099E1>
{'Title': '\xe8\xbf\x99\xe4\xbb\xbd\xe9\xab\x98\xe9\x80\x81\xe8\xbd\xac\xe6\xbd\x9c\xe5\x8a\x9b\xe8\x82\xa1\xe5\x90\x8d\xe5\x8d\x95\xef\xbc\x8c\xe5\xbe\x88\xe9\x9d\xa0N\xe8\xb0\xb1B\xef\xbc\x81',
 'TitleUrl': u'http://www.toutiao.com/group/6352963357252305153/?_as_1479170991'}
2016-11-15 00:49:52 [toutiao] INFO: now entring download midware
2016-11-15 00:49:52 [toutiao] INFO: User-Agent is: FyberSpider <GET http://www.toutiao.com/api/article/feed/?category=news_finance&utm_source=toutiao&widen=0&max_behot_time=0&max_behot_time_tmp=1479170940&as=A16538313A8D839&cp=581A7DF853099E1>
2016-11-15 00:49:53 [scrapy] DEBUG: Crawled (200) <GET http://www.toutiao.com/api/article/feed/?category=news_finance&utm_source=toutiao&widen=0&max_behot_time=0&max_behot_time_tmp=1479170940&as=A16538313A8D839&cp=581A7DF853099E1> (referer: http://www.toutiao.com/api/article/feed/?category=news_finance&utm_source=toutiao&widen=0&max_behot_time=0&max_behot_time_tmp=1479170526&as=A16538313A8D839&cp=581A7DF853099E1)
2016-11-15 00:49:53 [toutiao] DEBUG: Fetch toutiao homepage page: http://www.toutiao.com/api/article/feed/?category=news_finance&utm_source=toutiao&widen=0&max_behot_time=0&max_behot_time_tmp=1479170940&as=A16538313A8D839&cp=581A7DF853099E1
2016-11-15 00:49:53 [scrapy] DEBUG: Scraped from <200 http://www.toutiao.com/api/article/feed/?category=news_finance&utm_source=toutiao&widen=0&max_behot_time=0&max_behot_time_tmp=1479170940&as=A16538313A8D839&cp=581A7DF853099E1>
{'Title': '\xe7\xb4\xa7\xe6\x80\xa5\xe5\xb8\x83\xe5\xb1\x80\xef\xbc\x9a\xe4\xb8\xbb\xe5\x8a\x9b\xe5\xb0\x86\xe6\x9a\xb4\xe5\x8a\x9b\xe6\x8b\x89\xe5\x8d\x87\xe8\xbf\x99\xe4\xb8\xaa\xe6\x9d\xbf\xe5\x9d\x97',
 'TitleUrl': u'http://www.toutiao.com/group/6352973211937046785/'}
2016-11-15 00:49:53 [scrapy] DEBUG: Scraped from <200 http://www.toutiao.com/api/article/feed/?category=news_finance&utm_source=toutiao&widen=0&max_behot_time=0&max_behot_time_tmp=1479170940&as=A16538313A8D839&cp=581A7DF853099E1>
{'Title': '\xe9\xa9\xac\xe5\x8c\x96\xe8\x85\xbe\xe5\x88\x9b\xe5\x8a\x9e\xe8\x85\xbe\xe8\xae\xaf\xe6\x97\xa9\xe6\x9c\x9f\xe5\x8a\x9e\xe5\x85\xac\xe5\xae\xa4\xe6\x9b\x9d\xe5\x85\x89\xef\xbc\x81QQ\xe7\xac\xac\xe4\xb8\x80\xe4\xb8\xaa\xe7\x89\x88\xe6\x9c\xac\xe5\x9c\xa8\xe8\xbf\x99\xe9\x87\x8c\xe8\xaf\x9e\xe7\x94\x9f',
 'TitleUrl': u'http://www.toutiao.com/group/6345065395065782530/'}
2016-11-15 00:49:53 [scrapy] DEBUG: Scraped from <200 http://www.toutiao.com/api/article/feed/?category=news_finance&utm_source=toutiao&widen=0&max_behot_time=0&max_behot_time_tmp=1479170940&as=A16538313A8D839&cp=581A7DF853099E1>
{'Title': '\xe4\xbd\xa0\xe6\x98\xaf\xe6\x80\x8e\xe4\xb9\x88\xe5\xad\x98\xe9\x92\xb1\xe7\x9a\x84\xef\xbc\x9f\xe5\x85\x88\xe6\x9d\xa5\xe7\x9c\x8b\xe7\x9c\x8b\xe8\xbf\x99\xe5\x9b\x9b\xe4\xb8\xaa\xe7\xaa\x8d\xe9\x97\xa8',
 'TitleUrl': u'http://www.toutiao.com/group/6345285736862974209/'}
2016-11-15 00:49:53 [scrapy] DEBUG: Scraped from <200 http://www.toutiao.com/api/article/feed/?category=news_finance&utm_source=toutiao&widen=0&max_behot_time=0&max_behot_time_tmp=1479170940&as=A16538313A8D839&cp=581A7DF853099E1>
{'Title': '\xe6\x96\xb0\xe5\x95\x86\xe6\x9c\xba\xe5\x8a\xa0\xe7\x9b\x9f\xef\xbc\x9a\xe4\xb8\x89\xe5\xa4\xa9\xe5\xb0\xb1\xe8\xa3\x85\xe4\xbf\xae\xe5\xa5\xbd\xe4\xbd\xa0\xe5\xae\xb6\xe7\x9a\x84\xe7\x8e\xaf\xe4\xbf\x9d\xe6\x9d\x90\xe6\x96\x99.',
 'TitleUrl': u'http://www.toutiao.com/group/6350543403553390850/'}
2016-11-15 00:49:53 [scrapy] DEBUG: Scraped from <200 http://www.toutiao.com/api/article/feed/?category=news_finance&utm_source=toutiao&widen=0&max_behot_time=0&max_behot_time_tmp=1479170940&as=A16538313A8D839&cp=581A7DF853099E1>
{'Title': '\xe5\xb0\x8f\xe9\xa2\x9d\xe8\xb4\xb7\xe6\xac\xbe\xe4\xb8\x8d\xe8\xbf\x98\xef\xbc\x8c\xe5\x88\xb0\xe5\xba\x95\xe6\x9c\x89\xe5\x93\xaa\xe4\xba\x9b\xe9\xba\xbb\xe7\x83\xa6\xef\xbc\x81',
 'TitleUrl': u'http://www.toutiao.com/group/6352708079898362113/'}
2016-11-15 00:49:53 [scrapy] DEBUG: Scraped from <200 http://www.toutiao.com/api/article/feed/?category=news_finance&utm_source=toutiao&widen=0&max_behot_time=0&max_behot_time_tmp=1479170940&as=A16538313A8D839&cp=581A7DF853099E1>
{'Title': '\xe6\x9d\x8e\xe5\x98\x89\xe8\xaf\x9a\xe8\xa2\xab\xe9\x82\xae\xe5\x82\xa8\xe9\x93\xb6\xe8\xa1\x8c\xe5\xa5\x97\xe7\x89\xa2\xef\xbc\x9f\xe5\x91\xb5\xe5\x91\xb5\xef\xbc\x8c\xe8\x80\x81\xe4\xba\xba\xe5\xae\xb6\xe5\x8e\x8b\xe6\xa0\xb9\xe8\xbf\x98\xe6\xb2\xa1\xe4\xb9\xb0\xe8\x82\xa1\xe4\xbb\xbd',
 'TitleUrl': u'http://www.toutiao.com/group/6352770481267884289/'}
2016-11-15 00:49:53 [scrapy] DEBUG: Scraped from <200 http://www.toutiao.com/api/article/feed/?category=news_finance&utm_source=toutiao&widen=0&max_behot_time=0&max_behot_time_tmp=1479170940&as=A16538313A8D839&cp=581A7DF853099E1>
{'Title': '\xe5\x8e\x89\xe5\xae\xb3\xe4\xba\x86~\xe9\x99\x95\xe8\xa5\xbf\xe8\xbf\x99\xe4\xb8\xaa\xe5\xae\xb6\xe6\x97\x8f\xe5\x9d\x90\xe6\x8b\xa5500\xe4\xba\xbf\xe7\xa8\xb3\xe5\xb1\x85\xe9\x99\x95\xe8\xa5\xbf\xe9\xa6\x96\xe5\xaf\x8c\xef\xbc\x8c\xe8\x80\x8c\xe4\xb8\x94\xe9\xa9\xac\xe4\xb8\x8a\xe5\xb0\xb1\xe8\xa6\x81\xe4\xb8\x8a\xe5\xb8\x82',
 'TitleUrl': u'http://www.toutiao.com/group/6352451745653719553/'}
2016-11-15 00:49:53 [scrapy] DEBUG: Scraped from <200 http://www.toutiao.com/api/article/feed/?category=news_finance&utm_source=toutiao&widen=0&max_behot_time=0&max_behot_time_tmp=1479170940&as=A16538313A8D839&cp=581A7DF853099E1>
{'Title': '\xe9\x98\xbf\xe9\x87\x8c\xe5\xb7\xb4\xe5\xb7\xb4\xe4\xb8\x8a\xe5\xb8\x822900\xe5\x80\x8d\xef\xbc\x8c\xe8\x9a\x82\xe8\x9a\x81\xe9\x87\x91\xe6\x9c\x8d\xe5\x8f\x88\xe8\xa6\x81\xe9\x80\xa0\xe5\xaf\x8c\xe4\xba\x86\xef\xbc\x81',
 'TitleUrl': u'http://www.toutiao.com/group/6352692310166601985/'}
2016-11-15 00:49:53 [scrapy] DEBUG: Scraped from <200 http://www.toutiao.com/api/article/feed/?category=news_finance&utm_source=toutiao&widen=0&max_behot_time=0&max_behot_time_tmp=1479170940&as=A16538313A8D839&cp=581A7DF853099E1>
{'Title': '\xe5\x91\xa8\xe4\xba\x8c\xe6\x9c\xba\xe6\x9e\x84\xe4\xb8\x80\xe8\x87\xb4\xe6\x9c\x80\xe7\x9c\x8b\xe5\xa5\xbd\xe7\x9a\x8410\xe9\x87\x91\xe8\x82\xa1',
 'TitleUrl': u'http://www.toutiao.com/group/6352716904238760193/'}
2016-11-15 00:49:53 [scrapy] DEBUG: Scraped from <200 http://www.toutiao.com/api/article/feed/?category=news_finance&utm_source=toutiao&widen=0&max_behot_time=0&max_behot_time_tmp=1479170940&as=A16538313A8D839&cp=581A7DF853099E1>
{'Title': '\xe5\x85\xac\xe5\x8a\xa1\xe5\x91\x98\xe6\x9c\x89\xe4\xba\x86\xe2\x80\x9c\xe8\x81\x8c\xe4\xb8\x9a\xe5\xb9\xb4\xe9\x87\x91\xe2\x80\x9d\xef\xbc\x8c\xe9\x82\xa3\xe4\xbc\x81\xe4\xb8\x9a\xe5\x91\x98\xe5\xb7\xa5\xe5\x85\xbb\xe8\x80\x81\xe5\x92\x8b\xe5\x8a\x9e\xef\xbc\x9f',
 'TitleUrl': u'http://www.toutiao.com/group/6352691029426241794/'}
2016-11-15 00:49:53 [scrapy] DEBUG: Scraped from <200 http://www.toutiao.com/api/article/feed/?category=news_finance&utm_source=toutiao&widen=0&max_behot_time=0&max_behot_time_tmp=1479170940&as=A16538313A8D839&cp=581A7DF853099E1>
{'Title': '\xe5\xaf\x8c\xe4\xba\xba\xe6\x80\x9d\xe7\xbb\xb4\xe7\xb3\xbb\xe5\x88\x97\xef\xbc\x8856\xef\xbc\x89\xef\xbc\x9a\xe8\xbf\x993\xe4\xb8\xaa\xe4\xb9\xa0\xe6\x83\xaf\xef\xbc\x8c\xe5\x86\xb3\xe5\xae\x9a\xe4\xbd\xa0\xe6\x98\xaf\xe7\xa9\xb7\xe4\xba\xba\xe8\xbf\x98\xe6\x98\xaf\xe5\xaf\x8c\xe4\xba\xba\xef\xbc\x81',
 'TitleUrl': u'http://www.toutiao.com/group/6352630832070787329/'}
2016-11-15 00:49:53 [scrapy] DEBUG: Scraped from <200 http://www.toutiao.com/api/article/feed/?category=news_finance&utm_source=toutiao&widen=0&max_behot_time=0&max_behot_time_tmp=1479170940&as=A16538313A8D839&cp=581A7DF853099E1>
{'Title': '\xe7\x89\xb9\xe6\x9c\x97\xe6\x99\xae\xe5\xbd\x93\xe9\x80\x89\xe5\x90\x8e\xe5\x88\xa4\xe8\x8b\xa5\xe4\xb8\xa4\xe4\xba\xba 12\xe6\x9c\x88\xe5\x8a\xa0\xe6\x81\xaf\xe4\xb8\xbb\xe5\xae\xb0\xe5\xb8\x82\xe5\x9c\xba',
 'TitleUrl': u'http://www.toutiao.com/group/6352736134590087426/'}
2016-11-15 00:49:53 [scrapy] DEBUG: Scraped from <200 http://www.toutiao.com/api/article/feed/?category=news_finance&utm_source=toutiao&widen=0&max_behot_time=0&max_behot_time_tmp=1479170940&as=A16538313A8D839&cp=581A7DF853099E1>
{'Title': '\xe5\xb1\xb1\xe4\xb8\x9c\xe9\xa6\x96\xe5\xaf\x8c\xe5\x86\x8d\xe5\x8f\x91\xe7\xa6\x8f\xe5\x88\xa9\xe6\xb6\xa8\xe5\xb7\xa5\xe8\xb5\x84 6\xe5\xb9\xb4\xe5\x86\x85\xe8\x87\xb3\xe5\xb0\x91\xe6\xb6\xa8\xe4\xba\x8618\xe6\xac\xa1',
 'TitleUrl': u'http://www.toutiao.com/group/6352714535317635329/'}
2016-11-15 00:49:53 [scrapy] DEBUG: Scraped from <200 http://www.toutiao.com/api/article/feed/?category=news_finance&utm_source=toutiao&widen=0&max_behot_time=0&max_behot_time_tmp=1479170940&as=A16538313A8D839&cp=581A7DF853099E1>
{'Title': 'A\xe8\x82\xa1\xe5\x90\x9b\xef\xbc\x9a3200\xe7\x82\xb9\xe5\x90\x8e\xe4\xb8\x8b\xe4\xb8\x80\xe4\xb8\xaa\xe9\xab\x98\xe7\x82\xb9\xe5\x9c\xa8\xe5\x93\xaa\xe9\x87\x8c\xef\xbc\x9f\xe4\xbd\x95\xe6\x97\xb6\xe8\xb0\x83\xe6\x95\xb4\xef\xbc\x9f',
 'TitleUrl': u'http://www.toutiao.com/group/6352826067800408321/'}
2016-11-15 00:49:53 [scrapy] DEBUG: Scraped from <200 http://www.toutiao.com/api/article/feed/?category=news_finance&utm_source=toutiao&widen=0&max_behot_time=0&max_behot_time_tmp=1479170940&as=A16538313A8D839&cp=581A7DF853099E1>
{'Title': '\xe6\xb1\x9f\xe8\xa5\xbf\xe9\x99\x8d\xe4\xbd\x8e\xe5\xa4\xa9\xe7\x84\xb6\xe6\xb0\x94\xe7\xae\xa1\xe8\xbe\x93\xe4\xbb\xb7\xe6\xa0\xbc',
 'TitleUrl': u'http://www.toutiao.com/group/6352939597904019714/'}
2016-11-15 00:49:53 [scrapy] DEBUG: Scraped from <200 http://www.toutiao.com/api/article/feed/?category=news_finance&utm_source=toutiao&widen=0&max_behot_time=0&max_behot_time_tmp=1479170940&as=A16538313A8D839&cp=581A7DF853099E1>
{'Title': '\xe6\xb1\x9f\xe8\xa5\xbf\xe9\x99\x8d\xe4\xbd\x8e\xe5\xa4\xa9\xe7\x84\xb6\xe6\xb0\x94\xe7\xae\xa1\xe8\xbe\x93\xe4\xbb\xb7\xe6\xa0\xbc',
 'TitleUrl': u'http://www.toutiao.com/group/6352964036234150146/?_as_1479170992'}
2016-11-15 00:49:53 [toutiao] INFO: now entring download midware
2016-11-15 00:49:53 [toutiao] INFO: User-Agent is: everyfeed-spider/2.0 (http://www.everyfeed.com) <GET http://www.toutiao.com/api/article/feed/?category=news_finance&utm_source=toutiao&widen=0&max_behot_time=0&max_behot_time_tmp=1479170990&as=A16538313A8D839&cp=581A7DF853099E1>
2016-11-15 00:49:54 [scrapy] DEBUG: Crawled (200) <GET http://www.toutiao.com/api/article/feed/?category=news_finance&utm_source=toutiao&widen=0&max_behot_time=0&max_behot_time_tmp=1479170990&as=A16538313A8D839&cp=581A7DF853099E1> (referer: http://www.toutiao.com/api/article/feed/?category=news_finance&utm_source=toutiao&widen=0&max_behot_time=0&max_behot_time_tmp=1479170940&as=A16538313A8D839&cp=581A7DF853099E1)
2016-11-15 00:49:54 [toutiao] DEBUG: Fetch toutiao homepage page: http://www.toutiao.com/api/article/feed/?category=news_finance&utm_source=toutiao&widen=0&max_behot_time=0&max_behot_time_tmp=1479170990&as=A16538313A8D839&cp=581A7DF853099E1
2016-11-15 00:49:54 [scrapy] DEBUG: Scraped from <200 http://www.toutiao.com/api/article/feed/?category=news_finance&utm_source=toutiao&widen=0&max_behot_time=0&max_behot_time_tmp=1479170990&as=A16538313A8D839&cp=581A7DF853099E1>
{'Title': '11.15 \xe7\xbe\x8e\xe6\x8c\x87\xe5\x9b\x9e\xe8\x90\xbd \xe4\xbb\x8a\xe6\x97\xa5\xe9\xab\x98\xe5\xbc\x80\xe5\xb7\xb2\xe5\xae\x9a \xe9\x87\x91\xe9\x93\xb6\xe5\x8e\x9f\xe6\xb2\xb9\xe6\x97\xa5\xe5\x86\x85\xe6\x93\x8d\xe4\xbd\x9c\xe5\xbb\xba\xe8\xae\xae',
 'TitleUrl': u'http://www.toutiao.com/group/6352944029559685377/'}
2016-11-15 00:49:54 [scrapy] DEBUG: Scraped from <200 http://www.toutiao.com/api/article/feed/?category=news_finance&utm_source=toutiao&widen=0&max_behot_time=0&max_behot_time_tmp=1479170990&as=A16538313A8D839&cp=581A7DF853099E1>
{'Title': '\xe6\xb3\xa8\xe6\x84\x8f\xef\xbc\x81\xe6\x98\x8e\xe5\xa4\xa9\xe6\x9c\x80\xe5\xa5\xbd\xe4\xb8\x8d\xe8\xa6\x81\xe7\xa2\xb0\xe8\xbf\x9910\xe4\xb8\xaa\xe8\x82\xa1\xe7\xa5\xa8\xef\xbc\x81',
 'TitleUrl': u'http://www.toutiao.com/group/6352855037073965314/'}
2016-11-15 00:49:54 [scrapy] DEBUG: Scraped from <200 http://www.toutiao.com/api/article/feed/?category=news_finance&utm_source=toutiao&widen=0&max_behot_time=0&max_behot_time_tmp=1479170990&as=A16538313A8D839&cp=581A7DF853099E1>
{'Title': '\xe5\xa6\x82\xe4\xbd\x95\xe4\xbd\xbf\xe7\x94\xa8\xe4\xbf\xa1\xe7\x94\xa8\xe5\x8d\xa1\xe8\x83\xbd\xe5\x8d\xa0\xe5\xb0\xbd\xe9\x93\xb6\xe8\xa1\x8c\xe4\xbe\xbf\xe5\xae\x9c\xef\xbc\x9f',
 'TitleUrl': u'http://www.toutiao.com/group/6342335685278515457/'}
2016-11-15 00:49:54 [scrapy] DEBUG: Scraped from <200 http://www.toutiao.com/api/article/feed/?category=news_finance&utm_source=toutiao&widen=0&max_behot_time=0&max_behot_time_tmp=1479170990&as=A16538313A8D839&cp=581A7DF853099E1>
{'Title': '\xe7\xac\xac\xe4\xb8\x80\xe6\xac\xa1\xe7\x9b\xae\xe5\x87\xbb\xe9\x87\x87\xe5\x8e\x9f\xe6\xb2\xb9\xe8\xbf\x87\xe7\xa8\x8b\xef\xbc\x8c\xe6\x84\x9f\xe8\xa7\x89\xe5\xa5\xbd\xe7\xa5\x9e\xe5\xa5\x87',
 'TitleUrl': u'http://www.toutiao.com/group/6352851037410066689/'}
2016-11-15 00:49:54 [scrapy] DEBUG: Scraped from <200 http://www.toutiao.com/api/article/feed/?category=news_finance&utm_source=toutiao&widen=0&max_behot_time=0&max_behot_time_tmp=1479170990&as=A16538313A8D839&cp=581A7DF853099E1>
{'Title': '\xe5\x9c\xb0\xe6\x96\xb9\xe5\x80\xba\xe4\xb8\xad\xe5\xa4\xae\xe4\xb8\x8d\xe5\x85\x9c\xe5\xba\x95\xef\xbc\x9a\xe9\xab\x98\xe9\xa3\x8e\xe9\x99\xa9\xe5\x9c\xb0\xe5\x8c\xba\xe5\xb0\x86\xe8\xb4\xa2\xe6\x94\xbf\xe9\x87\x8d\xe6\x95\xb4',
 'TitleUrl': u'http://www.toutiao.com/group/6352866071448551681/'}
2016-11-15 00:49:54 [scrapy] DEBUG: Scraped from <200 http://www.toutiao.com/api/article/feed/?category=news_finance&utm_source=toutiao&widen=0&max_behot_time=0&max_behot_time_tmp=1479170990&as=A16538313A8D839&cp=581A7DF853099E1>
{'Title': '35\xe5\xb2\x81\xe5\x89\x8d\xe8\xa6\x81\xe6\x9c\x89\xe9\x92\xb1 \xe8\xbf\x99\xe6\x98\xaf\xe8\x83\xbd\xe7\xbb\x99\xe4\xbd\xa0\xe7\x9a\x84\xe6\x9c\x80\xe5\xa5\xbd\xe6\x8a\x95\xe8\xb5\x84\xe5\xbb\xba\xe8\xae\xae',
 'TitleUrl': u'http://www.toutiao.com/group/6345549626523517186/'}
2016-11-15 00:49:54 [scrapy] DEBUG: Scraped from <200 http://www.toutiao.com/api/article/feed/?category=news_finance&utm_source=toutiao&widen=0&max_behot_time=0&max_behot_time_tmp=1479170990&as=A16538313A8D839&cp=581A7DF853099E1>
{'Title': '\xe5\xbd\x93\xe5\xbf\x83\xef\xbc\x81\xe8\xbf\x9920\xe8\x82\xa1\xe5\x87\xba\xe5\xa4\xa7\xe5\x88\xa9\xe7\xa9\xba\xe4\xba\x86\xef\xbc\x81(\xe8\xa1\xa8\xe6\xa0\xbc)',
 'TitleUrl': u'http://www.toutiao.com/group/6352844599492935938/'}
2016-11-15 00:49:54 [scrapy] DEBUG: Scraped from <200 http://www.toutiao.com/api/article/feed/?category=news_finance&utm_source=toutiao&widen=0&max_behot_time=0&max_behot_time_tmp=1479170990&as=A16538313A8D839&cp=581A7DF853099E1>
{'Title': '\xe6\xad\xa6\xe6\x98\x8c\xe9\xb1\xbc\xe8\x82\xa1\xe6\x9d\x83\xe4\xba\x89\xe5\xa4\xba\xe2\x80\x9c\xe6\x9a\x97\xe6\x88\x98\xe2\x80\x9d\xe4\xb8\x8d\xe6\x96\xad\xe4\xb8\xbe\xe7\x89\x8c\xe8\x80\x85\xe5\x92\x8c\xe5\x8e\x9f\xe6\x8e\xa7\xe5\x88\xb6\xe6\x96\xb9\xe9\x9a\x94\xe7\xa9\xba\xe5\x96\x8a\xe8\xaf\x9d',
 'TitleUrl': u'http://www.toutiao.com/group/6352886871602118914/'}
2016-11-15 00:49:54 [scrapy] DEBUG: Scraped from <200 http://www.toutiao.com/api/article/feed/?category=news_finance&utm_source=toutiao&widen=0&max_behot_time=0&max_behot_time_tmp=1479170990&as=A16538313A8D839&cp=581A7DF853099E1>
{'Title': '\xe7\xb4\xa7\xe6\x80\xa5\xe5\xb8\x83\xe5\xb1\x80\xef\xbc\x9a\xe4\xb8\xbb\xe5\x8a\x9b\xe5\xb0\x86\xe6\x9a\xb4\xe5\x8a\x9b\xe6\x8b\x89\xe5\x8d\x87\xe8\xbf\x99\xe4\xb8\xaa\xe6\x9d\xbf\xe5\x9d\x97',
 'TitleUrl': u'http://www.toutiao.com/group/6352973211937046785/'}
2016-11-15 00:49:54 [scrapy] DEBUG: Scraped from <200 http://www.toutiao.com/api/article/feed/?category=news_finance&utm_source=toutiao&widen=0&max_behot_time=0&max_behot_time_tmp=1479170990&as=A16538313A8D839&cp=581A7DF853099E1>
{'Title': '\xe9\xa9\xac\xe5\x8c\x96\xe8\x85\xbe\xe5\x88\x9b\xe5\x8a\x9e\xe8\x85\xbe\xe8\xae\xaf\xe6\x97\xa9\xe6\x9c\x9f\xe5\x8a\x9e\xe5\x85\xac\xe5\xae\xa4\xe6\x9b\x9d\xe5\x85\x89\xef\xbc\x81QQ\xe7\xac\xac\xe4\xb8\x80\xe4\xb8\xaa\xe7\x89\x88\xe6\x9c\xac\xe5\x9c\xa8\xe8\xbf\x99\xe9\x87\x8c\xe8\xaf\x9e\xe7\x94\x9f',
 'TitleUrl': u'http://www.toutiao.com/group/6345065395065782530/'}
2016-11-15 00:49:54 [scrapy] DEBUG: Scraped from <200 http://www.toutiao.com/api/article/feed/?category=news_finance&utm_source=toutiao&widen=0&max_behot_time=0&max_behot_time_tmp=1479170990&as=A16538313A8D839&cp=581A7DF853099E1>
{'Title': '\xe4\xbd\xa0\xe6\x98\xaf\xe6\x80\x8e\xe4\xb9\x88\xe5\xad\x98\xe9\x92\xb1\xe7\x9a\x84\xef\xbc\x9f\xe5\x85\x88\xe6\x9d\xa5\xe7\x9c\x8b\xe7\x9c\x8b\xe8\xbf\x99\xe5\x9b\x9b\xe4\xb8\xaa\xe7\xaa\x8d\xe9\x97\xa8',
 'TitleUrl': u'http://www.toutiao.com/group/6345285736862974209/'}
2016-11-15 00:49:54 [scrapy] DEBUG: Scraped from <200 http://www.toutiao.com/api/article/feed/?category=news_finance&utm_source=toutiao&widen=0&max_behot_time=0&max_behot_time_tmp=1479170990&as=A16538313A8D839&cp=581A7DF853099E1>
{'Title': '\xe5\xb0\x8f\xe9\xa2\x9d\xe8\xb4\xb7\xe6\xac\xbe\xe4\xb8\x8d\xe8\xbf\x98\xef\xbc\x8c\xe5\x88\xb0\xe5\xba\x95\xe6\x9c\x89\xe5\x93\xaa\xe4\xba\x9b\xe9\xba\xbb\xe7\x83\xa6\xef\xbc\x81',
 'TitleUrl': u'http://www.toutiao.com/group/6352708079898362113/'}
2016-11-15 00:49:54 [scrapy] DEBUG: Scraped from <200 http://www.toutiao.com/api/article/feed/?category=news_finance&utm_source=toutiao&widen=0&max_behot_time=0&max_behot_time_tmp=1479170990&as=A16538313A8D839&cp=581A7DF853099E1>
{'Title': '\xe6\x9d\x8e\xe5\x98\x89\xe8\xaf\x9a\xe8\xa2\xab\xe9\x82\xae\xe5\x82\xa8\xe9\x93\xb6\xe8\xa1\x8c\xe5\xa5\x97\xe7\x89\xa2\xef\xbc\x9f\xe5\x91\xb5\xe5\x91\xb5\xef\xbc\x8c\xe8\x80\x81\xe4\xba\xba\xe5\xae\xb6\xe5\x8e\x8b\xe6\xa0\xb9\xe8\xbf\x98\xe6\xb2\xa1\xe4\xb9\xb0\xe8\x82\xa1\xe4\xbb\xbd',
 'TitleUrl': u'http://www.toutiao.com/group/6352770481267884289/'}
2016-11-15 00:49:54 [scrapy] DEBUG: Scraped from <200 http://www.toutiao.com/api/article/feed/?category=news_finance&utm_source=toutiao&widen=0&max_behot_time=0&max_behot_time_tmp=1479170990&as=A16538313A8D839&cp=581A7DF853099E1>
{'Title': '\xe5\x8e\x89\xe5\xae\xb3\xe4\xba\x86~\xe9\x99\x95\xe8\xa5\xbf\xe8\xbf\x99\xe4\xb8\xaa\xe5\xae\xb6\xe6\x97\x8f\xe5\x9d\x90\xe6\x8b\xa5500\xe4\xba\xbf\xe7\xa8\xb3\xe5\xb1\x85\xe9\x99\x95\xe8\xa5\xbf\xe9\xa6\x96\xe5\xaf\x8c\xef\xbc\x8c\xe8\x80\x8c\xe4\xb8\x94\xe9\xa9\xac\xe4\xb8\x8a\xe5\xb0\xb1\xe8\xa6\x81\xe4\xb8\x8a\xe5\xb8\x82',
 'TitleUrl': u'http://www.toutiao.com/group/6352451745653719553/'}
2016-11-15 00:49:54 [scrapy] DEBUG: Scraped from <200 http://www.toutiao.com/api/article/feed/?category=news_finance&utm_source=toutiao&widen=0&max_behot_time=0&max_behot_time_tmp=1479170990&as=A16538313A8D839&cp=581A7DF853099E1>
{'Title': '\xe5\x8e\x89\xe5\xae\xb3\xe4\xba\x86~\xe9\x99\x95\xe8\xa5\xbf\xe8\xbf\x99\xe4\xb8\xaa\xe5\xae\xb6\xe6\x97\x8f\xe5\x9d\x90\xe6\x8b\xa5500\xe4\xba\xbf\xe7\xa8\xb3\xe5\xb1\x85\xe9\x99\x95\xe8\xa5\xbf\xe9\xa6\x96\xe5\xaf\x8c\xef\xbc\x8c\xe8\x80\x8c\xe4\xb8\x94\xe9\xa9\xac\xe4\xb8\x8a\xe5\xb0\xb1\xe8\xa6\x81\xe4\xb8\x8a\xe5\xb8\x82',
 'TitleUrl': u'http://www.toutiao.com/group/6352963413635875074/?_as_1479170992'}
2016-11-15 00:49:54 [toutiao] INFO: now entring download midware
2016-11-15 00:49:54 [toutiao] INFO: User-Agent is: Mozilla/5.0 (Windows; U; Windows NT 5.1; en-US) Speedy Spider(http://www.entireweb.com/about/search_tech/speedy_spider/) <GET http://www.toutiao.com/api/article/feed/?category=news_finance&utm_source=toutiao&widen=0&max_behot_time=0&max_behot_time_tmp=1479170991&as=A16538313A8D839&cp=581A7DF853099E1>
2016-11-15 00:49:55 [scrapy] DEBUG: Crawled (200) <GET http://www.toutiao.com/api/article/feed/?category=news_finance&utm_source=toutiao&widen=0&max_behot_time=0&max_behot_time_tmp=1479170991&as=A16538313A8D839&cp=581A7DF853099E1> (referer: http://www.toutiao.com/api/article/feed/?category=news_finance&utm_source=toutiao&widen=0&max_behot_time=0&max_behot_time_tmp=1479170990&as=A16538313A8D839&cp=581A7DF853099E1)
2016-11-15 00:49:55 [toutiao] DEBUG: Fetch toutiao homepage page: http://www.toutiao.com/api/article/feed/?category=news_finance&utm_source=toutiao&widen=0&max_behot_time=0&max_behot_time_tmp=1479170991&as=A16538313A8D839&cp=581A7DF853099E1
2016-11-15 00:49:55 [scrapy] DEBUG: Scraped from <200 http://www.toutiao.com/api/article/feed/?category=news_finance&utm_source=toutiao&widen=0&max_behot_time=0&max_behot_time_tmp=1479170991&as=A16538313A8D839&cp=581A7DF853099E1>
{'Title': '\xe7\xb4\xa7\xe6\x80\xa5\xe5\xb8\x83\xe5\xb1\x80\xef\xbc\x9a\xe4\xb8\xbb\xe5\x8a\x9b\xe5\xb0\x86\xe6\x9a\xb4\xe5\x8a\x9b\xe6\x8b\x89\xe5\x8d\x87\xe8\xbf\x99\xe4\xb8\xaa\xe6\x9d\xbf\xe5\x9d\x97',
 'TitleUrl': u'http://www.toutiao.com/group/6352973211937046785/'}
2016-11-15 00:49:55 [scrapy] DEBUG: Scraped from <200 http://www.toutiao.com/api/article/feed/?category=news_finance&utm_source=toutiao&widen=0&max_behot_time=0&max_behot_time_tmp=1479170991&as=A16538313A8D839&cp=581A7DF853099E1>
{'Title': '\xe9\xa9\xac\xe5\x8c\x96\xe8\x85\xbe\xe5\x88\x9b\xe5\x8a\x9e\xe8\x85\xbe\xe8\xae\xaf\xe6\x97\xa9\xe6\x9c\x9f\xe5\x8a\x9e\xe5\x85\xac\xe5\xae\xa4\xe6\x9b\x9d\xe5\x85\x89\xef\xbc\x81QQ\xe7\xac\xac\xe4\xb8\x80\xe4\xb8\xaa\xe7\x89\x88\xe6\x9c\xac\xe5\x9c\xa8\xe8\xbf\x99\xe9\x87\x8c\xe8\xaf\x9e\xe7\x94\x9f',
 'TitleUrl': u'http://www.toutiao.com/group/6345065395065782530/'}
2016-11-15 00:49:55 [scrapy] DEBUG: Scraped from <200 http://www.toutiao.com/api/article/feed/?category=news_finance&utm_source=toutiao&widen=0&max_behot_time=0&max_behot_time_tmp=1479170991&as=A16538313A8D839&cp=581A7DF853099E1>
{'Title': '\xe4\xbd\xa0\xe6\x98\xaf\xe6\x80\x8e\xe4\xb9\x88\xe5\xad\x98\xe9\x92\xb1\xe7\x9a\x84\xef\xbc\x9f\xe5\x85\x88\xe6\x9d\xa5\xe7\x9c\x8b\xe7\x9c\x8b\xe8\xbf\x99\xe5\x9b\x9b\xe4\xb8\xaa\xe7\xaa\x8d\xe9\x97\xa8',
 'TitleUrl': u'http://www.toutiao.com/group/6345285736862974209/'}
2016-11-15 00:49:55 [scrapy] DEBUG: Scraped from <200 http://www.toutiao.com/api/article/feed/?category=news_finance&utm_source=toutiao&widen=0&max_behot_time=0&max_behot_time_tmp=1479170991&as=A16538313A8D839&cp=581A7DF853099E1>
{'Title': '\xe6\x96\xb0\xe5\x95\x86\xe6\x9c\xba\xe5\x8a\xa0\xe7\x9b\x9f\xef\xbc\x9a\xe4\xb8\x89\xe5\xa4\xa9\xe5\xb0\xb1\xe8\xa3\x85\xe4\xbf\xae\xe5\xa5\xbd\xe4\xbd\xa0\xe5\xae\xb6\xe7\x9a\x84\xe7\x8e\xaf\xe4\xbf\x9d\xe6\x9d\x90\xe6\x96\x99.',
 'TitleUrl': u'http://www.toutiao.com/group/6350543403553390850/'}
2016-11-15 00:49:55 [scrapy] DEBUG: Scraped from <200 http://www.toutiao.com/api/article/feed/?category=news_finance&utm_source=toutiao&widen=0&max_behot_time=0&max_behot_time_tmp=1479170991&as=A16538313A8D839&cp=581A7DF853099E1>
{'Title': '\xe5\xb0\x8f\xe9\xa2\x9d\xe8\xb4\xb7\xe6\xac\xbe\xe4\xb8\x8d\xe8\xbf\x98\xef\xbc\x8c\xe5\x88\xb0\xe5\xba\x95\xe6\x9c\x89\xe5\x93\xaa\xe4\xba\x9b\xe9\xba\xbb\xe7\x83\xa6\xef\xbc\x81',
 'TitleUrl': u'http://www.toutiao.com/group/6352708079898362113/'}
2016-11-15 00:49:55 [scrapy] DEBUG: Scraped from <200 http://www.toutiao.com/api/article/feed/?category=news_finance&utm_source=toutiao&widen=0&max_behot_time=0&max_behot_time_tmp=1479170991&as=A16538313A8D839&cp=581A7DF853099E1>
{'Title': '\xe6\x9d\x8e\xe5\x98\x89\xe8\xaf\x9a\xe8\xa2\xab\xe9\x82\xae\xe5\x82\xa8\xe9\x93\xb6\xe8\xa1\x8c\xe5\xa5\x97\xe7\x89\xa2\xef\xbc\x9f\xe5\x91\xb5\xe5\x91\xb5\xef\xbc\x8c\xe8\x80\x81\xe4\xba\xba\xe5\xae\xb6\xe5\x8e\x8b\xe6\xa0\xb9\xe8\xbf\x98\xe6\xb2\xa1\xe4\xb9\xb0\xe8\x82\xa1\xe4\xbb\xbd',
 'TitleUrl': u'http://www.toutiao.com/group/6352770481267884289/'}
2016-11-15 00:49:55 [scrapy] DEBUG: Scraped from <200 http://www.toutiao.com/api/article/feed/?category=news_finance&utm_source=toutiao&widen=0&max_behot_time=0&max_behot_time_tmp=1479170991&as=A16538313A8D839&cp=581A7DF853099E1>
{'Title': '\xe5\x8e\x89\xe5\xae\xb3\xe4\xba\x86~\xe9\x99\x95\xe8\xa5\xbf\xe8\xbf\x99\xe4\xb8\xaa\xe5\xae\xb6\xe6\x97\x8f\xe5\x9d\x90\xe6\x8b\xa5500\xe4\xba\xbf\xe7\xa8\xb3\xe5\xb1\x85\xe9\x99\x95\xe8\xa5\xbf\xe9\xa6\x96\xe5\xaf\x8c\xef\xbc\x8c\xe8\x80\x8c\xe4\xb8\x94\xe9\xa9\xac\xe4\xb8\x8a\xe5\xb0\xb1\xe8\xa6\x81\xe4\xb8\x8a\xe5\xb8\x82',
 'TitleUrl': u'http://www.toutiao.com/group/6352451745653719553/'}
2016-11-15 00:49:55 [scrapy] DEBUG: Scraped from <200 http://www.toutiao.com/api/article/feed/?category=news_finance&utm_source=toutiao&widen=0&max_behot_time=0&max_behot_time_tmp=1479170991&as=A16538313A8D839&cp=581A7DF853099E1>
{'Title': '\xe9\x98\xbf\xe9\x87\x8c\xe5\xb7\xb4\xe5\xb7\xb4\xe4\xb8\x8a\xe5\xb8\x822900\xe5\x80\x8d\xef\xbc\x8c\xe8\x9a\x82\xe8\x9a\x81\xe9\x87\x91\xe6\x9c\x8d\xe5\x8f\x88\xe8\xa6\x81\xe9\x80\xa0\xe5\xaf\x8c\xe4\xba\x86\xef\xbc\x81',
 'TitleUrl': u'http://www.toutiao.com/group/6352692310166601985/'}
2016-11-15 00:49:55 [scrapy] DEBUG: Scraped from <200 http://www.toutiao.com/api/article/feed/?category=news_finance&utm_source=toutiao&widen=0&max_behot_time=0&max_behot_time_tmp=1479170991&as=A16538313A8D839&cp=581A7DF853099E1>
{'Title': '\xe5\x91\xa8\xe4\xba\x8c\xe6\x9c\xba\xe6\x9e\x84\xe4\xb8\x80\xe8\x87\xb4\xe6\x9c\x80\xe7\x9c\x8b\xe5\xa5\xbd\xe7\x9a\x8410\xe9\x87\x91\xe8\x82\xa1',
 'TitleUrl': u'http://www.toutiao.com/group/6352716904238760193/'}
2016-11-15 00:49:55 [scrapy] DEBUG: Scraped from <200 http://www.toutiao.com/api/article/feed/?category=news_finance&utm_source=toutiao&widen=0&max_behot_time=0&max_behot_time_tmp=1479170991&as=A16538313A8D839&cp=581A7DF853099E1>
{'Title': '\xe5\x85\xac\xe5\x8a\xa1\xe5\x91\x98\xe6\x9c\x89\xe4\xba\x86\xe2\x80\x9c\xe8\x81\x8c\xe4\xb8\x9a\xe5\xb9\xb4\xe9\x87\x91\xe2\x80\x9d\xef\xbc\x8c\xe9\x82\xa3\xe4\xbc\x81\xe4\xb8\x9a\xe5\x91\x98\xe5\xb7\xa5\xe5\x85\xbb\xe8\x80\x81\xe5\x92\x8b\xe5\x8a\x9e\xef\xbc\x9f',
 'TitleUrl': u'http://www.toutiao.com/group/6352691029426241794/'}
2016-11-15 00:49:55 [scrapy] DEBUG: Scraped from <200 http://www.toutiao.com/api/article/feed/?category=news_finance&utm_source=toutiao&widen=0&max_behot_time=0&max_behot_time_tmp=1479170991&as=A16538313A8D839&cp=581A7DF853099E1>
{'Title': '\xe5\xaf\x8c\xe4\xba\xba\xe6\x80\x9d\xe7\xbb\xb4\xe7\xb3\xbb\xe5\x88\x97\xef\xbc\x8856\xef\xbc\x89\xef\xbc\x9a\xe8\xbf\x993\xe4\xb8\xaa\xe4\xb9\xa0\xe6\x83\xaf\xef\xbc\x8c\xe5\x86\xb3\xe5\xae\x9a\xe4\xbd\xa0\xe6\x98\xaf\xe7\xa9\xb7\xe4\xba\xba\xe8\xbf\x98\xe6\x98\xaf\xe5\xaf\x8c\xe4\xba\xba\xef\xbc\x81',
 'TitleUrl': u'http://www.toutiao.com/group/6352630832070787329/'}
2016-11-15 00:49:55 [scrapy] DEBUG: Scraped from <200 http://www.toutiao.com/api/article/feed/?category=news_finance&utm_source=toutiao&widen=0&max_behot_time=0&max_behot_time_tmp=1479170991&as=A16538313A8D839&cp=581A7DF853099E1>
{'Title': '\xe7\x89\xb9\xe6\x9c\x97\xe6\x99\xae\xe5\xbd\x93\xe9\x80\x89\xe5\x90\x8e\xe5\x88\xa4\xe8\x8b\xa5\xe4\xb8\xa4\xe4\xba\xba 12\xe6\x9c\x88\xe5\x8a\xa0\xe6\x81\xaf\xe4\xb8\xbb\xe5\xae\xb0\xe5\xb8\x82\xe5\x9c\xba',
 'TitleUrl': u'http://www.toutiao.com/group/6352736134590087426/'}
2016-11-15 00:49:55 [scrapy] DEBUG: Scraped from <200 http://www.toutiao.com/api/article/feed/?category=news_finance&utm_source=toutiao&widen=0&max_behot_time=0&max_behot_time_tmp=1479170991&as=A16538313A8D839&cp=581A7DF853099E1>
{'Title': '\xe5\xb1\xb1\xe4\xb8\x9c\xe9\xa6\x96\xe5\xaf\x8c\xe5\x86\x8d\xe5\x8f\x91\xe7\xa6\x8f\xe5\x88\xa9\xe6\xb6\xa8\xe5\xb7\xa5\xe8\xb5\x84 6\xe5\xb9\xb4\xe5\x86\x85\xe8\x87\xb3\xe5\xb0\x91\xe6\xb6\xa8\xe4\xba\x8618\xe6\xac\xa1',
 'TitleUrl': u'http://www.toutiao.com/group/6352714535317635329/'}
2016-11-15 00:49:55 [scrapy] DEBUG: Scraped from <200 http://www.toutiao.com/api/article/feed/?category=news_finance&utm_source=toutiao&widen=0&max_behot_time=0&max_behot_time_tmp=1479170991&as=A16538313A8D839&cp=581A7DF853099E1>
{'Title': 'A\xe8\x82\xa1\xe5\x90\x9b\xef\xbc\x9a3200\xe7\x82\xb9\xe5\x90\x8e\xe4\xb8\x8b\xe4\xb8\x80\xe4\xb8\xaa\xe9\xab\x98\xe7\x82\xb9\xe5\x9c\xa8\xe5\x93\xaa\xe9\x87\x8c\xef\xbc\x9f\xe4\xbd\x95\xe6\x97\xb6\xe8\xb0\x83\xe6\x95\xb4\xef\xbc\x9f',
 'TitleUrl': u'http://www.toutiao.com/group/6352826067800408321/'}
2016-11-15 00:49:55 [scrapy] DEBUG: Scraped from <200 http://www.toutiao.com/api/article/feed/?category=news_finance&utm_source=toutiao&widen=0&max_behot_time=0&max_behot_time_tmp=1479170991&as=A16538313A8D839&cp=581A7DF853099E1>
{'Title': '\xe6\xb1\x9f\xe8\xa5\xbf\xe9\x99\x8d\xe4\xbd\x8e\xe5\xa4\xa9\xe7\x84\xb6\xe6\xb0\x94\xe7\xae\xa1\xe8\xbe\x93\xe4\xbb\xb7\xe6\xa0\xbc',
 'TitleUrl': u'http://www.toutiao.com/group/6352939597904019714/'}
2016-11-15 00:49:55 [scrapy] DEBUG: Scraped from <200 http://www.toutiao.com/api/article/feed/?category=news_finance&utm_source=toutiao&widen=0&max_behot_time=0&max_behot_time_tmp=1479170991&as=A16538313A8D839&cp=581A7DF853099E1>
{'Title': '\xe6\xb1\x9f\xe8\xa5\xbf\xe9\x99\x8d\xe4\xbd\x8e\xe5\xa4\xa9\xe7\x84\xb6\xe6\xb0\x94\xe7\xae\xa1\xe8\xbe\x93\xe4\xbb\xb7\xe6\xa0\xbc',
 'TitleUrl': u'http://www.toutiao.com/group/6352963984275112193/?_as_1479170994'}
2016-11-15 00:49:55 [scrapy] DEBUG: Filtered duplicate request: <GET http://www.toutiao.com/api/article/feed/?category=news_finance&utm_source=toutiao&widen=0&max_behot_time=0&max_behot_time_tmp=1479170990&as=A16538313A8D839&cp=581A7DF853099E1> - no more duplicates will be shown (see DUPEFILTER_DEBUG to show all duplicates)
2016-11-15 00:49:55 [scrapy] INFO: Closing spider (finished)
2016-11-15 00:49:55 [scrapy] INFO: Stored json feed (109 items) in: ../data/toutiao/news_finance.json
2016-11-15 00:49:55 [scrapy] INFO: Dumping Scrapy stats:
{'downloader/request_bytes': 4323,
 'downloader/request_count': 7,
 'downloader/request_method_count/GET': 7,
 'downloader/response_bytes': 24307,
 'downloader/response_count': 7,
 'downloader/response_status_count/200': 7,
 'dupefilter/filtered': 1,
 'finish_reason': 'finished',
 'finish_time': datetime.datetime(2016, 11, 15, 0, 49, 55, 916628),
 'item_scraped_count': 109,
 'log_count/DEBUG': 125,
 'log_count/INFO': 22,
 'request_depth_max': 7,
 'response_received_count': 7,
 'scheduler/dequeued': 7,
 'scheduler/dequeued/memory': 7,
 'scheduler/enqueued': 7,
 'scheduler/enqueued/memory': 7,
 'start_time': datetime.datetime(2016, 11, 15, 0, 49, 48, 941350)}
2016-11-15 00:49:55 [scrapy] INFO: Spider closed (finished)
2016-11-15 02:09:00 [scrapy] INFO: Scrapy 1.2.0 started (bot: SocialSpider)
2016-11-15 02:09:00 [scrapy] INFO: Overridden settings: {'NEWSPIDER_MODULE': 'SocialSpider.spiders', 'FEED_URI': '../data/toutiao/news_finance.json', 'SPIDER_MODULES': ['SocialSpider.spiders'], 'BOT_NAME': 'SocialSpider', 'FEED_FORMAT': 'json', 'LOG_FILE': '../log/toutiao/news_finance.log'}
2016-11-15 02:09:00 [scrapy] INFO: Enabled extensions:
['scrapy.extensions.feedexport.FeedExporter',
 'scrapy.extensions.logstats.LogStats',
 'scrapy.extensions.telnet.TelnetConsole',
 'scrapy.extensions.corestats.CoreStats']
2016-11-15 02:09:00 [scrapy] INFO: Enabled downloader middlewares:
['scrapy.downloadermiddlewares.httpauth.HttpAuthMiddleware',
 'scrapy.downloadermiddlewares.downloadtimeout.DownloadTimeoutMiddleware',
 'scrapy.downloadermiddlewares.defaultheaders.DefaultHeadersMiddleware',
 'scrapy.downloadermiddlewares.useragent.UserAgentMiddleware',
 'SocialSpider.midware.UaMidWare.ProcessUaMidware',
 'scrapy.downloadermiddlewares.retry.RetryMiddleware',
 'scrapy.downloadermiddlewares.redirect.MetaRefreshMiddleware',
 'scrapy.downloadermiddlewares.httpcompression.HttpCompressionMiddleware',
 'scrapy.downloadermiddlewares.redirect.RedirectMiddleware',
 'scrapy.downloadermiddlewares.cookies.CookiesMiddleware',
 'scrapy.downloadermiddlewares.chunked.ChunkedTransferMiddleware',
 'scrapy.downloadermiddlewares.stats.DownloaderStats']
2016-11-15 02:09:00 [scrapy] INFO: Enabled spider middlewares:
['scrapy.spidermiddlewares.httperror.HttpErrorMiddleware',
 'scrapy.spidermiddlewares.offsite.OffsiteMiddleware',
 'scrapy.spidermiddlewares.referer.RefererMiddleware',
 'scrapy.spidermiddlewares.urllength.UrlLengthMiddleware',
 'scrapy.spidermiddlewares.depth.DepthMiddleware']
2016-11-15 02:09:00 [scrapy] INFO: Enabled item pipelines:
[]
2016-11-15 02:09:00 [scrapy] INFO: Spider opened
2016-11-15 02:09:00 [scrapy] INFO: Crawled 0 pages (at 0 pages/min), scraped 0 items (at 0 items/min)
2016-11-15 02:09:00 [scrapy] DEBUG: Telnet console listening on 127.0.0.1:6023
2016-11-15 02:09:00 [toutiao] INFO: now entring download midware
2016-11-15 02:09:00 [toutiao] INFO: User-Agent is: ldspider (http://code.google.com/p/ldspider/wiki/Robots) <GET http://www.toutiao.com/api/article/feed/?category=news_finance&utm_source=toutiao&widen=0&max_behot_time=0&max_behot_time_tmp=0&as=A135B8B16A0CF6F&cp=581AACBF560FEE1>
2016-11-15 02:09:01 [scrapy] DEBUG: Crawled (200) <GET http://www.toutiao.com/api/article/feed/?category=news_finance&utm_source=toutiao&widen=0&max_behot_time=0&max_behot_time_tmp=0&as=A135B8B16A0CF6F&cp=581AACBF560FEE1> (referer: None)
2016-11-15 02:09:01 [toutiao] DEBUG: Fetch toutiao homepage page: http://www.toutiao.com/api/article/feed/?category=news_finance&utm_source=toutiao&widen=0&max_behot_time=0&max_behot_time_tmp=0&as=A135B8B16A0CF6F&cp=581AACBF560FEE1
2016-11-15 02:09:01 [scrapy] DEBUG: Scraped from <200 http://www.toutiao.com/api/article/feed/?category=news_finance&utm_source=toutiao&widen=0&max_behot_time=0&max_behot_time_tmp=0&as=A135B8B16A0CF6F&cp=581AACBF560FEE1>
{'Category': 'news_finance',
 'HotValue': 1,
 'MediumUrl': u'http://toutiao.com/m52240533450/',
 'Source': 'toutiao',
 'Time': 1479175139,
 'Title': '\xe4\xb8\xa4\xe5\xb8\x82\xe5\xb9\xb3\xe5\xbc\x80 \xe6\xb2\xaa\xe6\x8c\x87\xe8\xb7\x8c0.01%',
 'Type': 'url',
 'Url': u'http://www.toutiao.com/group/6352999253333606658/'}
2016-11-15 02:09:01 [scrapy] DEBUG: Scraped from <200 http://www.toutiao.com/api/article/feed/?category=news_finance&utm_source=toutiao&widen=0&max_behot_time=0&max_behot_time_tmp=0&as=A135B8B16A0CF6F&cp=581AACBF560FEE1>
{'Category': 'news_finance',
 'HotValue': 11,
 'MediumUrl': u'http://toutiao.com/m3585511976/',
 'Source': 'toutiao',
 'Time': 1479174539,
 'Title': '\xe4\xba\xba\xe6\xb0\x91\xe5\xb8\x81\xe4\xb8\xad\xe9\x97\xb4\xe4\xbb\xb7\xe8\xbf\x9e\xe7\xbb\xad\xe7\xac\xac\xe5\x85\xab\xe6\x97\xa5\xe4\xb8\x8b\xe8\xb0\x83 \xe8\xb7\x8c\xe7\xa0\xb46.84\xe5\x85\xb3\xe5\x8f\xa3',
 'Type': 'url',
 'Url': u'http://www.toutiao.com/group/6352999628677317121/'}
2016-11-15 02:09:01 [scrapy] ERROR: Spider error processing <GET http://www.toutiao.com/api/article/feed/?category=news_finance&utm_source=toutiao&widen=0&max_behot_time=0&max_behot_time_tmp=0&as=A135B8B16A0CF6F&cp=581AACBF560FEE1> (referer: None)
Traceback (most recent call last):
  File "/usr/lib64/python2.7/site-packages/scrapy/utils/defer.py", line 102, in iter_errback
    yield next(it)
  File "/usr/lib64/python2.7/site-packages/scrapy/spidermiddlewares/offsite.py", line 29, in process_spider_output
    for x in result:
  File "/usr/lib64/python2.7/site-packages/scrapy/spidermiddlewares/referer.py", line 22, in <genexpr>
    return (_set_referer(r) for r in result or ())
  File "/usr/lib64/python2.7/site-packages/scrapy/spidermiddlewares/urllength.py", line 37, in <genexpr>
    return (r for r in result or () if _filter(r))
  File "/usr/lib64/python2.7/site-packages/scrapy/spidermiddlewares/depth.py", line 58, in <genexpr>
    return (r for r in result or () if _filter(r))
  File "/python/SocialSpider/SocialSpider/spiders/toutiao.py", line 33, in parse
    item['HotValue'] = val['comments_count']
KeyError: 'comments_count'
2016-11-15 02:09:01 [scrapy] INFO: Closing spider (finished)
2016-11-15 02:09:01 [scrapy] INFO: Stored json feed (2 items) in: ../data/toutiao/news_finance.json
2016-11-15 02:09:01 [scrapy] INFO: Dumping Scrapy stats:
{'downloader/request_bytes': 378,
 'downloader/request_count': 1,
 'downloader/request_method_count/GET': 1,
 'downloader/response_bytes': 4736,
 'downloader/response_count': 1,
 'downloader/response_status_count/200': 1,
 'finish_reason': 'finished',
 'finish_time': datetime.datetime(2016, 11, 15, 2, 9, 1, 345738),
 'item_scraped_count': 2,
 'log_count/DEBUG': 5,
 'log_count/ERROR': 1,
 'log_count/INFO': 10,
 'response_received_count': 1,
 'scheduler/dequeued': 1,
 'scheduler/dequeued/memory': 1,
 'scheduler/enqueued': 1,
 'scheduler/enqueued/memory': 1,
 'spider_exceptions/KeyError': 1,
 'start_time': datetime.datetime(2016, 11, 15, 2, 9, 0, 529184)}
2016-11-15 02:09:01 [scrapy] INFO: Spider closed (finished)
