2016-11-15 00:49:41 [scrapy] INFO: Scrapy 1.2.0 started (bot: SocialSpider)
2016-11-15 00:49:41 [scrapy] INFO: Overridden settings: {'NEWSPIDER_MODULE': 'SocialSpider.spiders', 'FEED_URI': '../data/toutiao/news_hot.json', 'SPIDER_MODULES': ['SocialSpider.spiders'], 'BOT_NAME': 'SocialSpider', 'FEED_FORMAT': 'json', 'LOG_FILE': '../log/toutiao/news_hot.log'}
2016-11-15 00:49:41 [scrapy] INFO: Enabled extensions:
['scrapy.extensions.feedexport.FeedExporter',
 'scrapy.extensions.logstats.LogStats',
 'scrapy.extensions.telnet.TelnetConsole',
 'scrapy.extensions.corestats.CoreStats']
2016-11-15 00:49:41 [scrapy] INFO: Enabled downloader middlewares:
['scrapy.downloadermiddlewares.httpauth.HttpAuthMiddleware',
 'scrapy.downloadermiddlewares.downloadtimeout.DownloadTimeoutMiddleware',
 'scrapy.downloadermiddlewares.defaultheaders.DefaultHeadersMiddleware',
 'scrapy.downloadermiddlewares.useragent.UserAgentMiddleware',
 'SocialSpider.midware.UaMidWare.ProcessUaMidware',
 'scrapy.downloadermiddlewares.retry.RetryMiddleware',
 'scrapy.downloadermiddlewares.redirect.MetaRefreshMiddleware',
 'scrapy.downloadermiddlewares.httpcompression.HttpCompressionMiddleware',
 'scrapy.downloadermiddlewares.redirect.RedirectMiddleware',
 'scrapy.downloadermiddlewares.cookies.CookiesMiddleware',
 'scrapy.downloadermiddlewares.chunked.ChunkedTransferMiddleware',
 'scrapy.downloadermiddlewares.stats.DownloaderStats']
2016-11-15 00:49:41 [scrapy] INFO: Enabled spider middlewares:
['scrapy.spidermiddlewares.httperror.HttpErrorMiddleware',
 'scrapy.spidermiddlewares.offsite.OffsiteMiddleware',
 'scrapy.spidermiddlewares.referer.RefererMiddleware',
 'scrapy.spidermiddlewares.urllength.UrlLengthMiddleware',
 'scrapy.spidermiddlewares.depth.DepthMiddleware']
2016-11-15 00:49:41 [scrapy] INFO: Enabled item pipelines:
[]
2016-11-15 00:49:41 [scrapy] INFO: Spider opened
2016-11-15 00:49:41 [scrapy] INFO: Crawled 0 pages (at 0 pages/min), scraped 0 items (at 0 items/min)
2016-11-15 00:49:41 [scrapy] DEBUG: Telnet console listening on 127.0.0.1:6023
2016-11-15 00:49:41 [toutiao] INFO: now entring download midware
2016-11-15 00:49:41 [toutiao] INFO: User-Agent is: Mozilla/4.0 (compatible; MSIE 7.0; Windows NT 6.0) AddSugarSpiderBot www.idealobserver.com <GET http://www.toutiao.com/api/article/feed/?category=news_hot&utm_source=toutiao&widen=0&max_behot_time=0&max_behot_time_tmp=0&as=A135B8B16A0CF6F&cp=581AACBF560FEE1>
2016-11-15 00:49:41 [scrapy] DEBUG: Crawled (200) <GET http://www.toutiao.com/api/article/feed/?category=news_hot&utm_source=toutiao&widen=0&max_behot_time=0&max_behot_time_tmp=0&as=A135B8B16A0CF6F&cp=581AACBF560FEE1> (referer: None)
2016-11-15 00:49:41 [toutiao] DEBUG: Fetch toutiao homepage page: http://www.toutiao.com/api/article/feed/?category=news_hot&utm_source=toutiao&widen=0&max_behot_time=0&max_behot_time_tmp=0&as=A135B8B16A0CF6F&cp=581AACBF560FEE1
2016-11-15 00:49:41 [scrapy] DEBUG: Scraped from <200 http://www.toutiao.com/api/article/feed/?category=news_hot&utm_source=toutiao&widen=0&max_behot_time=0&max_behot_time_tmp=0&as=A135B8B16A0CF6F&cp=581AACBF560FEE1>
{'Title': '\xe6\x96\xb0\xe8\xa5\xbf\xe5\x85\xb0\xe5\x8d\x97\xe5\xb2\x9b7.5\xe7\xba\xa7\xe5\x9c\xb0\xe9\x9c\x87 \xe8\xa2\xab\xe5\x9b\xb0\xe4\xb8\xad\xe5\x9b\xbd\xe6\xb8\xb8\xe5\xae\xa2\xe8\x8e\xb7\xe6\x95\x91',
 'TitleUrl': u'http://www.toutiao.com/group/6352955119398552065/'}
2016-11-15 00:49:41 [scrapy] DEBUG: Scraped from <200 http://www.toutiao.com/api/article/feed/?category=news_hot&utm_source=toutiao&widen=0&max_behot_time=0&max_behot_time_tmp=0&as=A135B8B16A0CF6F&cp=581AACBF560FEE1>
{'Title': '\xe4\xb9\xa0\xe8\xbf\x91\xe5\xb9\xb3\xe4\xb8\x8e\xe7\x89\xb9\xe6\x9c\x97\xe6\x99\xae\xe5\x8f\x8c\xe6\x96\xb9\xe4\xbb\x80\xe4\xb9\x88\xe6\x97\xb6\xe9\x97\xb4\xe5\xb0\x86\xe4\xbc\x9a\xe9\x9d\xa2\xef\xbc\x9f\xe5\xa4\x96\xe4\xba\xa4\xe9\x83\xa8\xe5\x9b\x9e\xe5\xba\x94',
 'TitleUrl': u'http://www.toutiao.com/group/6352754565880889601/'}
2016-11-15 00:49:41 [scrapy] DEBUG: Scraped from <200 http://www.toutiao.com/api/article/feed/?category=news_hot&utm_source=toutiao&widen=0&max_behot_time=0&max_behot_time_tmp=0&as=A135B8B16A0CF6F&cp=581AACBF560FEE1>
{'Title': '\xe5\xa7\xbf\xe5\x8a\xbf | \xe7\xbe\x8e\xe5\x9b\xbd\xe6\x96\xb0\xe6\x80\xbb\xe7\xbb\x9f\xe5\xb7\x9d\xe6\x99\xae\xe4\xb8\xba\xe4\xbd\x95\xe5\x9c\xa8\xe4\xb8\xad\xe5\x9b\xbd\xe8\xbe\x93\xe4\xba\x86\xe5\xae\x98\xe5\x8f\xb8\xef\xbc\x9f',
 'TitleUrl': u'http://www.toutiao.com/group/6352814962407424258/'}
2016-11-15 00:49:41 [scrapy] DEBUG: Scraped from <200 http://www.toutiao.com/api/article/feed/?category=news_hot&utm_source=toutiao&widen=0&max_behot_time=0&max_behot_time_tmp=0&as=A135B8B16A0CF6F&cp=581AACBF560FEE1>
{'Title': '\xe4\xbd\x99\xe6\x97\xad\xef\xbc\x8c\xe7\x88\xb8\xe5\xa6\x88\xe6\x9d\xa5\xe7\x9c\x8b\xe4\xbd\xa0\xe4\xba\x86',
 'TitleUrl': u'http://www.toutiao.com/group/6352895469329383681/'}
2016-11-15 00:49:41 [scrapy] DEBUG: Scraped from <200 http://www.toutiao.com/api/article/feed/?category=news_hot&utm_source=toutiao&widen=0&max_behot_time=0&max_behot_time_tmp=0&as=A135B8B16A0CF6F&cp=581AACBF560FEE1>
{'Title': '\xe5\xb7\xb4\xe9\x93\x81\xe5\x8f\x91\xe8\xa8\x80: \xe4\xb8\xad\xe5\xb7\xb4\xe7\xbb\x8f\xe6\xb5\x8e\xe8\xb5\xb0\xe5\xbb\x8a\xe7\x9a\x84\xe6\x95\x8c\xe4\xba\xba\xe5\xb0\xb1\xe6\x98\xaf\xe5\xb7\xb4\xe5\x9f\xba\xe6\x96\xaf\xe5\x9d\xa6\xe7\x9a\x84\xe6\x95\x8c\xe4\xba\xba!',
 'TitleUrl': u'http://www.toutiao.com/group/6352666360211865857/'}
2016-11-15 00:49:41 [scrapy] DEBUG: Scraped from <200 http://www.toutiao.com/api/article/feed/?category=news_hot&utm_source=toutiao&widen=0&max_behot_time=0&max_behot_time_tmp=0&as=A135B8B16A0CF6F&cp=581AACBF560FEE1>
{'Title': '\xe5\xa4\xa9\xe6\xb4\xa5\xe4\xb8\x80\xe8\xb6\x85\xe5\xb8\x82\xe5\x8f\x91\xe7\x94\x9f\xe5\x8a\xab\xe6\x8c\x81\xe4\xba\xba\xe8\xb4\xa8\xe6\xa1\x88\xe4\xbb\xb6 \xe6\xb0\x91\xe8\xad\xa6\xe4\xbb\x8d\xe5\x9c\xa8\xe4\xb8\x8e\xe6\xad\xb9\xe5\xbe\x92\xe8\xb0\x88\xe5\x88\xa4',
 'TitleUrl': u'http://www.toutiao.com/group/6352872208625303809/'}
2016-11-15 00:49:41 [scrapy] DEBUG: Scraped from <200 http://www.toutiao.com/api/article/feed/?category=news_hot&utm_source=toutiao&widen=0&max_behot_time=0&max_behot_time_tmp=0&as=A135B8B16A0CF6F&cp=581AACBF560FEE1>
{'Title': '\xe5\x9c\xb0\xe6\x96\xb9\xe8\xb4\xa2\xe6\x94\xbf\xe7\xa0\xb4\xe4\xba\xa7\xe8\xae\xa1\xe5\x88\x92\xe5\x87\xba\xe5\x8f\xb0\xef\xbc\x8c\xe5\x8f\xaf\xe5\x8f\x98\xe5\x8d\x96\xe6\x94\xbf\xe5\xba\x9c\xe8\xb5\x84\xe4\xba\xa7\xe5\x81\xbf\xe5\x80\xba',
 'TitleUrl': u'http://www.toutiao.com/group/6352833623604248834/'}
2016-11-15 00:49:41 [scrapy] DEBUG: Scraped from <200 http://www.toutiao.com/api/article/feed/?category=news_hot&utm_source=toutiao&widen=0&max_behot_time=0&max_behot_time_tmp=0&as=A135B8B16A0CF6F&cp=581AACBF560FEE1>
{'Title': '\xe9\x93\x81\xe8\xb7\xaf\xe8\xbf\x90\xe7\x85\xa4\xe2\x80\x9c\xe4\xb8\x80\xe8\xbd\xa6\xe9\x9a\xbe\xe6\xb1\x82\xe2\x80\x9d\xef\xbc\x9a\xe9\x83\xa8\xe5\x88\x86\xe9\x93\x81\xe8\xb7\xaf\xe7\xba\xbf\xe8\xb7\xaf\xe7\x85\xa4\xe7\x82\xad\xe8\xbf\x90\xe4\xbb\xb7\xe4\xb8\x8a\xe6\xb5\xae10%',
 'TitleUrl': u'http://www.toutiao.com/group/6352803331690725633/'}
2016-11-15 00:49:41 [scrapy] DEBUG: Scraped from <200 http://www.toutiao.com/api/article/feed/?category=news_hot&utm_source=toutiao&widen=0&max_behot_time=0&max_behot_time_tmp=0&as=A135B8B16A0CF6F&cp=581AACBF560FEE1>
{'Title': '\xe9\x80\x80\xe8\xb4\xa7\xe8\xa2\xab\xe2\x80\x9c\xe5\xb0\x81\xe5\x8f\xb7\xe2\x80\x9d\xef\xbc\x8c\xe5\x86\xa4\xef\xbc\x9f\xe4\xb8\x8d\xe5\x86\xa4',
 'TitleUrl': u'http://www.toutiao.com/group/6352917577932538114/'}
2016-11-15 00:49:41 [scrapy] DEBUG: Scraped from <200 http://www.toutiao.com/api/article/feed/?category=news_hot&utm_source=toutiao&widen=0&max_behot_time=0&max_behot_time_tmp=0&as=A135B8B16A0CF6F&cp=581AACBF560FEE1>
{'Title': '\xe5\xa4\x96\xe5\xaa\x92\xef\xbc\x9a\xe5\x9b\xbd\xe9\x99\x85\xe7\xa9\xba\xe9\x97\xb4\xe7\xab\x99\xe6\x88\x96\xe9\xa6\x96\xe6\xac\xa1\xe5\x87\xba\xe7\x8e\xb0\xe4\xba\xba\xe9\x80\xa0\xe9\x87\x8d\xe5\x8a\x9b',
 'TitleUrl': u'http://www.toutiao.com/group/6352682561177633026/'}
2016-11-15 00:49:41 [scrapy] DEBUG: Scraped from <200 http://www.toutiao.com/api/article/feed/?category=news_hot&utm_source=toutiao&widen=0&max_behot_time=0&max_behot_time_tmp=0&as=A135B8B16A0CF6F&cp=581AACBF560FEE1>
{'Title': '\xe4\xb8\xad\xe5\x9b\xbd\xe8\xb6\xb3\xe5\x8d\x8f\xef\xbc\x9a\xe4\xb8\x8d\xe8\x83\x8c\xe9\x94\x85\xef\xbc\x81 \xe5\x8d\xa1\xe5\xa1\x94\xe5\xb0\x94\xe5\xbb\xb6\xe8\xbf\x9f\xe6\x8a\xb5\xe8\xbe\xbe\xe7\x9a\x84\xe8\xb4\xa3\xe4\xbb\xbb\xe5\xae\x8c\xe5\x85\xa8\xe5\x9c\xa8\xe5\x8d\xa1\xe6\x96\xb9',
 'TitleUrl': u'http://www.toutiao.com/group/6352828871151337730/'}
2016-11-15 00:49:41 [scrapy] DEBUG: Scraped from <200 http://www.toutiao.com/api/article/feed/?category=news_hot&utm_source=toutiao&widen=0&max_behot_time=0&max_behot_time_tmp=0&as=A135B8B16A0CF6F&cp=581AACBF560FEE1>
{'Title': '\xe7\xa6\x8f\xe5\xbb\xba\xe4\xb8\x80\xe7\x94\xb7\xe5\xad\x90\xe5\x81\xb7\xe7\xaa\x83\xe8\xa2\xab\xe8\xbf\xbd\xe8\xba\xab\xe4\xba\xa1\xe7\xbb\xad\xef\xbc\x9a\xe8\xbf\xbd\xe4\xba\xba\xe8\x80\x85\xe5\x90\xa6\xe8\xae\xa4\xe6\x9c\x89\xe6\x8b\x89\xe6\x89\xaf\xe8\xa1\x8c\xe4\xb8\xba',
 'TitleUrl': u'http://www.toutiao.com/group/6352936258863399170/'}
2016-11-15 00:49:41 [scrapy] DEBUG: Scraped from <200 http://www.toutiao.com/api/article/feed/?category=news_hot&utm_source=toutiao&widen=0&max_behot_time=0&max_behot_time_tmp=0&as=A135B8B16A0CF6F&cp=581AACBF560FEE1>
{'Title': '\xe5\xa4\xa7\xe5\xb9\xb4\xe5\x88\x9d\xe4\xb8\x80\xe7\x9a\x84\xe5\x91\xbd\xe6\xa1\x88\xe6\x98\xaf\xe5\xa6\x82\xe4\xbd\x95\xe5\x8f\x91\xe7\x94\x9f\xe7\x9a\x84\xef\xbc\x9f--\xe8\xb5\xb0\xe8\xae\xbf\xe8\xb4\xbe\xe6\x95\xac\xe9\xbe\x99\xe6\x95\x85\xe6\x84\x8f\xe6\x9d\x80\xe4\xba\xba\xe6\xa1\x88\xe5\x8f\x91\xe7\x94\x9f\xe5\x9c\xb0',
 'TitleUrl': u'http://www.toutiao.com/group/6352636885576253698/'}
2016-11-15 00:49:41 [scrapy] DEBUG: Scraped from <200 http://www.toutiao.com/api/article/feed/?category=news_hot&utm_source=toutiao&widen=0&max_behot_time=0&max_behot_time_tmp=0&as=A135B8B16A0CF6F&cp=581AACBF560FEE1>
{'Title': '\xe5\xaf\xbb\xe6\x89\xbe\xe8\x88\xb9\xe9\x95\xbf\xe9\x83\xad\xe5\xb7\x9d\xe7\x9a\x8420\xe5\xa4\xa9',
 'TitleUrl': u'http://www.toutiao.com/group/6352831376249422082/'}
2016-11-15 00:49:41 [scrapy] DEBUG: Scraped from <200 http://www.toutiao.com/api/article/feed/?category=news_hot&utm_source=toutiao&widen=0&max_behot_time=0&max_behot_time_tmp=0&as=A135B8B16A0CF6F&cp=581AACBF560FEE1>
{'Title': '\xe5\xa5\xb3\xe4\xbf\x9d\xe6\xb4\x81\xe5\x90\x91\xe9\xa2\x86\xe5\xaf\xbc\xe6\xb3\xbc\xe5\xb0\xbf\xe8\xa2\xab\xe8\xbe\x9e\xe9\x80\x80 \xe6\xb3\x95\xe9\x99\xa2\xe5\x88\xa4\xe8\xa7\xa3\xe9\x99\xa4\xe5\x8a\xb3\xe5\x8a\xa8\xe5\x85\xb3\xe7\xb3\xbb\xe5\x90\x88\xe6\xb3\x95',
 'TitleUrl': u'http://www.toutiao.com/group/6352893771076731137/'}
2016-11-15 00:49:41 [scrapy] DEBUG: Scraped from <200 http://www.toutiao.com/api/article/feed/?category=news_hot&utm_source=toutiao&widen=0&max_behot_time=0&max_behot_time_tmp=0&as=A135B8B16A0CF6F&cp=581AACBF560FEE1>
{'Title': '\xe5\xa5\xb3\xe4\xbf\x9d\xe6\xb4\x81\xe5\x90\x91\xe9\xa2\x86\xe5\xaf\xbc\xe6\xb3\xbc\xe5\xb0\xbf\xe8\xa2\xab\xe8\xbe\x9e\xe9\x80\x80 \xe6\xb3\x95\xe9\x99\xa2\xe5\x88\xa4\xe8\xa7\xa3\xe9\x99\xa4\xe5\x8a\xb3\xe5\x8a\xa8\xe5\x85\xb3\xe7\xb3\xbb\xe5\x90\x88\xe6\xb3\x95',
 'TitleUrl': u'http://www.toutiao.com/group/6352963743719145730/?_as_1479170980'}
2016-11-15 00:49:41 [toutiao] INFO: now entring download midware
2016-11-15 00:49:41 [toutiao] INFO: User-Agent is: Speedy Spider (Entireweb; Beta/1.0; http://www.entireweb.com/about/search_tech/speedyspider/) <GET http://www.toutiao.com/api/article/feed/?category=news_hot&utm_source=toutiao&widen=0&max_behot_time=0&max_behot_time_tmp=1479158174&as=A16538313A8D839&cp=581A7DF853099E1>
2016-11-15 00:49:42 [scrapy] DEBUG: Crawled (200) <GET http://www.toutiao.com/api/article/feed/?category=news_hot&utm_source=toutiao&widen=0&max_behot_time=0&max_behot_time_tmp=1479158174&as=A16538313A8D839&cp=581A7DF853099E1> (referer: http://www.toutiao.com/api/article/feed/?category=news_hot&utm_source=toutiao&widen=0&max_behot_time=0&max_behot_time_tmp=0&as=A135B8B16A0CF6F&cp=581AACBF560FEE1)
2016-11-15 00:49:42 [toutiao] DEBUG: Fetch toutiao homepage page: http://www.toutiao.com/api/article/feed/?category=news_hot&utm_source=toutiao&widen=0&max_behot_time=0&max_behot_time_tmp=1479158174&as=A16538313A8D839&cp=581A7DF853099E1
2016-11-15 00:49:42 [scrapy] DEBUG: Scraped from <200 http://www.toutiao.com/api/article/feed/?category=news_hot&utm_source=toutiao&widen=0&max_behot_time=0&max_behot_time_tmp=1479158174&as=A16538313A8D839&cp=581A7DF853099E1>
{'Title': '\xe5\xa4\xa7\xe5\xad\xa6\xe7\x94\x9f\xe6\xb0\xb4\xe5\xba\x93\xe6\xba\xba\xe4\xba\xa1\xe8\x87\xaa\xe8\xba\xab\xe6\x8b\x85\xe8\xb4\xa3\xe4\xb9\x9d\xe6\x88\x90',
 'TitleUrl': u'http://www.toutiao.com/group/6352893803434901762/'}
2016-11-15 00:49:42 [scrapy] DEBUG: Scraped from <200 http://www.toutiao.com/api/article/feed/?category=news_hot&utm_source=toutiao&widen=0&max_behot_time=0&max_behot_time_tmp=1479158174&as=A16538313A8D839&cp=581A7DF853099E1>
{'Title': '\xe5\x88\x9a\xe9\x80\x89\xe4\xb8\x8a\xe6\x80\xbb\xe7\xbb\x9f\xef\xbc\x8c\xe7\x89\xb9\xe6\x9c\x97\xe6\x99\xae\xe5\xb0\xb1\xe6\x83\xb3\xe7\xbb\x99\xe4\xb8\xad\xe5\x9b\xbd\xe2\x80\x9c\xe4\xb8\x8b\xe9\xa9\xac\xe5\xa8\x81\xe2\x80\x9d\xef\xbc\x9f',
 'TitleUrl': u'http://www.toutiao.com/group/6352837162158096642/'}
2016-11-15 00:49:42 [scrapy] DEBUG: Scraped from <200 http://www.toutiao.com/api/article/feed/?category=news_hot&utm_source=toutiao&widen=0&max_behot_time=0&max_behot_time_tmp=1479158174&as=A16538313A8D839&cp=581A7DF853099E1>
{'Title': '\xe9\x9c\xbe\xe9\xbb\x84\xe8\x89\xb2\xe9\xa2\x84\xe8\xad\xa6\xef\xbc\x9a\xe4\xbb\x8a\xe6\x98\x8e\xe4\xb8\xa4\xe6\x97\xa5\xe6\xb2\xb3\xe5\x8c\x97\xe6\xb2\xb3\xe5\x8d\x97\xe9\x83\xa8\xe5\x88\x86\xe5\x9c\xb0\xe5\x8c\xba\xe6\x9c\x89\xe9\x87\x8d\xe5\xba\xa6\xe9\x9c\xbe',
 'TitleUrl': u'http://www.toutiao.com/group/6352958239286821121/'}
2016-11-15 00:49:42 [scrapy] DEBUG: Scraped from <200 http://www.toutiao.com/api/article/feed/?category=news_hot&utm_source=toutiao&widen=0&max_behot_time=0&max_behot_time_tmp=1479158174&as=A16538313A8D839&cp=581A7DF853099E1>
{'Title': '\xe5\xa4\xa7\xe9\x87\x8f\xe2\x80\x9c\xe6\x89\x98\xe8\x80\x81\xe6\x89\x80\xe2\x80\x9d\xe9\x97\xb2\xe7\xbd\xae \xe5\xb0\x86\xe5\x8f\x98\xe8\xba\xab\xe2\x80\x9c\xe5\x85\xbb\xe8\x80\x81\xe9\xa9\xbf\xe7\xab\x99\xe2\x80\x9d',
 'TitleUrl': u'http://www.toutiao.com/group/6352882591410487553/'}
2016-11-15 00:49:42 [scrapy] DEBUG: Scraped from <200 http://www.toutiao.com/api/article/feed/?category=news_hot&utm_source=toutiao&widen=0&max_behot_time=0&max_behot_time_tmp=1479158174&as=A16538313A8D839&cp=581A7DF853099E1>
{'Title': 'TPP\xe8\x83\x8e\xe6\xad\xbb\xe8\x85\xb9\xe4\xb8\xad\xe5\xa4\xa7\xe5\x8a\xbf\xe5\xb7\xb2\xe5\x8e\xbb \xe7\x9b\xb8\xe5\x85\xb3\xe5\x9b\xbd\xe5\xae\xb6\xe5\xb7\xb2\xe5\xb0\x86\xe7\x9b\xae\xe5\x85\x89\xe8\xbd\xac\xe5\x90\x91\xe4\xb8\xad\xe5\x9b\xbd',
 'TitleUrl': u'http://www.toutiao.com/group/6352885896732573953/'}
2016-11-15 00:49:42 [scrapy] DEBUG: Scraped from <200 http://www.toutiao.com/api/article/feed/?category=news_hot&utm_source=toutiao&widen=0&max_behot_time=0&max_behot_time_tmp=1479158174&as=A16538313A8D839&cp=581A7DF853099E1>
{'Title': '\xe6\xad\xbc10\xe5\xa5\xb3\xe9\xa3\x9e\xe8\xa1\x8c\xe5\x91\x98\xe7\x89\xba\xe7\x89\xb2 \xe7\x9b\x98\xe7\x82\xb9\xe5\x85\xa8\xe7\x90\x83\xe9\xa3\x9e\xe8\xa1\x8c\xe8\xa1\xa8\xe6\xbc\x94\xe4\xba\x8b\xe6\x95\x85',
 'TitleUrl': u'http://www.toutiao.com/group/6352597601149944066/'}
2016-11-15 00:49:42 [scrapy] DEBUG: Scraped from <200 http://www.toutiao.com/api/article/feed/?category=news_hot&utm_source=toutiao&widen=0&max_behot_time=0&max_behot_time_tmp=1479158174&as=A16538313A8D839&cp=581A7DF853099E1>
{'Title': '\xe5\xaf\xb9\xe4\xb8\xad\xe5\x9b\xbd\xe5\x85\x8d\xe7\xad\xbe\xe7\x9a\x84\xe7\xac\xac\xe4\xb8\x80\xe4\xb8\xaa\xe4\xb8\xad\xe4\xb8\x9c\xe6\xac\xa7\xe5\x9b\xbd\xe5\xae\xb6\xe4\xb8\xba\xe4\xbd\x95\xe6\x98\xaf\xe5\xae\x83',
 'TitleUrl': u'http://www.toutiao.com/group/6352818144259932418/'}
2016-11-15 00:49:42 [scrapy] DEBUG: Scraped from <200 http://www.toutiao.com/api/article/feed/?category=news_hot&utm_source=toutiao&widen=0&max_behot_time=0&max_behot_time_tmp=1479158174&as=A16538313A8D839&cp=581A7DF853099E1>
{'Title': '\xe4\xbc\xa0\xe6\xbb\xb4\xe6\xbb\xb4\xe8\xa3\x81\xe5\x91\x981000\xe4\xba\xba\xef\xbc\x8c\xe5\x86\x85\xe9\x83\xa8\xe5\x91\x98\xe5\xb7\xa5\xe7\xa7\xb0\xe6\xbb\xb4\xe6\xbb\xb4\xe5\xbf\xab\xe8\xbd\xa6\xe6\x98\xaf\xe9\x87\x8d\xe7\x81\xbe\xe5\x8c\xba',
 'TitleUrl': u'http://www.toutiao.com/group/6352822086872432897/'}
2016-11-15 00:49:42 [scrapy] DEBUG: Scraped from <200 http://www.toutiao.com/api/article/feed/?category=news_hot&utm_source=toutiao&widen=0&max_behot_time=0&max_behot_time_tmp=1479158174&as=A16538313A8D839&cp=581A7DF853099E1>
{'Title': '\xe5\x88\x98\xe9\x8a\xae\xe9\x9b\x84\xe5\x8f\x91\xe5\xa3\xb0\xe6\x98\x8e\xe7\xa7\xb0\xe5\x92\x8c\xe5\x90\x95\xe4\xb8\xbd\xe5\x90\x9b\xe5\x88\x86\xe6\x89\x8b\xef\xbc\x9a\xe4\xb8\xa4\xe4\xba\xba\xe5\xb7\xb2\xe6\x96\xad\xe7\xbb\x9d\xe5\x85\xb3\xe7\xb3\xbb',
 'TitleUrl': u'http://www.toutiao.com/group/6352952962168340738/'}
2016-11-15 00:49:42 [scrapy] DEBUG: Scraped from <200 http://www.toutiao.com/api/article/feed/?category=news_hot&utm_source=toutiao&widen=0&max_behot_time=0&max_behot_time_tmp=1479158174&as=A16538313A8D839&cp=581A7DF853099E1>
{'Title': '\xe8\x8f\xb2\xe5\xaa\x92\xe7\xa7\xb0\xe4\xb8\xad\xe5\x9b\xbd\xe9\x82\x80\xe8\x8f\xb2\xe6\xb8\x94\xe6\xb0\x91\xe8\xb5\xb4\xe5\x8d\x8e\xe5\x9f\xb9\xe8\xae\xad \xe5\x88\x86\xe4\xba\xab\xe5\x85\xbb\xe6\xae\x96\xe6\x8a\x80\xe6\x9c\xaf\xe6\x8f\x90\xe9\xab\x98\xe5\xbd\x93\xe5\x9c\xb0\xe6\x94\xb6\xe5\x85\xa5',
 'TitleUrl': u'http://www.toutiao.com/group/6352903245216104706/'}
2016-11-15 00:49:42 [scrapy] DEBUG: Scraped from <200 http://www.toutiao.com/api/article/feed/?category=news_hot&utm_source=toutiao&widen=0&max_behot_time=0&max_behot_time_tmp=1479158174&as=A16538313A8D839&cp=581A7DF853099E1>
{'Title': '\xe7\x89\xb9\xe6\x9c\x97\xe6\x99\xae\xe5\x89\x8d\xe5\xa6\xbb\xe6\x83\xb3\xe5\xbd\x93\xe9\xa9\xbb\xe6\x8d\xb7\xe5\x85\x8b\xe5\xa4\xa7\xe4\xbd\xbf \xe5\x85\xb6\xe5\xa5\xb3\xe4\xbb\xbb\xe7\xbe\x8e\xe9\xa9\xbb\xe6\x97\xa5\xe5\xa4\xa7\xe4\xbd\xbf\xe5\x91\xbc\xe5\xa3\xb0\xe6\x9b\xb4\xe9\xab\x98',
 'TitleUrl': u'http://www.toutiao.com/group/6352901436954706178/'}
2016-11-15 00:49:42 [scrapy] DEBUG: Scraped from <200 http://www.toutiao.com/api/article/feed/?category=news_hot&utm_source=toutiao&widen=0&max_behot_time=0&max_behot_time_tmp=1479158174&as=A16538313A8D839&cp=581A7DF853099E1>
{'Title': '\xe6\xb7\xb1\xe5\x9c\xb3\xe5\x8f\x91\xe7\x94\x9f4\xe5\xb0\xb85\xe5\x91\xbd\xe6\x83\xa8\xe6\xa1\x88\xef\xbc\x9a\xe4\xba\x8b\xe5\x8f\x91\xe5\x89\x8d\xe7\x94\xb7\xe5\xad\x90\xe5\x92\x8c\xe5\xa6\xbb\xe5\xad\x90\xe6\xbf\x80\xe7\x83\x88\xe4\xba\x89\xe5\x90\xb5',
 'TitleUrl': u'http://www.toutiao.com/group/6352749283078848770/'}
2016-11-15 00:49:42 [scrapy] DEBUG: Scraped from <200 http://www.toutiao.com/api/article/feed/?category=news_hot&utm_source=toutiao&widen=0&max_behot_time=0&max_behot_time_tmp=1479158174&as=A16538313A8D839&cp=581A7DF853099E1>
{'Title': '\xe5\x90\x88\xe8\x82\xa5\xe5\xa4\xa7\xe4\xba\x8c\xe5\xa5\xb3\xe7\x94\x9f\xe5\x80\x9f\xe2\x80\x9c\xe8\xa3\xb8\xe6\x9d\xa1\xe8\xb4\xb7\xe2\x80\x9d5\xe4\xb8\x87\xe6\x9c\x80\xe7\xbb\x88\xe6\xac\xa0\xe4\xb8\x8b50\xe4\xb8\x87\xef\xbc\x8c\xe5\xae\xb6\xe9\x95\xbf\xe8\xa2\xab\xe9\x80\xbc\xe5\x8d\x96\xe6\x88\xbf',
 'TitleUrl': u'http://www.toutiao.com/group/6352572012686688513/'}
2016-11-15 00:49:42 [scrapy] DEBUG: Scraped from <200 http://www.toutiao.com/api/article/feed/?category=news_hot&utm_source=toutiao&widen=0&max_behot_time=0&max_behot_time_tmp=1479158174&as=A16538313A8D839&cp=581A7DF853099E1>
{'Title': '\xe5\xb0\x8f\xe9\xa9\xac\xe4\xba\x91\xe4\xb8\x8a\xe7\x9b\xb4\xe6\x92\xad \xe5\x8f\x88\xe4\xb8\x80\xe7\xbd\x91\xe7\xbb\x9c\xe7\xba\xa2\xe4\xba\xba\xe8\xaf\x9e\xe7\x94\x9f',
 'TitleUrl': u'http://www.toutiao.com/group/6352968531553878273/'}
2016-11-15 00:49:42 [scrapy] DEBUG: Scraped from <200 http://www.toutiao.com/api/article/feed/?category=news_hot&utm_source=toutiao&widen=0&max_behot_time=0&max_behot_time_tmp=1479158174&as=A16538313A8D839&cp=581A7DF853099E1>
{'Title': '\xe6\x9c\xb4\xe6\xa7\xbf\xe6\x83\xa0\xe4\xba\xb2\xe4\xbf\xa1\xe2\x80\x9c\xe5\xb9\xb2\xe6\x94\xbf\xe9\x97\xa8\xe2\x80\x9d\xe6\x8c\x81\xe7\xbb\xad\xe5\x8f\x91\xe9\x85\xb5\xef\xbc\x9a\xe7\x8b\xac\xe7\xab\x8b\xe6\xa3\x80\xe5\xaf\x9f\xe5\xb0\x86\xe5\x90\xaf\xe5\x8a\xa8',
 'TitleUrl': u'http://www.toutiao.com/group/6352978404383490305/'}
2016-11-15 00:49:42 [scrapy] DEBUG: Scraped from <200 http://www.toutiao.com/api/article/feed/?category=news_hot&utm_source=toutiao&widen=0&max_behot_time=0&max_behot_time_tmp=1479158174&as=A16538313A8D839&cp=581A7DF853099E1>
{'Title': '\xe6\x9c\xb4\xe6\xa7\xbf\xe6\x83\xa0\xe4\xba\xb2\xe4\xbf\xa1\xe2\x80\x9c\xe5\xb9\xb2\xe6\x94\xbf\xe9\x97\xa8\xe2\x80\x9d\xe6\x8c\x81\xe7\xbb\xad\xe5\x8f\x91\xe9\x85\xb5\xef\xbc\x9a\xe7\x8b\xac\xe7\xab\x8b\xe6\xa3\x80\xe5\xaf\x9f\xe5\xb0\x86\xe5\x90\xaf\xe5\x8a\xa8',
 'TitleUrl': u'http://www.toutiao.com/group/6352963851294310657/?_as_1479170980'}
2016-11-15 00:49:42 [toutiao] INFO: now entring download midware
2016-11-15 00:49:42 [toutiao] INFO: User-Agent is: ldspider (http://code.google.com/p/ldspider/wiki/Robots) <GET http://www.toutiao.com/api/article/feed/?category=news_hot&utm_source=toutiao&widen=0&max_behot_time=0&max_behot_time_tmp=1479170980&as=A16538313A8D839&cp=581A7DF853099E1>
2016-11-15 00:49:42 [scrapy] DEBUG: Crawled (200) <GET http://www.toutiao.com/api/article/feed/?category=news_hot&utm_source=toutiao&widen=0&max_behot_time=0&max_behot_time_tmp=1479170980&as=A16538313A8D839&cp=581A7DF853099E1> (referer: http://www.toutiao.com/api/article/feed/?category=news_hot&utm_source=toutiao&widen=0&max_behot_time=0&max_behot_time_tmp=1479158174&as=A16538313A8D839&cp=581A7DF853099E1)
2016-11-15 00:49:42 [toutiao] DEBUG: Fetch toutiao homepage page: http://www.toutiao.com/api/article/feed/?category=news_hot&utm_source=toutiao&widen=0&max_behot_time=0&max_behot_time_tmp=1479170980&as=A16538313A8D839&cp=581A7DF853099E1
2016-11-15 00:49:42 [scrapy] DEBUG: Scraped from <200 http://www.toutiao.com/api/article/feed/?category=news_hot&utm_source=toutiao&widen=0&max_behot_time=0&max_behot_time_tmp=1479170980&as=A16538313A8D839&cp=581A7DF853099E1>
{'Title': '\xe2\x80\x9cTPP\xe5\xb7\xb2\xe6\xad\xbb\xe2\x80\x9d\xef\xbc\x8c\xe7\x89\xb9\xe6\x9c\x97\xe6\x99\xae\xe6\x94\xb9\xe5\x8f\xa3\xe7\xa7\xb0\xe4\xb8\xad\xe5\x9b\xbd\xe4\xbc\x9f\xe5\xa4\xa7\xe9\x87\x8d\xe8\xa6\x81',
 'TitleUrl': u'http://www.toutiao.com/group/6352840804540612866/'}
2016-11-15 00:49:42 [scrapy] DEBUG: Scraped from <200 http://www.toutiao.com/api/article/feed/?category=news_hot&utm_source=toutiao&widen=0&max_behot_time=0&max_behot_time_tmp=1479170980&as=A16538313A8D839&cp=581A7DF853099E1>
{'Title': '\xe5\x90\x8d\xe5\x98\xb4\xe7\xa7\xb0\xe8\x94\xa1\xe8\x8b\xb1\xe6\x96\x87\xe6\x80\xa5\xe4\xba\x8e\xe8\xa7\xa3\xe7\xa6\x81\xe6\xa0\xb8\xe7\x81\xbe\xe9\xa3\x9f\xe5\x93\x81\xe6\x98\xaf\xe4\xb8\xba\xe4\xba\x86\xe6\x95\x88\xe5\xbf\xa0\xe2\x80\x9c\xe6\x97\xa5\xe6\x9c\xac\xe2\x80\x9d',
 'TitleUrl': u'http://www.toutiao.com/group/6352789464725930241/'}
2016-11-15 00:49:42 [scrapy] DEBUG: Scraped from <200 http://www.toutiao.com/api/article/feed/?category=news_hot&utm_source=toutiao&widen=0&max_behot_time=0&max_behot_time_tmp=1479170980&as=A16538313A8D839&cp=581A7DF853099E1>
{'Title': '\xe6\x88\x91\xe5\x9b\xbd\xe9\xa6\x96\xe6\x89\xb9\xe8\x88\xaa\xe5\xa4\xa9\xe5\x91\x98\xe4\xb8\xba\xe4\xbd\x95\xe6\x8b\x9b\xe5\x8b\x9f\xe4\xba\xba\xe6\x95\xb0\xe4\xb8\xba14\xe5\x90\x8d',
 'TitleUrl': u'http://www.toutiao.com/group/6352961846476243202/'}
2016-11-15 00:49:42 [scrapy] DEBUG: Scraped from <200 http://www.toutiao.com/api/article/feed/?category=news_hot&utm_source=toutiao&widen=0&max_behot_time=0&max_behot_time_tmp=1479170980&as=A16538313A8D839&cp=581A7DF853099E1>
{'Title': '\xe9\x87\x91\xe6\x99\xa8\xe5\xbc\x80\xe6\x92\x95\xe5\xbc\xa0\xe5\xa4\xa9\xe7\x88\xb1\xef\xbc\x9f\xe6\x98\x8e\xe6\x98\x9f\xe6\x8a\xa2\xe8\xa7\x92\xe8\x89\xb2\xe4\xb9\x9f\xe6\x98\xaf\xe5\x88\x80\xe5\x85\x89\xe5\x89\x91\xe5\xbd\xb1\xe7\x9a\x84\xe7\xa1\xac\xe4\xbb\x97\xe5\x95\x8a',
 'TitleUrl': u'http://www.toutiao.com/group/6352759794659082497/'}
2016-11-15 00:49:42 [scrapy] DEBUG: Scraped from <200 http://www.toutiao.com/api/article/feed/?category=news_hot&utm_source=toutiao&widen=0&max_behot_time=0&max_behot_time_tmp=1479170980&as=A16538313A8D839&cp=581A7DF853099E1>
{'Title': '\xe8\xbe\xbd\xe5\xae\x81\xe8\x88\xb0\xe4\xbd\x9c\xe6\x88\x98\xe6\x83\x85\xe6\x8a\xa5\xe4\xb8\xad\xe5\xbf\x83\xe5\x86\x85\xe9\x83\xa8\xe6\x9b\x9d\xe5\x85\x89 \xe4\xb8\x9d\xe6\xaf\xab\xe4\xb8\x8d\xe9\x80\x8a\xe7\xbe\x8e\xe5\x9b\xbd\xe8\x88\xaa\xe6\xaf\x8d',
 'TitleUrl': u'http://www.toutiao.com/group/6352614801814339841/'}
2016-11-15 00:49:42 [scrapy] DEBUG: Scraped from <200 http://www.toutiao.com/api/article/feed/?category=news_hot&utm_source=toutiao&widen=0&max_behot_time=0&max_behot_time_tmp=1479170980&as=A16538313A8D839&cp=581A7DF853099E1>
{'Title': '\xe8\xbf\x99\xe4\xba\x9b\xe8\xb4\xaa\xe5\xae\x98\xe4\xb8\xba\xe4\xbb\x80\xe4\xb9\x88\xe8\xa2\xab\xe5\x88\xa4\xe7\xbb\x88\xe8\xba\xab\xe7\x9b\x91\xe7\xa6\x81\xef\xbc\x9f',
 'TitleUrl': u'http://www.toutiao.com/group/6352663658853564673/'}
2016-11-15 00:49:42 [scrapy] DEBUG: Scraped from <200 http://www.toutiao.com/api/article/feed/?category=news_hot&utm_source=toutiao&widen=0&max_behot_time=0&max_behot_time_tmp=1479170980&as=A16538313A8D839&cp=581A7DF853099E1>
{'Title': '\xe8\xa2\xab\xe5\x85\xb3\xe4\xb9\x8b\xe7\x90\xb3\xe6\x8c\x87\xe8\xa7\x81\xe9\x9d\xa2\xe4\xbc\x9a\xe5\xb0\xb7\xe5\xb0\xac \xe5\x88\x98\xe5\x98\x89\xe7\x8e\xb2\xe5\x8f\x8d\xe5\x87\xbb\xef\xbc\x9a\xe6\x88\x91\xe5\x85\x89\xe6\x98\x8e\xe6\xad\xa3\xe5\xa4\xa7\xef\xbc\x81',
 'TitleUrl': u'http://www.toutiao.com/group/6352862978648539393/'}
2016-11-15 00:49:42 [scrapy] DEBUG: Scraped from <200 http://www.toutiao.com/api/article/feed/?category=news_hot&utm_source=toutiao&widen=0&max_behot_time=0&max_behot_time_tmp=1479170980&as=A16538313A8D839&cp=581A7DF853099E1>
{'Title': '\xe7\x89\xb9\xe6\x9c\x97\xe6\x99\xae\xe8\x83\x8c\xe5\x90\x8e\xe7\x9a\x84\xe6\x9c\x80\xe5\xa4\xa7\xe8\xb4\xa2\xe5\x9b\xa2\xef\xbc\x8c\xe5\xb7\xb2\xe5\x9c\xa8\xe4\xb8\xad\xe5\x9b\xbd\xe6\x82\x84\xe7\x84\xb6\xe5\xb8\x83\xe5\xb1\x8012\xe5\xb9\xb4\xef\xbd\x9c\xe9\x92\x9b\xe5\xaa\x92\xe4\xbd\x93\xe7\x8b\xac\xe5\xae\xb6',
 'TitleUrl': u'http://www.toutiao.com/group/6351921486575681794/'}
2016-11-15 00:49:42 [scrapy] DEBUG: Scraped from <200 http://www.toutiao.com/api/article/feed/?category=news_hot&utm_source=toutiao&widen=0&max_behot_time=0&max_behot_time_tmp=1479170980&as=A16538313A8D839&cp=581A7DF853099E1>
{'Title': '\xe4\xbf\x9d\xe5\xae\x9a\xe5\x9d\xa0\xe4\xba\x95\xe7\x94\xb7\xe7\xab\xa5\xe5\xae\xb6\xe5\xb1\x9e\xe7\x94\xa811\xe9\x9d\xa2\xe9\x94\xa6\xe6\x97\x97\xe8\x87\xb4\xe8\xb0\xa2 \xe2\x80\x9c\xe8\xa2\xab\xe6\x89\x93\xe2\x80\x9d\xe6\x80\xa5\xe6\x95\x91\xe8\xbd\xa6\xe5\x8f\xb8\xe6\x9c\xba\xe7\xa7\xb0\xe5\x8f\xaa\xe6\x98\xaf\xe6\x8e\xa8\xe6\x90\xa1',
 'TitleUrl': u'http://www.toutiao.com/group/6352846597751324929/'}
2016-11-15 00:49:42 [scrapy] DEBUG: Scraped from <200 http://www.toutiao.com/api/article/feed/?category=news_hot&utm_source=toutiao&widen=0&max_behot_time=0&max_behot_time_tmp=1479170980&as=A16538313A8D839&cp=581A7DF853099E1>
{'Title': '\xe7\xbd\x91\xe7\xbb\x9c\xe4\xb8\xbb\xe6\x92\xad\xe7\xa7\xb0\xe6\x89\x93\xe5\x85\xac\xe7\x9b\x8a\xe6\x97\x97\xe5\x8f\xb7\xe5\x81\x9a\xe7\x9b\xb4\xe6\x92\xad \xe6\x9c\x88\xe8\xb5\x9a\xe5\x85\xad\xe4\xbd\x8d\xe6\x95\xb0',
 'TitleUrl': u'http://www.toutiao.com/group/6352798050452717825/'}
2016-11-15 00:49:42 [scrapy] DEBUG: Scraped from <200 http://www.toutiao.com/api/article/feed/?category=news_hot&utm_source=toutiao&widen=0&max_behot_time=0&max_behot_time_tmp=1479170980&as=A16538313A8D839&cp=581A7DF853099E1>
{'Title': '\xe4\xb8\xad\xe5\x9b\xbd2020\xe5\xb9\xb4\xe4\xb8\xad\xe4\xba\xa7\xe9\x98\xb6\xe5\xb1\x82\xe6\x88\x96\xe8\xbe\xbe4\xe4\xba\xbf\xe4\xba\xba \xe5\x93\xaa\xe4\xba\x9b\xe4\xba\xba\xe7\xae\x97\xe4\xb8\xad\xe4\xba\xa7\xe9\x98\xb6\xe5\xb1\x82\xef\xbc\x9f',
 'TitleUrl': u'http://www.toutiao.com/group/6352852815048098050/'}
2016-11-15 00:49:42 [scrapy] DEBUG: Scraped from <200 http://www.toutiao.com/api/article/feed/?category=news_hot&utm_source=toutiao&widen=0&max_behot_time=0&max_behot_time_tmp=1479170980&as=A16538313A8D839&cp=581A7DF853099E1>
{'Title': '\xe7\xbe\x8e\xe5\x9b\xbd\xe9\xa2\xa0\xe8\xa6\x86\xe6\x80\xa7\xe5\xb7\xa8\xe5\x8f\x98\xef\xbc\x8c\xe4\xb8\x80\xe6\xa0\xb9\xe7\xad\x8b\xe5\xae\x89\xe5\x80\x8d\xe6\x89\xbe\xe4\xb8\x8d\xe7\x9d\x80\xe5\x8c\x97\xe4\xba\x86',
 'TitleUrl': u'http://www.toutiao.com/group/6352708529010589953/'}
2016-11-15 00:49:42 [scrapy] DEBUG: Scraped from <200 http://www.toutiao.com/api/article/feed/?category=news_hot&utm_source=toutiao&widen=0&max_behot_time=0&max_behot_time_tmp=1479170980&as=A16538313A8D839&cp=581A7DF853099E1>
{'Title': '\xe6\x98\x86\xe6\x98\x8e\xe6\xb3\x95\xe9\x99\xa2\xe5\xbc\xba\xe5\x88\xb6\xe6\x89\xa7\xe8\xa1\x8c\xe6\x95\xb4\xe6\xb2\xbb\xe8\x80\x81\xe8\xb5\x96 \xe5\xa5\xb3\xe8\xad\xa6\xe8\x83\xb3\xe8\x86\x8a\xe8\xa2\xab\xe5\x92\xac\xe4\xbc\xa4',
 'TitleUrl': u'http://www.toutiao.com/group/6352965473990083074/'}
2016-11-15 00:49:42 [scrapy] DEBUG: Scraped from <200 http://www.toutiao.com/api/article/feed/?category=news_hot&utm_source=toutiao&widen=0&max_behot_time=0&max_behot_time_tmp=1479170980&as=A16538313A8D839&cp=581A7DF853099E1>
{'Title': '\xe2\x80\x9c\xe9\x97\xba\xe8\x9c\x9c\xe9\x97\xa8\xe2\x80\x9d\xe4\xba\x8b\xe4\xbb\xb6\xe6\x8c\x81\xe7\xbb\xad\xe5\x8f\x91\xe9\x85\xb5 \xe9\x9f\xa9\xe5\x9b\xbd\xe5\xa4\x96\xe4\xba\xa4\xe5\xb0\x86\xe5\x85\xa8\xe9\x9d\xa2\xe6\xb4\x97\xe7\x89\x8c\xef\xbc\x9f',
 'TitleUrl': u'http://www.toutiao.com/group/6352903289004933378/'}
2016-11-15 00:49:42 [scrapy] DEBUG: Scraped from <200 http://www.toutiao.com/api/article/feed/?category=news_hot&utm_source=toutiao&widen=0&max_behot_time=0&max_behot_time_tmp=1479170980&as=A16538313A8D839&cp=581A7DF853099E1>
{'Title': '\xe8\xa1\x97\xe5\x9d\x8a\xe9\x82\xbb\xe5\xb1\x85\xe9\x83\xbd\xe6\x9d\xa5\xe4\xba\x86 \xe5\xae\xb6\xe4\xb9\xa1\xe5\xb8\x82\xe6\xb0\x91\xe8\x87\xaa\xe5\x8f\x91\xe6\x82\xbc\xe5\xbf\xb5\xe2\x80\x9c\xe9\x87\x91\xe5\xad\x94\xe9\x9b\x80\xe2\x80\x9d\xe4\xbd\x99\xe6\x97\xad',
 'TitleUrl': u'http://www.toutiao.com/group/6352849276256059650/'}
2016-11-15 00:49:42 [scrapy] DEBUG: Scraped from <200 http://www.toutiao.com/api/article/feed/?category=news_hot&utm_source=toutiao&widen=0&max_behot_time=0&max_behot_time_tmp=1479170980&as=A16538313A8D839&cp=581A7DF853099E1>
{'Title': '\xe8\xa1\x97\xe5\x9d\x8a\xe9\x82\xbb\xe5\xb1\x85\xe9\x83\xbd\xe6\x9d\xa5\xe4\xba\x86 \xe5\xae\xb6\xe4\xb9\xa1\xe5\xb8\x82\xe6\xb0\x91\xe8\x87\xaa\xe5\x8f\x91\xe6\x82\xbc\xe5\xbf\xb5\xe2\x80\x9c\xe9\x87\x91\xe5\xad\x94\xe9\x9b\x80\xe2\x80\x9d\xe4\xbd\x99\xe6\x97\xad',
 'TitleUrl': u'http://www.toutiao.com/group/6352963809900134657/?_as_1479170980'}
2016-11-15 00:49:42 [scrapy] DEBUG: Filtered duplicate request: <GET http://www.toutiao.com/api/article/feed/?category=news_hot&utm_source=toutiao&widen=0&max_behot_time=0&max_behot_time_tmp=1479170980&as=A16538313A8D839&cp=581A7DF853099E1> - no more duplicates will be shown (see DUPEFILTER_DEBUG to show all duplicates)
2016-11-15 00:49:42 [scrapy] INFO: Closing spider (finished)
2016-11-15 00:49:42 [scrapy] INFO: Stored json feed (48 items) in: ../data/toutiao/news_hot.json
2016-11-15 00:49:42 [scrapy] INFO: Dumping Scrapy stats:
{'downloader/request_bytes': 1750,
 'downloader/request_count': 3,
 'downloader/request_method_count/GET': 3,
 'downloader/response_bytes': 9648,
 'downloader/response_count': 3,
 'downloader/response_status_count/200': 3,
 'dupefilter/filtered': 1,
 'finish_reason': 'finished',
 'finish_time': datetime.datetime(2016, 11, 15, 0, 49, 42, 598809),
 'item_scraped_count': 48,
 'log_count/DEBUG': 56,
 'log_count/INFO': 14,
 'request_depth_max': 3,
 'response_received_count': 3,
 'scheduler/dequeued': 3,
 'scheduler/dequeued/memory': 3,
 'scheduler/enqueued': 3,
 'scheduler/enqueued/memory': 3,
 'start_time': datetime.datetime(2016, 11, 15, 0, 49, 41, 486397)}
2016-11-15 00:49:42 [scrapy] INFO: Spider closed (finished)
2016-11-15 02:08:57 [scrapy] INFO: Scrapy 1.2.0 started (bot: SocialSpider)
2016-11-15 02:08:57 [scrapy] INFO: Overridden settings: {'NEWSPIDER_MODULE': 'SocialSpider.spiders', 'FEED_URI': '../data/toutiao/news_hot.json', 'SPIDER_MODULES': ['SocialSpider.spiders'], 'BOT_NAME': 'SocialSpider', 'FEED_FORMAT': 'json', 'LOG_FILE': '../log/toutiao/news_hot.log'}
2016-11-15 02:08:57 [scrapy] INFO: Enabled extensions:
['scrapy.extensions.feedexport.FeedExporter',
 'scrapy.extensions.logstats.LogStats',
 'scrapy.extensions.telnet.TelnetConsole',
 'scrapy.extensions.corestats.CoreStats']
2016-11-15 02:08:57 [scrapy] INFO: Enabled downloader middlewares:
['scrapy.downloadermiddlewares.httpauth.HttpAuthMiddleware',
 'scrapy.downloadermiddlewares.downloadtimeout.DownloadTimeoutMiddleware',
 'scrapy.downloadermiddlewares.defaultheaders.DefaultHeadersMiddleware',
 'scrapy.downloadermiddlewares.useragent.UserAgentMiddleware',
 'SocialSpider.midware.UaMidWare.ProcessUaMidware',
 'scrapy.downloadermiddlewares.retry.RetryMiddleware',
 'scrapy.downloadermiddlewares.redirect.MetaRefreshMiddleware',
 'scrapy.downloadermiddlewares.httpcompression.HttpCompressionMiddleware',
 'scrapy.downloadermiddlewares.redirect.RedirectMiddleware',
 'scrapy.downloadermiddlewares.cookies.CookiesMiddleware',
 'scrapy.downloadermiddlewares.chunked.ChunkedTransferMiddleware',
 'scrapy.downloadermiddlewares.stats.DownloaderStats']
2016-11-15 02:08:57 [scrapy] INFO: Enabled spider middlewares:
['scrapy.spidermiddlewares.httperror.HttpErrorMiddleware',
 'scrapy.spidermiddlewares.offsite.OffsiteMiddleware',
 'scrapy.spidermiddlewares.referer.RefererMiddleware',
 'scrapy.spidermiddlewares.urllength.UrlLengthMiddleware',
 'scrapy.spidermiddlewares.depth.DepthMiddleware']
2016-11-15 02:08:57 [scrapy] INFO: Enabled item pipelines:
[]
2016-11-15 02:08:57 [scrapy] INFO: Spider opened
2016-11-15 02:08:57 [scrapy] INFO: Crawled 0 pages (at 0 pages/min), scraped 0 items (at 0 items/min)
2016-11-15 02:08:57 [scrapy] DEBUG: Telnet console listening on 127.0.0.1:6023
2016-11-15 02:08:57 [toutiao] INFO: now entring download midware
2016-11-15 02:08:57 [toutiao] INFO: User-Agent is: iaskspider/2.0(+http://iask.com/help/help_index.html) <GET http://www.toutiao.com/api/article/feed/?category=news_hot&utm_source=toutiao&widen=0&max_behot_time=0&max_behot_time_tmp=0&as=A135B8B16A0CF6F&cp=581AACBF560FEE1>
2016-11-15 02:08:58 [scrapy] DEBUG: Crawled (200) <GET http://www.toutiao.com/api/article/feed/?category=news_hot&utm_source=toutiao&widen=0&max_behot_time=0&max_behot_time_tmp=0&as=A135B8B16A0CF6F&cp=581AACBF560FEE1> (referer: None)
2016-11-15 02:08:58 [toutiao] DEBUG: Fetch toutiao homepage page: http://www.toutiao.com/api/article/feed/?category=news_hot&utm_source=toutiao&widen=0&max_behot_time=0&max_behot_time_tmp=0&as=A135B8B16A0CF6F&cp=581AACBF560FEE1
2016-11-15 02:08:58 [scrapy] DEBUG: Scraped from <200 http://www.toutiao.com/api/article/feed/?category=news_hot&utm_source=toutiao&widen=0&max_behot_time=0&max_behot_time_tmp=0&as=A135B8B16A0CF6F&cp=581AACBF560FEE1>
{'Category': 'news_hot',
 'HotValue': 46,
 'MediumUrl': u'http://toutiao.com/m52121957211/',
 'Source': 'toutiao',
 'Time': 1479167993,
 'Title': '\xe6\x96\xb0\xe8\xa5\xbf\xe5\x85\xb0\xe5\x8d\x97\xe5\xb2\x9b7.5\xe7\xba\xa7\xe5\x9c\xb0\xe9\x9c\x87 \xe8\xa2\xab\xe5\x9b\xb0\xe4\xb8\xad\xe5\x9b\xbd\xe6\xb8\xb8\xe5\xae\xa2\xe8\x8e\xb7\xe6\x95\x91',
 'Type': 'url',
 'Url': u'http://www.toutiao.com/group/6352955119398552065/'}
2016-11-15 02:08:58 [scrapy] ERROR: Spider error processing <GET http://www.toutiao.com/api/article/feed/?category=news_hot&utm_source=toutiao&widen=0&max_behot_time=0&max_behot_time_tmp=0&as=A135B8B16A0CF6F&cp=581AACBF560FEE1> (referer: None)
Traceback (most recent call last):
  File "/usr/lib64/python2.7/site-packages/scrapy/utils/defer.py", line 102, in iter_errback
    yield next(it)
  File "/usr/lib64/python2.7/site-packages/scrapy/spidermiddlewares/offsite.py", line 29, in process_spider_output
    for x in result:
  File "/usr/lib64/python2.7/site-packages/scrapy/spidermiddlewares/referer.py", line 22, in <genexpr>
    return (_set_referer(r) for r in result or ())
  File "/usr/lib64/python2.7/site-packages/scrapy/spidermiddlewares/urllength.py", line 37, in <genexpr>
    return (r for r in result or () if _filter(r))
  File "/usr/lib64/python2.7/site-packages/scrapy/spidermiddlewares/depth.py", line 58, in <genexpr>
    return (r for r in result or () if _filter(r))
  File "/python/SocialSpider/SocialSpider/spiders/toutiao.py", line 31, in parse
    item['MediumUrl'] = val['media_url']
KeyError: 'media_url'
2016-11-15 02:08:58 [scrapy] INFO: Closing spider (finished)
2016-11-15 02:08:58 [scrapy] INFO: Stored json feed (1 items) in: ../data/toutiao/news_hot.json
2016-11-15 02:08:58 [scrapy] INFO: Dumping Scrapy stats:
{'downloader/request_bytes': 371,
 'downloader/request_count': 1,
 'downloader/request_method_count/GET': 1,
 'downloader/response_bytes': 3544,
 'downloader/response_count': 1,
 'downloader/response_status_count/200': 1,
 'finish_reason': 'finished',
 'finish_time': datetime.datetime(2016, 11, 15, 2, 8, 58, 197894),
 'item_scraped_count': 1,
 'log_count/DEBUG': 4,
 'log_count/ERROR': 1,
 'log_count/INFO': 10,
 'response_received_count': 1,
 'scheduler/dequeued': 1,
 'scheduler/dequeued/memory': 1,
 'scheduler/enqueued': 1,
 'scheduler/enqueued/memory': 1,
 'spider_exceptions/KeyError': 1,
 'start_time': datetime.datetime(2016, 11, 15, 2, 8, 57, 785250)}
2016-11-15 02:08:58 [scrapy] INFO: Spider closed (finished)
