2016-11-15 00:51:13 [scrapy] INFO: Scrapy 1.2.0 started (bot: SocialSpider)
2016-11-15 00:51:13 [scrapy] INFO: Overridden settings: {'NEWSPIDER_MODULE': 'SocialSpider.spiders', 'FEED_URI': '../data/toutiao/news_tech.json', 'SPIDER_MODULES': ['SocialSpider.spiders'], 'BOT_NAME': 'SocialSpider', 'FEED_FORMAT': 'json', 'LOG_FILE': '../log/toutiao/news_tech.log'}
2016-11-15 00:51:13 [scrapy] INFO: Enabled extensions:
['scrapy.extensions.feedexport.FeedExporter',
 'scrapy.extensions.logstats.LogStats',
 'scrapy.extensions.telnet.TelnetConsole',
 'scrapy.extensions.corestats.CoreStats']
2016-11-15 00:51:13 [scrapy] INFO: Enabled downloader middlewares:
['scrapy.downloadermiddlewares.httpauth.HttpAuthMiddleware',
 'scrapy.downloadermiddlewares.downloadtimeout.DownloadTimeoutMiddleware',
 'scrapy.downloadermiddlewares.defaultheaders.DefaultHeadersMiddleware',
 'scrapy.downloadermiddlewares.useragent.UserAgentMiddleware',
 'SocialSpider.midware.UaMidWare.ProcessUaMidware',
 'scrapy.downloadermiddlewares.retry.RetryMiddleware',
 'scrapy.downloadermiddlewares.redirect.MetaRefreshMiddleware',
 'scrapy.downloadermiddlewares.httpcompression.HttpCompressionMiddleware',
 'scrapy.downloadermiddlewares.redirect.RedirectMiddleware',
 'scrapy.downloadermiddlewares.cookies.CookiesMiddleware',
 'scrapy.downloadermiddlewares.chunked.ChunkedTransferMiddleware',
 'scrapy.downloadermiddlewares.stats.DownloaderStats']
2016-11-15 00:51:13 [scrapy] INFO: Enabled spider middlewares:
['scrapy.spidermiddlewares.httperror.HttpErrorMiddleware',
 'scrapy.spidermiddlewares.offsite.OffsiteMiddleware',
 'scrapy.spidermiddlewares.referer.RefererMiddleware',
 'scrapy.spidermiddlewares.urllength.UrlLengthMiddleware',
 'scrapy.spidermiddlewares.depth.DepthMiddleware']
2016-11-15 00:51:13 [scrapy] INFO: Enabled item pipelines:
[]
2016-11-15 00:51:13 [scrapy] INFO: Spider opened
2016-11-15 00:51:13 [scrapy] INFO: Crawled 0 pages (at 0 pages/min), scraped 0 items (at 0 items/min)
2016-11-15 00:51:13 [scrapy] DEBUG: Telnet console listening on 127.0.0.1:6023
2016-11-15 00:51:13 [toutiao] INFO: now entring download midware
2016-11-15 00:51:13 [toutiao] INFO: User-Agent is: BaiDuSpider <GET http://www.toutiao.com/api/article/feed/?category=news_tech&utm_source=toutiao&widen=0&max_behot_time=0&max_behot_time_tmp=0&as=A135B8B16A0CF6F&cp=581AACBF560FEE1>
2016-11-15 00:51:17 [scrapy] DEBUG: Crawled (200) <GET http://www.toutiao.com/api/article/feed/?category=news_tech&utm_source=toutiao&widen=0&max_behot_time=0&max_behot_time_tmp=0&as=A135B8B16A0CF6F&cp=581AACBF560FEE1> (referer: None)
2016-11-15 00:51:17 [toutiao] DEBUG: Fetch toutiao homepage page: http://www.toutiao.com/api/article/feed/?category=news_tech&utm_source=toutiao&widen=0&max_behot_time=0&max_behot_time_tmp=0&as=A135B8B16A0CF6F&cp=581AACBF560FEE1
2016-11-15 00:51:17 [scrapy] DEBUG: Scraped from <200 http://www.toutiao.com/api/article/feed/?category=news_tech&utm_source=toutiao&widen=0&max_behot_time=0&max_behot_time_tmp=0&as=A135B8B16A0CF6F&cp=581AACBF560FEE1>
{'Title': '\xe5\x8e\x89\xe5\xae\xb3\xe4\xba\x86\xef\xbc\x9a\xe6\x94\xaf\xe6\x8c\x81\xe7\x89\xb9\xe6\x9c\x97\xe6\x99\xae\xe7\x9a\x84\xe5\x88\x9b\xe4\xb8\x9a\xe8\x80\x85\xe8\xa2\xab\xe4\xbb\x8eYC\xe5\xad\xb5\xe5\x8c\x96\xe5\x99\xa8\xe5\xbc\x80\xe9\x99\xa4',
 'TitleUrl': u'http://www.toutiao.com/group/6352629621225177346/'}
2016-11-15 00:51:17 [scrapy] DEBUG: Scraped from <200 http://www.toutiao.com/api/article/feed/?category=news_tech&utm_source=toutiao&widen=0&max_behot_time=0&max_behot_time_tmp=0&as=A135B8B16A0CF6F&cp=581AACBF560FEE1>
{'Title': '\xe4\xbc\xa0\xe6\xbb\xb4\xe6\xbb\xb4\xe8\xa3\x81\xe5\x91\x981000\xe4\xba\xba\xef\xbc\x8c\xe5\x86\x85\xe9\x83\xa8\xe5\x91\x98\xe5\xb7\xa5\xe7\xa7\xb0\xe6\xbb\xb4\xe6\xbb\xb4\xe5\xbf\xab\xe8\xbd\xa6\xe6\x98\xaf\xe9\x87\x8d\xe7\x81\xbe\xe5\x8c\xba',
 'TitleUrl': u'http://www.toutiao.com/group/6352822086872432897/'}
2016-11-15 00:51:17 [scrapy] DEBUG: Scraped from <200 http://www.toutiao.com/api/article/feed/?category=news_tech&utm_source=toutiao&widen=0&max_behot_time=0&max_behot_time_tmp=0&as=A135B8B16A0CF6F&cp=581AACBF560FEE1>
{'Title': '\xe5\x8f\xb2\xe7\x8e\x89\xe6\x9f\xb1\xe5\xae\xa3\xe7\xa7\xb0\xe8\xa6\x81\xe4\xba\xbf\xe5\x85\x83\xe5\xb9\xb4\xe8\x96\xaa\xe6\x8b\x9bCTO\xef\xbc\x9a\xe8\xa6\x81\xe6\x9c\xac\xe5\x9c\x9f\xe7\x9a\x84\xe4\xb8\x8d\xe8\xa6\x81\xe6\xb4\x8b\xe4\xb8\x93\xe5\xae\xb6',
 'TitleUrl': u'http://www.toutiao.com/group/6352654414617133314/'}
2016-11-15 00:51:17 [scrapy] DEBUG: Scraped from <200 http://www.toutiao.com/api/article/feed/?category=news_tech&utm_source=toutiao&widen=0&max_behot_time=0&max_behot_time_tmp=0&as=A135B8B16A0CF6F&cp=581AACBF560FEE1>
{'Title': '\xe5\x8a\xa0\xe7\x9b\x9f\xe5\x95\x86\xe6\x9c\xba\xef\xbc\x9a\xe4\xb8\x89\xe5\xa4\xa9\xe5\xb0\xb1\xe6\x90\x9e\xe5\xae\x9a\xe4\xba\x86\xe7\x9a\x84\xe6\x98\xaf\xe4\xbb\x80\xe4\xb9\x88\xe8\xa3\x85\xe4\xbf\xae\xef\xbc\x9f',
 'TitleUrl': u'http://www.toutiao.com/group/6350543403553390850/'}
2016-11-15 00:51:17 [scrapy] DEBUG: Scraped from <200 http://www.toutiao.com/api/article/feed/?category=news_tech&utm_source=toutiao&widen=0&max_behot_time=0&max_behot_time_tmp=0&as=A135B8B16A0CF6F&cp=581AACBF560FEE1>
{'Title': '\xe5\x86\x8d\xe8\xa7\x81\xef\xbc\x8c\xe8\xbd\xaf\xe4\xba\xa4\xe6\x8d\xa2\xef\xbc\x81\xe5\x8f\x88\xe4\xb8\x80\xe4\xb8\xaa\xe9\x80\x9a\xe4\xbf\xa1\xe6\x97\xb6\xe4\xbb\xa3\xe7\x9a\x84\xe8\x90\xbd\xe5\xb9\x95',
 'TitleUrl': u'http://www.toutiao.com/group/6351810126240989441/'}
2016-11-15 00:51:17 [scrapy] DEBUG: Scraped from <200 http://www.toutiao.com/api/article/feed/?category=news_tech&utm_source=toutiao&widen=0&max_behot_time=0&max_behot_time_tmp=0&as=A135B8B16A0CF6F&cp=581AACBF560FEE1>
{'Title': '\xe5\xbc\xba\xe6\x8e\xa8\xe8\x87\xaa\xe5\xae\xb6\xe9\x98\xb2\xe6\xaf\x92\xe8\xbd\xaf\xe4\xbb\xb6\xef\xbc\x8c\xe5\xbe\xae\xe8\xbd\xaf\xe6\x8a\x8a\xe5\x8d\xa1\xe5\xb7\xb4\xe6\x96\xaf\xe5\x9f\xba\xe6\x83\xb9\xe6\xaf\x9b\xe4\xba\x86',
 'TitleUrl': u'http://www.toutiao.com/group/6352656076517327105/'}
2016-11-15 00:51:17 [scrapy] DEBUG: Scraped from <200 http://www.toutiao.com/api/article/feed/?category=news_tech&utm_source=toutiao&widen=0&max_behot_time=0&max_behot_time_tmp=0&as=A135B8B16A0CF6F&cp=581AACBF560FEE1>
{'Title': 'Spotify\xe6\xad\xa3\xe6\x89\xbc\xe6\x9d\x80\xe4\xbd\xa0\xe7\x9a\x84SSD\xe5\xaf\xbf\xe5\x91\xbd 1\xe5\xb0\x8f\xe6\x97\xb6\xe5\x86\x99\xe5\x85\xa55\xe5\x88\xb010GB\xe6\x95\xb0\xe6\x8d\xae',
 'TitleUrl': u'http://www.toutiao.com/group/6352624230195429633/'}
2016-11-15 00:51:17 [scrapy] DEBUG: Scraped from <200 http://www.toutiao.com/api/article/feed/?category=news_tech&utm_source=toutiao&widen=0&max_behot_time=0&max_behot_time_tmp=0&as=A135B8B16A0CF6F&cp=581AACBF560FEE1>
{'Title': '\xe4\xb8\xad\xe5\x9b\xbd\xe5\x9b\xa2\xe9\x98\x9f\xe6\x94\xbb\xe7\xa0\xb4Pixel\xe6\x89\x8b\xe6\x9c\xba\xe7\x94\xa8\xe6\x97\xb6\xe4\xb8\x8d\xe5\x88\xb060\xe7\xa7\x92\xef\xbc\x8c\xe8\xb0\xb7\xe6\xad\x8c\xe5\xbd\xbb\xe5\xba\x95\xe6\x97\xa0\xe8\xaf\xad',
 'TitleUrl': u'http://www.toutiao.com/group/6352711202805039362/'}
2016-11-15 00:51:17 [scrapy] DEBUG: Scraped from <200 http://www.toutiao.com/api/article/feed/?category=news_tech&utm_source=toutiao&widen=0&max_behot_time=0&max_behot_time_tmp=0&as=A135B8B16A0CF6F&cp=581AACBF560FEE1>
{'Title': '\xe8\x87\xaa\xe8\xa1\x8c\xe8\xbd\xa6\xe7\xb3\xbb\xe7\xbb\x9f\xe9\x9b\x86\xe6\x88\x90\xe5\x95\x86\xe5\x88\x9b\xe5\x8a\x9e\xe5\x85\xb1\xe4\xba\xab\xe5\x8d\x95\xe8\xbd\xa6\xe2\x80\x9cCCbike\xe2\x80\x9d\xef\xbc\x8c\xe9\x87\x87\xe7\x94\xa8\xe2\x80\x9c\xe6\x97\xa0\xe6\xa1\xa9\xe2\x80\x9d+\xe2\x80\x9c\xe6\x9c\x89\xe6\xa1\xa9\xe2\x80\x9d\xe6\xa8\xa1\xe5\xbc\x8f\xef\xbc\x8c\xe6\x94\xaf\xe6\x8c\x81\xe5\xbe\xae\xe4\xbf\xa1\xe6\x89\xab\xe7\xa0\x81\xe5\x80\x9f\xe8\xbd\xa6',
 'TitleUrl': u'http://www.toutiao.com/group/6352694647421354241/'}
2016-11-15 00:51:17 [scrapy] DEBUG: Scraped from <200 http://www.toutiao.com/api/article/feed/?category=news_tech&utm_source=toutiao&widen=0&max_behot_time=0&max_behot_time_tmp=0&as=A135B8B16A0CF6F&cp=581AACBF560FEE1>
{'Title': '2000 \xe5\xb9\xb4\xe4\xbb\xa5\xe6\x9d\xa5\xe6\x9c\x80\xe7\x9f\xad\xe5\x91\xbd\xe7\x9a\x84 Windows \xe6\x93\x8d\xe4\xbd\x9c\xe7\xb3\xbb\xe7\xbb\x9f\xe7\x89\x88\xe6\x9c\xac\xe5\x87\xba\xe7\x82\x89',
 'TitleUrl': u'http://www.toutiao.com/group/6348284684832964866/'}
2016-11-15 00:51:17 [scrapy] DEBUG: Scraped from <200 http://www.toutiao.com/api/article/feed/?category=news_tech&utm_source=toutiao&widen=0&max_behot_time=0&max_behot_time_tmp=0&as=A135B8B16A0CF6F&cp=581AACBF560FEE1>
{'Title': '\xe4\xba\xac\xe4\xb8\x9c\xe2\x80\x9c\xe5\x8f\x8c\xe5\x8d\x81\xe4\xb8\x80\xe2\x80\x9d\xe6\x88\x98\xe6\x8a\xa5\xe8\x83\x8c\xe5\x90\x8e\xef\xbc\x8c\xe6\x9c\x89\xe4\xbb\x80\xe4\xb9\x88\xe4\xb8\x80\xe6\xa0\xb7\xe5\x92\x8c\xe4\xb8\x8d\xe4\xb8\x80\xe6\xa0\xb7\xef\xbc\x9f',
 'TitleUrl': u'http://www.toutiao.com/group/6352721484536791298/'}
2016-11-15 00:51:17 [scrapy] DEBUG: Scraped from <200 http://www.toutiao.com/api/article/feed/?category=news_tech&utm_source=toutiao&widen=0&max_behot_time=0&max_behot_time_tmp=0&as=A135B8B16A0CF6F&cp=581AACBF560FEE1>
{'Title': '\xe5\x8d\x81\xe4\xb9\x9d\xe5\xbc\xa0\xe5\x9b\xbe\xef\xbc\x8c\xe5\xb8\xa6\xe4\xbd\xa0\xe7\x9c\x8b\xe6\x87\x82\xe5\x8d\x8e\xe4\xb8\xbaMATE9\xe7\x9a\x84\xe4\xb8\x80\xe7\x99\xbe\xe4\xbd\x99\xe9\xa1\xb9\xe9\xbb\x91\xe7\xa7\x91\xe6\x8a\x80',
 'TitleUrl': u'http://www.toutiao.com/group/6352735303836762370/'}
2016-11-15 00:51:17 [scrapy] DEBUG: Scraped from <200 http://www.toutiao.com/api/article/feed/?category=news_tech&utm_source=toutiao&widen=0&max_behot_time=0&max_behot_time_tmp=0&as=A135B8B16A0CF6F&cp=581AACBF560FEE1>
{'Title': '\xe4\xb8\xba\xe6\x9c\x9f\xe6\x9c\xab\xe8\x80\x83\xe8\xaf\x95\xe5\x8a\xa9\xe5\x8a\x9b\xef\xbc\x8c\xe5\xae\xb6\xe9\x95\xbf\xe5\xad\xa6\xe7\x94\x9f\xe9\x83\xbd\xe4\xb8\x8d\xe8\xa6\x81\xe9\x94\x99\xe8\xbf\x87\xe5\xad\xa6\xe5\xa4\xa711\xe6\x9c\x88\xe6\x84\x9f\xe6\x81\xa9\xe9\x92\x9c\xe6\x83\xa0',
 'TitleUrl': u'http://www.toutiao.com/group/6350890490174374146/'}
2016-11-15 00:51:17 [scrapy] DEBUG: Scraped from <200 http://www.toutiao.com/api/article/feed/?category=news_tech&utm_source=toutiao&widen=0&max_behot_time=0&max_behot_time_tmp=0&as=A135B8B16A0CF6F&cp=581AACBF560FEE1>
{'Title': '\xe6\xb7\xb1\xe5\xba\xa6 | \xe4\xbb\x8e\xe5\x85\xa5\xe9\x97\xa8\xe5\x88\xb0\xe7\xa0\x94\xe7\xa9\xb6\xef\xbc\x8c\xe4\xba\xba\xe5\xb7\xa5\xe6\x99\xba\xe8\x83\xbd\xe9\xa2\x86\xe5\x9f\x9f\xe6\x9c\x80\xe5\x80\xbc\xe5\xbe\x97\xe4\xb8\x80\xe8\xaf\xbb\xe7\x9a\x8420\xe4\xbb\xbd\xe8\xb5\x84\xe6\x96\x99\xef\xbc\x88\xe9\x99\x84\xe4\xb8\x8b\xe8\xbd\xbd\xef\xbc\x89',
 'TitleUrl': u'http://www.toutiao.com/group/6352667067892039937/'}
2016-11-15 00:51:17 [scrapy] DEBUG: Scraped from <200 http://www.toutiao.com/api/article/feed/?category=news_tech&utm_source=toutiao&widen=0&max_behot_time=0&max_behot_time_tmp=0&as=A135B8B16A0CF6F&cp=581AACBF560FEE1>
{'Title': '\xe5\x9b\xbd\xe7\xbe\x8e\xe6\x8e\xa8\xe8\xa1\x8c\xe2\x80\x9c\xe7\xbe\x8e\xe5\xba\x97\xe2\x80\x9d \xe5\xae\x8c\xe5\x96\x84\xe5\x85\xa8\xe9\x9b\xb6\xe5\x94\xae\xe7\x94\x9f\xe6\x80\x81\xe5\x9c\x88\xe6\x88\x98\xe7\x95\xa5\xe7\x9b\xae\xe6\xa0\x87',
 'TitleUrl': u'http://www.toutiao.com/group/6352738402828796161/'}
2016-11-15 00:51:17 [scrapy] DEBUG: Scraped from <200 http://www.toutiao.com/api/article/feed/?category=news_tech&utm_source=toutiao&widen=0&max_behot_time=0&max_behot_time_tmp=0&as=A135B8B16A0CF6F&cp=581AACBF560FEE1>
{'Title': '\xe5\x9b\xbd\xe7\xbe\x8e\xe6\x8e\xa8\xe8\xa1\x8c\xe2\x80\x9c\xe7\xbe\x8e\xe5\xba\x97\xe2\x80\x9d \xe5\xae\x8c\xe5\x96\x84\xe5\x85\xa8\xe9\x9b\xb6\xe5\x94\xae\xe7\x94\x9f\xe6\x80\x81\xe5\x9c\x88\xe6\x88\x98\xe7\x95\xa5\xe7\x9b\xae\xe6\xa0\x87',
 'TitleUrl': u'http://www.toutiao.com/group/6352963521341620481/?_as_1479171075'}
2016-11-15 00:51:17 [toutiao] INFO: now entring download midware
2016-11-15 00:51:17 [toutiao] INFO: User-Agent is: ldspider (http://code.google.com/p/ldspider/wiki/Robots) <GET http://www.toutiao.com/api/article/feed/?category=news_tech&utm_source=toutiao&widen=0&max_behot_time=0&max_behot_time_tmp=1479162072&as=A16538313A8D839&cp=581A7DF853099E1>
2016-11-15 00:51:18 [scrapy] DEBUG: Crawled (200) <GET http://www.toutiao.com/api/article/feed/?category=news_tech&utm_source=toutiao&widen=0&max_behot_time=0&max_behot_time_tmp=1479162072&as=A16538313A8D839&cp=581A7DF853099E1> (referer: http://www.toutiao.com/api/article/feed/?category=news_tech&utm_source=toutiao&widen=0&max_behot_time=0&max_behot_time_tmp=0&as=A135B8B16A0CF6F&cp=581AACBF560FEE1)
2016-11-15 00:51:18 [toutiao] DEBUG: Fetch toutiao homepage page: http://www.toutiao.com/api/article/feed/?category=news_tech&utm_source=toutiao&widen=0&max_behot_time=0&max_behot_time_tmp=1479162072&as=A16538313A8D839&cp=581A7DF853099E1
2016-11-15 00:51:18 [scrapy] DEBUG: Scraped from <200 http://www.toutiao.com/api/article/feed/?category=news_tech&utm_source=toutiao&widen=0&max_behot_time=0&max_behot_time_tmp=1479162072&as=A16538313A8D839&cp=581A7DF853099E1>
{'Title': '\xe5\x94\xae\xe7\xbd\x84\xef\xbc\x9f\xe4\xbc\x98\xe8\xa1\xa3\xe5\xba\x93\xe7\x9a\x84\xe5\x8f\x8c\xe5\x8d\x81\xe4\xb8\x80\xe4\xb9\xb1\xe8\xb1\xa1',
 'TitleUrl': u'http://www.toutiao.com/group/6352730931728204034/'}
2016-11-15 00:51:18 [scrapy] DEBUG: Scraped from <200 http://www.toutiao.com/api/article/feed/?category=news_tech&utm_source=toutiao&widen=0&max_behot_time=0&max_behot_time_tmp=1479162072&as=A16538313A8D839&cp=581A7DF853099E1>
{'Title': '\xe5\x8d\x8e\xe4\xb8\xba\xe9\xba\x92\xe9\xba\x9f960\xe7\xa9\xb6\xe7\xab\x9f\xe6\x80\x8e\xe4\xb9\x88\xe6\xa0\xb7\xef\xbc\x9f',
 'TitleUrl': u'http://www.toutiao.com/group/6343129232068542722/'}
2016-11-15 00:51:18 [scrapy] DEBUG: Scraped from <200 http://www.toutiao.com/api/article/feed/?category=news_tech&utm_source=toutiao&widen=0&max_behot_time=0&max_behot_time_tmp=1479162072&as=A16538313A8D839&cp=581A7DF853099E1>
{'Title': '\xe5\x9b\xb4\xe7\xbb\x95\xe2\x80\x9c\xe6\x94\xb6\xe5\xba\x9f\xe5\x93\x81\xe2\x80\x9d\xe6\xad\xa3\xe5\x9c\xa8\xe5\x8f\x91\xe7\x94\x9f\xe4\xb8\x80\xe5\x9c\xba\xe8\xb5\x84\xe6\x9c\xac\xe5\xa4\xa7\xe6\x88\x98\xef\xbc\x8c\xe5\x8d\x83\xe4\xba\xbf\xe5\xb8\x82\xe5\x9c\xba\xe8\xa7\x84\xe6\xa8\xa1\xe4\xb8\x8b\xe5\x88\x9b\xe4\xb8\x9a\xe8\x80\x85\xe8\x9c\x82\xe6\x8b\xa5\xe8\x80\x8c\xe8\x87\xb3',
 'TitleUrl': u'http://www.toutiao.com/group/6352625337842843906/'}
2016-11-15 00:51:18 [scrapy] DEBUG: Scraped from <200 http://www.toutiao.com/api/article/feed/?category=news_tech&utm_source=toutiao&widen=0&max_behot_time=0&max_behot_time_tmp=1479162072&as=A16538313A8D839&cp=581A7DF853099E1>
{'Title': '\xe5\x9c\xa8 \xe2\x80\x9c\xe4\xb8\xad\xe5\x9b\xbd\xe6\xa8\xa1\xe5\xbc\x8f\xe3\x80\x81\xe5\x8d\xb0\xe5\xba\xa6\xe6\x95\x85\xe4\xba\x8b\xe2\x80\x9d \xe7\x9a\x84\xe4\xb8\xbb\xe6\x97\x8b\xe5\xbe\x8b\xe4\xb8\x8b\xef\xbc\x8c\xe5\x8d\xb0\xe5\xba\xa6\xe5\xb0\x86\xe5\x90\x91\xe4\xbd\x95\xe5\xa4\x84\xe5\x8e\xbb\xef\xbc\x9f',
 'TitleUrl': u'http://www.toutiao.com/group/6351664353481113858/'}
2016-11-15 00:51:18 [scrapy] DEBUG: Scraped from <200 http://www.toutiao.com/api/article/feed/?category=news_tech&utm_source=toutiao&widen=0&max_behot_time=0&max_behot_time_tmp=1479162072&as=A16538313A8D839&cp=581A7DF853099E1>
{'Title': '\xe4\xb8\x80\xe6\xac\xa1\xe5\x88\x9b\xe4\xb8\x9a\xe5\xa4\xb1\xe8\xb4\xa5\xe5\x90\x8e\xe7\x9a\x84\xe5\xa4\x8d\xe7\x9b\x98\xef\xbc\x9a\xe5\x88\x9d\xe5\x88\x9b\xe5\x85\xac\xe5\x8f\xb8\xe5\xa6\x82\xe4\xbd\x95\xe5\xbb\xba\xe5\x9b\xa2\xe9\x98\x9f\xe3\x80\x81\xe5\x81\x9a\xe6\x8a\x80\xe6\x9c\xaf\xe3\x80\x81\xe5\x8d\x96\xe4\xba\xa7\xe5\x93\x81\xe3\x80\x81\xe6\x89\xbe\xe8\x9e\x8d\xe8\xb5\x84',
 'TitleUrl': u'http://www.toutiao.com/group/6352664725868445953/'}
2016-11-15 00:51:18 [scrapy] DEBUG: Scraped from <200 http://www.toutiao.com/api/article/feed/?category=news_tech&utm_source=toutiao&widen=0&max_behot_time=0&max_behot_time_tmp=1479162072&as=A16538313A8D839&cp=581A7DF853099E1>
{'Title': '\xe5\x90\x91\xe7\xb4\xa2\xe5\xb0\xbc\xe5\x8a\xbf\xe5\x8a\x9b\xe4\xbd\x8e\xe5\xa4\xb4\xef\xbc\x81OPPO\xe3\x80\x81vivo\xe4\xb8\xba\xe5\x95\xa5\xe8\xa6\x81\xe6\x89\x8e\xe5\xa0\x86\xe7\xb4\xa2\xe5\xb0\xbc\xe8\x81\x94\xe5\x90\x88\xe7\xa0\x94\xe5\x8f\x91\xef\xbc\x9f',
 'TitleUrl': u'http://www.toutiao.com/group/6352704626244239618/'}
2016-11-15 00:51:18 [scrapy] DEBUG: Scraped from <200 http://www.toutiao.com/api/article/feed/?category=news_tech&utm_source=toutiao&widen=0&max_behot_time=0&max_behot_time_tmp=1479162072&as=A16538313A8D839&cp=581A7DF853099E1>
{'Title': '125\xe5\xb2\x81\xe7\x9a\x84ABB\xe8\xbd\xac\xe5\x9e\x8b \xe7\xbb\x99\xe4\xb8\xad\xe5\x9b\xbd\xe6\x99\xba\xe9\x80\xa0\xe5\x93\xaa\xe4\xba\x9b\xe5\x90\xaf\xe7\xa4\xba',
 'TitleUrl': u'http://www.toutiao.com/group/6352751010313814273/'}
2016-11-15 00:51:18 [scrapy] DEBUG: Scraped from <200 http://www.toutiao.com/api/article/feed/?category=news_tech&utm_source=toutiao&widen=0&max_behot_time=0&max_behot_time_tmp=1479162072&as=A16538313A8D839&cp=581A7DF853099E1>
{'Title': '\xe7\xac\xac\xe4\xb8\x89\xe5\xb1\x8a\xe4\xb8\x96\xe7\x95\x8c\xe4\xba\x92\xe8\x81\x94\xe7\xbd\x91\xe5\xa4\xa7\xe4\xbc\x9a\xe8\xaf\xa6\xe7\xbb\x86\xe6\x97\xa5\xe7\xa8\x8b\xe5\x85\xac\xe5\xb8\x83',
 'TitleUrl': u'http://www.toutiao.com/group/6352785722160054529/'}
2016-11-15 00:51:18 [scrapy] DEBUG: Scraped from <200 http://www.toutiao.com/api/article/feed/?category=news_tech&utm_source=toutiao&widen=0&max_behot_time=0&max_behot_time_tmp=1479162072&as=A16538313A8D839&cp=581A7DF853099E1>
{'Title': '\xe5\x8e\x89\xe5\xae\xb3\xe4\xba\x86\xef\xbc\x9a\xe6\x94\xaf\xe6\x8c\x81\xe7\x89\xb9\xe6\x9c\x97\xe6\x99\xae\xe7\x9a\x84\xe5\x88\x9b\xe4\xb8\x9a\xe8\x80\x85\xe8\xa2\xab\xe4\xbb\x8eYC\xe5\xad\xb5\xe5\x8c\x96\xe5\x99\xa8\xe5\xbc\x80\xe9\x99\xa4',
 'TitleUrl': u'http://www.toutiao.com/group/6352629621225177346/'}
2016-11-15 00:51:18 [scrapy] DEBUG: Scraped from <200 http://www.toutiao.com/api/article/feed/?category=news_tech&utm_source=toutiao&widen=0&max_behot_time=0&max_behot_time_tmp=1479162072&as=A16538313A8D839&cp=581A7DF853099E1>
{'Title': '\xe4\xbc\xa0\xe6\xbb\xb4\xe6\xbb\xb4\xe8\xa3\x81\xe5\x91\x981000\xe4\xba\xba\xef\xbc\x8c\xe5\x86\x85\xe9\x83\xa8\xe5\x91\x98\xe5\xb7\xa5\xe7\xa7\xb0\xe6\xbb\xb4\xe6\xbb\xb4\xe5\xbf\xab\xe8\xbd\xa6\xe6\x98\xaf\xe9\x87\x8d\xe7\x81\xbe\xe5\x8c\xba',
 'TitleUrl': u'http://www.toutiao.com/group/6352822086872432897/'}
2016-11-15 00:51:18 [scrapy] DEBUG: Scraped from <200 http://www.toutiao.com/api/article/feed/?category=news_tech&utm_source=toutiao&widen=0&max_behot_time=0&max_behot_time_tmp=1479162072&as=A16538313A8D839&cp=581A7DF853099E1>
{'Title': '\xe5\x8f\xb2\xe7\x8e\x89\xe6\x9f\xb1\xe5\xae\xa3\xe7\xa7\xb0\xe8\xa6\x81\xe4\xba\xbf\xe5\x85\x83\xe5\xb9\xb4\xe8\x96\xaa\xe6\x8b\x9bCTO\xef\xbc\x9a\xe8\xa6\x81\xe6\x9c\xac\xe5\x9c\x9f\xe7\x9a\x84\xe4\xb8\x8d\xe8\xa6\x81\xe6\xb4\x8b\xe4\xb8\x93\xe5\xae\xb6',
 'TitleUrl': u'http://www.toutiao.com/group/6352654414617133314/'}
2016-11-15 00:51:18 [scrapy] DEBUG: Scraped from <200 http://www.toutiao.com/api/article/feed/?category=news_tech&utm_source=toutiao&widen=0&max_behot_time=0&max_behot_time_tmp=1479162072&as=A16538313A8D839&cp=581A7DF853099E1>
{'Title': '\xe5\x86\x8d\xe8\xa7\x81\xef\xbc\x8c\xe8\xbd\xaf\xe4\xba\xa4\xe6\x8d\xa2\xef\xbc\x81\xe5\x8f\x88\xe4\xb8\x80\xe4\xb8\xaa\xe9\x80\x9a\xe4\xbf\xa1\xe6\x97\xb6\xe4\xbb\xa3\xe7\x9a\x84\xe8\x90\xbd\xe5\xb9\x95',
 'TitleUrl': u'http://www.toutiao.com/group/6351810126240989441/'}
2016-11-15 00:51:18 [scrapy] DEBUG: Scraped from <200 http://www.toutiao.com/api/article/feed/?category=news_tech&utm_source=toutiao&widen=0&max_behot_time=0&max_behot_time_tmp=1479162072&as=A16538313A8D839&cp=581A7DF853099E1>
{'Title': '\xe5\xbc\xba\xe6\x8e\xa8\xe8\x87\xaa\xe5\xae\xb6\xe9\x98\xb2\xe6\xaf\x92\xe8\xbd\xaf\xe4\xbb\xb6\xef\xbc\x8c\xe5\xbe\xae\xe8\xbd\xaf\xe6\x8a\x8a\xe5\x8d\xa1\xe5\xb7\xb4\xe6\x96\xaf\xe5\x9f\xba\xe6\x83\xb9\xe6\xaf\x9b\xe4\xba\x86',
 'TitleUrl': u'http://www.toutiao.com/group/6352656076517327105/'}
2016-11-15 00:51:18 [scrapy] DEBUG: Scraped from <200 http://www.toutiao.com/api/article/feed/?category=news_tech&utm_source=toutiao&widen=0&max_behot_time=0&max_behot_time_tmp=1479162072&as=A16538313A8D839&cp=581A7DF853099E1>
{'Title': 'Spotify\xe6\xad\xa3\xe6\x89\xbc\xe6\x9d\x80\xe4\xbd\xa0\xe7\x9a\x84SSD\xe5\xaf\xbf\xe5\x91\xbd 1\xe5\xb0\x8f\xe6\x97\xb6\xe5\x86\x99\xe5\x85\xa55\xe5\x88\xb010GB\xe6\x95\xb0\xe6\x8d\xae',
 'TitleUrl': u'http://www.toutiao.com/group/6352624230195429633/'}
2016-11-15 00:51:18 [scrapy] DEBUG: Scraped from <200 http://www.toutiao.com/api/article/feed/?category=news_tech&utm_source=toutiao&widen=0&max_behot_time=0&max_behot_time_tmp=1479162072&as=A16538313A8D839&cp=581A7DF853099E1>
{'Title': 'Spotify\xe6\xad\xa3\xe6\x89\xbc\xe6\x9d\x80\xe4\xbd\xa0\xe7\x9a\x84SSD\xe5\xaf\xbf\xe5\x91\xbd 1\xe5\xb0\x8f\xe6\x97\xb6\xe5\x86\x99\xe5\x85\xa55\xe5\x88\xb010GB\xe6\x95\xb0\xe6\x8d\xae',
 'TitleUrl': u'http://www.toutiao.com/group/6352963663577596161/?_as_1479171077'}
2016-11-15 00:51:18 [toutiao] INFO: now entring download midware
2016-11-15 00:51:18 [toutiao] INFO: User-Agent is: ldspider (http://code.google.com/p/ldspider/wiki/Robots) <GET http://www.toutiao.com/api/article/feed/?category=news_tech&utm_source=toutiao&widen=0&max_behot_time=0&max_behot_time_tmp=1479166872&as=A16538313A8D839&cp=581A7DF853099E1>
2016-11-15 00:51:19 [scrapy] DEBUG: Crawled (200) <GET http://www.toutiao.com/api/article/feed/?category=news_tech&utm_source=toutiao&widen=0&max_behot_time=0&max_behot_time_tmp=1479166872&as=A16538313A8D839&cp=581A7DF853099E1> (referer: http://www.toutiao.com/api/article/feed/?category=news_tech&utm_source=toutiao&widen=0&max_behot_time=0&max_behot_time_tmp=1479162072&as=A16538313A8D839&cp=581A7DF853099E1)
2016-11-15 00:51:19 [toutiao] DEBUG: Fetch toutiao homepage page: http://www.toutiao.com/api/article/feed/?category=news_tech&utm_source=toutiao&widen=0&max_behot_time=0&max_behot_time_tmp=1479166872&as=A16538313A8D839&cp=581A7DF853099E1
2016-11-15 00:51:19 [scrapy] DEBUG: Scraped from <200 http://www.toutiao.com/api/article/feed/?category=news_tech&utm_source=toutiao&widen=0&max_behot_time=0&max_behot_time_tmp=1479166872&as=A16538313A8D839&cp=581A7DF853099E1>
{'Title': '\xe6\x9d\x9c\xe6\xaf\x94\xe5\xb0\x86OPPO\xe5\x92\x8cvivo\xe5\x91\x8a\xe4\xb8\x8a\xe6\xb3\x95\xe5\xba\xad\xef\xbc\x8c\xe6\x89\x8b\xe6\x9c\xba\xe4\xba\xa7\xe5\x93\x81\xe4\xbe\xb5\xe6\x9d\x83',
 'TitleUrl': u'http://www.toutiao.com/group/6352843665292148993/'}
2016-11-15 00:51:19 [scrapy] DEBUG: Scraped from <200 http://www.toutiao.com/api/article/feed/?category=news_tech&utm_source=toutiao&widen=0&max_behot_time=0&max_behot_time_tmp=1479166872&as=A16538313A8D839&cp=581A7DF853099E1>
{'Title': '\xe6\x98\x86\xe4\xbb\x91\xe4\xb8\x87\xe7\xbb\xb4CEO\xe5\x91\xa8\xe4\xba\x9a\xe8\xbe\x89\xef\xbc\x9a\xe6\x88\x91\xe6\x98\xaf\xe5\xa6\x82\xe4\xbd\x95\xe4\xbb\x8e\xe5\x85\xb6\xe4\xbb\x96VC\xe6\x89\x8b\xe4\xb8\xad\xe6\x8a\xa2\xe4\xb8\x8b\xe6\x98\xa0\xe5\xae\xa2\xe7\x9a\x84',
 'TitleUrl': u'http://www.toutiao.com/group/6352651205270274305/'}
2016-11-15 00:51:19 [scrapy] DEBUG: Scraped from <200 http://www.toutiao.com/api/article/feed/?category=news_tech&utm_source=toutiao&widen=0&max_behot_time=0&max_behot_time_tmp=1479166872&as=A16538313A8D839&cp=581A7DF853099E1>
{'Title': '\xe5\x8f\xaa\xe9\x9c\x80 1 \xe6\xad\xa5\xef\xbc\x8c\xe8\xbe\xb9\xe9\x80\x9a\xe8\xaf\x9d\xe8\xbe\xb9\xe4\xb8\x8a\xe7\xbd\x91\xef\xbc\x8c\xe8\xbf\x98\xe6\x8f\x90\xe5\x8d\x87\xe9\x80\x9a\xe8\xaf\x9d\xe8\xb4\xa8\xe9\x87\x8f | \xe6\x9c\x89\xe7\x94\xa8\xe5\x8a\x9f',
 'TitleUrl': u'http://www.toutiao.com/group/6351205016820760834/'}
2016-11-15 00:51:19 [scrapy] DEBUG: Scraped from <200 http://www.toutiao.com/api/article/feed/?category=news_tech&utm_source=toutiao&widen=0&max_behot_time=0&max_behot_time_tmp=1479166872&as=A16538313A8D839&cp=581A7DF853099E1>
{'Title': '\xe5\x8a\xa0\xe7\x9b\x9f\xe5\x95\x86\xe6\x9c\xba\xef\xbc\x9a\xe4\xb8\x89\xe5\xa4\xa9\xe5\xb0\xb1\xe6\x90\x9e\xe5\xae\x9a\xe4\xba\x86\xe7\x9a\x84\xe6\x98\xaf\xe4\xbb\x80\xe4\xb9\x88\xe8\xa3\x85\xe4\xbf\xae\xef\xbc\x9f',
 'TitleUrl': u'http://www.toutiao.com/group/6350543403553390850/'}
2016-11-15 00:51:19 [scrapy] DEBUG: Scraped from <200 http://www.toutiao.com/api/article/feed/?category=news_tech&utm_source=toutiao&widen=0&max_behot_time=0&max_behot_time_tmp=1479166872&as=A16538313A8D839&cp=581A7DF853099E1>
{'Title': '\xe7\xbb\x86\xe5\x88\x86\xe4\xb8\xad\xe5\x9b\xbd\xe9\xa4\x90\xe9\xa5\xae\xef\xbc\x8c\xe8\xbf\x99\xe4\xba\x9b\xe5\x93\x81\xe7\x89\x8c\xe7\xa9\xba\xe7\x99\xbd\xe9\xa2\x86\xe5\x9f\x9f\xe7\xad\x89\xe4\xbd\xa0\xe5\xa1\xab\xe7\xa9\xba',
 'TitleUrl': u'http://www.toutiao.com/group/6352206785172537602/'}
2016-11-15 00:51:19 [scrapy] DEBUG: Scraped from <200 http://www.toutiao.com/api/article/feed/?category=news_tech&utm_source=toutiao&widen=0&max_behot_time=0&max_behot_time_tmp=1479166872&as=A16538313A8D839&cp=581A7DF853099E1>
{'Title': '\xe4\xbd\x99\xe6\x89\xbf\xe4\xb8\x9c\xef\xbc\x9a\xe5\x9b\xbd\xe5\x86\x85\xe5\xb0\xb1\xe5\x8d\x8e\xe4\xb8\xba\xe6\x9c\x89\xe5\xae\x9e\xe5\x8a\x9b\xe7\xbb\x99\xe5\xae\x89\xe5\x8d\x93\xe6\x8d\xa2\xe5\xbf\x83\xe8\x84\x8f \xe8\xa7\xa3\xe5\x86\xb3\xe8\xb6\x8a\xe7\x94\xa8\xe8\xb6\x8a\xe6\x85\xa2',
 'TitleUrl': u'http://www.toutiao.com/group/6352958992260546817/'}
2016-11-15 00:51:19 [scrapy] DEBUG: Scraped from <200 http://www.toutiao.com/api/article/feed/?category=news_tech&utm_source=toutiao&widen=0&max_behot_time=0&max_behot_time_tmp=1479166872&as=A16538313A8D839&cp=581A7DF853099E1>
{'Title': '\xe6\x88\x91\xe7\x9a\x84\xe5\x88\x9b\xe4\xb8\x9a\xe6\x95\x99\xe8\xae\xad\xef\xbc\x9a\xe5\x88\x9b\xe4\xb8\x9a\xe8\x80\x85\xe5\xba\x94\xe8\xaf\xa5\xe8\xad\xa6\xe6\x83\x95\xe7\x9a\x84\xe5\x95\x86\xe4\xb8\x9a\xe6\xa8\xa1\xe5\xbc\x8f\xe9\x99\xb7\xe9\x98\xb1',
 'TitleUrl': u'http://www.toutiao.com/group/6352725665675133185/'}
2016-11-15 00:51:19 [scrapy] DEBUG: Scraped from <200 http://www.toutiao.com/api/article/feed/?category=news_tech&utm_source=toutiao&widen=0&max_behot_time=0&max_behot_time_tmp=1479166872&as=A16538313A8D839&cp=581A7DF853099E1>
{'Title': '\xe5\xa6\x82\xe4\xbd\x95\xe7\x9c\x8b\xe5\xbe\x85\xe9\xa1\xba\xe4\xb8\xb0\xe5\x81\x9c\xe6\xad\xa2\xe6\xb4\xbe\xe9\x80\x81\xe4\xb9\x90\xe8\xa7\x86\xe7\xbd\x91\xe5\x85\xa8\xe9\x83\xa8\xe5\x9c\xa8\xe9\x80\x94\xe5\xbf\xab\xe4\xbb\xb6\xef\xbc\x9f',
 'TitleUrl': u'http://www.toutiao.com/group/6352664745853583618/'}
2016-11-15 00:51:19 [scrapy] DEBUG: Scraped from <200 http://www.toutiao.com/api/article/feed/?category=news_tech&utm_source=toutiao&widen=0&max_behot_time=0&max_behot_time_tmp=1479166872&as=A16538313A8D839&cp=581A7DF853099E1>
{'Title': '\xe5\x94\xae\xe7\xbd\x84\xef\xbc\x9f\xe4\xbc\x98\xe8\xa1\xa3\xe5\xba\x93\xe7\x9a\x84\xe5\x8f\x8c\xe5\x8d\x81\xe4\xb8\x80\xe4\xb9\xb1\xe8\xb1\xa1',
 'TitleUrl': u'http://www.toutiao.com/group/6352730931728204034/'}
2016-11-15 00:51:19 [scrapy] DEBUG: Scraped from <200 http://www.toutiao.com/api/article/feed/?category=news_tech&utm_source=toutiao&widen=0&max_behot_time=0&max_behot_time_tmp=1479166872&as=A16538313A8D839&cp=581A7DF853099E1>
{'Title': '\xe5\x8d\x8e\xe4\xb8\xba\xe9\xba\x92\xe9\xba\x9f960\xe7\xa9\xb6\xe7\xab\x9f\xe6\x80\x8e\xe4\xb9\x88\xe6\xa0\xb7\xef\xbc\x9f',
 'TitleUrl': u'http://www.toutiao.com/group/6343129232068542722/'}
2016-11-15 00:51:19 [scrapy] DEBUG: Scraped from <200 http://www.toutiao.com/api/article/feed/?category=news_tech&utm_source=toutiao&widen=0&max_behot_time=0&max_behot_time_tmp=1479166872&as=A16538313A8D839&cp=581A7DF853099E1>
{'Title': '\xe5\x9b\xb4\xe7\xbb\x95\xe2\x80\x9c\xe6\x94\xb6\xe5\xba\x9f\xe5\x93\x81\xe2\x80\x9d\xe6\xad\xa3\xe5\x9c\xa8\xe5\x8f\x91\xe7\x94\x9f\xe4\xb8\x80\xe5\x9c\xba\xe8\xb5\x84\xe6\x9c\xac\xe5\xa4\xa7\xe6\x88\x98\xef\xbc\x8c\xe5\x8d\x83\xe4\xba\xbf\xe5\xb8\x82\xe5\x9c\xba\xe8\xa7\x84\xe6\xa8\xa1\xe4\xb8\x8b\xe5\x88\x9b\xe4\xb8\x9a\xe8\x80\x85\xe8\x9c\x82\xe6\x8b\xa5\xe8\x80\x8c\xe8\x87\xb3',
 'TitleUrl': u'http://www.toutiao.com/group/6352625337842843906/'}
2016-11-15 00:51:19 [scrapy] DEBUG: Scraped from <200 http://www.toutiao.com/api/article/feed/?category=news_tech&utm_source=toutiao&widen=0&max_behot_time=0&max_behot_time_tmp=1479166872&as=A16538313A8D839&cp=581A7DF853099E1>
{'Title': '\xe5\x9c\xa8 \xe2\x80\x9c\xe4\xb8\xad\xe5\x9b\xbd\xe6\xa8\xa1\xe5\xbc\x8f\xe3\x80\x81\xe5\x8d\xb0\xe5\xba\xa6\xe6\x95\x85\xe4\xba\x8b\xe2\x80\x9d \xe7\x9a\x84\xe4\xb8\xbb\xe6\x97\x8b\xe5\xbe\x8b\xe4\xb8\x8b\xef\xbc\x8c\xe5\x8d\xb0\xe5\xba\xa6\xe5\xb0\x86\xe5\x90\x91\xe4\xbd\x95\xe5\xa4\x84\xe5\x8e\xbb\xef\xbc\x9f',
 'TitleUrl': u'http://www.toutiao.com/group/6351664353481113858/'}
2016-11-15 00:51:19 [scrapy] DEBUG: Scraped from <200 http://www.toutiao.com/api/article/feed/?category=news_tech&utm_source=toutiao&widen=0&max_behot_time=0&max_behot_time_tmp=1479166872&as=A16538313A8D839&cp=581A7DF853099E1>
{'Title': '\xe4\xb8\x80\xe6\xac\xa1\xe5\x88\x9b\xe4\xb8\x9a\xe5\xa4\xb1\xe8\xb4\xa5\xe5\x90\x8e\xe7\x9a\x84\xe5\xa4\x8d\xe7\x9b\x98\xef\xbc\x9a\xe5\x88\x9d\xe5\x88\x9b\xe5\x85\xac\xe5\x8f\xb8\xe5\xa6\x82\xe4\xbd\x95\xe5\xbb\xba\xe5\x9b\xa2\xe9\x98\x9f\xe3\x80\x81\xe5\x81\x9a\xe6\x8a\x80\xe6\x9c\xaf\xe3\x80\x81\xe5\x8d\x96\xe4\xba\xa7\xe5\x93\x81\xe3\x80\x81\xe6\x89\xbe\xe8\x9e\x8d\xe8\xb5\x84',
 'TitleUrl': u'http://www.toutiao.com/group/6352664725868445953/'}
2016-11-15 00:51:19 [scrapy] DEBUG: Scraped from <200 http://www.toutiao.com/api/article/feed/?category=news_tech&utm_source=toutiao&widen=0&max_behot_time=0&max_behot_time_tmp=1479166872&as=A16538313A8D839&cp=581A7DF853099E1>
{'Title': '\xe5\x90\x91\xe7\xb4\xa2\xe5\xb0\xbc\xe5\x8a\xbf\xe5\x8a\x9b\xe4\xbd\x8e\xe5\xa4\xb4\xef\xbc\x81OPPO\xe3\x80\x81vivo\xe4\xb8\xba\xe5\x95\xa5\xe8\xa6\x81\xe6\x89\x8e\xe5\xa0\x86\xe7\xb4\xa2\xe5\xb0\xbc\xe8\x81\x94\xe5\x90\x88\xe7\xa0\x94\xe5\x8f\x91\xef\xbc\x9f',
 'TitleUrl': u'http://www.toutiao.com/group/6352704626244239618/'}
2016-11-15 00:51:19 [scrapy] DEBUG: Scraped from <200 http://www.toutiao.com/api/article/feed/?category=news_tech&utm_source=toutiao&widen=0&max_behot_time=0&max_behot_time_tmp=1479166872&as=A16538313A8D839&cp=581A7DF853099E1>
{'Title': '125\xe5\xb2\x81\xe7\x9a\x84ABB\xe8\xbd\xac\xe5\x9e\x8b \xe7\xbb\x99\xe4\xb8\xad\xe5\x9b\xbd\xe6\x99\xba\xe9\x80\xa0\xe5\x93\xaa\xe4\xba\x9b\xe5\x90\xaf\xe7\xa4\xba',
 'TitleUrl': u'http://www.toutiao.com/group/6352751010313814273/'}
2016-11-15 00:51:19 [scrapy] DEBUG: Scraped from <200 http://www.toutiao.com/api/article/feed/?category=news_tech&utm_source=toutiao&widen=0&max_behot_time=0&max_behot_time_tmp=1479166872&as=A16538313A8D839&cp=581A7DF853099E1>
{'Title': '125\xe5\xb2\x81\xe7\x9a\x84ABB\xe8\xbd\xac\xe5\x9e\x8b \xe7\xbb\x99\xe4\xb8\xad\xe5\x9b\xbd\xe6\x99\xba\xe9\x80\xa0\xe5\x93\xaa\xe4\xba\x9b\xe5\x90\xaf\xe7\xa4\xba',
 'TitleUrl': u'http://www.toutiao.com/group/6352963809901297921/?_as_1479171077'}
2016-11-15 00:51:19 [toutiao] INFO: now entring download midware
2016-11-15 00:51:19 [toutiao] INFO: User-Agent is: Mozilla/5.0 (Windows; U; Windows NT 5.1; en-US) Speedy Spider(http://www.entireweb.com/about/search_tech/speedy_spider/) <GET http://www.toutiao.com/api/article/feed/?category=news_tech&utm_source=toutiao&widen=0&max_behot_time=0&max_behot_time_tmp=1479170607&as=A16538313A8D839&cp=581A7DF853099E1>
2016-11-15 00:51:20 [scrapy] DEBUG: Crawled (200) <GET http://www.toutiao.com/api/article/feed/?category=news_tech&utm_source=toutiao&widen=0&max_behot_time=0&max_behot_time_tmp=1479170607&as=A16538313A8D839&cp=581A7DF853099E1> (referer: http://www.toutiao.com/api/article/feed/?category=news_tech&utm_source=toutiao&widen=0&max_behot_time=0&max_behot_time_tmp=1479166872&as=A16538313A8D839&cp=581A7DF853099E1)
2016-11-15 00:51:20 [toutiao] DEBUG: Fetch toutiao homepage page: http://www.toutiao.com/api/article/feed/?category=news_tech&utm_source=toutiao&widen=0&max_behot_time=0&max_behot_time_tmp=1479170607&as=A16538313A8D839&cp=581A7DF853099E1
2016-11-15 00:51:20 [scrapy] DEBUG: Scraped from <200 http://www.toutiao.com/api/article/feed/?category=news_tech&utm_source=toutiao&widen=0&max_behot_time=0&max_behot_time_tmp=1479170607&as=A16538313A8D839&cp=581A7DF853099E1>
{'Title': '\xe9\x94\xa4\xe5\xad\x90 M1 \xe4\xb8\x8a\xe6\x89\x8b\xef\xbc\x9a\xe8\xbf\x99\xe6\x98\xaf\xe7\xac\xac\xe4\xb8\x80\xe5\x8f\xb0\xe9\x80\x82\xe5\x90\x88\xe2\x80\x9c\xe6\xad\xa3\xe5\xb8\xb8\xe4\xba\xba\xe2\x80\x9d\xe7\x9a\x84\xe9\x94\xa4\xe5\xad\x90\xe6\x89\x8b\xe6\x9c\xba',
 'TitleUrl': u'http://www.toutiao.com/group/6342946268951920898/'}
2016-11-15 00:51:20 [scrapy] DEBUG: Scraped from <200 http://www.toutiao.com/api/article/feed/?category=news_tech&utm_source=toutiao&widen=0&max_behot_time=0&max_behot_time_tmp=1479170607&as=A16538313A8D839&cp=581A7DF853099E1>
{'Title': '\xe6\x97\xa9\xe6\x8a\xa5\xe6\x96\xb0\xe4\xb8\x80\xe6\x9c\x9f\xe4\xb8\x96\xe7\x95\x8c\xe8\xb6\x85\xe7\xae\x97\xe5\x86\xa0\xe5\x86\x9b\xe8\x8a\xb1\xe8\x90\xbd\xe4\xb8\xad\xe5\x9b\xbd / \xe5\x8f\xb0\xe6\xb9\xbe\xe6\x89\x8b\xe6\x9c\xba\xe4\xbb\xa3\xe5\xb7\xa5\xe9\x87\x8f\xe6\x9a\xb4\xe8\xb7\x8c 35%/ \xe5\xbc\xa0\xe8\x89\xba\xe8\xb0\x8b\xe5\x81\x9a VR \xe8\x8e\xb7\xe8\x81\x94\xe6\x83\xb3\xe6\x8a\x95\xe8\xb5\x84',
 'TitleUrl': u'http://www.toutiao.com/group/6352962787405250817/'}
2016-11-15 00:51:20 [scrapy] DEBUG: Scraped from <200 http://www.toutiao.com/api/article/feed/?category=news_tech&utm_source=toutiao&widen=0&max_behot_time=0&max_behot_time_tmp=1479170607&as=A16538313A8D839&cp=581A7DF853099E1>
{'Title': '\xe8\xbf\x99\xe4\xb8\xaa\xe7\xa7\xbb\xe5\x8a\xa8\xe4\xba\x92\xe5\x8a\xa8\xe7\xbd\x91\xe7\x9a\x84\xe4\xb8\x83\xe5\xb9\xb4\xe8\x80\x81\xe5\x85\xb5\xef\xbc\x8c\xe5\xaf\xb9\xe4\xba\x92\xe8\x81\x94\xe7\xbd\x91\xe4\xba\xa7\xe5\x93\x81\xe4\xb8\x8e\xe6\xa8\xa1\xe5\xbc\x8f\xe6\x9c\xac\xe8\xb4\xa8\xe7\x9a\x84\xe6\x80\x9d\xe8\x80\x83\xef\xbc\x8c\xe5\x80\xbc\xe5\xbe\x97\xe4\xb8\x80\xe8\xaf\xbb',
 'TitleUrl': u'http://www.toutiao.com/group/6352641638976192770/'}
2016-11-15 00:51:20 [scrapy] DEBUG: Scraped from <200 http://www.toutiao.com/api/article/feed/?category=news_tech&utm_source=toutiao&widen=0&max_behot_time=0&max_behot_time_tmp=1479170607&as=A16538313A8D839&cp=581A7DF853099E1>
{'Title': '\xe5\xb7\xb4\xe8\x90\xa8\xe8\x83\xb8\xe5\x89\x8d\xe5\xb9\xbf\xe5\x91\x8a\xe5\x8f\xaf\xe8\x83\xbd\xe5\x8d\xb0\xe4\xb8\x8a\xe2\x80\x9c\xe6\xb7\x98\xe5\xae\x9d\xe2\x80\x9d\xe6\x88\x96\xe8\x80\x85\xe2\x80\x9c\xe9\x98\xbf\xe9\x87\x8c\xe5\xb7\xb4\xe5\xb7\xb4\xe2\x80\x9d\xef\xbc\x9f\xe9\xa9\xac\xe4\xba\x91\xe7\x9a\x84\xe6\x81\x92\xe5\xa4\xa7\xe6\xa8\xa1\xe5\xbc\x8f',
 'TitleUrl': u'http://www.toutiao.com/group/6352788688786686466/'}
2016-11-15 00:51:20 [scrapy] DEBUG: Scraped from <200 http://www.toutiao.com/api/article/feed/?category=news_tech&utm_source=toutiao&widen=0&max_behot_time=0&max_behot_time_tmp=1479170607&as=A16538313A8D839&cp=581A7DF853099E1>
{'Title': '1 \xe4\xba\xbf\xe5\x8f\xb0\xe4\xb9\x8b\xe5\x90\x8e\xef\xbc\x8c\xe5\x8d\x8e\xe4\xb8\xba\xe6\x89\x8b\xe6\x9c\xba\xe7\x9a\x84\xe4\xb8\x8b\xe4\xb8\x80\xe4\xb8\xaa\xe5\xb0\x8f\xe7\x9b\xae\xe6\xa0\x87\xe8\x83\xbd\xe5\xae\x9e\xe7\x8e\xb0\xe5\x90\x97\xef\xbc\x9f',
 'TitleUrl': u'http://www.toutiao.com/group/6342381212745302273/'}
2016-11-15 00:51:20 [scrapy] DEBUG: Scraped from <200 http://www.toutiao.com/api/article/feed/?category=news_tech&utm_source=toutiao&widen=0&max_behot_time=0&max_behot_time_tmp=1479170607&as=A16538313A8D839&cp=581A7DF853099E1>
{'Title': '\xe6\x96\xb0\xe6\xb5\xaa\xe5\xbe\xae\xe5\x8d\x9a\xe9\x9d\xa2\xe5\x90\x91\xe5\x85\xa8\xe4\xbd\x93\xe7\x94\xa8\xe6\x88\xb7\xe5\x8f\x96\xe6\xb6\x88140\xe5\xad\x97\xe9\x99\x90\xe5\x88\xb6\xef\xbc\x8c\xe6\x9c\x80\xe9\xab\x98\xe5\x8f\xaf\xe8\xbe\x93\xe5\x85\xa52000\xe5\xad\x97',
 'TitleUrl': u'http://www.toutiao.com/group/6352699400234533122/'}
2016-11-15 00:51:20 [scrapy] DEBUG: Scraped from <200 http://www.toutiao.com/api/article/feed/?category=news_tech&utm_source=toutiao&widen=0&max_behot_time=0&max_behot_time_tmp=1479170607&as=A16538313A8D839&cp=581A7DF853099E1>
{'Title': 'MIT\xe5\xbc\x80\xe5\x8f\x91\xe6\x96\xb0\xe7\xb3\xbb\xe7\xbb\x9f\xef\xbc\x8c\xe8\xae\xa9\xe5\x88\x9d\xe5\xad\xa6\xe8\x80\x85\xe4\xb9\x9f\xe8\x83\xbd\xe5\xa4\x84\xe7\x90\x86\xe5\xa4\x8d\xe6\x9d\x82\xe7\xa8\x8b\xe5\xba\x8f',
 'TitleUrl': u'http://www.toutiao.com/group/6352486359701635330/'}
2016-11-15 00:51:20 [scrapy] DEBUG: Scraped from <200 http://www.toutiao.com/api/article/feed/?category=news_tech&utm_source=toutiao&widen=0&max_behot_time=0&max_behot_time_tmp=1479170607&as=A16538313A8D839&cp=581A7DF853099E1>
{'Title': '\xe8\x91\xa3\xe6\x98\x8e\xe7\x8f\xa0\xe3\x80\x8a\xe6\x88\x91\xe6\x98\xaf\xe5\x88\x9b\xe5\xa7\x8b\xe4\xba\xba\xe3\x80\x8b\xe8\xb0\x88\xe5\x8e\x8b\xe5\x8a\x9b\xe4\xb8\x8e\xe5\x88\x9b\xe4\xb8\x9a \xe5\x9d\x9a\xe5\xae\x88\xe8\x87\xaa\xe6\x88\x91\xe5\x86\xb3\xe4\xb8\x8d\xe5\xa6\xa5\xe5\x8d\x8f',
 'TitleUrl': u'http://www.toutiao.com/group/6352766099042091265/'}
2016-11-15 00:51:20 [scrapy] DEBUG: Scraped from <200 http://www.toutiao.com/api/article/feed/?category=news_tech&utm_source=toutiao&widen=0&max_behot_time=0&max_behot_time_tmp=1479170607&as=A16538313A8D839&cp=581A7DF853099E1>
{'Title': '\xe6\x9d\x9c\xe6\xaf\x94\xe5\xb0\x86OPPO\xe5\x92\x8cvivo\xe5\x91\x8a\xe4\xb8\x8a\xe6\xb3\x95\xe5\xba\xad\xef\xbc\x8c\xe6\x89\x8b\xe6\x9c\xba\xe4\xba\xa7\xe5\x93\x81\xe4\xbe\xb5\xe6\x9d\x83',
 'TitleUrl': u'http://www.toutiao.com/group/6352843665292148993/'}
2016-11-15 00:51:20 [scrapy] DEBUG: Scraped from <200 http://www.toutiao.com/api/article/feed/?category=news_tech&utm_source=toutiao&widen=0&max_behot_time=0&max_behot_time_tmp=1479170607&as=A16538313A8D839&cp=581A7DF853099E1>
{'Title': '\xe6\x98\x86\xe4\xbb\x91\xe4\xb8\x87\xe7\xbb\xb4CEO\xe5\x91\xa8\xe4\xba\x9a\xe8\xbe\x89\xef\xbc\x9a\xe6\x88\x91\xe6\x98\xaf\xe5\xa6\x82\xe4\xbd\x95\xe4\xbb\x8e\xe5\x85\xb6\xe4\xbb\x96VC\xe6\x89\x8b\xe4\xb8\xad\xe6\x8a\xa2\xe4\xb8\x8b\xe6\x98\xa0\xe5\xae\xa2\xe7\x9a\x84',
 'TitleUrl': u'http://www.toutiao.com/group/6352651205270274305/'}
2016-11-15 00:51:20 [scrapy] DEBUG: Scraped from <200 http://www.toutiao.com/api/article/feed/?category=news_tech&utm_source=toutiao&widen=0&max_behot_time=0&max_behot_time_tmp=1479170607&as=A16538313A8D839&cp=581A7DF853099E1>
{'Title': '\xe5\x8f\xaa\xe9\x9c\x80 1 \xe6\xad\xa5\xef\xbc\x8c\xe8\xbe\xb9\xe9\x80\x9a\xe8\xaf\x9d\xe8\xbe\xb9\xe4\xb8\x8a\xe7\xbd\x91\xef\xbc\x8c\xe8\xbf\x98\xe6\x8f\x90\xe5\x8d\x87\xe9\x80\x9a\xe8\xaf\x9d\xe8\xb4\xa8\xe9\x87\x8f | \xe6\x9c\x89\xe7\x94\xa8\xe5\x8a\x9f',
 'TitleUrl': u'http://www.toutiao.com/group/6351205016820760834/'}
2016-11-15 00:51:20 [scrapy] DEBUG: Scraped from <200 http://www.toutiao.com/api/article/feed/?category=news_tech&utm_source=toutiao&widen=0&max_behot_time=0&max_behot_time_tmp=1479170607&as=A16538313A8D839&cp=581A7DF853099E1>
{'Title': '\xe7\xbb\x86\xe5\x88\x86\xe4\xb8\xad\xe5\x9b\xbd\xe9\xa4\x90\xe9\xa5\xae\xef\xbc\x8c\xe8\xbf\x99\xe4\xba\x9b\xe5\x93\x81\xe7\x89\x8c\xe7\xa9\xba\xe7\x99\xbd\xe9\xa2\x86\xe5\x9f\x9f\xe7\xad\x89\xe4\xbd\xa0\xe5\xa1\xab\xe7\xa9\xba',
 'TitleUrl': u'http://www.toutiao.com/group/6352206785172537602/'}
2016-11-15 00:51:20 [scrapy] DEBUG: Scraped from <200 http://www.toutiao.com/api/article/feed/?category=news_tech&utm_source=toutiao&widen=0&max_behot_time=0&max_behot_time_tmp=1479170607&as=A16538313A8D839&cp=581A7DF853099E1>
{'Title': '\xe4\xbd\x99\xe6\x89\xbf\xe4\xb8\x9c\xef\xbc\x9a\xe5\x9b\xbd\xe5\x86\x85\xe5\xb0\xb1\xe5\x8d\x8e\xe4\xb8\xba\xe6\x9c\x89\xe5\xae\x9e\xe5\x8a\x9b\xe7\xbb\x99\xe5\xae\x89\xe5\x8d\x93\xe6\x8d\xa2\xe5\xbf\x83\xe8\x84\x8f \xe8\xa7\xa3\xe5\x86\xb3\xe8\xb6\x8a\xe7\x94\xa8\xe8\xb6\x8a\xe6\x85\xa2',
 'TitleUrl': u'http://www.toutiao.com/group/6352958992260546817/'}
2016-11-15 00:51:20 [scrapy] DEBUG: Scraped from <200 http://www.toutiao.com/api/article/feed/?category=news_tech&utm_source=toutiao&widen=0&max_behot_time=0&max_behot_time_tmp=1479170607&as=A16538313A8D839&cp=581A7DF853099E1>
{'Title': '\xe6\x88\x91\xe7\x9a\x84\xe5\x88\x9b\xe4\xb8\x9a\xe6\x95\x99\xe8\xae\xad\xef\xbc\x9a\xe5\x88\x9b\xe4\xb8\x9a\xe8\x80\x85\xe5\xba\x94\xe8\xaf\xa5\xe8\xad\xa6\xe6\x83\x95\xe7\x9a\x84\xe5\x95\x86\xe4\xb8\x9a\xe6\xa8\xa1\xe5\xbc\x8f\xe9\x99\xb7\xe9\x98\xb1',
 'TitleUrl': u'http://www.toutiao.com/group/6352725665675133185/'}
2016-11-15 00:51:20 [scrapy] DEBUG: Scraped from <200 http://www.toutiao.com/api/article/feed/?category=news_tech&utm_source=toutiao&widen=0&max_behot_time=0&max_behot_time_tmp=1479170607&as=A16538313A8D839&cp=581A7DF853099E1>
{'Title': '\xe6\x88\x91\xe7\x9a\x84\xe5\x88\x9b\xe4\xb8\x9a\xe6\x95\x99\xe8\xae\xad\xef\xbc\x9a\xe5\x88\x9b\xe4\xb8\x9a\xe8\x80\x85\xe5\xba\x94\xe8\xaf\xa5\xe8\xad\xa6\xe6\x83\x95\xe7\x9a\x84\xe5\x95\x86\xe4\xb8\x9a\xe6\xa8\xa1\xe5\xbc\x8f\xe9\x99\xb7\xe9\x98\xb1',
 'TitleUrl': u'http://www.toutiao.com/group/6352964083184746753/?_as_1479171078'}
2016-11-15 00:51:20 [toutiao] INFO: now entring download midware
2016-11-15 00:51:20 [toutiao] INFO: User-Agent is: Speedy Spider (Entireweb; Beta/1.3; http://www.entireweb.com/about/search_tech/speedyspider/) <GET http://www.toutiao.com/api/article/feed/?category=news_tech&utm_source=toutiao&widen=0&max_behot_time=0&max_behot_time_tmp=1479171028&as=A16538313A8D839&cp=581A7DF853099E1>
2016-11-15 00:51:20 [scrapy] DEBUG: Crawled (200) <GET http://www.toutiao.com/api/article/feed/?category=news_tech&utm_source=toutiao&widen=0&max_behot_time=0&max_behot_time_tmp=1479171028&as=A16538313A8D839&cp=581A7DF853099E1> (referer: http://www.toutiao.com/api/article/feed/?category=news_tech&utm_source=toutiao&widen=0&max_behot_time=0&max_behot_time_tmp=1479170607&as=A16538313A8D839&cp=581A7DF853099E1)
2016-11-15 00:51:20 [toutiao] DEBUG: Fetch toutiao homepage page: http://www.toutiao.com/api/article/feed/?category=news_tech&utm_source=toutiao&widen=0&max_behot_time=0&max_behot_time_tmp=1479171028&as=A16538313A8D839&cp=581A7DF853099E1
2016-11-15 00:51:20 [scrapy] DEBUG: Scraped from <200 http://www.toutiao.com/api/article/feed/?category=news_tech&utm_source=toutiao&widen=0&max_behot_time=0&max_behot_time_tmp=1479171028&as=A16538313A8D839&cp=581A7DF853099E1>
{'Title': '\xe6\x9d\x9c\xe6\xaf\x94\xe5\xb0\x86OPPO\xe5\x92\x8cvivo\xe5\x91\x8a\xe4\xb8\x8a\xe6\xb3\x95\xe5\xba\xad\xef\xbc\x8c\xe6\x89\x8b\xe6\x9c\xba\xe4\xba\xa7\xe5\x93\x81\xe4\xbe\xb5\xe6\x9d\x83',
 'TitleUrl': u'http://www.toutiao.com/group/6352843665292148993/'}
2016-11-15 00:51:20 [scrapy] DEBUG: Scraped from <200 http://www.toutiao.com/api/article/feed/?category=news_tech&utm_source=toutiao&widen=0&max_behot_time=0&max_behot_time_tmp=1479171028&as=A16538313A8D839&cp=581A7DF853099E1>
{'Title': '\xe6\x98\x86\xe4\xbb\x91\xe4\xb8\x87\xe7\xbb\xb4CEO\xe5\x91\xa8\xe4\xba\x9a\xe8\xbe\x89\xef\xbc\x9a\xe6\x88\x91\xe6\x98\xaf\xe5\xa6\x82\xe4\xbd\x95\xe4\xbb\x8e\xe5\x85\xb6\xe4\xbb\x96VC\xe6\x89\x8b\xe4\xb8\xad\xe6\x8a\xa2\xe4\xb8\x8b\xe6\x98\xa0\xe5\xae\xa2\xe7\x9a\x84',
 'TitleUrl': u'http://www.toutiao.com/group/6352651205270274305/'}
2016-11-15 00:51:20 [scrapy] DEBUG: Scraped from <200 http://www.toutiao.com/api/article/feed/?category=news_tech&utm_source=toutiao&widen=0&max_behot_time=0&max_behot_time_tmp=1479171028&as=A16538313A8D839&cp=581A7DF853099E1>
{'Title': '\xe5\x8f\xaa\xe9\x9c\x80 1 \xe6\xad\xa5\xef\xbc\x8c\xe8\xbe\xb9\xe9\x80\x9a\xe8\xaf\x9d\xe8\xbe\xb9\xe4\xb8\x8a\xe7\xbd\x91\xef\xbc\x8c\xe8\xbf\x98\xe6\x8f\x90\xe5\x8d\x87\xe9\x80\x9a\xe8\xaf\x9d\xe8\xb4\xa8\xe9\x87\x8f | \xe6\x9c\x89\xe7\x94\xa8\xe5\x8a\x9f',
 'TitleUrl': u'http://www.toutiao.com/group/6351205016820760834/'}
2016-11-15 00:51:20 [scrapy] DEBUG: Scraped from <200 http://www.toutiao.com/api/article/feed/?category=news_tech&utm_source=toutiao&widen=0&max_behot_time=0&max_behot_time_tmp=1479171028&as=A16538313A8D839&cp=581A7DF853099E1>
{'Title': '\xe5\x8a\xa0\xe7\x9b\x9f\xe5\x95\x86\xe6\x9c\xba\xef\xbc\x9a\xe4\xb8\x89\xe5\xa4\xa9\xe5\xb0\xb1\xe6\x90\x9e\xe5\xae\x9a\xe4\xba\x86\xe7\x9a\x84\xe6\x98\xaf\xe4\xbb\x80\xe4\xb9\x88\xe8\xa3\x85\xe4\xbf\xae\xef\xbc\x9f',
 'TitleUrl': u'http://www.toutiao.com/group/6350543403553390850/'}
2016-11-15 00:51:20 [scrapy] DEBUG: Scraped from <200 http://www.toutiao.com/api/article/feed/?category=news_tech&utm_source=toutiao&widen=0&max_behot_time=0&max_behot_time_tmp=1479171028&as=A16538313A8D839&cp=581A7DF853099E1>
{'Title': '\xe7\xbb\x86\xe5\x88\x86\xe4\xb8\xad\xe5\x9b\xbd\xe9\xa4\x90\xe9\xa5\xae\xef\xbc\x8c\xe8\xbf\x99\xe4\xba\x9b\xe5\x93\x81\xe7\x89\x8c\xe7\xa9\xba\xe7\x99\xbd\xe9\xa2\x86\xe5\x9f\x9f\xe7\xad\x89\xe4\xbd\xa0\xe5\xa1\xab\xe7\xa9\xba',
 'TitleUrl': u'http://www.toutiao.com/group/6352206785172537602/'}
2016-11-15 00:51:20 [scrapy] DEBUG: Scraped from <200 http://www.toutiao.com/api/article/feed/?category=news_tech&utm_source=toutiao&widen=0&max_behot_time=0&max_behot_time_tmp=1479171028&as=A16538313A8D839&cp=581A7DF853099E1>
{'Title': '\xe4\xbd\x99\xe6\x89\xbf\xe4\xb8\x9c\xef\xbc\x9a\xe5\x9b\xbd\xe5\x86\x85\xe5\xb0\xb1\xe5\x8d\x8e\xe4\xb8\xba\xe6\x9c\x89\xe5\xae\x9e\xe5\x8a\x9b\xe7\xbb\x99\xe5\xae\x89\xe5\x8d\x93\xe6\x8d\xa2\xe5\xbf\x83\xe8\x84\x8f \xe8\xa7\xa3\xe5\x86\xb3\xe8\xb6\x8a\xe7\x94\xa8\xe8\xb6\x8a\xe6\x85\xa2',
 'TitleUrl': u'http://www.toutiao.com/group/6352958992260546817/'}
2016-11-15 00:51:20 [scrapy] DEBUG: Scraped from <200 http://www.toutiao.com/api/article/feed/?category=news_tech&utm_source=toutiao&widen=0&max_behot_time=0&max_behot_time_tmp=1479171028&as=A16538313A8D839&cp=581A7DF853099E1>
{'Title': '\xe6\x88\x91\xe7\x9a\x84\xe5\x88\x9b\xe4\xb8\x9a\xe6\x95\x99\xe8\xae\xad\xef\xbc\x9a\xe5\x88\x9b\xe4\xb8\x9a\xe8\x80\x85\xe5\xba\x94\xe8\xaf\xa5\xe8\xad\xa6\xe6\x83\x95\xe7\x9a\x84\xe5\x95\x86\xe4\xb8\x9a\xe6\xa8\xa1\xe5\xbc\x8f\xe9\x99\xb7\xe9\x98\xb1',
 'TitleUrl': u'http://www.toutiao.com/group/6352725665675133185/'}
2016-11-15 00:51:20 [scrapy] DEBUG: Scraped from <200 http://www.toutiao.com/api/article/feed/?category=news_tech&utm_source=toutiao&widen=0&max_behot_time=0&max_behot_time_tmp=1479171028&as=A16538313A8D839&cp=581A7DF853099E1>
{'Title': '\xe5\xa6\x82\xe4\xbd\x95\xe7\x9c\x8b\xe5\xbe\x85\xe9\xa1\xba\xe4\xb8\xb0\xe5\x81\x9c\xe6\xad\xa2\xe6\xb4\xbe\xe9\x80\x81\xe4\xb9\x90\xe8\xa7\x86\xe7\xbd\x91\xe5\x85\xa8\xe9\x83\xa8\xe5\x9c\xa8\xe9\x80\x94\xe5\xbf\xab\xe4\xbb\xb6\xef\xbc\x9f',
 'TitleUrl': u'http://www.toutiao.com/group/6352664745853583618/'}
2016-11-15 00:51:20 [scrapy] DEBUG: Scraped from <200 http://www.toutiao.com/api/article/feed/?category=news_tech&utm_source=toutiao&widen=0&max_behot_time=0&max_behot_time_tmp=1479171028&as=A16538313A8D839&cp=581A7DF853099E1>
{'Title': '\xe5\x94\xae\xe7\xbd\x84\xef\xbc\x9f\xe4\xbc\x98\xe8\xa1\xa3\xe5\xba\x93\xe7\x9a\x84\xe5\x8f\x8c\xe5\x8d\x81\xe4\xb8\x80\xe4\xb9\xb1\xe8\xb1\xa1',
 'TitleUrl': u'http://www.toutiao.com/group/6352730931728204034/'}
2016-11-15 00:51:20 [scrapy] DEBUG: Scraped from <200 http://www.toutiao.com/api/article/feed/?category=news_tech&utm_source=toutiao&widen=0&max_behot_time=0&max_behot_time_tmp=1479171028&as=A16538313A8D839&cp=581A7DF853099E1>
{'Title': '\xe5\x8d\x8e\xe4\xb8\xba\xe9\xba\x92\xe9\xba\x9f960\xe7\xa9\xb6\xe7\xab\x9f\xe6\x80\x8e\xe4\xb9\x88\xe6\xa0\xb7\xef\xbc\x9f',
 'TitleUrl': u'http://www.toutiao.com/group/6343129232068542722/'}
2016-11-15 00:51:20 [scrapy] DEBUG: Scraped from <200 http://www.toutiao.com/api/article/feed/?category=news_tech&utm_source=toutiao&widen=0&max_behot_time=0&max_behot_time_tmp=1479171028&as=A16538313A8D839&cp=581A7DF853099E1>
{'Title': '\xe5\x9b\xb4\xe7\xbb\x95\xe2\x80\x9c\xe6\x94\xb6\xe5\xba\x9f\xe5\x93\x81\xe2\x80\x9d\xe6\xad\xa3\xe5\x9c\xa8\xe5\x8f\x91\xe7\x94\x9f\xe4\xb8\x80\xe5\x9c\xba\xe8\xb5\x84\xe6\x9c\xac\xe5\xa4\xa7\xe6\x88\x98\xef\xbc\x8c\xe5\x8d\x83\xe4\xba\xbf\xe5\xb8\x82\xe5\x9c\xba\xe8\xa7\x84\xe6\xa8\xa1\xe4\xb8\x8b\xe5\x88\x9b\xe4\xb8\x9a\xe8\x80\x85\xe8\x9c\x82\xe6\x8b\xa5\xe8\x80\x8c\xe8\x87\xb3',
 'TitleUrl': u'http://www.toutiao.com/group/6352625337842843906/'}
2016-11-15 00:51:20 [scrapy] DEBUG: Scraped from <200 http://www.toutiao.com/api/article/feed/?category=news_tech&utm_source=toutiao&widen=0&max_behot_time=0&max_behot_time_tmp=1479171028&as=A16538313A8D839&cp=581A7DF853099E1>
{'Title': '\xe5\x9c\xa8 \xe2\x80\x9c\xe4\xb8\xad\xe5\x9b\xbd\xe6\xa8\xa1\xe5\xbc\x8f\xe3\x80\x81\xe5\x8d\xb0\xe5\xba\xa6\xe6\x95\x85\xe4\xba\x8b\xe2\x80\x9d \xe7\x9a\x84\xe4\xb8\xbb\xe6\x97\x8b\xe5\xbe\x8b\xe4\xb8\x8b\xef\xbc\x8c\xe5\x8d\xb0\xe5\xba\xa6\xe5\xb0\x86\xe5\x90\x91\xe4\xbd\x95\xe5\xa4\x84\xe5\x8e\xbb\xef\xbc\x9f',
 'TitleUrl': u'http://www.toutiao.com/group/6351664353481113858/'}
2016-11-15 00:51:20 [scrapy] DEBUG: Scraped from <200 http://www.toutiao.com/api/article/feed/?category=news_tech&utm_source=toutiao&widen=0&max_behot_time=0&max_behot_time_tmp=1479171028&as=A16538313A8D839&cp=581A7DF853099E1>
{'Title': '\xe4\xb8\x80\xe6\xac\xa1\xe5\x88\x9b\xe4\xb8\x9a\xe5\xa4\xb1\xe8\xb4\xa5\xe5\x90\x8e\xe7\x9a\x84\xe5\xa4\x8d\xe7\x9b\x98\xef\xbc\x9a\xe5\x88\x9d\xe5\x88\x9b\xe5\x85\xac\xe5\x8f\xb8\xe5\xa6\x82\xe4\xbd\x95\xe5\xbb\xba\xe5\x9b\xa2\xe9\x98\x9f\xe3\x80\x81\xe5\x81\x9a\xe6\x8a\x80\xe6\x9c\xaf\xe3\x80\x81\xe5\x8d\x96\xe4\xba\xa7\xe5\x93\x81\xe3\x80\x81\xe6\x89\xbe\xe8\x9e\x8d\xe8\xb5\x84',
 'TitleUrl': u'http://www.toutiao.com/group/6352664725868445953/'}
2016-11-15 00:51:20 [scrapy] DEBUG: Scraped from <200 http://www.toutiao.com/api/article/feed/?category=news_tech&utm_source=toutiao&widen=0&max_behot_time=0&max_behot_time_tmp=1479171028&as=A16538313A8D839&cp=581A7DF853099E1>
{'Title': '\xe5\x90\x91\xe7\xb4\xa2\xe5\xb0\xbc\xe5\x8a\xbf\xe5\x8a\x9b\xe4\xbd\x8e\xe5\xa4\xb4\xef\xbc\x81OPPO\xe3\x80\x81vivo\xe4\xb8\xba\xe5\x95\xa5\xe8\xa6\x81\xe6\x89\x8e\xe5\xa0\x86\xe7\xb4\xa2\xe5\xb0\xbc\xe8\x81\x94\xe5\x90\x88\xe7\xa0\x94\xe5\x8f\x91\xef\xbc\x9f',
 'TitleUrl': u'http://www.toutiao.com/group/6352704626244239618/'}
2016-11-15 00:51:20 [scrapy] DEBUG: Scraped from <200 http://www.toutiao.com/api/article/feed/?category=news_tech&utm_source=toutiao&widen=0&max_behot_time=0&max_behot_time_tmp=1479171028&as=A16538313A8D839&cp=581A7DF853099E1>
{'Title': '125\xe5\xb2\x81\xe7\x9a\x84ABB\xe8\xbd\xac\xe5\x9e\x8b \xe7\xbb\x99\xe4\xb8\xad\xe5\x9b\xbd\xe6\x99\xba\xe9\x80\xa0\xe5\x93\xaa\xe4\xba\x9b\xe5\x90\xaf\xe7\xa4\xba',
 'TitleUrl': u'http://www.toutiao.com/group/6352751010313814273/'}
2016-11-15 00:51:20 [scrapy] DEBUG: Scraped from <200 http://www.toutiao.com/api/article/feed/?category=news_tech&utm_source=toutiao&widen=0&max_behot_time=0&max_behot_time_tmp=1479171028&as=A16538313A8D839&cp=581A7DF853099E1>
{'Title': '125\xe5\xb2\x81\xe7\x9a\x84ABB\xe8\xbd\xac\xe5\x9e\x8b \xe7\xbb\x99\xe4\xb8\xad\xe5\x9b\xbd\xe6\x99\xba\xe9\x80\xa0\xe5\x93\xaa\xe4\xba\x9b\xe5\x90\xaf\xe7\xa4\xba',
 'TitleUrl': u'http://www.toutiao.com/group/6352963892403552513/?_as_1479171079'}
2016-11-15 00:51:20 [scrapy] DEBUG: Filtered duplicate request: <GET http://www.toutiao.com/api/article/feed/?category=news_tech&utm_source=toutiao&widen=0&max_behot_time=0&max_behot_time_tmp=1479170607&as=A16538313A8D839&cp=581A7DF853099E1> - no more duplicates will be shown (see DUPEFILTER_DEBUG to show all duplicates)
2016-11-15 00:51:20 [scrapy] INFO: Closing spider (finished)
2016-11-15 00:51:20 [scrapy] INFO: Stored json feed (78 items) in: ../data/toutiao/news_tech.json
2016-11-15 00:51:20 [scrapy] INFO: Dumping Scrapy stats:
{'downloader/request_bytes': 3058,
 'downloader/request_count': 5,
 'downloader/request_method_count/GET': 5,
 'downloader/response_bytes': 17984,
 'downloader/response_count': 5,
 'downloader/response_status_count/200': 5,
 'dupefilter/filtered': 1,
 'finish_reason': 'finished',
 'finish_time': datetime.datetime(2016, 11, 15, 0, 51, 20, 910945),
 'item_scraped_count': 78,
 'log_count/DEBUG': 90,
 'log_count/INFO': 18,
 'request_depth_max': 5,
 'response_received_count': 5,
 'scheduler/dequeued': 5,
 'scheduler/dequeued/memory': 5,
 'scheduler/enqueued': 5,
 'scheduler/enqueued/memory': 5,
 'start_time': datetime.datetime(2016, 11, 15, 0, 51, 13, 310478)}
2016-11-15 00:51:20 [scrapy] INFO: Spider closed (finished)
2016-11-15 02:09:20 [scrapy] INFO: Scrapy 1.2.0 started (bot: SocialSpider)
2016-11-15 02:09:20 [scrapy] INFO: Overridden settings: {'NEWSPIDER_MODULE': 'SocialSpider.spiders', 'FEED_URI': '../data/toutiao/news_tech.json', 'SPIDER_MODULES': ['SocialSpider.spiders'], 'BOT_NAME': 'SocialSpider', 'FEED_FORMAT': 'json', 'LOG_FILE': '../log/toutiao/news_tech.log'}
2016-11-15 02:09:20 [scrapy] INFO: Enabled extensions:
['scrapy.extensions.feedexport.FeedExporter',
 'scrapy.extensions.logstats.LogStats',
 'scrapy.extensions.telnet.TelnetConsole',
 'scrapy.extensions.corestats.CoreStats']
2016-11-15 02:09:20 [scrapy] INFO: Enabled downloader middlewares:
['scrapy.downloadermiddlewares.httpauth.HttpAuthMiddleware',
 'scrapy.downloadermiddlewares.downloadtimeout.DownloadTimeoutMiddleware',
 'scrapy.downloadermiddlewares.defaultheaders.DefaultHeadersMiddleware',
 'scrapy.downloadermiddlewares.useragent.UserAgentMiddleware',
 'SocialSpider.midware.UaMidWare.ProcessUaMidware',
 'scrapy.downloadermiddlewares.retry.RetryMiddleware',
 'scrapy.downloadermiddlewares.redirect.MetaRefreshMiddleware',
 'scrapy.downloadermiddlewares.httpcompression.HttpCompressionMiddleware',
 'scrapy.downloadermiddlewares.redirect.RedirectMiddleware',
 'scrapy.downloadermiddlewares.cookies.CookiesMiddleware',
 'scrapy.downloadermiddlewares.chunked.ChunkedTransferMiddleware',
 'scrapy.downloadermiddlewares.stats.DownloaderStats']
2016-11-15 02:09:21 [scrapy] INFO: Enabled spider middlewares:
['scrapy.spidermiddlewares.httperror.HttpErrorMiddleware',
 'scrapy.spidermiddlewares.offsite.OffsiteMiddleware',
 'scrapy.spidermiddlewares.referer.RefererMiddleware',
 'scrapy.spidermiddlewares.urllength.UrlLengthMiddleware',
 'scrapy.spidermiddlewares.depth.DepthMiddleware']
2016-11-15 02:09:21 [scrapy] INFO: Enabled item pipelines:
[]
2016-11-15 02:09:21 [scrapy] INFO: Spider opened
2016-11-15 02:09:21 [scrapy] INFO: Crawled 0 pages (at 0 pages/min), scraped 0 items (at 0 items/min)
2016-11-15 02:09:21 [scrapy] DEBUG: Telnet console listening on 127.0.0.1:6023
2016-11-15 02:09:21 [toutiao] INFO: now entring download midware
2016-11-15 02:09:21 [toutiao] INFO: User-Agent is: iaskspider/2.0(+http://iask.com/help/help_index.html) <GET http://www.toutiao.com/api/article/feed/?category=news_tech&utm_source=toutiao&widen=0&max_behot_time=0&max_behot_time_tmp=0&as=A135B8B16A0CF6F&cp=581AACBF560FEE1>
2016-11-15 02:09:21 [scrapy] DEBUG: Crawled (200) <GET http://www.toutiao.com/api/article/feed/?category=news_tech&utm_source=toutiao&widen=0&max_behot_time=0&max_behot_time_tmp=0&as=A135B8B16A0CF6F&cp=581AACBF560FEE1> (referer: None)
2016-11-15 02:09:21 [toutiao] DEBUG: Fetch toutiao homepage page: http://www.toutiao.com/api/article/feed/?category=news_tech&utm_source=toutiao&widen=0&max_behot_time=0&max_behot_time_tmp=0&as=A135B8B16A0CF6F&cp=581AACBF560FEE1
2016-11-15 02:09:21 [scrapy] DEBUG: Scraped from <200 http://www.toutiao.com/api/article/feed/?category=news_tech&utm_source=toutiao&widen=0&max_behot_time=0&max_behot_time_tmp=0&as=A135B8B16A0CF6F&cp=581AACBF560FEE1>
{'Category': 'news_tech',
 'HotValue': 699,
 'MediumUrl': u'http://toutiao.com/m3221859568/',
 'Source': 'toutiao',
 'Time': 1479175159,
 'Title': '\xe4\xbc\xa0\xe6\xbb\xb4\xe6\xbb\xb4\xe8\xa3\x81\xe5\x91\x981000\xe4\xba\xba\xef\xbc\x8c\xe5\x86\x85\xe9\x83\xa8\xe5\x91\x98\xe5\xb7\xa5\xe7\xa7\xb0\xe6\xbb\xb4\xe6\xbb\xb4\xe5\xbf\xab\xe8\xbd\xa6\xe6\x98\xaf\xe9\x87\x8d\xe7\x81\xbe\xe5\x8c\xba',
 'Type': 'url',
 'Url': u'http://www.toutiao.com/group/6352822086872432897/'}
2016-11-15 02:09:21 [scrapy] DEBUG: Scraped from <200 http://www.toutiao.com/api/article/feed/?category=news_tech&utm_source=toutiao&widen=0&max_behot_time=0&max_behot_time_tmp=0&as=A135B8B16A0CF6F&cp=581AACBF560FEE1>
{'Category': 'news_tech',
 'HotValue': 110,
 'MediumUrl': u'http://toutiao.com/m3221859568/',
 'Source': 'toutiao',
 'Time': 1479174559,
 'Title': '\xe5\x8f\xb2\xe7\x8e\x89\xe6\x9f\xb1\xe5\xae\xa3\xe7\xa7\xb0\xe8\xa6\x81\xe4\xba\xbf\xe5\x85\x83\xe5\xb9\xb4\xe8\x96\xaa\xe6\x8b\x9bCTO\xef\xbc\x9a\xe8\xa6\x81\xe6\x9c\xac\xe5\x9c\x9f\xe7\x9a\x84\xe4\xb8\x8d\xe8\xa6\x81\xe6\xb4\x8b\xe4\xb8\x93\xe5\xae\xb6',
 'Type': 'url',
 'Url': u'http://www.toutiao.com/group/6352654414617133314/'}
2016-11-15 02:09:21 [scrapy] DEBUG: Scraped from <200 http://www.toutiao.com/api/article/feed/?category=news_tech&utm_source=toutiao&widen=0&max_behot_time=0&max_behot_time_tmp=0&as=A135B8B16A0CF6F&cp=581AACBF560FEE1>
{'Category': 'news_tech',
 'HotValue': 735,
 'MediumUrl': u'http://toutiao.com/m3221859568/',
 'Source': 'toutiao',
 'Time': 1479173959,
 'Title': '\xe5\x86\x8d\xe8\xa7\x81\xef\xbc\x8c\xe8\xbd\xaf\xe4\xba\xa4\xe6\x8d\xa2\xef\xbc\x81\xe5\x8f\x88\xe4\xb8\x80\xe4\xb8\xaa\xe9\x80\x9a\xe4\xbf\xa1\xe6\x97\xb6\xe4\xbb\xa3\xe7\x9a\x84\xe8\x90\xbd\xe5\xb9\x95',
 'Type': 'url',
 'Url': u'http://www.toutiao.com/group/6351810126240989441/'}
2016-11-15 02:09:21 [scrapy] ERROR: Spider error processing <GET http://www.toutiao.com/api/article/feed/?category=news_tech&utm_source=toutiao&widen=0&max_behot_time=0&max_behot_time_tmp=0&as=A135B8B16A0CF6F&cp=581AACBF560FEE1> (referer: None)
Traceback (most recent call last):
  File "/usr/lib64/python2.7/site-packages/scrapy/utils/defer.py", line 102, in iter_errback
    yield next(it)
  File "/usr/lib64/python2.7/site-packages/scrapy/spidermiddlewares/offsite.py", line 29, in process_spider_output
    for x in result:
  File "/usr/lib64/python2.7/site-packages/scrapy/spidermiddlewares/referer.py", line 22, in <genexpr>
    return (_set_referer(r) for r in result or ())
  File "/usr/lib64/python2.7/site-packages/scrapy/spidermiddlewares/urllength.py", line 37, in <genexpr>
    return (r for r in result or () if _filter(r))
  File "/usr/lib64/python2.7/site-packages/scrapy/spidermiddlewares/depth.py", line 58, in <genexpr>
    return (r for r in result or () if _filter(r))
  File "/python/SocialSpider/SocialSpider/spiders/toutiao.py", line 31, in parse
    item['MediumUrl'] = val['media_url']
KeyError: 'media_url'
2016-11-15 02:09:21 [scrapy] INFO: Closing spider (finished)
2016-11-15 02:09:21 [scrapy] INFO: Stored json feed (3 items) in: ../data/toutiao/news_tech.json
2016-11-15 02:09:21 [scrapy] INFO: Dumping Scrapy stats:
{'downloader/request_bytes': 372,
 'downloader/request_count': 1,
 'downloader/request_method_count/GET': 1,
 'downloader/response_bytes': 4844,
 'downloader/response_count': 1,
 'downloader/response_status_count/200': 1,
 'finish_reason': 'finished',
 'finish_time': datetime.datetime(2016, 11, 15, 2, 9, 21, 914790),
 'item_scraped_count': 3,
 'log_count/DEBUG': 6,
 'log_count/ERROR': 1,
 'log_count/INFO': 10,
 'response_received_count': 1,
 'scheduler/dequeued': 1,
 'scheduler/dequeued/memory': 1,
 'scheduler/enqueued': 1,
 'scheduler/enqueued/memory': 1,
 'spider_exceptions/KeyError': 1,
 'start_time': datetime.datetime(2016, 11, 15, 2, 9, 21, 11031)}
2016-11-15 02:09:21 [scrapy] INFO: Spider closed (finished)
