2016-11-15 00:50:02 [scrapy] INFO: Scrapy 1.2.0 started (bot: SocialSpider)
2016-11-15 00:50:02 [scrapy] INFO: Overridden settings: {'NEWSPIDER_MODULE': 'SocialSpider.spiders', 'FEED_URI': '../data/toutiao/news_sports.json', 'SPIDER_MODULES': ['SocialSpider.spiders'], 'BOT_NAME': 'SocialSpider', 'FEED_FORMAT': 'json', 'LOG_FILE': '../log/toutiao/news_sports.log'}
2016-11-15 00:50:02 [scrapy] INFO: Enabled extensions:
['scrapy.extensions.feedexport.FeedExporter',
 'scrapy.extensions.logstats.LogStats',
 'scrapy.extensions.telnet.TelnetConsole',
 'scrapy.extensions.corestats.CoreStats']
2016-11-15 00:50:03 [scrapy] INFO: Enabled downloader middlewares:
['scrapy.downloadermiddlewares.httpauth.HttpAuthMiddleware',
 'scrapy.downloadermiddlewares.downloadtimeout.DownloadTimeoutMiddleware',
 'scrapy.downloadermiddlewares.defaultheaders.DefaultHeadersMiddleware',
 'scrapy.downloadermiddlewares.useragent.UserAgentMiddleware',
 'SocialSpider.midware.UaMidWare.ProcessUaMidware',
 'scrapy.downloadermiddlewares.retry.RetryMiddleware',
 'scrapy.downloadermiddlewares.redirect.MetaRefreshMiddleware',
 'scrapy.downloadermiddlewares.httpcompression.HttpCompressionMiddleware',
 'scrapy.downloadermiddlewares.redirect.RedirectMiddleware',
 'scrapy.downloadermiddlewares.cookies.CookiesMiddleware',
 'scrapy.downloadermiddlewares.chunked.ChunkedTransferMiddleware',
 'scrapy.downloadermiddlewares.stats.DownloaderStats']
2016-11-15 00:50:03 [scrapy] INFO: Enabled spider middlewares:
['scrapy.spidermiddlewares.httperror.HttpErrorMiddleware',
 'scrapy.spidermiddlewares.offsite.OffsiteMiddleware',
 'scrapy.spidermiddlewares.referer.RefererMiddleware',
 'scrapy.spidermiddlewares.urllength.UrlLengthMiddleware',
 'scrapy.spidermiddlewares.depth.DepthMiddleware']
2016-11-15 00:50:03 [scrapy] INFO: Enabled item pipelines:
[]
2016-11-15 00:50:03 [scrapy] INFO: Spider opened
2016-11-15 00:50:03 [scrapy] INFO: Crawled 0 pages (at 0 pages/min), scraped 0 items (at 0 items/min)
2016-11-15 00:50:03 [scrapy] DEBUG: Telnet console listening on 127.0.0.1:6023
2016-11-15 00:50:03 [toutiao] INFO: now entring download midware
2016-11-15 00:50:03 [toutiao] INFO: User-Agent is: Speedy Spider (http://www.entireweb.com/about/search_tech/speedyspider/) <GET http://www.toutiao.com/api/article/feed/?category=news_sports&utm_source=toutiao&widen=0&max_behot_time=0&max_behot_time_tmp=0&as=A135B8B16A0CF6F&cp=581AACBF560FEE1>
2016-11-15 00:50:03 [scrapy] DEBUG: Crawled (200) <GET http://www.toutiao.com/api/article/feed/?category=news_sports&utm_source=toutiao&widen=0&max_behot_time=0&max_behot_time_tmp=0&as=A135B8B16A0CF6F&cp=581AACBF560FEE1> (referer: None)
2016-11-15 00:50:03 [toutiao] DEBUG: Fetch toutiao homepage page: http://www.toutiao.com/api/article/feed/?category=news_sports&utm_source=toutiao&widen=0&max_behot_time=0&max_behot_time_tmp=0&as=A135B8B16A0CF6F&cp=581AACBF560FEE1
2016-11-15 00:50:03 [scrapy] DEBUG: Scraped from <200 http://www.toutiao.com/api/article/feed/?category=news_sports&utm_source=toutiao&widen=0&max_behot_time=0&max_behot_time_tmp=0&as=A135B8B16A0CF6F&cp=581AACBF560FEE1>
{'Title': '\xe4\xb8\xad\xe5\x9b\xbd\xe8\xb6\xb3\xe5\x8d\x8f\xef\xbc\x9a\xe4\xb8\x8d\xe8\x83\x8c\xe9\x94\x85\xef\xbc\x81 \xe5\x8d\xa1\xe5\xa1\x94\xe5\xb0\x94\xe5\xbb\xb6\xe8\xbf\x9f\xe6\x8a\xb5\xe8\xbe\xbe\xe7\x9a\x84\xe8\xb4\xa3\xe4\xbb\xbb\xe5\xae\x8c\xe5\x85\xa8\xe5\x9c\xa8\xe5\x8d\xa1\xe6\x96\xb9',
 'TitleUrl': u'http://www.toutiao.com/group/6352828871151337730/'}
2016-11-15 00:50:03 [scrapy] DEBUG: Scraped from <200 http://www.toutiao.com/api/article/feed/?category=news_sports&utm_source=toutiao&widen=0&max_behot_time=0&max_behot_time_tmp=0&as=A135B8B16A0CF6F&cp=581AACBF560FEE1>
{'Title': '\xe7\xa9\x86\xe9\x9b\xb7\xe5\xa4\x8d\xe4\xbb\x87\xe8\xa5\xbf\xe9\x87\x8c\xe5\xa5\x87\xe8\xbf\x8e21\xe8\xbf\x9e\xe8\x83\x9c \xe7\x93\xa6\xe6\x9e\x97\xe5\x8d\xa1\xe9\x81\xad\xe9\x94\xa6\xe7\xbb\x87\xe5\x9c\xad\xe6\xa8\xaa\xe6\x89\xab',
 'TitleUrl': u'http://www.toutiao.com/group/6352966526140268801/'}
2016-11-15 00:50:03 [scrapy] DEBUG: Scraped from <200 http://www.toutiao.com/api/article/feed/?category=news_sports&utm_source=toutiao&widen=0&max_behot_time=0&max_behot_time_tmp=0&as=A135B8B16A0CF6F&cp=581AACBF560FEE1>
{'Title': '\xe6\x81\x92\xe5\xa4\xa7\xe4\xb8\xa4\xe5\xa4\xa7\xe5\xa4\x96\xe6\x8f\xb4\xe5\x87\xba\xe7\x8e\xb0\xe7\xa6\xbb\xe9\x98\x9f\xe4\xbc\xa0\xe9\x97\xbb\xef\xbc\x8c\xe8\x8b\xa5\xe7\x9c\x9f\xe7\xa6\xbb\xe5\xbc\x80\xe5\x8f\x88\xe4\xbd\x95\xe5\xa6\xa8\xef\xbc\x9f',
 'TitleUrl': u'http://www.toutiao.com/group/6352732079386935554/'}
2016-11-15 00:50:03 [scrapy] DEBUG: Scraped from <200 http://www.toutiao.com/api/article/feed/?category=news_sports&utm_source=toutiao&widen=0&max_behot_time=0&max_behot_time_tmp=0&as=A135B8B16A0CF6F&cp=581AACBF560FEE1>
{'Title': '\xe5\x8a\xa0\xe7\x9b\x9f\xe5\x95\x86\xe6\x9c\xba\xef\xbc\x9a\xe4\xb8\x89\xe5\xa4\xa9\xe5\xb0\xb1\xe6\x90\x9e\xe5\xae\x9a\xe4\xba\x86\xe7\x9a\x84\xe6\x98\xaf\xe4\xbb\x80\xe4\xb9\x88\xe8\xa3\x85\xe4\xbf\xae\xef\xbc\x9f',
 'TitleUrl': u'http://www.toutiao.com/group/6350543403553390850/'}
2016-11-15 00:50:03 [scrapy] DEBUG: Scraped from <200 http://www.toutiao.com/api/article/feed/?category=news_sports&utm_source=toutiao&widen=0&max_behot_time=0&max_behot_time_tmp=0&as=A135B8B16A0CF6F&cp=581AACBF560FEE1>
{'Title': '\xe6\x98\x94\xe6\x97\xa5\xe4\xb8\xad\xe5\x9b\xbd\xe5\xa5\xb3\xe6\x8e\x92\xe7\xac\xac\xe4\xb8\x80\xe9\x87\x8d\xe7\x82\xae\xe6\x89\x8b\xe7\x8e\x8b\xe4\xb8\x80\xe6\xa2\x85\xe6\x80\x8e\xe4\xb9\x88\xe4\xba\x86\xef\xbc\x9f ',
 'TitleUrl': u'http://www.toutiao.com/group/6351872705964278017/'}
2016-11-15 00:50:03 [scrapy] DEBUG: Scraped from <200 http://www.toutiao.com/api/article/feed/?category=news_sports&utm_source=toutiao&widen=0&max_behot_time=0&max_behot_time_tmp=0&as=A135B8B16A0CF6F&cp=581AACBF560FEE1>
{'Title': '\xe7\x9d\xa1\xe9\x81\x8dNBA\xe7\x9a\x84\xe5\xa5\xb3\xe4\xba\xba\xe4\xbb\xac\xef\xbc\x9a\xe6\x9c\x80\xe4\xbd\xb3\xe9\x98\xb2\xe5\xae\x88\xe5\xae\xb6\xe6\x97\x8f\xe6\x98\xaf\xe5\xa5\xb9\xe4\xbb\xac\xe8\xb0\x81\xe4\xb8\x8d\xe6\x9c\x8d\xef\xbc\x9f',
 'TitleUrl': u'http://www.toutiao.com/group/6352393029723242754/'}
2016-11-15 00:50:03 [scrapy] DEBUG: Scraped from <200 http://www.toutiao.com/api/article/feed/?category=news_sports&utm_source=toutiao&widen=0&max_behot_time=0&max_behot_time_tmp=0&as=A135B8B16A0CF6F&cp=581AACBF560FEE1>
{'Title': '\xe5\x9b\xbd\xe8\xb6\xb315\xe6\x97\xa5\xe8\xbf\x8e\xe6\x88\x98\xe7\x9a\x84\xe4\xb8\x8d\xe6\x98\xaf\xe5\x8d\xa1\xe5\xa1\x94\xe5\xb0\x94\xe5\x9b\xbd\xe5\xae\xb6\xe9\x98\x9f\xef\xbc\x8c\xe8\x80\x8c\xe6\x98\xaf\xe2\x80\x9c\xe5\x9b\xbd\xe9\x99\x85\xe7\xba\xb5\xe9\x98\x9f\xe2\x80\x9d',
 'TitleUrl': u'http://www.toutiao.com/group/6352813756493660418/'}
2016-11-15 00:50:03 [scrapy] DEBUG: Scraped from <200 http://www.toutiao.com/api/article/feed/?category=news_sports&utm_source=toutiao&widen=0&max_behot_time=0&max_behot_time_tmp=0&as=A135B8B16A0CF6F&cp=581AACBF560FEE1>
{'Title': '\xe4\xb8\xad\xe5\x9b\xbd\xe6\x95\xa3\xe6\x89\x93\xe7\x8e\x8b\xe6\x8e\x92\xe5\x90\x8d\xef\xbc\x9a\xe6\xad\xbb\xe7\xa5\x9e\xe6\x96\xb9\xe4\xbe\xbf\xe6\x97\xa0\xe7\xbc\x98\xe7\xac\xac\xe4\xb8\x80 \xe9\x93\x81\xe6\x8b\xb3\xe7\x99\xbd\xe8\xbf\x91\xe6\x96\x8c\xe5\x9e\xab\xe5\xba\x95',
 'TitleUrl': u'http://www.toutiao.com/group/6352728784706781442/'}
2016-11-15 00:50:03 [scrapy] DEBUG: Scraped from <200 http://www.toutiao.com/api/article/feed/?category=news_sports&utm_source=toutiao&widen=0&max_behot_time=0&max_behot_time_tmp=0&as=A135B8B16A0CF6F&cp=581AACBF560FEE1>
{'Title': '\xe9\x82\xb9\xe5\xb8\x82\xe6\x98\x8e\xe6\x89\x93\xe6\x8b\xb3\xe8\xaf\xaf\xe4\xbc\xa4\xe8\xbd\xa9\xe8\xbd\xa9\xef\xbc\x8c\xe6\x83\xb9\xe5\xa8\x87\xe5\xa6\xbb\xe5\x86\x89\xe8\x8e\xb9\xe9\xa2\x96\xe5\xa4\xa7\xe6\x80\x92\xef\xbc\x8c\xe6\x8b\xb3\xe7\x8e\x8b\xe8\xa2\xab\xe5\x85\xb3\xe8\xbf\x9b\xe5\xb0\x8f\xe9\xbb\x91\xe5\xb1\x8b\xef\xbc\x81',
 'TitleUrl': u'http://www.toutiao.com/group/6352812862092771585/'}
2016-11-15 00:50:03 [scrapy] DEBUG: Scraped from <200 http://www.toutiao.com/api/article/feed/?category=news_sports&utm_source=toutiao&widen=0&max_behot_time=0&max_behot_time_tmp=0&as=A135B8B16A0CF6F&cp=581AACBF560FEE1>
{'Title': '\xe5\xa7\x9a\xe6\x98\x8e\xe8\xae\xa4\xe4\xb8\xba\xe4\xb8\xad\xe5\x9b\xbd\xe6\xaf\x94\xe7\xbe\x8e\xe5\x9b\xbd\xe5\xbc\xba\xe7\x9a\x84\xe5\x9c\xb0\xe6\x96\xb9\xef\xbc\x8c\xe4\xb8\x80\xe8\xaf\xad\xe9\x81\x93\xe7\xa0\xb4\xef\xbc\x8c\xe6\xbb\xa1\xe5\xba\xa7\xe7\x9a\x86\xe6\x9c\x8d',
 'TitleUrl': u'http://www.toutiao.com/group/6352831099949220097/'}
2016-11-15 00:50:03 [scrapy] DEBUG: Scraped from <200 http://www.toutiao.com/api/article/feed/?category=news_sports&utm_source=toutiao&widen=0&max_behot_time=0&max_behot_time_tmp=0&as=A135B8B16A0CF6F&cp=581AACBF560FEE1>
{'Title': '\xe5\xa7\x9a\xe6\x98\x8e\xef\xbc\x8c\xe7\x8e\x8b\xe6\xb2\xbb\xe9\x83\x85\xef\xbc\x8c\xe5\xb7\xb4\xe7\x89\xb9\xe5\xb0\x94\xef\xbc\x8c\xe6\x98\x93\xe5\xbb\xba\xe8\x81\x94\xef\xbc\x8c\xe8\xbf\x99\xe5\x9b\x9b\xe4\xbd\x8d\xe7\x90\x83\xe6\x98\x9f\xe7\x9a\x84\xe5\xad\xa9\xe5\xad\x90\xe5\x88\xb0\xe5\xba\x95\xe6\x98\xaf\xe5\x95\xa5\xe5\x9b\xbd\xe7\xb1\x8d\xef\xbc\x9f',
 'TitleUrl': u'http://www.toutiao.com/group/6351270580595491074/'}
2016-11-15 00:50:03 [scrapy] DEBUG: Scraped from <200 http://www.toutiao.com/api/article/feed/?category=news_sports&utm_source=toutiao&widen=0&max_behot_time=0&max_behot_time_tmp=0&as=A135B8B16A0CF6F&cp=581AACBF560FEE1>
{'Title': '\xe5\x9b\xbd\xe8\xb6\xb3\xe5\x8f\x91\xe5\xb8\x83\xe4\xbc\x9a\xe9\x87\x8c\xe7\x9a\xae\xe8\xaf\xb4\xe5\x87\xba\xe5\x8e\x86\xe5\xb1\x8a\xe4\xb8\xbb\xe5\xb8\x85\xe9\x83\xbd\xe6\xb2\xa1\xe8\xaf\xb4\xe5\x87\xba\xe7\x9a\x84\xe5\x85\xb3\xe9\x94\xae\xe4\xb8\x80\xe7\x82\xb9',
 'TitleUrl': u'http://www.toutiao.com/group/6352764730222870786/'}
2016-11-15 00:50:03 [scrapy] DEBUG: Scraped from <200 http://www.toutiao.com/api/article/feed/?category=news_sports&utm_source=toutiao&widen=0&max_behot_time=0&max_behot_time_tmp=0&as=A135B8B16A0CF6F&cp=581AACBF560FEE1>
{'Title': '\xe5\x8c\x97\xe4\xba\xac\xe7\x9a\x84\xe5\xad\xa6\xe7\x94\x9f\xe7\xa6\x8f\xe5\x88\xa9|\xe4\xbb\xb7\xe5\x80\xbc1111\xe5\x85\x83\xe7\x9a\x84\xe5\xad\xa6\xe5\xa4\xa7\xe6\x95\x99\xe8\x82\xb2\xe7\xb2\xbe\xe5\x93\x81\xe8\xaf\xbe\xe7\xa8\x8b\xe5\x85\x8d\xe8\xb4\xb9\xe9\xa2\x86',
 'TitleUrl': u'http://www.toutiao.com/group/6350890490174374146/'}
2016-11-15 00:50:03 [scrapy] DEBUG: Scraped from <200 http://www.toutiao.com/api/article/feed/?category=news_sports&utm_source=toutiao&widen=0&max_behot_time=0&max_behot_time_tmp=0&as=A135B8B16A0CF6F&cp=581AACBF560FEE1>
{'Title': '\xe4\xb8\x80\xe4\xb8\xaa\xe7\xbd\x9a\xe7\xaf\xae\xe7\x9c\x8b\xe5\x87\xba\xe5\xa7\x9a\xe6\x98\x8e\xe7\x9a\x84\xe7\x90\x83\xe5\x95\x86\xe6\x9c\x89\xe5\xa4\x9a\xe9\xab\x98\xef\xbc\x8c\xe7\xa7\x91\xe6\xaf\x94:\xe4\xbb\x96\xe6\x98\xaf\xe4\xb8\x80\xe5\x90\x8d\xe4\xbc\x9f\xe5\xa4\xa7\xe7\x9a\x84\xe7\x90\x83\xe5\x91\x98',
 'TitleUrl': u'http://www.toutiao.com/group/6352812037077778690/'}
2016-11-15 00:50:03 [scrapy] DEBUG: Scraped from <200 http://www.toutiao.com/api/article/feed/?category=news_sports&utm_source=toutiao&widen=0&max_behot_time=0&max_behot_time_tmp=0&as=A135B8B16A0CF6F&cp=581AACBF560FEE1>
{'Title': '\xe5\x9b\xbd\xe8\xb6\xb3\xe4\xbb\x8a\xe5\xa4\x9c\xe7\x94\x9f\xe6\xad\xbb\xe6\x88\x98\xe5\x8a\x9b\xe6\x8b\xbc\xe5\x8d\xa1\xe5\xa1\x94\xe5\xb0\x94\xef\xbc\x8c\xe8\x83\x9c\xe5\xb9\xb3\xe8\xb4\x9f\xe4\xb8\x89\xe7\xa7\x8d\xe7\xbb\x93\xe5\xb1\x80\xe4\xbc\x9a\xe4\xba\xa7\xe7\x94\x9f\xe4\xb8\x8d\xe5\x90\x8c\xe7\x9a\x84\xe6\x9c\xaa\xe6\x9d\xa5\xef\xbc\x81',
 'TitleUrl': u'http://www.toutiao.com/group/6352970432664207618/'}
2016-11-15 00:50:03 [scrapy] DEBUG: Scraped from <200 http://www.toutiao.com/api/article/feed/?category=news_sports&utm_source=toutiao&widen=0&max_behot_time=0&max_behot_time_tmp=0&as=A135B8B16A0CF6F&cp=581AACBF560FEE1>
{'Title': '\xe5\x9b\xbd\xe8\xb6\xb3\xe4\xbb\x8a\xe5\xa4\x9c\xe7\x94\x9f\xe6\xad\xbb\xe6\x88\x98\xe5\x8a\x9b\xe6\x8b\xbc\xe5\x8d\xa1\xe5\xa1\x94\xe5\xb0\x94\xef\xbc\x8c\xe8\x83\x9c\xe5\xb9\xb3\xe8\xb4\x9f\xe4\xb8\x89\xe7\xa7\x8d\xe7\xbb\x93\xe5\xb1\x80\xe4\xbc\x9a\xe4\xba\xa7\xe7\x94\x9f\xe4\xb8\x8d\xe5\x90\x8c\xe7\x9a\x84\xe6\x9c\xaa\xe6\x9d\xa5\xef\xbc\x81',
 'TitleUrl': u'http://www.toutiao.com/group/6352963663578235137/?_as_1479171002'}
2016-11-15 00:50:03 [toutiao] INFO: now entring download midware
2016-11-15 00:50:03 [toutiao] INFO: User-Agent is: ldspider (http://code.google.com/p/ldspider/wiki/Robots) <GET http://www.toutiao.com/api/article/feed/?category=news_sports&utm_source=toutiao&widen=0&max_behot_time=0&max_behot_time_tmp=1479162001&as=A16538313A8D839&cp=581A7DF853099E1>
2016-11-15 00:50:04 [scrapy] DEBUG: Crawled (200) <GET http://www.toutiao.com/api/article/feed/?category=news_sports&utm_source=toutiao&widen=0&max_behot_time=0&max_behot_time_tmp=1479162001&as=A16538313A8D839&cp=581A7DF853099E1> (referer: http://www.toutiao.com/api/article/feed/?category=news_sports&utm_source=toutiao&widen=0&max_behot_time=0&max_behot_time_tmp=0&as=A135B8B16A0CF6F&cp=581AACBF560FEE1)
2016-11-15 00:50:04 [toutiao] DEBUG: Fetch toutiao homepage page: http://www.toutiao.com/api/article/feed/?category=news_sports&utm_source=toutiao&widen=0&max_behot_time=0&max_behot_time_tmp=1479162001&as=A16538313A8D839&cp=581A7DF853099E1
2016-11-15 00:50:04 [scrapy] DEBUG: Scraped from <200 http://www.toutiao.com/api/article/feed/?category=news_sports&utm_source=toutiao&widen=0&max_behot_time=0&max_behot_time_tmp=1479162001&as=A16538313A8D839&cp=581A7DF853099E1>
{'Title': '\xe5\xa5\xbd\xe6\xb6\x88\xe6\x81\xaf\xef\xbc\x81\xe5\x9b\xbd\xe8\xb6\xb3\xe6\x9c\x80\xe4\xb8\x8d\xe4\xba\x89\xe6\xb0\x94\xe4\xb9\x8b\xe4\xba\xba\xe7\xbb\x88\xe4\xba\x8e\xe7\xa6\xbb\xe9\x98\x9f\xef\xbc\x81\xe7\x90\x83\xe8\xbf\xb7\xef\xbc\x9a\xe5\x9b\x9e\xe5\x8e\xbb\xe5\xa5\xbd\xe5\xa5\xbd\xe7\x90\x86\xe5\x8f\x91\xe5\x90\xa7',
 'TitleUrl': u'http://www.toutiao.com/group/6352977074454724865/'}
2016-11-15 00:50:04 [scrapy] DEBUG: Scraped from <200 http://www.toutiao.com/api/article/feed/?category=news_sports&utm_source=toutiao&widen=0&max_behot_time=0&max_behot_time_tmp=1479162001&as=A16538313A8D839&cp=581A7DF853099E1>
{'Title': '\xe7\x8b\xac\xe5\xae\xb6\xef\xbc\x9a\xe9\x94\x99\xe4\xb8\x8d\xe5\x9c\xa8\xe4\xb8\xad\xe5\x9b\xbd\xef\xbc\x81\xe5\x8d\xa1\xe5\xa1\x94\xe5\xb0\x94\xe8\xbf\x9d\xe8\xa7\x84"\xe4\xbd\x9c\xe6\xad\xbb" FIFA\xe8\xb0\x83\xe6\x9f\xa5\xe5\x90\x8e\xe6\x88\x96\xe5\xb0\x86\xe5\xa4\x84\xe7\xbd\x9a',
 'TitleUrl': u'http://www.toutiao.com/group/6352872342733537537/'}
2016-11-15 00:50:04 [scrapy] DEBUG: Scraped from <200 http://www.toutiao.com/api/article/feed/?category=news_sports&utm_source=toutiao&widen=0&max_behot_time=0&max_behot_time_tmp=1479162001&as=A16538313A8D839&cp=581A7DF853099E1>
{'Title': '\xe6\x97\xa5\xe6\x9c\xac\xe4\xba\xba\xe5\xb7\x9d\xe6\x9d\x91\xe8\xb0\xa6\xe5\x8f\xb0\xe4\xb8\x8a\xe6\x8c\x91\xe8\xa1\x85\xef\xbc\x8c\xe8\xa2\xab\xe5\xa7\x9a\xe7\xba\xa2\xe5\x88\x9a\xe6\x8f\x8d\xe5\xbe\x97\xe6\xbb\xa1\xe5\x9c\xb0\xe6\x89\x93\xe6\xbb\x9a \xe8\xa3\x81\xe5\x88\xa4\xe9\x83\xbd\xe7\x9c\x8b\xe4\xb8\x8d\xe4\xb8\x8b\xe4\xba\x86\xef\xbc\x81',
 'TitleUrl': u'http://www.toutiao.com/group/6350478849801683201/'}
2016-11-15 00:50:04 [scrapy] DEBUG: Scraped from <200 http://www.toutiao.com/api/article/feed/?category=news_sports&utm_source=toutiao&widen=0&max_behot_time=0&max_behot_time_tmp=1479162001&as=A16538313A8D839&cp=581A7DF853099E1>
{'Title': '\xe4\xb8\x8d\xe5\x8f\xaf\xe8\x83\xbd\xe5\xae\x8c\xe6\x88\x90\xef\xbc\x8c\xe4\xb8\x89\xe6\x96\xb9\xe4\xba\xa4\xe6\x98\x93\xe9\xaa\x91\xe5\xa3\xab\xe5\xbe\x97\xe5\x88\xb0\xe6\xb5\x93\xe7\x9c\x89\xe5\x93\xa5',
 'TitleUrl': u'http://www.toutiao.com/group/6352958297566560513/'}
2016-11-15 00:50:04 [scrapy] DEBUG: Scraped from <200 http://www.toutiao.com/api/article/feed/?category=news_sports&utm_source=toutiao&widen=0&max_behot_time=0&max_behot_time_tmp=1479162001&as=A16538313A8D839&cp=581A7DF853099E1>
{'Title': '\xe5\x8f\xb2\xe4\xb8\x8a\xe6\x9c\x80\xe8\xa2\xab\xe9\xab\x98\xe4\xbc\xb0\xe7\x9a\x84\xe7\x90\x83\xe5\x91\x98\xef\xbc\x8c\xe9\x80\xbc\xe8\xb5\xb0\xe6\x9d\x9c\xe5\x85\xb0\xe7\x89\xb9\xef\xbc\x8c\xe4\xb8\x80\xe4\xba\xba\xe7\x8b\xac\xe9\x9c\xb8\xe5\xbc\x80\xe7\x81\xab\xe6\x9d\x83',
 'TitleUrl': u'http://www.toutiao.com/group/6352977328151331073/'}
2016-11-15 00:50:04 [scrapy] DEBUG: Scraped from <200 http://www.toutiao.com/api/article/feed/?category=news_sports&utm_source=toutiao&widen=0&max_behot_time=0&max_behot_time_tmp=1479162001&as=A16538313A8D839&cp=581A7DF853099E1>
{'Title': '\xe9\x99\x8d\xe6\x9c\x8d\xe8\x80\x83\xe8\xbe\x9b\xe6\x96\xaf\xef\xbc\x9f\xe6\x88\x96\xe8\xae\xb8\xe8\x81\x94\xe7\x9b\x9f\xe5\x8f\xaa\xe6\x9c\x89\xe8\xbf\x99\xe4\xb8\xa4\xe4\xba\xba\xe6\x89\x8d\xe8\x83\xbd\xe5\x81\x9a\xe5\x88\xb0\xef\xbc\x81',
 'TitleUrl': u'http://www.toutiao.com/group/6350064572623503617/'}
2016-11-15 00:50:04 [scrapy] DEBUG: Scraped from <200 http://www.toutiao.com/api/article/feed/?category=news_sports&utm_source=toutiao&widen=0&max_behot_time=0&max_behot_time_tmp=1479162001&as=A16538313A8D839&cp=581A7DF853099E1>
{'Title': '\xe6\x9d\x9c\xe5\x85\xb0\xe7\x89\xb9\xe6\x83\xb3\xe5\xa4\xba\xe5\x86\xa0\xef\xbc\x8c\xe5\xbf\x85\xe9\xa1\xbb\xe5\xbc\xba\xe7\x83\x88\xe8\xaf\xb7\xe6\xb1\x82\xe7\x90\x83\xe9\x98\x9f\xe8\xa3\x81\xe6\x8e\x89\xe6\xad\xa4\xe4\xba\xba\xef\xbc\x8c\xe6\x8f\x90\xe6\x8b\x94\xe6\x9d\xbf\xe5\x87\xb3MVP\xe4\xb8\x8a\xe4\xbd\x8d!',
 'TitleUrl': u'http://www.toutiao.com/group/6352716399756181762/'}
2016-11-15 00:50:04 [scrapy] DEBUG: Scraped from <200 http://www.toutiao.com/api/article/feed/?category=news_sports&utm_source=toutiao&widen=0&max_behot_time=0&max_behot_time_tmp=1479162001&as=A16538313A8D839&cp=581A7DF853099E1>
{'Title': '\xe6\x9c\x80\xe9\x9a\xbe\xe7\xa0\xb4\xe7\x9a\x84NBA\xe8\xae\xb0\xe5\xbd\x95\xe6\x98\xaf\xe4\xbb\x80\xe4\xb9\x88\xef\xbc\x8c\xe8\xa9\xb9\xe5\xa7\x86\xe6\x96\xaf\xe7\xbb\x99\xe5\x87\xba\xe4\xba\x86\xe7\xad\x94\xe6\xa1\x88',
 'TitleUrl': u'http://www.toutiao.com/group/6350961410587656450/'}
2016-11-15 00:50:04 [scrapy] DEBUG: Scraped from <200 http://www.toutiao.com/api/article/feed/?category=news_sports&utm_source=toutiao&widen=0&max_behot_time=0&max_behot_time_tmp=1479162001&as=A16538313A8D839&cp=581A7DF853099E1>
{'Title': '\xe4\xb8\xad\xe5\x9b\xbd\xe8\xb6\xb3\xe5\x8d\x8f\xef\xbc\x9a\xe4\xb8\x8d\xe8\x83\x8c\xe9\x94\x85\xef\xbc\x81 \xe5\x8d\xa1\xe5\xa1\x94\xe5\xb0\x94\xe5\xbb\xb6\xe8\xbf\x9f\xe6\x8a\xb5\xe8\xbe\xbe\xe7\x9a\x84\xe8\xb4\xa3\xe4\xbb\xbb\xe5\xae\x8c\xe5\x85\xa8\xe5\x9c\xa8\xe5\x8d\xa1\xe6\x96\xb9',
 'TitleUrl': u'http://www.toutiao.com/group/6352828871151337730/'}
2016-11-15 00:50:04 [scrapy] DEBUG: Scraped from <200 http://www.toutiao.com/api/article/feed/?category=news_sports&utm_source=toutiao&widen=0&max_behot_time=0&max_behot_time_tmp=1479162001&as=A16538313A8D839&cp=581A7DF853099E1>
{'Title': '\xe7\xa9\x86\xe9\x9b\xb7\xe5\xa4\x8d\xe4\xbb\x87\xe8\xa5\xbf\xe9\x87\x8c\xe5\xa5\x87\xe8\xbf\x8e21\xe8\xbf\x9e\xe8\x83\x9c \xe7\x93\xa6\xe6\x9e\x97\xe5\x8d\xa1\xe9\x81\xad\xe9\x94\xa6\xe7\xbb\x87\xe5\x9c\xad\xe6\xa8\xaa\xe6\x89\xab',
 'TitleUrl': u'http://www.toutiao.com/group/6352966526140268801/'}
2016-11-15 00:50:04 [scrapy] DEBUG: Scraped from <200 http://www.toutiao.com/api/article/feed/?category=news_sports&utm_source=toutiao&widen=0&max_behot_time=0&max_behot_time_tmp=1479162001&as=A16538313A8D839&cp=581A7DF853099E1>
{'Title': '\xe6\x81\x92\xe5\xa4\xa7\xe4\xb8\xa4\xe5\xa4\xa7\xe5\xa4\x96\xe6\x8f\xb4\xe5\x87\xba\xe7\x8e\xb0\xe7\xa6\xbb\xe9\x98\x9f\xe4\xbc\xa0\xe9\x97\xbb\xef\xbc\x8c\xe8\x8b\xa5\xe7\x9c\x9f\xe7\xa6\xbb\xe5\xbc\x80\xe5\x8f\x88\xe4\xbd\x95\xe5\xa6\xa8\xef\xbc\x9f',
 'TitleUrl': u'http://www.toutiao.com/group/6352732079386935554/'}
2016-11-15 00:50:04 [scrapy] DEBUG: Scraped from <200 http://www.toutiao.com/api/article/feed/?category=news_sports&utm_source=toutiao&widen=0&max_behot_time=0&max_behot_time_tmp=1479162001&as=A16538313A8D839&cp=581A7DF853099E1>
{'Title': '\xe6\x98\x94\xe6\x97\xa5\xe4\xb8\xad\xe5\x9b\xbd\xe5\xa5\xb3\xe6\x8e\x92\xe7\xac\xac\xe4\xb8\x80\xe9\x87\x8d\xe7\x82\xae\xe6\x89\x8b\xe7\x8e\x8b\xe4\xb8\x80\xe6\xa2\x85\xe6\x80\x8e\xe4\xb9\x88\xe4\xba\x86\xef\xbc\x9f ',
 'TitleUrl': u'http://www.toutiao.com/group/6351872705964278017/'}
2016-11-15 00:50:04 [scrapy] DEBUG: Scraped from <200 http://www.toutiao.com/api/article/feed/?category=news_sports&utm_source=toutiao&widen=0&max_behot_time=0&max_behot_time_tmp=1479162001&as=A16538313A8D839&cp=581A7DF853099E1>
{'Title': '\xe7\x9d\xa1\xe9\x81\x8dNBA\xe7\x9a\x84\xe5\xa5\xb3\xe4\xba\xba\xe4\xbb\xac\xef\xbc\x9a\xe6\x9c\x80\xe4\xbd\xb3\xe9\x98\xb2\xe5\xae\x88\xe5\xae\xb6\xe6\x97\x8f\xe6\x98\xaf\xe5\xa5\xb9\xe4\xbb\xac\xe8\xb0\x81\xe4\xb8\x8d\xe6\x9c\x8d\xef\xbc\x9f',
 'TitleUrl': u'http://www.toutiao.com/group/6352393029723242754/'}
2016-11-15 00:50:04 [scrapy] DEBUG: Scraped from <200 http://www.toutiao.com/api/article/feed/?category=news_sports&utm_source=toutiao&widen=0&max_behot_time=0&max_behot_time_tmp=1479162001&as=A16538313A8D839&cp=581A7DF853099E1>
{'Title': '\xe5\x9b\xbd\xe8\xb6\xb315\xe6\x97\xa5\xe8\xbf\x8e\xe6\x88\x98\xe7\x9a\x84\xe4\xb8\x8d\xe6\x98\xaf\xe5\x8d\xa1\xe5\xa1\x94\xe5\xb0\x94\xe5\x9b\xbd\xe5\xae\xb6\xe9\x98\x9f\xef\xbc\x8c\xe8\x80\x8c\xe6\x98\xaf\xe2\x80\x9c\xe5\x9b\xbd\xe9\x99\x85\xe7\xba\xb5\xe9\x98\x9f\xe2\x80\x9d',
 'TitleUrl': u'http://www.toutiao.com/group/6352813756493660418/'}
2016-11-15 00:50:04 [scrapy] DEBUG: Scraped from <200 http://www.toutiao.com/api/article/feed/?category=news_sports&utm_source=toutiao&widen=0&max_behot_time=0&max_behot_time_tmp=1479162001&as=A16538313A8D839&cp=581A7DF853099E1>
{'Title': '\xe5\x9b\xbd\xe8\xb6\xb315\xe6\x97\xa5\xe8\xbf\x8e\xe6\x88\x98\xe7\x9a\x84\xe4\xb8\x8d\xe6\x98\xaf\xe5\x8d\xa1\xe5\xa1\x94\xe5\xb0\x94\xe5\x9b\xbd\xe5\xae\xb6\xe9\x98\x9f\xef\xbc\x8c\xe8\x80\x8c\xe6\x98\xaf\xe2\x80\x9c\xe5\x9b\xbd\xe9\x99\x85\xe7\xba\xb5\xe9\x98\x9f\xe2\x80\x9d',
 'TitleUrl': u'http://www.toutiao.com/group/6352963293916954881/?_as_1479171002'}
2016-11-15 00:50:04 [toutiao] INFO: now entring download midware
2016-11-15 00:50:04 [toutiao] INFO: User-Agent is: zspider/0.9-dev http://feedback.redkolibri.com/ <GET http://www.toutiao.com/api/article/feed/?category=news_sports&utm_source=toutiao&widen=0&max_behot_time=0&max_behot_time_tmp=1479166801&as=A16538313A8D839&cp=581A7DF853099E1>
2016-11-15 00:50:05 [scrapy] DEBUG: Crawled (200) <GET http://www.toutiao.com/api/article/feed/?category=news_sports&utm_source=toutiao&widen=0&max_behot_time=0&max_behot_time_tmp=1479166801&as=A16538313A8D839&cp=581A7DF853099E1> (referer: http://www.toutiao.com/api/article/feed/?category=news_sports&utm_source=toutiao&widen=0&max_behot_time=0&max_behot_time_tmp=1479162001&as=A16538313A8D839&cp=581A7DF853099E1)
2016-11-15 00:50:05 [toutiao] DEBUG: Fetch toutiao homepage page: http://www.toutiao.com/api/article/feed/?category=news_sports&utm_source=toutiao&widen=0&max_behot_time=0&max_behot_time_tmp=1479166801&as=A16538313A8D839&cp=581A7DF853099E1
2016-11-15 00:50:05 [scrapy] DEBUG: Scraped from <200 http://www.toutiao.com/api/article/feed/?category=news_sports&utm_source=toutiao&widen=0&max_behot_time=0&max_behot_time_tmp=1479166801&as=A16538313A8D839&cp=581A7DF853099E1>
{'Title': '\xe7\x81\xab\xe7\xae\xad\xe5\x8d\xb3\xe5\xb0\x86\xe5\xbc\x80\xe5\x90\xaf\xe4\xba\xa4\xe6\x98\x93\xe6\xa8\xa1\xe5\xbc\x8f',
 'TitleUrl': u'http://www.toutiao.com/group/6352698224544940290/'}
2016-11-15 00:50:05 [scrapy] DEBUG: Scraped from <200 http://www.toutiao.com/api/article/feed/?category=news_sports&utm_source=toutiao&widen=0&max_behot_time=0&max_behot_time_tmp=1479166801&as=A16538313A8D839&cp=581A7DF853099E1>
{'Title': '\xe7\xa7\x91\xe5\xb0\x94\xe7\xbb\x88\xe4\xba\x8e\xe5\xbc\x80\xe7\xaa\x8d\xef\xbc\x9a\xe6\x8d\xa2\xe4\xbb\x80\xe4\xb9\x88\xe6\xb5\x93\xe7\x9c\x89\xe5\x93\xa5\xef\xbc\x8c\xe7\x94\xa8\xe5\xa5\xbd\xe5\xa4\xa7\xe9\xba\xa6\xe5\x9f\xba\xef\xbc\x8c\xe6\x80\xbb\xe5\x86\xa0\xe5\x86\x9b\xe5\xb0\xb1\xe5\x88\xb0\xe6\x89\x8b\xe4\xba\x86',
 'TitleUrl': u'http://www.toutiao.com/group/6351666496754352386/'}
2016-11-15 00:50:05 [scrapy] DEBUG: Scraped from <200 http://www.toutiao.com/api/article/feed/?category=news_sports&utm_source=toutiao&widen=0&max_behot_time=0&max_behot_time_tmp=1479166801&as=A16538313A8D839&cp=581A7DF853099E1>
{'Title': '\xe9\xaa\x91\xe5\xa3\xab\xe8\xae\xa9\xe8\xa9\xb9\xe5\xa7\x86\xe6\x96\xaf\xe8\xbf\x99\xe6\xa0\xb7\xe6\x89\x93\xef\xbc\x8c\xe7\x9c\x8b\xe6\x9d\xa5\xe7\x9c\x9f\xe7\x9a\x84\xe8\xa6\x81\xe4\xba\xa4\xe6\x98\x93\xe6\xb5\x93\xe7\x9c\x89\xe7\xbb\x84\xe5\x9b\x9b\xe5\xb7\xa8\xe5\xa4\xb4\xe4\xba\x86',
 'TitleUrl': u'http://www.toutiao.com/group/6352690133666480385/'}
2016-11-15 00:50:05 [scrapy] DEBUG: Scraped from <200 http://www.toutiao.com/api/article/feed/?category=news_sports&utm_source=toutiao&widen=0&max_behot_time=0&max_behot_time_tmp=1479166801&as=A16538313A8D839&cp=581A7DF853099E1>
{'Title': '\xe5\x8a\xa0\xe7\x9b\x9f\xe5\x95\x86\xe6\x9c\xba\xef\xbc\x9a\xe4\xb8\x89\xe5\xa4\xa9\xe5\xb0\xb1\xe6\x90\x9e\xe5\xae\x9a\xe4\xba\x86\xe7\x9a\x84\xe6\x98\xaf\xe4\xbb\x80\xe4\xb9\x88\xe8\xa3\x85\xe4\xbf\xae\xef\xbc\x9f',
 'TitleUrl': u'http://www.toutiao.com/group/6350543403553390850/'}
2016-11-15 00:50:05 [scrapy] DEBUG: Scraped from <200 http://www.toutiao.com/api/article/feed/?category=news_sports&utm_source=toutiao&widen=0&max_behot_time=0&max_behot_time_tmp=1479166801&as=A16538313A8D839&cp=581A7DF853099E1>
{'Title': '\xe5\x87\xba\xe6\x89\x8b20\xe6\xac\xa1\xe7\xab\x9f\xe7\x84\xb613\xe6\xac\xa1\xe6\x98\xaf\xe4\xb8\x89\xe5\x88\x86\xe7\x90\x83\xef\xbc\x8c\xe6\x9c\x80\xe6\xb0\xb4\xe7\x8a\xb6\xe5\x85\x83\xe6\x8a\x8a\xe8\x87\xaa\xe5\xb7\xb1\xe5\xbd\x93\xe5\xba\x93\xe9\x87\x8c',
 'TitleUrl': u'http://www.toutiao.com/group/6352852201257353474/'}
2016-11-15 00:50:05 [scrapy] DEBUG: Scraped from <200 http://www.toutiao.com/api/article/feed/?category=news_sports&utm_source=toutiao&widen=0&max_behot_time=0&max_behot_time_tmp=1479166801&as=A16538313A8D839&cp=581A7DF853099E1>
{'Title': '\xe6\x9d\x83\xe5\x81\xa5\xe7\x8e\xa9\xe5\xa4\xa7\xe7\x9a\x84\xef\xbc\x9f\xe6\xb2\xb3\xe8\xa5\xbf\xe6\x96\xb0\xe7\x90\x83\xe5\x9c\xba\xe6\x9b\x9d\xe5\x85\x89\xef\xbc\x81\xe9\xa2\x86\xe5\x85\x88\xe5\x9b\xbd\xe5\x86\x8550\xe5\xb9\xb4\xef\xbc\x8c\xe4\xb8\x96\xe7\x95\x8c\xe7\xac\xac\xe5\x9b\x9b\xe5\x85\xa8\xe5\x9b\xbd\xe7\xac\xac\xe4\xb8\x80',
 'TitleUrl': u'http://www.toutiao.com/group/6352366942851072257/'}
2016-11-15 00:50:05 [scrapy] DEBUG: Scraped from <200 http://www.toutiao.com/api/article/feed/?category=news_sports&utm_source=toutiao&widen=0&max_behot_time=0&max_behot_time_tmp=1479166801&as=A16538313A8D839&cp=581A7DF853099E1>
{'Title': '\xe9\xa9\xac\xe8\x8b\x8f\xe9\x9d\xa2\xe5\xaf\xb9\xe5\xad\x94\xe4\xbb\xa4\xe8\xbe\x89\xe2\x80\x9c\xe7\x89\xb5\xe6\x89\x8b\xe9\x97\xa8\xe2\x80\x9d\xef\xbc\x9a\xe6\x88\x91\xe7\x9b\xb8\xe4\xbf\xa1\xe5\xad\x94\xe4\xbb\xa4\xe8\xbe\x89',
 'TitleUrl': u'http://www.toutiao.com/group/6352644007654506754/'}
2016-11-15 00:50:05 [scrapy] DEBUG: Scraped from <200 http://www.toutiao.com/api/article/feed/?category=news_sports&utm_source=toutiao&widen=0&max_behot_time=0&max_behot_time_tmp=1479166801&as=A16538313A8D839&cp=581A7DF853099E1>
{'Title': '\xe6\x9d\x83\xe5\x81\xa5\xe8\x80\x81\xe6\x9d\xbf\xef\xbc\x9a\xe4\xb8\x8d\xe6\x83\x9c\xe4\xbb\xa3\xe4\xbb\xb7\xe7\xad\xbe\xe4\xb8\x8b\xe7\x9a\x87\xe9\xa9\xac8\xe5\x8d\x83\xe4\xb8\x87\xe5\x85\x88\xe7\x94\x9f \xe5\x9b\xbd\xe8\xb6\xb3\xe8\xb5\xa2\xe7\x90\x83\xe8\xae\xa9\xe7\x90\x83\xe8\xbf\xb7\xe7\x9c\x8b\xe5\x88\xb0\xe6\x83\x8a\xe5\x96\x9c',
 'TitleUrl': u'http://www.toutiao.com/group/6352802500454957314/'}
2016-11-15 00:50:05 [scrapy] DEBUG: Scraped from <200 http://www.toutiao.com/api/article/feed/?category=news_sports&utm_source=toutiao&widen=0&max_behot_time=0&max_behot_time_tmp=1479166801&as=A16538313A8D839&cp=581A7DF853099E1>
{'Title': '\xe5\xa5\xbd\xe6\xb6\x88\xe6\x81\xaf\xef\xbc\x81\xe5\x9b\xbd\xe8\xb6\xb3\xe6\x9c\x80\xe4\xb8\x8d\xe4\xba\x89\xe6\xb0\x94\xe4\xb9\x8b\xe4\xba\xba\xe7\xbb\x88\xe4\xba\x8e\xe7\xa6\xbb\xe9\x98\x9f\xef\xbc\x81\xe7\x90\x83\xe8\xbf\xb7\xef\xbc\x9a\xe5\x9b\x9e\xe5\x8e\xbb\xe5\xa5\xbd\xe5\xa5\xbd\xe7\x90\x86\xe5\x8f\x91\xe5\x90\xa7',
 'TitleUrl': u'http://www.toutiao.com/group/6352977074454724865/'}
2016-11-15 00:50:05 [scrapy] DEBUG: Scraped from <200 http://www.toutiao.com/api/article/feed/?category=news_sports&utm_source=toutiao&widen=0&max_behot_time=0&max_behot_time_tmp=1479166801&as=A16538313A8D839&cp=581A7DF853099E1>
{'Title': '\xe7\x8b\xac\xe5\xae\xb6\xef\xbc\x9a\xe9\x94\x99\xe4\xb8\x8d\xe5\x9c\xa8\xe4\xb8\xad\xe5\x9b\xbd\xef\xbc\x81\xe5\x8d\xa1\xe5\xa1\x94\xe5\xb0\x94\xe8\xbf\x9d\xe8\xa7\x84"\xe4\xbd\x9c\xe6\xad\xbb" FIFA\xe8\xb0\x83\xe6\x9f\xa5\xe5\x90\x8e\xe6\x88\x96\xe5\xb0\x86\xe5\xa4\x84\xe7\xbd\x9a',
 'TitleUrl': u'http://www.toutiao.com/group/6352872342733537537/'}
2016-11-15 00:50:05 [scrapy] DEBUG: Scraped from <200 http://www.toutiao.com/api/article/feed/?category=news_sports&utm_source=toutiao&widen=0&max_behot_time=0&max_behot_time_tmp=1479166801&as=A16538313A8D839&cp=581A7DF853099E1>
{'Title': '\xe6\x97\xa5\xe6\x9c\xac\xe4\xba\xba\xe5\xb7\x9d\xe6\x9d\x91\xe8\xb0\xa6\xe5\x8f\xb0\xe4\xb8\x8a\xe6\x8c\x91\xe8\xa1\x85\xef\xbc\x8c\xe8\xa2\xab\xe5\xa7\x9a\xe7\xba\xa2\xe5\x88\x9a\xe6\x8f\x8d\xe5\xbe\x97\xe6\xbb\xa1\xe5\x9c\xb0\xe6\x89\x93\xe6\xbb\x9a \xe8\xa3\x81\xe5\x88\xa4\xe9\x83\xbd\xe7\x9c\x8b\xe4\xb8\x8d\xe4\xb8\x8b\xe4\xba\x86\xef\xbc\x81',
 'TitleUrl': u'http://www.toutiao.com/group/6350478849801683201/'}
2016-11-15 00:50:05 [scrapy] DEBUG: Scraped from <200 http://www.toutiao.com/api/article/feed/?category=news_sports&utm_source=toutiao&widen=0&max_behot_time=0&max_behot_time_tmp=1479166801&as=A16538313A8D839&cp=581A7DF853099E1>
{'Title': '\xe4\xb8\x8d\xe5\x8f\xaf\xe8\x83\xbd\xe5\xae\x8c\xe6\x88\x90\xef\xbc\x8c\xe4\xb8\x89\xe6\x96\xb9\xe4\xba\xa4\xe6\x98\x93\xe9\xaa\x91\xe5\xa3\xab\xe5\xbe\x97\xe5\x88\xb0\xe6\xb5\x93\xe7\x9c\x89\xe5\x93\xa5',
 'TitleUrl': u'http://www.toutiao.com/group/6352958297566560513/'}
2016-11-15 00:50:05 [scrapy] DEBUG: Scraped from <200 http://www.toutiao.com/api/article/feed/?category=news_sports&utm_source=toutiao&widen=0&max_behot_time=0&max_behot_time_tmp=1479166801&as=A16538313A8D839&cp=581A7DF853099E1>
{'Title': '\xe5\x8f\xb2\xe4\xb8\x8a\xe6\x9c\x80\xe8\xa2\xab\xe9\xab\x98\xe4\xbc\xb0\xe7\x9a\x84\xe7\x90\x83\xe5\x91\x98\xef\xbc\x8c\xe9\x80\xbc\xe8\xb5\xb0\xe6\x9d\x9c\xe5\x85\xb0\xe7\x89\xb9\xef\xbc\x8c\xe4\xb8\x80\xe4\xba\xba\xe7\x8b\xac\xe9\x9c\xb8\xe5\xbc\x80\xe7\x81\xab\xe6\x9d\x83',
 'TitleUrl': u'http://www.toutiao.com/group/6352977328151331073/'}
2016-11-15 00:50:05 [scrapy] DEBUG: Scraped from <200 http://www.toutiao.com/api/article/feed/?category=news_sports&utm_source=toutiao&widen=0&max_behot_time=0&max_behot_time_tmp=1479166801&as=A16538313A8D839&cp=581A7DF853099E1>
{'Title': '\xe9\x99\x8d\xe6\x9c\x8d\xe8\x80\x83\xe8\xbe\x9b\xe6\x96\xaf\xef\xbc\x9f\xe6\x88\x96\xe8\xae\xb8\xe8\x81\x94\xe7\x9b\x9f\xe5\x8f\xaa\xe6\x9c\x89\xe8\xbf\x99\xe4\xb8\xa4\xe4\xba\xba\xe6\x89\x8d\xe8\x83\xbd\xe5\x81\x9a\xe5\x88\xb0\xef\xbc\x81',
 'TitleUrl': u'http://www.toutiao.com/group/6350064572623503617/'}
2016-11-15 00:50:05 [scrapy] DEBUG: Scraped from <200 http://www.toutiao.com/api/article/feed/?category=news_sports&utm_source=toutiao&widen=0&max_behot_time=0&max_behot_time_tmp=1479166801&as=A16538313A8D839&cp=581A7DF853099E1>
{'Title': '\xe6\x9d\x9c\xe5\x85\xb0\xe7\x89\xb9\xe6\x83\xb3\xe5\xa4\xba\xe5\x86\xa0\xef\xbc\x8c\xe5\xbf\x85\xe9\xa1\xbb\xe5\xbc\xba\xe7\x83\x88\xe8\xaf\xb7\xe6\xb1\x82\xe7\x90\x83\xe9\x98\x9f\xe8\xa3\x81\xe6\x8e\x89\xe6\xad\xa4\xe4\xba\xba\xef\xbc\x8c\xe6\x8f\x90\xe6\x8b\x94\xe6\x9d\xbf\xe5\x87\xb3MVP\xe4\xb8\x8a\xe4\xbd\x8d!',
 'TitleUrl': u'http://www.toutiao.com/group/6352716399756181762/'}
2016-11-15 00:50:05 [scrapy] DEBUG: Scraped from <200 http://www.toutiao.com/api/article/feed/?category=news_sports&utm_source=toutiao&widen=0&max_behot_time=0&max_behot_time_tmp=1479166801&as=A16538313A8D839&cp=581A7DF853099E1>
{'Title': '\xe6\x9d\x9c\xe5\x85\xb0\xe7\x89\xb9\xe6\x83\xb3\xe5\xa4\xba\xe5\x86\xa0\xef\xbc\x8c\xe5\xbf\x85\xe9\xa1\xbb\xe5\xbc\xba\xe7\x83\x88\xe8\xaf\xb7\xe6\xb1\x82\xe7\x90\x83\xe9\x98\x9f\xe8\xa3\x81\xe6\x8e\x89\xe6\xad\xa4\xe4\xba\xba\xef\xbc\x8c\xe6\x8f\x90\xe6\x8b\x94\xe6\x9d\xbf\xe5\x87\xb3MVP\xe4\xb8\x8a\xe4\xbd\x8d!',
 'TitleUrl': u'http://www.toutiao.com/group/6352963851295162625/?_as_1479171003'}
2016-11-15 00:50:05 [toutiao] INFO: now entring download midware
2016-11-15 00:50:05 [toutiao] INFO: User-Agent is: Speedy Spider (Entireweb; Beta/1.2; http://www.entireweb.com/about/search_tech/speedyspider/) <GET http://www.toutiao.com/api/article/feed/?category=news_sports&utm_source=toutiao&widen=0&max_behot_time=0&max_behot_time_tmp=1479170540&as=A16538313A8D839&cp=581A7DF853099E1>
2016-11-15 00:50:05 [scrapy] DEBUG: Crawled (200) <GET http://www.toutiao.com/api/article/feed/?category=news_sports&utm_source=toutiao&widen=0&max_behot_time=0&max_behot_time_tmp=1479170540&as=A16538313A8D839&cp=581A7DF853099E1> (referer: http://www.toutiao.com/api/article/feed/?category=news_sports&utm_source=toutiao&widen=0&max_behot_time=0&max_behot_time_tmp=1479166801&as=A16538313A8D839&cp=581A7DF853099E1)
2016-11-15 00:50:06 [toutiao] DEBUG: Fetch toutiao homepage page: http://www.toutiao.com/api/article/feed/?category=news_sports&utm_source=toutiao&widen=0&max_behot_time=0&max_behot_time_tmp=1479170540&as=A16538313A8D839&cp=581A7DF853099E1
2016-11-15 00:50:06 [scrapy] DEBUG: Scraped from <200 http://www.toutiao.com/api/article/feed/?category=news_sports&utm_source=toutiao&widen=0&max_behot_time=0&max_behot_time_tmp=1479170540&as=A16538313A8D839&cp=581A7DF853099E1>
{'Title': '\xe5\xa4\xa7\xe5\x86\x99\xe7\x9a\x84\xe5\xb0\xb4\xe5\xb0\xac\xef\xbc\x81\xe5\xbd\x93\xe5\xb9\xb4\xe9\x9b\xb7\xe9\x9c\x86\xe5\x9b\x9b\xe5\xb0\x91\xe5\xb0\x8f\xe5\xbc\x9f\xe4\xbb\xac\xe9\x83\xbd\xe7\x86\xac\xe6\x88\x90\xe4\xba\x86\xe8\x80\x81\xe5\xa4\xa7\xef\xbc\x8c\xe8\x80\x81\xe5\xa4\xa7\xe5\x8d\xb4\xe6\xb2\xa6\xe4\xb8\xba\xe4\xba\x86\xe8\x80\x81\xe4\xba\x8c',
 'TitleUrl': u'http://www.toutiao.com/group/6352816377438945537/'}
2016-11-15 00:50:06 [scrapy] DEBUG: Scraped from <200 http://www.toutiao.com/api/article/feed/?category=news_sports&utm_source=toutiao&widen=0&max_behot_time=0&max_behot_time_tmp=1479170540&as=A16538313A8D839&cp=581A7DF853099E1>
{'Title': '\xe6\x9b\xbe\xe5\xae\xb3\xe5\xbe\x97\xe8\xa9\xb9\xe5\xa7\x86\xe6\x96\xaf\xe9\x94\x99\xe5\xa4\xb1\xe4\xb8\x89\xe8\xbf\x9e\xe5\x86\xa0\xef\xbc\x8c\xe5\xa6\x82\xe4\xbb\x8a\xe4\xbb\x96\xe4\xbc\xa4\xe6\x84\x88\xe5\xbd\x92\xe6\x9d\xa5\xef\xbc\x8c\xe6\xac\xb2\xe8\xbe\x85\xe4\xbd\x90\xe8\xa9\xb9\xe5\xa7\x86\xe6\x96\xaf\xe5\x86\x8d\xe5\x8d\xab\xe5\x86\x95\xe3\x80\x82',
 'TitleUrl': u'http://www.toutiao.com/group/6352834416625303810/'}
2016-11-15 00:50:06 [scrapy] DEBUG: Scraped from <200 http://www.toutiao.com/api/article/feed/?category=news_sports&utm_source=toutiao&widen=0&max_behot_time=0&max_behot_time_tmp=1479170540&as=A16538313A8D839&cp=581A7DF853099E1>
{'Title': '\xe9\x87\x8c\xe7\x9a\xae\xe7\xab\x9f\xe6\x8a\x8a\xe6\x98\x94\xe6\x97\xa5\xe7\x88\xb1\xe5\xbe\x92\xe8\xa2\xab\xe6\x94\xbe\xe4\xb8\x8a\xe6\x9d\xbf\xe5\x87\xb3\xe5\xb8\xad \xe5\xa4\xa7\xe5\x9c\xba\xe9\x9d\xa2\xe5\x85\x88\xe7\x94\x9f\xe5\xb0\x86\xe6\x88\x90\xe5\x9b\xbd\xe8\xb6\xb3\xe8\xbf\x9b\xe6\x94\xbb\xe5\xa5\x87\xe5\x85\xb5',
 'TitleUrl': u'http://www.toutiao.com/group/6352593717488713985/'}
2016-11-15 00:50:06 [scrapy] DEBUG: Scraped from <200 http://www.toutiao.com/api/article/feed/?category=news_sports&utm_source=toutiao&widen=0&max_behot_time=0&max_behot_time_tmp=1479170540&as=A16538313A8D839&cp=581A7DF853099E1>
{'Title': '\xe7\xbb\x8f\xe5\x85\xb8\xe9\x87\x8d\xe6\xb8\xa9\xef\xbc\x9a\xe9\x82\xa3\xe4\xb8\x80\xe5\x9c\xba\xe5\xa4\xa7\xe9\xad\x94\xe7\x8e\x8b\xe5\xbc\xa0\xe6\x80\xa1\xe5\xae\x81\xe6\x89\x93\xe5\x93\xad\xe7\xa6\x8f\xe5\x8e\x9f\xe7\x88\xb1\xe7\x9a\x84\xe6\xaf\x94\xe8\xb5\x9b\xef\xbc\x81\xe8\xbf\x99\xe8\xa7\xa3\xe8\xaf\xb4\xe7\xbb\x9d\xe4\xba\x86\xef\xbc\x81',
 'TitleUrl': u'http://www.toutiao.com/group/6352751259010892034/'}
2016-11-15 00:50:06 [scrapy] DEBUG: Scraped from <200 http://www.toutiao.com/api/article/feed/?category=news_sports&utm_source=toutiao&widen=0&max_behot_time=0&max_behot_time_tmp=1479170540&as=A16538313A8D839&cp=581A7DF853099E1>
{'Title': '\xe6\x81\x92\xe5\xa4\xa7\xe7\x8e\x8b\xe6\x9c\x9d\xe5\x8d\xb1\xe5\x9c\xa8\xe6\x97\xa6\xe5\xa4\x95\xef\xbc\x9f\xe4\xb8\xa4\xe4\xbd\x8d\xe5\xa4\xa7\xe8\x85\xbf\xe7\xba\xa7\xe7\x90\x83\xe5\x91\x98\xe5\x85\x88\xe5\x90\x8e\xe8\xa2\xab\xe6\x9b\x9d\xe6\x88\x96\xe7\xa6\xbb\xe5\xbc\x80',
 'TitleUrl': u'http://www.toutiao.com/group/6352634493664346369/'}
2016-11-15 00:50:06 [scrapy] DEBUG: Scraped from <200 http://www.toutiao.com/api/article/feed/?category=news_sports&utm_source=toutiao&widen=0&max_behot_time=0&max_behot_time_tmp=1479170540&as=A16538313A8D839&cp=581A7DF853099E1>
{'Title': '\xe5\xa5\xb3\xe7\xa5\x9e\xe6\xbd\x98\xe6\x99\x93\xe5\xa9\xb7\xe5\x85\xad\xe5\xa4\xa7\xe6\x83\x8a\xe8\x89\xb3\xe7\x9e\xac\xe9\x97\xb4\xef\xbc\x81\xe6\x9c\x80\xe5\x90\x8e\xe4\xb8\x80\xe5\xbc\xa0\xe4\xb9\x9f\xe6\x98\xaf\xe6\xb2\xa1\xe8\xb0\x81\xe4\xba\x86\xef\xbc\x81',
 'TitleUrl': u'http://www.toutiao.com/group/6333396279476896002/'}
2016-11-15 00:50:06 [scrapy] DEBUG: Scraped from <200 http://www.toutiao.com/api/article/feed/?category=news_sports&utm_source=toutiao&widen=0&max_behot_time=0&max_behot_time_tmp=1479170540&as=A16538313A8D839&cp=581A7DF853099E1>
{'Title': '\xe5\xbd\x93\xe6\x9d\xb0\xe5\xbc\x97\xe6\xa3\xae\xe6\x89\x93\xe8\xbf\x9b\xe8\xbf\x99\xe8\xae\xb0\xe4\xba\x8c\xe5\x8a\xa0\xe4\xb8\x80\xe7\x9a\x84\xe6\x97\xb6\xe5\x80\x99\xef\xbc\x8c\xe9\x81\xad\xe5\xbc\x83\xe7\x9a\x84\xe6\xac\xa7\xe6\x96\x87\xe4\xb8\x80\xe4\xb8\xbe\xe5\x8a\xa8\xe8\xaf\xb4\xe6\x98\x8e\xe9\xaa\x91\xe5\xa3\xab\xe7\x9a\x84\xe5\x9b\xa2\xe7\xbb\x93',
 'TitleUrl': u'http://www.toutiao.com/group/6352850439637057793/'}
2016-11-15 00:50:06 [scrapy] DEBUG: Scraped from <200 http://www.toutiao.com/api/article/feed/?category=news_sports&utm_source=toutiao&widen=0&max_behot_time=0&max_behot_time_tmp=1479170540&as=A16538313A8D839&cp=581A7DF853099E1>
{'Title': '\xe8\xa9\xb9\xe5\xa7\x86\xe6\x96\xaf\xe6\x9b\xbe\xe7\xbb\x99\xe4\xbb\x96\xe5\xbd\x93\xe5\xb0\x8f\xe5\xbc\x9f\xef\xbc\x8c\xe4\xbb\x96\xe4\xb8\xba\xe5\x88\xb7\xe4\xb8\x89\xe5\x8f\x8c\xe6\x9d\x80\xe5\x90\x91\xe8\x87\xaa\xe5\xb7\xb1\xe7\xaf\xae\xe7\xad\x90\xef\xbc\x81',
 'TitleUrl': u'http://www.toutiao.com/group/6352975484611412226/'}
2016-11-15 00:50:06 [scrapy] DEBUG: Scraped from <200 http://www.toutiao.com/api/article/feed/?category=news_sports&utm_source=toutiao&widen=0&max_behot_time=0&max_behot_time_tmp=1479170540&as=A16538313A8D839&cp=581A7DF853099E1>
{'Title': '\xe7\x81\xab\xe7\xae\xad\xe5\x8d\xb3\xe5\xb0\x86\xe5\xbc\x80\xe5\x90\xaf\xe4\xba\xa4\xe6\x98\x93\xe6\xa8\xa1\xe5\xbc\x8f',
 'TitleUrl': u'http://www.toutiao.com/group/6352698224544940290/'}
2016-11-15 00:50:06 [scrapy] DEBUG: Scraped from <200 http://www.toutiao.com/api/article/feed/?category=news_sports&utm_source=toutiao&widen=0&max_behot_time=0&max_behot_time_tmp=1479170540&as=A16538313A8D839&cp=581A7DF853099E1>
{'Title': '\xe7\xa7\x91\xe5\xb0\x94\xe7\xbb\x88\xe4\xba\x8e\xe5\xbc\x80\xe7\xaa\x8d\xef\xbc\x9a\xe6\x8d\xa2\xe4\xbb\x80\xe4\xb9\x88\xe6\xb5\x93\xe7\x9c\x89\xe5\x93\xa5\xef\xbc\x8c\xe7\x94\xa8\xe5\xa5\xbd\xe5\xa4\xa7\xe9\xba\xa6\xe5\x9f\xba\xef\xbc\x8c\xe6\x80\xbb\xe5\x86\xa0\xe5\x86\x9b\xe5\xb0\xb1\xe5\x88\xb0\xe6\x89\x8b\xe4\xba\x86',
 'TitleUrl': u'http://www.toutiao.com/group/6351666496754352386/'}
2016-11-15 00:50:06 [scrapy] DEBUG: Scraped from <200 http://www.toutiao.com/api/article/feed/?category=news_sports&utm_source=toutiao&widen=0&max_behot_time=0&max_behot_time_tmp=1479170540&as=A16538313A8D839&cp=581A7DF853099E1>
{'Title': '\xe9\xaa\x91\xe5\xa3\xab\xe8\xae\xa9\xe8\xa9\xb9\xe5\xa7\x86\xe6\x96\xaf\xe8\xbf\x99\xe6\xa0\xb7\xe6\x89\x93\xef\xbc\x8c\xe7\x9c\x8b\xe6\x9d\xa5\xe7\x9c\x9f\xe7\x9a\x84\xe8\xa6\x81\xe4\xba\xa4\xe6\x98\x93\xe6\xb5\x93\xe7\x9c\x89\xe7\xbb\x84\xe5\x9b\x9b\xe5\xb7\xa8\xe5\xa4\xb4\xe4\xba\x86',
 'TitleUrl': u'http://www.toutiao.com/group/6352690133666480385/'}
2016-11-15 00:50:06 [scrapy] DEBUG: Scraped from <200 http://www.toutiao.com/api/article/feed/?category=news_sports&utm_source=toutiao&widen=0&max_behot_time=0&max_behot_time_tmp=1479170540&as=A16538313A8D839&cp=581A7DF853099E1>
{'Title': '\xe5\x87\xba\xe6\x89\x8b20\xe6\xac\xa1\xe7\xab\x9f\xe7\x84\xb613\xe6\xac\xa1\xe6\x98\xaf\xe4\xb8\x89\xe5\x88\x86\xe7\x90\x83\xef\xbc\x8c\xe6\x9c\x80\xe6\xb0\xb4\xe7\x8a\xb6\xe5\x85\x83\xe6\x8a\x8a\xe8\x87\xaa\xe5\xb7\xb1\xe5\xbd\x93\xe5\xba\x93\xe9\x87\x8c',
 'TitleUrl': u'http://www.toutiao.com/group/6352852201257353474/'}
2016-11-15 00:50:06 [scrapy] DEBUG: Scraped from <200 http://www.toutiao.com/api/article/feed/?category=news_sports&utm_source=toutiao&widen=0&max_behot_time=0&max_behot_time_tmp=1479170540&as=A16538313A8D839&cp=581A7DF853099E1>
{'Title': '\xe6\x9d\x83\xe5\x81\xa5\xe7\x8e\xa9\xe5\xa4\xa7\xe7\x9a\x84\xef\xbc\x9f\xe6\xb2\xb3\xe8\xa5\xbf\xe6\x96\xb0\xe7\x90\x83\xe5\x9c\xba\xe6\x9b\x9d\xe5\x85\x89\xef\xbc\x81\xe9\xa2\x86\xe5\x85\x88\xe5\x9b\xbd\xe5\x86\x8550\xe5\xb9\xb4\xef\xbc\x8c\xe4\xb8\x96\xe7\x95\x8c\xe7\xac\xac\xe5\x9b\x9b\xe5\x85\xa8\xe5\x9b\xbd\xe7\xac\xac\xe4\xb8\x80',
 'TitleUrl': u'http://www.toutiao.com/group/6352366942851072257/'}
2016-11-15 00:50:06 [scrapy] DEBUG: Scraped from <200 http://www.toutiao.com/api/article/feed/?category=news_sports&utm_source=toutiao&widen=0&max_behot_time=0&max_behot_time_tmp=1479170540&as=A16538313A8D839&cp=581A7DF853099E1>
{'Title': '\xe9\xa9\xac\xe8\x8b\x8f\xe9\x9d\xa2\xe5\xaf\xb9\xe5\xad\x94\xe4\xbb\xa4\xe8\xbe\x89\xe2\x80\x9c\xe7\x89\xb5\xe6\x89\x8b\xe9\x97\xa8\xe2\x80\x9d\xef\xbc\x9a\xe6\x88\x91\xe7\x9b\xb8\xe4\xbf\xa1\xe5\xad\x94\xe4\xbb\xa4\xe8\xbe\x89',
 'TitleUrl': u'http://www.toutiao.com/group/6352644007654506754/'}
2016-11-15 00:50:06 [scrapy] DEBUG: Scraped from <200 http://www.toutiao.com/api/article/feed/?category=news_sports&utm_source=toutiao&widen=0&max_behot_time=0&max_behot_time_tmp=1479170540&as=A16538313A8D839&cp=581A7DF853099E1>
{'Title': '\xe9\xa9\xac\xe8\x8b\x8f\xe9\x9d\xa2\xe5\xaf\xb9\xe5\xad\x94\xe4\xbb\xa4\xe8\xbe\x89\xe2\x80\x9c\xe7\x89\xb5\xe6\x89\x8b\xe9\x97\xa8\xe2\x80\x9d\xef\xbc\x9a\xe6\x88\x91\xe7\x9b\xb8\xe4\xbf\xa1\xe5\xad\x94\xe4\xbb\xa4\xe8\xbe\x89',
 'TitleUrl': u'http://www.toutiao.com/group/6352963191736582401/?_as_1479171004'}
2016-11-15 00:50:06 [toutiao] INFO: now entring download midware
2016-11-15 00:50:06 [toutiao] INFO: User-Agent is: hl_ftien_spider_v1.1 <GET http://www.toutiao.com/api/article/feed/?category=news_sports&utm_source=toutiao&widen=0&max_behot_time=0&max_behot_time_tmp=1479170954&as=A16538313A8D839&cp=581A7DF853099E1>
2016-11-15 00:50:06 [scrapy] DEBUG: Crawled (200) <GET http://www.toutiao.com/api/article/feed/?category=news_sports&utm_source=toutiao&widen=0&max_behot_time=0&max_behot_time_tmp=1479170954&as=A16538313A8D839&cp=581A7DF853099E1> (referer: http://www.toutiao.com/api/article/feed/?category=news_sports&utm_source=toutiao&widen=0&max_behot_time=0&max_behot_time_tmp=1479170540&as=A16538313A8D839&cp=581A7DF853099E1)
2016-11-15 00:50:06 [toutiao] DEBUG: Fetch toutiao homepage page: http://www.toutiao.com/api/article/feed/?category=news_sports&utm_source=toutiao&widen=0&max_behot_time=0&max_behot_time_tmp=1479170954&as=A16538313A8D839&cp=581A7DF853099E1
2016-11-15 00:50:06 [scrapy] DEBUG: Scraped from <200 http://www.toutiao.com/api/article/feed/?category=news_sports&utm_source=toutiao&widen=0&max_behot_time=0&max_behot_time_tmp=1479170954&as=A16538313A8D839&cp=581A7DF853099E1>
{'Title': '\xe5\xa4\xa9\xe6\xb4\xa5\xe6\xb3\xb0\xe8\xbe\xbe\xe9\xbb\x91\xe5\x8f\x88\xe7\xa1\xac\xe8\x80\x81\xe5\xa9\x86\xe7\xbe\x8e\xe7\xbf\xbb\xe5\xa4\xa9 \xe4\xbf\x9d\xe7\xba\xa7\xe8\xb7\xaf\xe4\xb8\x8a\xe6\x9c\x89\xe5\xa5\xb9\xe4\xb8\x80\xe5\x8d\x8a\xe5\x8a\x9f\xe5\x8a\xb3\xef\xbc\x81',
 'TitleUrl': u'http://www.toutiao.com/group/6352799565217071361/'}
2016-11-15 00:50:06 [scrapy] DEBUG: Scraped from <200 http://www.toutiao.com/api/article/feed/?category=news_sports&utm_source=toutiao&widen=0&max_behot_time=0&max_behot_time_tmp=1479170954&as=A16538313A8D839&cp=581A7DF853099E1>
{'Title': '4250\xe4\xb8\x87\xe6\xb0\xb4\xe8\xb4\xa7:\xe6\x8a\x95\xe6\x9b\xbc\xe8\x81\x94\xe5\x85\xa8\xe5\x9b\xa0\xe7\xa9\x86\xe5\xb8\x85 \xe4\xbb\x96\xe6\x98\xaf\xe5\xbd\x93\xe4\xb8\x96\xe6\x9c\x80\xe4\xbd\xb3\xe4\xb9\x8b\xe4\xb8\x80',
 'TitleUrl': u'http://www.toutiao.com/group/6352710572706021634/'}
2016-11-15 00:50:06 [scrapy] DEBUG: Scraped from <200 http://www.toutiao.com/api/article/feed/?category=news_sports&utm_source=toutiao&widen=0&max_behot_time=0&max_behot_time_tmp=1479170954&as=A16538313A8D839&cp=581A7DF853099E1>
{'Title': '\xe8\xbf\x99\xe4\xbd\x8d\xe4\xb8\x8e\xe5\x9b\xbd\xe8\xb6\xb3\xe4\xb8\xbb\xe5\xb8\x85\xe9\x87\x8c\xe7\x9a\xae\xe5\x85\xb3\xe7\xb3\xbb\xe4\xba\xb2\xe5\xaf\x86\xe7\x9a\x84\xe4\xb8\xad\xe5\x9b\xbd\xe5\xa7\x91\xe5\xa8\x98\xe6\x98\xaf\xe8\xb0\x81\xef\xbc\x9f',
 'TitleUrl': u'http://www.toutiao.com/group/6352647332006150402/'}
2016-11-15 00:50:06 [scrapy] DEBUG: Scraped from <200 http://www.toutiao.com/api/article/feed/?category=news_sports&utm_source=toutiao&widen=0&max_behot_time=0&max_behot_time_tmp=1479170954&as=A16538313A8D839&cp=581A7DF853099E1>
{'Title': '\xe5\x8a\xa0\xe7\x9b\x9f\xe5\x95\x86\xe6\x9c\xba\xef\xbc\x9a\xe4\xb8\x89\xe5\xa4\xa9\xe5\xb0\xb1\xe6\x90\x9e\xe5\xae\x9a\xe4\xba\x86\xe7\x9a\x84\xe6\x98\xaf\xe4\xbb\x80\xe4\xb9\x88\xe8\xa3\x85\xe4\xbf\xae\xef\xbc\x9f',
 'TitleUrl': u'http://www.toutiao.com/group/6350543403553390850/'}
2016-11-15 00:50:06 [scrapy] DEBUG: Scraped from <200 http://www.toutiao.com/api/article/feed/?category=news_sports&utm_source=toutiao&widen=0&max_behot_time=0&max_behot_time_tmp=1479170954&as=A16538313A8D839&cp=581A7DF853099E1>
{'Title': '\xe9\x87\x8c\xe7\x9a\xae\xe9\xa6\x96\xe5\x8f\x91\xe4\xb8\x8d\xe7\x94\xa8\xe8\x92\xbf\xe4\xbf\x8a\xe9\x97\xb5\xef\xbc\x9f\xe7\x90\x86\xe7\x94\xb1\xe5\xa6\x82\xe4\xb8\x8b',
 'TitleUrl': u'http://www.toutiao.com/group/6352796308621066498/'}
2016-11-15 00:50:06 [scrapy] DEBUG: Scraped from <200 http://www.toutiao.com/api/article/feed/?category=news_sports&utm_source=toutiao&widen=0&max_behot_time=0&max_behot_time_tmp=1479170954&as=A16538313A8D839&cp=581A7DF853099E1>
{'Title': '\xe8\xbf\x99\xe6\x89\x8d\xe6\x98\xaf\xe7\x9c\x9f\xe9\xbb\x84\xe9\x87\x91\xe4\xb8\x80\xe4\xbb\xa3\xef\xbc\x81\xe7\x8e\xb0\xe5\x9c\xa8\xe9\x87\x8d\xe6\x8e\x9209\xe5\xb1\x8a\xe6\x96\xb0\xe7\xa7\x80\xe6\xa0\xbc\xe9\x87\x8c\xe8\x8a\xac\xe5\x8f\xaa\xe8\x83\xbd\xe7\xac\xac\xe5\x9b\x9b\xef\xbc\x9f',
 'TitleUrl': u'http://www.toutiao.com/group/6352713483264688386/'}
2016-11-15 00:50:06 [scrapy] DEBUG: Scraped from <200 http://www.toutiao.com/api/article/feed/?category=news_sports&utm_source=toutiao&widen=0&max_behot_time=0&max_behot_time_tmp=1479170954&as=A16538313A8D839&cp=581A7DF853099E1>
{'Title': '\xe6\x9b\xbe\xe7\xbb\x8f\xe6\x98\xaf\xe4\xbd\x93\xe8\x82\xb2\xe7\x95\x8c\xe7\x9a\x84\xe5\xa4\xa7\xe5\xa7\x90\xe5\xa4\xa7\xef\xbc\x8c\xe8\xba\xab\xe4\xbb\xb73\xe4\xb8\xaa\xe4\xba\xbf\xef\xbc\x8c\xe5\xa6\x82\xe4\xbb\x8a\xe8\x90\xbd\xe9\xad\x84\xe6\x88\x90\xe8\xbf\x99\xe6\xa0\xb7',
 'TitleUrl': u'http://www.toutiao.com/group/6352861295188263170/'}
2016-11-15 00:50:06 [scrapy] DEBUG: Scraped from <200 http://www.toutiao.com/api/article/feed/?category=news_sports&utm_source=toutiao&widen=0&max_behot_time=0&max_behot_time_tmp=1479170954&as=A16538313A8D839&cp=581A7DF853099E1>
{'Title': '\xe4\xb8\x8a\xe6\xb5\xb7\xe7\x94\xb7\xe7\xaf\xae\xe5\x93\x94\xe5\x93\xa9\xe5\x93\x94\xe5\x93\xa9\xe5\x85\xad\xe8\xbf\x9e\xe8\x83\x9c\xe6\x88\x90\xe5\xa4\xba\xe5\x86\xa0\xe7\x83\xad\xe9\x97\xa8\xef\xbc\x8c\xe8\xbf\x98\xe6\x98\xaf\xe5\xa7\x9a\xe6\x98\x8e\xe7\x90\x86\xe6\x99\xba\xef\xbc\x8c\xe5\x88\xb0\xe5\xba\x95\xe6\x98\xaf\xe8\x80\x81\xe6\x9d\xbf\xef\xbc\x81',
 'TitleUrl': u'http://www.toutiao.com/group/6352796620350161154/'}
2016-11-15 00:50:06 [scrapy] DEBUG: Scraped from <200 http://www.toutiao.com/api/article/feed/?category=news_sports&utm_source=toutiao&widen=0&max_behot_time=0&max_behot_time_tmp=1479170954&as=A16538313A8D839&cp=581A7DF853099E1>
{'Title': '\xe5\xa4\xa7\xe5\x86\x99\xe7\x9a\x84\xe5\xb0\xb4\xe5\xb0\xac\xef\xbc\x81\xe5\xbd\x93\xe5\xb9\xb4\xe9\x9b\xb7\xe9\x9c\x86\xe5\x9b\x9b\xe5\xb0\x91\xe5\xb0\x8f\xe5\xbc\x9f\xe4\xbb\xac\xe9\x83\xbd\xe7\x86\xac\xe6\x88\x90\xe4\xba\x86\xe8\x80\x81\xe5\xa4\xa7\xef\xbc\x8c\xe8\x80\x81\xe5\xa4\xa7\xe5\x8d\xb4\xe6\xb2\xa6\xe4\xb8\xba\xe4\xba\x86\xe8\x80\x81\xe4\xba\x8c',
 'TitleUrl': u'http://www.toutiao.com/group/6352816377438945537/'}
2016-11-15 00:50:06 [scrapy] DEBUG: Scraped from <200 http://www.toutiao.com/api/article/feed/?category=news_sports&utm_source=toutiao&widen=0&max_behot_time=0&max_behot_time_tmp=1479170954&as=A16538313A8D839&cp=581A7DF853099E1>
{'Title': '\xe6\x9b\xbe\xe5\xae\xb3\xe5\xbe\x97\xe8\xa9\xb9\xe5\xa7\x86\xe6\x96\xaf\xe9\x94\x99\xe5\xa4\xb1\xe4\xb8\x89\xe8\xbf\x9e\xe5\x86\xa0\xef\xbc\x8c\xe5\xa6\x82\xe4\xbb\x8a\xe4\xbb\x96\xe4\xbc\xa4\xe6\x84\x88\xe5\xbd\x92\xe6\x9d\xa5\xef\xbc\x8c\xe6\xac\xb2\xe8\xbe\x85\xe4\xbd\x90\xe8\xa9\xb9\xe5\xa7\x86\xe6\x96\xaf\xe5\x86\x8d\xe5\x8d\xab\xe5\x86\x95\xe3\x80\x82',
 'TitleUrl': u'http://www.toutiao.com/group/6352834416625303810/'}
2016-11-15 00:50:06 [scrapy] DEBUG: Scraped from <200 http://www.toutiao.com/api/article/feed/?category=news_sports&utm_source=toutiao&widen=0&max_behot_time=0&max_behot_time_tmp=1479170954&as=A16538313A8D839&cp=581A7DF853099E1>
{'Title': '\xe9\x87\x8c\xe7\x9a\xae\xe7\xab\x9f\xe6\x8a\x8a\xe6\x98\x94\xe6\x97\xa5\xe7\x88\xb1\xe5\xbe\x92\xe8\xa2\xab\xe6\x94\xbe\xe4\xb8\x8a\xe6\x9d\xbf\xe5\x87\xb3\xe5\xb8\xad \xe5\xa4\xa7\xe5\x9c\xba\xe9\x9d\xa2\xe5\x85\x88\xe7\x94\x9f\xe5\xb0\x86\xe6\x88\x90\xe5\x9b\xbd\xe8\xb6\xb3\xe8\xbf\x9b\xe6\x94\xbb\xe5\xa5\x87\xe5\x85\xb5',
 'TitleUrl': u'http://www.toutiao.com/group/6352593717488713985/'}
2016-11-15 00:50:06 [scrapy] DEBUG: Scraped from <200 http://www.toutiao.com/api/article/feed/?category=news_sports&utm_source=toutiao&widen=0&max_behot_time=0&max_behot_time_tmp=1479170954&as=A16538313A8D839&cp=581A7DF853099E1>
{'Title': '\xe7\xbb\x8f\xe5\x85\xb8\xe9\x87\x8d\xe6\xb8\xa9\xef\xbc\x9a\xe9\x82\xa3\xe4\xb8\x80\xe5\x9c\xba\xe5\xa4\xa7\xe9\xad\x94\xe7\x8e\x8b\xe5\xbc\xa0\xe6\x80\xa1\xe5\xae\x81\xe6\x89\x93\xe5\x93\xad\xe7\xa6\x8f\xe5\x8e\x9f\xe7\x88\xb1\xe7\x9a\x84\xe6\xaf\x94\xe8\xb5\x9b\xef\xbc\x81\xe8\xbf\x99\xe8\xa7\xa3\xe8\xaf\xb4\xe7\xbb\x9d\xe4\xba\x86\xef\xbc\x81',
 'TitleUrl': u'http://www.toutiao.com/group/6352751259010892034/'}
2016-11-15 00:50:06 [scrapy] DEBUG: Scraped from <200 http://www.toutiao.com/api/article/feed/?category=news_sports&utm_source=toutiao&widen=0&max_behot_time=0&max_behot_time_tmp=1479170954&as=A16538313A8D839&cp=581A7DF853099E1>
{'Title': '\xe6\x81\x92\xe5\xa4\xa7\xe7\x8e\x8b\xe6\x9c\x9d\xe5\x8d\xb1\xe5\x9c\xa8\xe6\x97\xa6\xe5\xa4\x95\xef\xbc\x9f\xe4\xb8\xa4\xe4\xbd\x8d\xe5\xa4\xa7\xe8\x85\xbf\xe7\xba\xa7\xe7\x90\x83\xe5\x91\x98\xe5\x85\x88\xe5\x90\x8e\xe8\xa2\xab\xe6\x9b\x9d\xe6\x88\x96\xe7\xa6\xbb\xe5\xbc\x80',
 'TitleUrl': u'http://www.toutiao.com/group/6352634493664346369/'}
2016-11-15 00:50:06 [scrapy] DEBUG: Scraped from <200 http://www.toutiao.com/api/article/feed/?category=news_sports&utm_source=toutiao&widen=0&max_behot_time=0&max_behot_time_tmp=1479170954&as=A16538313A8D839&cp=581A7DF853099E1>
{'Title': '\xe5\xa5\xb3\xe7\xa5\x9e\xe6\xbd\x98\xe6\x99\x93\xe5\xa9\xb7\xe5\x85\xad\xe5\xa4\xa7\xe6\x83\x8a\xe8\x89\xb3\xe7\x9e\xac\xe9\x97\xb4\xef\xbc\x81\xe6\x9c\x80\xe5\x90\x8e\xe4\xb8\x80\xe5\xbc\xa0\xe4\xb9\x9f\xe6\x98\xaf\xe6\xb2\xa1\xe8\xb0\x81\xe4\xba\x86\xef\xbc\x81',
 'TitleUrl': u'http://www.toutiao.com/group/6333396279476896002/'}
2016-11-15 00:50:06 [scrapy] DEBUG: Scraped from <200 http://www.toutiao.com/api/article/feed/?category=news_sports&utm_source=toutiao&widen=0&max_behot_time=0&max_behot_time_tmp=1479170954&as=A16538313A8D839&cp=581A7DF853099E1>
{'Title': '\xe5\xbd\x93\xe6\x9d\xb0\xe5\xbc\x97\xe6\xa3\xae\xe6\x89\x93\xe8\xbf\x9b\xe8\xbf\x99\xe8\xae\xb0\xe4\xba\x8c\xe5\x8a\xa0\xe4\xb8\x80\xe7\x9a\x84\xe6\x97\xb6\xe5\x80\x99\xef\xbc\x8c\xe9\x81\xad\xe5\xbc\x83\xe7\x9a\x84\xe6\xac\xa7\xe6\x96\x87\xe4\xb8\x80\xe4\xb8\xbe\xe5\x8a\xa8\xe8\xaf\xb4\xe6\x98\x8e\xe9\xaa\x91\xe5\xa3\xab\xe7\x9a\x84\xe5\x9b\xa2\xe7\xbb\x93',
 'TitleUrl': u'http://www.toutiao.com/group/6352850439637057793/'}
2016-11-15 00:50:06 [scrapy] DEBUG: Scraped from <200 http://www.toutiao.com/api/article/feed/?category=news_sports&utm_source=toutiao&widen=0&max_behot_time=0&max_behot_time_tmp=1479170954&as=A16538313A8D839&cp=581A7DF853099E1>
{'Title': '\xe5\xbd\x93\xe6\x9d\xb0\xe5\xbc\x97\xe6\xa3\xae\xe6\x89\x93\xe8\xbf\x9b\xe8\xbf\x99\xe8\xae\xb0\xe4\xba\x8c\xe5\x8a\xa0\xe4\xb8\x80\xe7\x9a\x84\xe6\x97\xb6\xe5\x80\x99\xef\xbc\x8c\xe9\x81\xad\xe5\xbc\x83\xe7\x9a\x84\xe6\xac\xa7\xe6\x96\x87\xe4\xb8\x80\xe4\xb8\xbe\xe5\x8a\xa8\xe8\xaf\xb4\xe6\x98\x8e\xe9\xaa\x91\xe5\xa3\xab\xe7\x9a\x84\xe5\x9b\xa2\xe7\xbb\x93',
 'TitleUrl': u'http://www.toutiao.com/group/6352963984275112193/?_as_1479171005'}
2016-11-15 00:50:06 [toutiao] INFO: now entring download midware
2016-11-15 00:50:06 [toutiao] INFO: User-Agent is: FyberSpider (+http://www.fybersearch.com/fyberspider.php) <GET http://www.toutiao.com/api/article/feed/?category=news_sports&utm_source=toutiao&widen=0&max_behot_time=0&max_behot_time_tmp=1479171003&as=A16538313A8D839&cp=581A7DF853099E1>
2016-11-15 00:50:07 [scrapy] DEBUG: Crawled (200) <GET http://www.toutiao.com/api/article/feed/?category=news_sports&utm_source=toutiao&widen=0&max_behot_time=0&max_behot_time_tmp=1479171003&as=A16538313A8D839&cp=581A7DF853099E1> (referer: http://www.toutiao.com/api/article/feed/?category=news_sports&utm_source=toutiao&widen=0&max_behot_time=0&max_behot_time_tmp=1479170954&as=A16538313A8D839&cp=581A7DF853099E1)
2016-11-15 00:50:07 [toutiao] DEBUG: Fetch toutiao homepage page: http://www.toutiao.com/api/article/feed/?category=news_sports&utm_source=toutiao&widen=0&max_behot_time=0&max_behot_time_tmp=1479171003&as=A16538313A8D839&cp=581A7DF853099E1
2016-11-15 00:50:07 [scrapy] DEBUG: Scraped from <200 http://www.toutiao.com/api/article/feed/?category=news_sports&utm_source=toutiao&widen=0&max_behot_time=0&max_behot_time_tmp=1479171003&as=A16538313A8D839&cp=581A7DF853099E1>
{'Title': '\xe5\x8a\x9b\xe5\xb8\x86\xe9\x98\x9f\xe9\x95\xbf\xe7\x8e\x8b\xe6\xa0\x8b\xe8\xa2\xab\xe8\xb1\xaa\xe9\x97\xa8\xe7\x9b\xaf\xe4\xb8\x8a\xef\xbc\x9f\xe8\xbf\x99\xe4\xb8\xaa\xe5\x86\xac\xe5\xa4\xa9\xe5\x8a\x9b\xe5\xb8\x86\xe6\x9c\x89\xe7\x82\xb9\xe5\xbf\x99',
 'TitleUrl': u'http://www.toutiao.com/group/6352824644702404865/'}
2016-11-15 00:50:07 [scrapy] DEBUG: Scraped from <200 http://www.toutiao.com/api/article/feed/?category=news_sports&utm_source=toutiao&widen=0&max_behot_time=0&max_behot_time_tmp=1479171003&as=A16538313A8D839&cp=581A7DF853099E1>
{'Title': '\xe4\xbb\x80\xe4\xb9\x88\xe6\x98\xaf\xe5\x85\xab\xe9\x9d\xa2\xe5\x87\xba\xe9\x94\x8b\xef\xbc\x8c\xe4\xbb\x80\xe4\xb9\x88\xe6\x98\xaf\xe4\xb8\xad\xe9\x94\x8b\xe7\x94\xa8\xe7\xac\x94\xef\xbc\x8c\xe8\x8a\xb1\xe9\x92\xb1\xe8\x80\x81\xe5\xb8\x88\xe9\x83\xbd\xe4\xb8\x8d\xe4\xbc\x9a\xe8\xae\xb2\xe7\x9a\x84\xe4\xb9\xa6\xe6\xb3\x95\xe7\xb2\xbe\xe9\xab\x93',
 'TitleUrl': u'http://www.toutiao.com/group/6352849023401017601/'}
2016-11-15 00:50:07 [scrapy] DEBUG: Scraped from <200 http://www.toutiao.com/api/article/feed/?category=news_sports&utm_source=toutiao&widen=0&max_behot_time=0&max_behot_time_tmp=1479171003&as=A16538313A8D839&cp=581A7DF853099E1>
{'Title': '\xe6\xa2\x85\xe8\xa5\xbf\xe8\x80\x83\xe8\x99\x91\xe7\xa6\xbb\xe5\xbc\x80\xe5\xb7\xb4\xe8\x90\xa8\xe5\x9b\xa0\xe4\xb8\x80\xe4\xba\x8b\xe4\xbb\xa4\xe4\xbb\x96\xe7\x83\xa6\xe6\x81\xbc  \xe6\x9c\xaa\xe6\x9d\xa5\xe4\xb8\x9c\xe5\xae\xb6\xe5\xb7\xb2\xe5\x9f\xba\xe6\x9c\xac\xe5\xae\x9a',
 'TitleUrl': u'http://www.toutiao.com/group/6352759140548346113/'}
2016-11-15 00:50:07 [scrapy] DEBUG: Scraped from <200 http://www.toutiao.com/api/article/feed/?category=news_sports&utm_source=toutiao&widen=0&max_behot_time=0&max_behot_time_tmp=1479171003&as=A16538313A8D839&cp=581A7DF853099E1>
{'Title': '\xe9\xa9\xac\xe5\xb8\x83\xe9\x87\x8c\xe5\x8f\x97\xe4\xbc\xa4\xe6\xb2\xa1\xe4\xb8\x8a\xe5\x9c\xba\xef\xbc\x8c\xe6\x81\x90\xe6\x80\x95\xe4\xbb\xa5\xe5\x90\x8e\xe4\xb8\x8d\xe8\x83\xbd\xe4\xb8\x8a\xe5\x9c\xba\xef\xbc\x9f\xe5\x8c\x97\xe4\xba\xac\xe9\x98\x9f\xe5\xa4\xba\xe5\x86\xa0\xe8\xb7\xaf\xe4\xb8\x8a\xe5\xbe\x88\xe9\x9a\xbe\xe8\xb5\xb0\xe3\x80\x82',
 'TitleUrl': u'http://www.toutiao.com/group/6352854234925138177/'}
2016-11-15 00:50:07 [scrapy] DEBUG: Scraped from <200 http://www.toutiao.com/api/article/feed/?category=news_sports&utm_source=toutiao&widen=0&max_behot_time=0&max_behot_time_tmp=1479171003&as=A16538313A8D839&cp=581A7DF853099E1>
{'Title': '\xe4\xb8\x80\xe5\xbc\xa0\xe5\x9b\xbe\xe9\x81\x93\xe5\x87\xba\xe6\x85\x88\xe4\xb8\x96\xe5\xb9\xb3\xe4\xb8\xba\xe4\xbd\x95\xe5\x9c\xa8\xe6\xb9\x96\xe4\xba\xba\xe5\xa6\x82\xe6\xad\xa4\xe5\x8f\x97\xe5\xb0\x8a\xe6\x95\xac\xef\xbc\x8c\xe7\xa7\x91\xe6\xaf\x94\xe7\x9c\x8b\xe4\xba\x86\xe9\x83\xbd\xe7\x9c\xbc\xe9\xa6\x8b\xef\xbc\x81',
 'TitleUrl': u'http://www.toutiao.com/group/6352742275202728194/'}
2016-11-15 00:50:07 [scrapy] DEBUG: Scraped from <200 http://www.toutiao.com/api/article/feed/?category=news_sports&utm_source=toutiao&widen=0&max_behot_time=0&max_behot_time_tmp=1479171003&as=A16538313A8D839&cp=581A7DF853099E1>
{'Title': '\xe6\x9d\x8e\xe6\xb0\xb8\xe6\xb3\xa2\xe8\xba\xab\xe8\xbe\xb9\xe7\xba\xa2\xe4\xba\xba\xe5\xa5\xa5\xe8\xbf\x90\xe5\x86\xa0\xe5\x86\x9b\xe4\xb8\xba\xe5\xa4\xa711\xe5\xb2\x81CEO\xe7\x8b\xa0\xe5\xbf\x83\xe4\xb8\x8e\xe9\x9d\x92\xe6\xa2\x85\xe7\xab\xb9\xe9\xa9\xac\xe4\xb8\x88\xe5\xa4\xab\xe7\xa6\xbb\xe5\xa9\x9a',
 'TitleUrl': u'http://www.toutiao.com/group/6352786288798925058/'}
2016-11-15 00:50:07 [scrapy] DEBUG: Scraped from <200 http://www.toutiao.com/api/article/feed/?category=news_sports&utm_source=toutiao&widen=0&max_behot_time=0&max_behot_time_tmp=1479171003&as=A16538313A8D839&cp=581A7DF853099E1>
{'Title': '\xe7\x81\xab\xe7\xae\xad\xe9\xbb\x98\xe9\xbb\x98\xe6\xb5\x81\xe6\xb3\xaa\xef\xbc\x81\xe9\x9c\x8d\xe5\x8d\x8e\xe5\xbe\xb7\xe6\x89\xbe\xe5\x88\xb0\xe4\xbd\x93\xe7\xb3\xbb\xef\xbc\x8c\xe5\x88\x9b\xe5\xa4\x9a\xe9\xa1\xb9\xe6\x96\xb0\xe9\xab\x98\xe6\xa2\xa6\xe5\x9b\x9e\xe5\xb7\x85\xe5\xb3\xb0',
 'TitleUrl': u'http://www.toutiao.com/group/6352835071226200321/'}
2016-11-15 00:50:07 [scrapy] DEBUG: Scraped from <200 http://www.toutiao.com/api/article/feed/?category=news_sports&utm_source=toutiao&widen=0&max_behot_time=0&max_behot_time_tmp=1479171003&as=A16538313A8D839&cp=581A7DF853099E1>
{'Title': '\xe7\x9b\x98\xe7\x82\xb9\xe9\x82\xa3\xe4\xba\x9b\xe5\xb9\xb4WWE\xe9\x82\xa3\xe4\xba\x9b\xe4\xbb\xa4\xe4\xba\xba\xe9\x9a\xbe\xe5\xbf\x98\xe7\x9a\x84\xe7\x9a\x84\xe7\xb2\xbe\xe5\xbd\xa9\xe6\x97\xb6\xe5\x88\xbb\xef\xbc\x8c\xe4\xbd\xa0\xe8\xbf\x98\xe8\xae\xb0\xe5\xbe\x97\xe5\x90\x97\xef\xbc\x9f',
 'TitleUrl': u'http://www.toutiao.com/group/6352683367246610690/'}
2016-11-15 00:50:07 [scrapy] DEBUG: Scraped from <200 http://www.toutiao.com/api/article/feed/?category=news_sports&utm_source=toutiao&widen=0&max_behot_time=0&max_behot_time_tmp=1479171003&as=A16538313A8D839&cp=581A7DF853099E1>
{'Title': '\xe5\xa4\xa9\xe6\xb4\xa5\xe6\xb3\xb0\xe8\xbe\xbe\xe9\xbb\x91\xe5\x8f\x88\xe7\xa1\xac\xe8\x80\x81\xe5\xa9\x86\xe7\xbe\x8e\xe7\xbf\xbb\xe5\xa4\xa9 \xe4\xbf\x9d\xe7\xba\xa7\xe8\xb7\xaf\xe4\xb8\x8a\xe6\x9c\x89\xe5\xa5\xb9\xe4\xb8\x80\xe5\x8d\x8a\xe5\x8a\x9f\xe5\x8a\xb3\xef\xbc\x81',
 'TitleUrl': u'http://www.toutiao.com/group/6352799565217071361/'}
2016-11-15 00:50:07 [scrapy] DEBUG: Scraped from <200 http://www.toutiao.com/api/article/feed/?category=news_sports&utm_source=toutiao&widen=0&max_behot_time=0&max_behot_time_tmp=1479171003&as=A16538313A8D839&cp=581A7DF853099E1>
{'Title': '4250\xe4\xb8\x87\xe6\xb0\xb4\xe8\xb4\xa7:\xe6\x8a\x95\xe6\x9b\xbc\xe8\x81\x94\xe5\x85\xa8\xe5\x9b\xa0\xe7\xa9\x86\xe5\xb8\x85 \xe4\xbb\x96\xe6\x98\xaf\xe5\xbd\x93\xe4\xb8\x96\xe6\x9c\x80\xe4\xbd\xb3\xe4\xb9\x8b\xe4\xb8\x80',
 'TitleUrl': u'http://www.toutiao.com/group/6352710572706021634/'}
2016-11-15 00:50:07 [scrapy] DEBUG: Scraped from <200 http://www.toutiao.com/api/article/feed/?category=news_sports&utm_source=toutiao&widen=0&max_behot_time=0&max_behot_time_tmp=1479171003&as=A16538313A8D839&cp=581A7DF853099E1>
{'Title': '\xe8\xbf\x99\xe4\xbd\x8d\xe4\xb8\x8e\xe5\x9b\xbd\xe8\xb6\xb3\xe4\xb8\xbb\xe5\xb8\x85\xe9\x87\x8c\xe7\x9a\xae\xe5\x85\xb3\xe7\xb3\xbb\xe4\xba\xb2\xe5\xaf\x86\xe7\x9a\x84\xe4\xb8\xad\xe5\x9b\xbd\xe5\xa7\x91\xe5\xa8\x98\xe6\x98\xaf\xe8\xb0\x81\xef\xbc\x9f',
 'TitleUrl': u'http://www.toutiao.com/group/6352647332006150402/'}
2016-11-15 00:50:07 [scrapy] DEBUG: Scraped from <200 http://www.toutiao.com/api/article/feed/?category=news_sports&utm_source=toutiao&widen=0&max_behot_time=0&max_behot_time_tmp=1479171003&as=A16538313A8D839&cp=581A7DF853099E1>
{'Title': '\xe9\x87\x8c\xe7\x9a\xae\xe9\xa6\x96\xe5\x8f\x91\xe4\xb8\x8d\xe7\x94\xa8\xe8\x92\xbf\xe4\xbf\x8a\xe9\x97\xb5\xef\xbc\x9f\xe7\x90\x86\xe7\x94\xb1\xe5\xa6\x82\xe4\xb8\x8b',
 'TitleUrl': u'http://www.toutiao.com/group/6352796308621066498/'}
2016-11-15 00:50:07 [scrapy] DEBUG: Scraped from <200 http://www.toutiao.com/api/article/feed/?category=news_sports&utm_source=toutiao&widen=0&max_behot_time=0&max_behot_time_tmp=1479171003&as=A16538313A8D839&cp=581A7DF853099E1>
{'Title': '\xe8\xbf\x99\xe6\x89\x8d\xe6\x98\xaf\xe7\x9c\x9f\xe9\xbb\x84\xe9\x87\x91\xe4\xb8\x80\xe4\xbb\xa3\xef\xbc\x81\xe7\x8e\xb0\xe5\x9c\xa8\xe9\x87\x8d\xe6\x8e\x9209\xe5\xb1\x8a\xe6\x96\xb0\xe7\xa7\x80\xe6\xa0\xbc\xe9\x87\x8c\xe8\x8a\xac\xe5\x8f\xaa\xe8\x83\xbd\xe7\xac\xac\xe5\x9b\x9b\xef\xbc\x9f',
 'TitleUrl': u'http://www.toutiao.com/group/6352713483264688386/'}
2016-11-15 00:50:07 [scrapy] DEBUG: Scraped from <200 http://www.toutiao.com/api/article/feed/?category=news_sports&utm_source=toutiao&widen=0&max_behot_time=0&max_behot_time_tmp=1479171003&as=A16538313A8D839&cp=581A7DF853099E1>
{'Title': '\xe6\x9b\xbe\xe7\xbb\x8f\xe6\x98\xaf\xe4\xbd\x93\xe8\x82\xb2\xe7\x95\x8c\xe7\x9a\x84\xe5\xa4\xa7\xe5\xa7\x90\xe5\xa4\xa7\xef\xbc\x8c\xe8\xba\xab\xe4\xbb\xb73\xe4\xb8\xaa\xe4\xba\xbf\xef\xbc\x8c\xe5\xa6\x82\xe4\xbb\x8a\xe8\x90\xbd\xe9\xad\x84\xe6\x88\x90\xe8\xbf\x99\xe6\xa0\xb7',
 'TitleUrl': u'http://www.toutiao.com/group/6352861295188263170/'}
2016-11-15 00:50:07 [scrapy] DEBUG: Scraped from <200 http://www.toutiao.com/api/article/feed/?category=news_sports&utm_source=toutiao&widen=0&max_behot_time=0&max_behot_time_tmp=1479171003&as=A16538313A8D839&cp=581A7DF853099E1>
{'Title': '\xe6\x9b\xbe\xe7\xbb\x8f\xe6\x98\xaf\xe4\xbd\x93\xe8\x82\xb2\xe7\x95\x8c\xe7\x9a\x84\xe5\xa4\xa7\xe5\xa7\x90\xe5\xa4\xa7\xef\xbc\x8c\xe8\xba\xab\xe4\xbb\xb73\xe4\xb8\xaa\xe4\xba\xbf\xef\xbc\x8c\xe5\xa6\x82\xe4\xbb\x8a\xe8\x90\xbd\xe9\xad\x84\xe6\x88\x90\xe8\xbf\x99\xe6\xa0\xb7',
 'TitleUrl': u'http://www.toutiao.com/group/6352963191736680705/?_as_1479171005'}
2016-11-15 00:50:07 [toutiao] INFO: now entring download midware
2016-11-15 00:50:07 [toutiao] INFO: User-Agent is: Baiduspider+(+http://www.baidu.com/search/spider_jp.html) <GET http://www.toutiao.com/api/article/feed/?category=news_sports&utm_source=toutiao&widen=0&max_behot_time=0&max_behot_time_tmp=1479171004&as=A16538313A8D839&cp=581A7DF853099E1>
2016-11-15 00:50:08 [scrapy] DEBUG: Crawled (200) <GET http://www.toutiao.com/api/article/feed/?category=news_sports&utm_source=toutiao&widen=0&max_behot_time=0&max_behot_time_tmp=1479171004&as=A16538313A8D839&cp=581A7DF853099E1> (referer: http://www.toutiao.com/api/article/feed/?category=news_sports&utm_source=toutiao&widen=0&max_behot_time=0&max_behot_time_tmp=1479171003&as=A16538313A8D839&cp=581A7DF853099E1)
2016-11-15 00:50:08 [toutiao] DEBUG: Fetch toutiao homepage page: http://www.toutiao.com/api/article/feed/?category=news_sports&utm_source=toutiao&widen=0&max_behot_time=0&max_behot_time_tmp=1479171004&as=A16538313A8D839&cp=581A7DF853099E1
2016-11-15 00:50:08 [scrapy] DEBUG: Scraped from <200 http://www.toutiao.com/api/article/feed/?category=news_sports&utm_source=toutiao&widen=0&max_behot_time=0&max_behot_time_tmp=1479171004&as=A16538313A8D839&cp=581A7DF853099E1>
{'Title': '\xe5\xa4\xa9\xe6\xb4\xa5\xe6\xb3\xb0\xe8\xbe\xbe\xe9\xbb\x91\xe5\x8f\x88\xe7\xa1\xac\xe8\x80\x81\xe5\xa9\x86\xe7\xbe\x8e\xe7\xbf\xbb\xe5\xa4\xa9 \xe4\xbf\x9d\xe7\xba\xa7\xe8\xb7\xaf\xe4\xb8\x8a\xe6\x9c\x89\xe5\xa5\xb9\xe4\xb8\x80\xe5\x8d\x8a\xe5\x8a\x9f\xe5\x8a\xb3\xef\xbc\x81',
 'TitleUrl': u'http://www.toutiao.com/group/6352799565217071361/'}
2016-11-15 00:50:08 [scrapy] DEBUG: Scraped from <200 http://www.toutiao.com/api/article/feed/?category=news_sports&utm_source=toutiao&widen=0&max_behot_time=0&max_behot_time_tmp=1479171004&as=A16538313A8D839&cp=581A7DF853099E1>
{'Title': '4250\xe4\xb8\x87\xe6\xb0\xb4\xe8\xb4\xa7:\xe6\x8a\x95\xe6\x9b\xbc\xe8\x81\x94\xe5\x85\xa8\xe5\x9b\xa0\xe7\xa9\x86\xe5\xb8\x85 \xe4\xbb\x96\xe6\x98\xaf\xe5\xbd\x93\xe4\xb8\x96\xe6\x9c\x80\xe4\xbd\xb3\xe4\xb9\x8b\xe4\xb8\x80',
 'TitleUrl': u'http://www.toutiao.com/group/6352710572706021634/'}
2016-11-15 00:50:08 [scrapy] DEBUG: Scraped from <200 http://www.toutiao.com/api/article/feed/?category=news_sports&utm_source=toutiao&widen=0&max_behot_time=0&max_behot_time_tmp=1479171004&as=A16538313A8D839&cp=581A7DF853099E1>
{'Title': '\xe8\xbf\x99\xe4\xbd\x8d\xe4\xb8\x8e\xe5\x9b\xbd\xe8\xb6\xb3\xe4\xb8\xbb\xe5\xb8\x85\xe9\x87\x8c\xe7\x9a\xae\xe5\x85\xb3\xe7\xb3\xbb\xe4\xba\xb2\xe5\xaf\x86\xe7\x9a\x84\xe4\xb8\xad\xe5\x9b\xbd\xe5\xa7\x91\xe5\xa8\x98\xe6\x98\xaf\xe8\xb0\x81\xef\xbc\x9f',
 'TitleUrl': u'http://www.toutiao.com/group/6352647332006150402/'}
2016-11-15 00:50:08 [scrapy] DEBUG: Scraped from <200 http://www.toutiao.com/api/article/feed/?category=news_sports&utm_source=toutiao&widen=0&max_behot_time=0&max_behot_time_tmp=1479171004&as=A16538313A8D839&cp=581A7DF853099E1>
{'Title': '\xe5\x8a\xa0\xe7\x9b\x9f\xe5\x95\x86\xe6\x9c\xba\xef\xbc\x9a\xe4\xb8\x89\xe5\xa4\xa9\xe5\xb0\xb1\xe6\x90\x9e\xe5\xae\x9a\xe4\xba\x86\xe7\x9a\x84\xe6\x98\xaf\xe4\xbb\x80\xe4\xb9\x88\xe8\xa3\x85\xe4\xbf\xae\xef\xbc\x9f',
 'TitleUrl': u'http://www.toutiao.com/group/6350543403553390850/'}
2016-11-15 00:50:08 [scrapy] DEBUG: Scraped from <200 http://www.toutiao.com/api/article/feed/?category=news_sports&utm_source=toutiao&widen=0&max_behot_time=0&max_behot_time_tmp=1479171004&as=A16538313A8D839&cp=581A7DF853099E1>
{'Title': '\xe9\x87\x8c\xe7\x9a\xae\xe9\xa6\x96\xe5\x8f\x91\xe4\xb8\x8d\xe7\x94\xa8\xe8\x92\xbf\xe4\xbf\x8a\xe9\x97\xb5\xef\xbc\x9f\xe7\x90\x86\xe7\x94\xb1\xe5\xa6\x82\xe4\xb8\x8b',
 'TitleUrl': u'http://www.toutiao.com/group/6352796308621066498/'}
2016-11-15 00:50:08 [scrapy] DEBUG: Scraped from <200 http://www.toutiao.com/api/article/feed/?category=news_sports&utm_source=toutiao&widen=0&max_behot_time=0&max_behot_time_tmp=1479171004&as=A16538313A8D839&cp=581A7DF853099E1>
{'Title': '\xe8\xbf\x99\xe6\x89\x8d\xe6\x98\xaf\xe7\x9c\x9f\xe9\xbb\x84\xe9\x87\x91\xe4\xb8\x80\xe4\xbb\xa3\xef\xbc\x81\xe7\x8e\xb0\xe5\x9c\xa8\xe9\x87\x8d\xe6\x8e\x9209\xe5\xb1\x8a\xe6\x96\xb0\xe7\xa7\x80\xe6\xa0\xbc\xe9\x87\x8c\xe8\x8a\xac\xe5\x8f\xaa\xe8\x83\xbd\xe7\xac\xac\xe5\x9b\x9b\xef\xbc\x9f',
 'TitleUrl': u'http://www.toutiao.com/group/6352713483264688386/'}
2016-11-15 00:50:08 [scrapy] DEBUG: Scraped from <200 http://www.toutiao.com/api/article/feed/?category=news_sports&utm_source=toutiao&widen=0&max_behot_time=0&max_behot_time_tmp=1479171004&as=A16538313A8D839&cp=581A7DF853099E1>
{'Title': '\xe6\x9b\xbe\xe7\xbb\x8f\xe6\x98\xaf\xe4\xbd\x93\xe8\x82\xb2\xe7\x95\x8c\xe7\x9a\x84\xe5\xa4\xa7\xe5\xa7\x90\xe5\xa4\xa7\xef\xbc\x8c\xe8\xba\xab\xe4\xbb\xb73\xe4\xb8\xaa\xe4\xba\xbf\xef\xbc\x8c\xe5\xa6\x82\xe4\xbb\x8a\xe8\x90\xbd\xe9\xad\x84\xe6\x88\x90\xe8\xbf\x99\xe6\xa0\xb7',
 'TitleUrl': u'http://www.toutiao.com/group/6352861295188263170/'}
2016-11-15 00:50:08 [scrapy] DEBUG: Scraped from <200 http://www.toutiao.com/api/article/feed/?category=news_sports&utm_source=toutiao&widen=0&max_behot_time=0&max_behot_time_tmp=1479171004&as=A16538313A8D839&cp=581A7DF853099E1>
{'Title': '\xe4\xb8\x8a\xe6\xb5\xb7\xe7\x94\xb7\xe7\xaf\xae\xe5\x93\x94\xe5\x93\xa9\xe5\x93\x94\xe5\x93\xa9\xe5\x85\xad\xe8\xbf\x9e\xe8\x83\x9c\xe6\x88\x90\xe5\xa4\xba\xe5\x86\xa0\xe7\x83\xad\xe9\x97\xa8\xef\xbc\x8c\xe8\xbf\x98\xe6\x98\xaf\xe5\xa7\x9a\xe6\x98\x8e\xe7\x90\x86\xe6\x99\xba\xef\xbc\x8c\xe5\x88\xb0\xe5\xba\x95\xe6\x98\xaf\xe8\x80\x81\xe6\x9d\xbf\xef\xbc\x81',
 'TitleUrl': u'http://www.toutiao.com/group/6352796620350161154/'}
2016-11-15 00:50:08 [scrapy] DEBUG: Scraped from <200 http://www.toutiao.com/api/article/feed/?category=news_sports&utm_source=toutiao&widen=0&max_behot_time=0&max_behot_time_tmp=1479171004&as=A16538313A8D839&cp=581A7DF853099E1>
{'Title': '\xe5\xa4\xa7\xe5\x86\x99\xe7\x9a\x84\xe5\xb0\xb4\xe5\xb0\xac\xef\xbc\x81\xe5\xbd\x93\xe5\xb9\xb4\xe9\x9b\xb7\xe9\x9c\x86\xe5\x9b\x9b\xe5\xb0\x91\xe5\xb0\x8f\xe5\xbc\x9f\xe4\xbb\xac\xe9\x83\xbd\xe7\x86\xac\xe6\x88\x90\xe4\xba\x86\xe8\x80\x81\xe5\xa4\xa7\xef\xbc\x8c\xe8\x80\x81\xe5\xa4\xa7\xe5\x8d\xb4\xe6\xb2\xa6\xe4\xb8\xba\xe4\xba\x86\xe8\x80\x81\xe4\xba\x8c',
 'TitleUrl': u'http://www.toutiao.com/group/6352816377438945537/'}
2016-11-15 00:50:08 [scrapy] DEBUG: Scraped from <200 http://www.toutiao.com/api/article/feed/?category=news_sports&utm_source=toutiao&widen=0&max_behot_time=0&max_behot_time_tmp=1479171004&as=A16538313A8D839&cp=581A7DF853099E1>
{'Title': '\xe6\x9b\xbe\xe5\xae\xb3\xe5\xbe\x97\xe8\xa9\xb9\xe5\xa7\x86\xe6\x96\xaf\xe9\x94\x99\xe5\xa4\xb1\xe4\xb8\x89\xe8\xbf\x9e\xe5\x86\xa0\xef\xbc\x8c\xe5\xa6\x82\xe4\xbb\x8a\xe4\xbb\x96\xe4\xbc\xa4\xe6\x84\x88\xe5\xbd\x92\xe6\x9d\xa5\xef\xbc\x8c\xe6\xac\xb2\xe8\xbe\x85\xe4\xbd\x90\xe8\xa9\xb9\xe5\xa7\x86\xe6\x96\xaf\xe5\x86\x8d\xe5\x8d\xab\xe5\x86\x95\xe3\x80\x82',
 'TitleUrl': u'http://www.toutiao.com/group/6352834416625303810/'}
2016-11-15 00:50:08 [scrapy] DEBUG: Scraped from <200 http://www.toutiao.com/api/article/feed/?category=news_sports&utm_source=toutiao&widen=0&max_behot_time=0&max_behot_time_tmp=1479171004&as=A16538313A8D839&cp=581A7DF853099E1>
{'Title': '\xe9\x87\x8c\xe7\x9a\xae\xe7\xab\x9f\xe6\x8a\x8a\xe6\x98\x94\xe6\x97\xa5\xe7\x88\xb1\xe5\xbe\x92\xe8\xa2\xab\xe6\x94\xbe\xe4\xb8\x8a\xe6\x9d\xbf\xe5\x87\xb3\xe5\xb8\xad \xe5\xa4\xa7\xe5\x9c\xba\xe9\x9d\xa2\xe5\x85\x88\xe7\x94\x9f\xe5\xb0\x86\xe6\x88\x90\xe5\x9b\xbd\xe8\xb6\xb3\xe8\xbf\x9b\xe6\x94\xbb\xe5\xa5\x87\xe5\x85\xb5',
 'TitleUrl': u'http://www.toutiao.com/group/6352593717488713985/'}
2016-11-15 00:50:08 [scrapy] DEBUG: Scraped from <200 http://www.toutiao.com/api/article/feed/?category=news_sports&utm_source=toutiao&widen=0&max_behot_time=0&max_behot_time_tmp=1479171004&as=A16538313A8D839&cp=581A7DF853099E1>
{'Title': '\xe7\xbb\x8f\xe5\x85\xb8\xe9\x87\x8d\xe6\xb8\xa9\xef\xbc\x9a\xe9\x82\xa3\xe4\xb8\x80\xe5\x9c\xba\xe5\xa4\xa7\xe9\xad\x94\xe7\x8e\x8b\xe5\xbc\xa0\xe6\x80\xa1\xe5\xae\x81\xe6\x89\x93\xe5\x93\xad\xe7\xa6\x8f\xe5\x8e\x9f\xe7\x88\xb1\xe7\x9a\x84\xe6\xaf\x94\xe8\xb5\x9b\xef\xbc\x81\xe8\xbf\x99\xe8\xa7\xa3\xe8\xaf\xb4\xe7\xbb\x9d\xe4\xba\x86\xef\xbc\x81',
 'TitleUrl': u'http://www.toutiao.com/group/6352751259010892034/'}
2016-11-15 00:50:08 [scrapy] DEBUG: Scraped from <200 http://www.toutiao.com/api/article/feed/?category=news_sports&utm_source=toutiao&widen=0&max_behot_time=0&max_behot_time_tmp=1479171004&as=A16538313A8D839&cp=581A7DF853099E1>
{'Title': '\xe6\x81\x92\xe5\xa4\xa7\xe7\x8e\x8b\xe6\x9c\x9d\xe5\x8d\xb1\xe5\x9c\xa8\xe6\x97\xa6\xe5\xa4\x95\xef\xbc\x9f\xe4\xb8\xa4\xe4\xbd\x8d\xe5\xa4\xa7\xe8\x85\xbf\xe7\xba\xa7\xe7\x90\x83\xe5\x91\x98\xe5\x85\x88\xe5\x90\x8e\xe8\xa2\xab\xe6\x9b\x9d\xe6\x88\x96\xe7\xa6\xbb\xe5\xbc\x80',
 'TitleUrl': u'http://www.toutiao.com/group/6352634493664346369/'}
2016-11-15 00:50:08 [scrapy] DEBUG: Scraped from <200 http://www.toutiao.com/api/article/feed/?category=news_sports&utm_source=toutiao&widen=0&max_behot_time=0&max_behot_time_tmp=1479171004&as=A16538313A8D839&cp=581A7DF853099E1>
{'Title': '\xe5\xa5\xb3\xe7\xa5\x9e\xe6\xbd\x98\xe6\x99\x93\xe5\xa9\xb7\xe5\x85\xad\xe5\xa4\xa7\xe6\x83\x8a\xe8\x89\xb3\xe7\x9e\xac\xe9\x97\xb4\xef\xbc\x81\xe6\x9c\x80\xe5\x90\x8e\xe4\xb8\x80\xe5\xbc\xa0\xe4\xb9\x9f\xe6\x98\xaf\xe6\xb2\xa1\xe8\xb0\x81\xe4\xba\x86\xef\xbc\x81',
 'TitleUrl': u'http://www.toutiao.com/group/6333396279476896002/'}
2016-11-15 00:50:08 [scrapy] DEBUG: Scraped from <200 http://www.toutiao.com/api/article/feed/?category=news_sports&utm_source=toutiao&widen=0&max_behot_time=0&max_behot_time_tmp=1479171004&as=A16538313A8D839&cp=581A7DF853099E1>
{'Title': '\xe5\xbd\x93\xe6\x9d\xb0\xe5\xbc\x97\xe6\xa3\xae\xe6\x89\x93\xe8\xbf\x9b\xe8\xbf\x99\xe8\xae\xb0\xe4\xba\x8c\xe5\x8a\xa0\xe4\xb8\x80\xe7\x9a\x84\xe6\x97\xb6\xe5\x80\x99\xef\xbc\x8c\xe9\x81\xad\xe5\xbc\x83\xe7\x9a\x84\xe6\xac\xa7\xe6\x96\x87\xe4\xb8\x80\xe4\xb8\xbe\xe5\x8a\xa8\xe8\xaf\xb4\xe6\x98\x8e\xe9\xaa\x91\xe5\xa3\xab\xe7\x9a\x84\xe5\x9b\xa2\xe7\xbb\x93',
 'TitleUrl': u'http://www.toutiao.com/group/6352850439637057793/'}
2016-11-15 00:50:08 [scrapy] DEBUG: Scraped from <200 http://www.toutiao.com/api/article/feed/?category=news_sports&utm_source=toutiao&widen=0&max_behot_time=0&max_behot_time_tmp=1479171004&as=A16538313A8D839&cp=581A7DF853099E1>
{'Title': '\xe5\xbd\x93\xe6\x9d\xb0\xe5\xbc\x97\xe6\xa3\xae\xe6\x89\x93\xe8\xbf\x9b\xe8\xbf\x99\xe8\xae\xb0\xe4\xba\x8c\xe5\x8a\xa0\xe4\xb8\x80\xe7\x9a\x84\xe6\x97\xb6\xe5\x80\x99\xef\xbc\x8c\xe9\x81\xad\xe5\xbc\x83\xe7\x9a\x84\xe6\xac\xa7\xe6\x96\x87\xe4\xb8\x80\xe4\xb8\xbe\xe5\x8a\xa8\xe8\xaf\xb4\xe6\x98\x8e\xe9\xaa\x91\xe5\xa3\xab\xe7\x9a\x84\xe5\x9b\xa2\xe7\xbb\x93',
 'TitleUrl': u'http://www.toutiao.com/group/6352963598985412865/?_as_1479171006'}
2016-11-15 00:50:08 [scrapy] DEBUG: Filtered duplicate request: <GET http://www.toutiao.com/api/article/feed/?category=news_sports&utm_source=toutiao&widen=0&max_behot_time=0&max_behot_time_tmp=1479171003&as=A16538313A8D839&cp=581A7DF853099E1> - no more duplicates will be shown (see DUPEFILTER_DEBUG to show all duplicates)
2016-11-15 00:50:08 [scrapy] INFO: Closing spider (finished)
2016-11-15 00:50:08 [scrapy] INFO: Stored json feed (109 items) in: ../data/toutiao/news_sports.json
2016-11-15 00:50:08 [scrapy] INFO: Dumping Scrapy stats:
{'downloader/request_bytes': 4356,
 'downloader/request_count': 7,
 'downloader/request_method_count/GET': 7,
 'downloader/response_bytes': 28082,
 'downloader/response_count': 7,
 'downloader/response_status_count/200': 7,
 'dupefilter/filtered': 1,
 'finish_reason': 'finished',
 'finish_time': datetime.datetime(2016, 11, 15, 0, 50, 8, 123329),
 'item_scraped_count': 109,
 'log_count/DEBUG': 125,
 'log_count/INFO': 22,
 'request_depth_max': 7,
 'response_received_count': 7,
 'scheduler/dequeued': 7,
 'scheduler/dequeued/memory': 7,
 'scheduler/enqueued': 7,
 'scheduler/enqueued/memory': 7,
 'start_time': datetime.datetime(2016, 11, 15, 0, 50, 3, 44626)}
2016-11-15 00:50:08 [scrapy] INFO: Spider closed (finished)
2016-11-15 02:09:10 [scrapy] INFO: Scrapy 1.2.0 started (bot: SocialSpider)
2016-11-15 02:09:10 [scrapy] INFO: Overridden settings: {'NEWSPIDER_MODULE': 'SocialSpider.spiders', 'FEED_URI': '../data/toutiao/news_sports.json', 'SPIDER_MODULES': ['SocialSpider.spiders'], 'BOT_NAME': 'SocialSpider', 'FEED_FORMAT': 'json', 'LOG_FILE': '../log/toutiao/news_sports.log'}
2016-11-15 02:09:10 [scrapy] INFO: Enabled extensions:
['scrapy.extensions.feedexport.FeedExporter',
 'scrapy.extensions.logstats.LogStats',
 'scrapy.extensions.telnet.TelnetConsole',
 'scrapy.extensions.corestats.CoreStats']
2016-11-15 02:09:10 [scrapy] INFO: Enabled downloader middlewares:
['scrapy.downloadermiddlewares.httpauth.HttpAuthMiddleware',
 'scrapy.downloadermiddlewares.downloadtimeout.DownloadTimeoutMiddleware',
 'scrapy.downloadermiddlewares.defaultheaders.DefaultHeadersMiddleware',
 'scrapy.downloadermiddlewares.useragent.UserAgentMiddleware',
 'SocialSpider.midware.UaMidWare.ProcessUaMidware',
 'scrapy.downloadermiddlewares.retry.RetryMiddleware',
 'scrapy.downloadermiddlewares.redirect.MetaRefreshMiddleware',
 'scrapy.downloadermiddlewares.httpcompression.HttpCompressionMiddleware',
 'scrapy.downloadermiddlewares.redirect.RedirectMiddleware',
 'scrapy.downloadermiddlewares.cookies.CookiesMiddleware',
 'scrapy.downloadermiddlewares.chunked.ChunkedTransferMiddleware',
 'scrapy.downloadermiddlewares.stats.DownloaderStats']
2016-11-15 02:09:10 [scrapy] INFO: Enabled spider middlewares:
['scrapy.spidermiddlewares.httperror.HttpErrorMiddleware',
 'scrapy.spidermiddlewares.offsite.OffsiteMiddleware',
 'scrapy.spidermiddlewares.referer.RefererMiddleware',
 'scrapy.spidermiddlewares.urllength.UrlLengthMiddleware',
 'scrapy.spidermiddlewares.depth.DepthMiddleware']
2016-11-15 02:09:10 [scrapy] INFO: Enabled item pipelines:
[]
2016-11-15 02:09:10 [scrapy] INFO: Spider opened
2016-11-15 02:09:10 [scrapy] INFO: Crawled 0 pages (at 0 pages/min), scraped 0 items (at 0 items/min)
2016-11-15 02:09:10 [scrapy] DEBUG: Telnet console listening on 127.0.0.1:6023
2016-11-15 02:09:10 [toutiao] INFO: now entring download midware
2016-11-15 02:09:10 [toutiao] INFO: User-Agent is: Speedy Spider (http://www.entireweb.com/about/search_tech/speedy_spider/) <GET http://www.toutiao.com/api/article/feed/?category=news_sports&utm_source=toutiao&widen=0&max_behot_time=0&max_behot_time_tmp=0&as=A135B8B16A0CF6F&cp=581AACBF560FEE1>
2016-11-15 02:09:11 [scrapy] DEBUG: Crawled (200) <GET http://www.toutiao.com/api/article/feed/?category=news_sports&utm_source=toutiao&widen=0&max_behot_time=0&max_behot_time_tmp=0&as=A135B8B16A0CF6F&cp=581AACBF560FEE1> (referer: None)
2016-11-15 02:09:11 [toutiao] DEBUG: Fetch toutiao homepage page: http://www.toutiao.com/api/article/feed/?category=news_sports&utm_source=toutiao&widen=0&max_behot_time=0&max_behot_time_tmp=0&as=A135B8B16A0CF6F&cp=581AACBF560FEE1
2016-11-15 02:09:11 [scrapy] DEBUG: Scraped from <200 http://www.toutiao.com/api/article/feed/?category=news_sports&utm_source=toutiao&widen=0&max_behot_time=0&max_behot_time_tmp=0&as=A135B8B16A0CF6F&cp=581AACBF560FEE1>
{'Category': 'news_sports',
 'HotValue': 157,
 'MediumUrl': u'http://toutiao.com/m5836885863/',
 'Source': 'toutiao',
 'Time': 1479175149,
 'Title': '\xe4\xba\x9a\xe8\xb6\xb3\xe8\x81\x94\xe5\x85\xac\xe5\xb8\x83\xe5\x9b\xbd\xe8\xb6\xb323\xe4\xba\xba\xe5\x90\x8d\xe5\x8d\x95\xef\xbc\x9a\xe5\x9b\xbd\xe5\xae\x89\xe4\xb8\x8a\xe6\xb8\xaf\xe7\x90\x83\xe5\x91\x98\xe8\x90\xbd\xe9\x80\x89 \xe4\xb8\xbb\xe5\xb8\x85\xe4\xbb\x8d\xe6\x98\xaf\xe9\xab\x98\xe6\xb4\xaa\xe6\xb3\xa2',
 'Type': 'url',
 'Url': u'http://www.toutiao.com/group/6352947269641355522/'}
2016-11-15 02:09:11 [scrapy] DEBUG: Scraped from <200 http://www.toutiao.com/api/article/feed/?category=news_sports&utm_source=toutiao&widen=0&max_behot_time=0&max_behot_time_tmp=0&as=A135B8B16A0CF6F&cp=581AACBF560FEE1>
{'Category': 'news_sports',
 'HotValue': 4075,
 'MediumUrl': u'http://toutiao.com/m5836885863/',
 'Source': 'toutiao',
 'Time': 1479174549,
 'Title': '\xe4\xb8\xad\xe5\x9b\xbd\xe8\xb6\xb3\xe5\x8d\x8f\xef\xbc\x9a\xe4\xb8\x8d\xe8\x83\x8c\xe9\x94\x85\xef\xbc\x81 \xe5\x8d\xa1\xe5\xa1\x94\xe5\xb0\x94\xe5\xbb\xb6\xe8\xbf\x9f\xe6\x8a\xb5\xe8\xbe\xbe\xe7\x9a\x84\xe8\xb4\xa3\xe4\xbb\xbb\xe5\xae\x8c\xe5\x85\xa8\xe5\x9c\xa8\xe5\x8d\xa1\xe6\x96\xb9',
 'Type': 'url',
 'Url': u'http://www.toutiao.com/group/6352828871151337730/'}
2016-11-15 02:09:11 [scrapy] ERROR: Spider error processing <GET http://www.toutiao.com/api/article/feed/?category=news_sports&utm_source=toutiao&widen=0&max_behot_time=0&max_behot_time_tmp=0&as=A135B8B16A0CF6F&cp=581AACBF560FEE1> (referer: None)
Traceback (most recent call last):
  File "/usr/lib64/python2.7/site-packages/scrapy/utils/defer.py", line 102, in iter_errback
    yield next(it)
  File "/usr/lib64/python2.7/site-packages/scrapy/spidermiddlewares/offsite.py", line 29, in process_spider_output
    for x in result:
  File "/usr/lib64/python2.7/site-packages/scrapy/spidermiddlewares/referer.py", line 22, in <genexpr>
    return (_set_referer(r) for r in result or ())
  File "/usr/lib64/python2.7/site-packages/scrapy/spidermiddlewares/urllength.py", line 37, in <genexpr>
    return (r for r in result or () if _filter(r))
  File "/usr/lib64/python2.7/site-packages/scrapy/spidermiddlewares/depth.py", line 58, in <genexpr>
    return (r for r in result or () if _filter(r))
  File "/python/SocialSpider/SocialSpider/spiders/toutiao.py", line 31, in parse
    item['MediumUrl'] = val['media_url']
KeyError: 'media_url'
2016-11-15 02:09:11 [scrapy] INFO: Closing spider (finished)
2016-11-15 02:09:11 [scrapy] INFO: Stored json feed (2 items) in: ../data/toutiao/news_sports.json
2016-11-15 02:09:11 [scrapy] INFO: Dumping Scrapy stats:
{'downloader/request_bytes': 394,
 'downloader/request_count': 1,
 'downloader/request_method_count/GET': 1,
 'downloader/response_bytes': 5118,
 'downloader/response_count': 1,
 'downloader/response_status_count/200': 1,
 'finish_reason': 'finished',
 'finish_time': datetime.datetime(2016, 11, 15, 2, 9, 11, 208418),
 'item_scraped_count': 2,
 'log_count/DEBUG': 5,
 'log_count/ERROR': 1,
 'log_count/INFO': 10,
 'response_received_count': 1,
 'scheduler/dequeued': 1,
 'scheduler/dequeued/memory': 1,
 'scheduler/enqueued': 1,
 'scheduler/enqueued/memory': 1,
 'spider_exceptions/KeyError': 1,
 'start_time': datetime.datetime(2016, 11, 15, 2, 9, 10, 543459)}
2016-11-15 02:09:11 [scrapy] INFO: Spider closed (finished)
