2016-11-15 00:51:37 [scrapy] INFO: Scrapy 1.2.0 started (bot: SocialSpider)
2016-11-15 00:51:37 [scrapy] INFO: Overridden settings: {'NEWSPIDER_MODULE': 'SocialSpider.spiders', 'FEED_URI': '../data/toutiao/news_car.json', 'SPIDER_MODULES': ['SocialSpider.spiders'], 'BOT_NAME': 'SocialSpider', 'FEED_FORMAT': 'json', 'LOG_FILE': '../log/toutiao/news_car.log'}
2016-11-15 00:51:37 [scrapy] INFO: Enabled extensions:
['scrapy.extensions.feedexport.FeedExporter',
 'scrapy.extensions.logstats.LogStats',
 'scrapy.extensions.telnet.TelnetConsole',
 'scrapy.extensions.corestats.CoreStats']
2016-11-15 00:51:37 [scrapy] INFO: Enabled downloader middlewares:
['scrapy.downloadermiddlewares.httpauth.HttpAuthMiddleware',
 'scrapy.downloadermiddlewares.downloadtimeout.DownloadTimeoutMiddleware',
 'scrapy.downloadermiddlewares.defaultheaders.DefaultHeadersMiddleware',
 'scrapy.downloadermiddlewares.useragent.UserAgentMiddleware',
 'SocialSpider.midware.UaMidWare.ProcessUaMidware',
 'scrapy.downloadermiddlewares.retry.RetryMiddleware',
 'scrapy.downloadermiddlewares.redirect.MetaRefreshMiddleware',
 'scrapy.downloadermiddlewares.httpcompression.HttpCompressionMiddleware',
 'scrapy.downloadermiddlewares.redirect.RedirectMiddleware',
 'scrapy.downloadermiddlewares.cookies.CookiesMiddleware',
 'scrapy.downloadermiddlewares.chunked.ChunkedTransferMiddleware',
 'scrapy.downloadermiddlewares.stats.DownloaderStats']
2016-11-15 00:51:37 [scrapy] INFO: Enabled spider middlewares:
['scrapy.spidermiddlewares.httperror.HttpErrorMiddleware',
 'scrapy.spidermiddlewares.offsite.OffsiteMiddleware',
 'scrapy.spidermiddlewares.referer.RefererMiddleware',
 'scrapy.spidermiddlewares.urllength.UrlLengthMiddleware',
 'scrapy.spidermiddlewares.depth.DepthMiddleware']
2016-11-15 00:51:37 [scrapy] INFO: Enabled item pipelines:
[]
2016-11-15 00:51:37 [scrapy] INFO: Spider opened
2016-11-15 00:51:37 [scrapy] INFO: Crawled 0 pages (at 0 pages/min), scraped 0 items (at 0 items/min)
2016-11-15 00:51:37 [scrapy] DEBUG: Telnet console listening on 127.0.0.1:6023
2016-11-15 00:51:37 [toutiao] INFO: now entring download midware
2016-11-15 00:51:37 [toutiao] INFO: User-Agent is: Mozilla/4.0 (compatible; MSIE 7.0; Windows NT 6.0) AddSugarSpiderBot www.idealobserver.com <GET http://www.toutiao.com/api/article/feed/?category=news_car&utm_source=toutiao&widen=0&max_behot_time=0&max_behot_time_tmp=0&as=A135B8B16A0CF6F&cp=581AACBF560FEE1>
2016-11-15 00:51:38 [scrapy] DEBUG: Crawled (200) <GET http://www.toutiao.com/api/article/feed/?category=news_car&utm_source=toutiao&widen=0&max_behot_time=0&max_behot_time_tmp=0&as=A135B8B16A0CF6F&cp=581AACBF560FEE1> (referer: None)
2016-11-15 00:51:38 [toutiao] DEBUG: Fetch toutiao homepage page: http://www.toutiao.com/api/article/feed/?category=news_car&utm_source=toutiao&widen=0&max_behot_time=0&max_behot_time_tmp=0&as=A135B8B16A0CF6F&cp=581AACBF560FEE1
2016-11-15 00:51:38 [scrapy] DEBUG: Scraped from <200 http://www.toutiao.com/api/article/feed/?category=news_car&utm_source=toutiao&widen=0&max_behot_time=0&max_behot_time_tmp=0&as=A135B8B16A0CF6F&cp=581AACBF560FEE1>
{'Title': '\xe6\x96\xb0\xe5\xa5\xa5\xe8\xbf\xaaA4L\xe7\x9a\x84\xe4\xbd\x8e\xe9\x85\x8d\xe7\x89\x88\xe5\x88\xb0\xe5\xba\x95\xe5\x80\xbc\xe4\xb8\x8d\xe5\x80\xbc\xe5\xbe\x97\xe4\xb9\xb0\xef\xbc\x9f',
 'TitleUrl': u'http://www.toutiao.com/group/6352574228885242113/'}
2016-11-15 00:51:38 [scrapy] DEBUG: Scraped from <200 http://www.toutiao.com/api/article/feed/?category=news_car&utm_source=toutiao&widen=0&max_behot_time=0&max_behot_time_tmp=0&as=A135B8B16A0CF6F&cp=581AACBF560FEE1>
{'Title': '\xe5\xae\x9d\xe9\xa9\xac\xe7\xba\xa2\xe7\x9d\x80\xe7\x9c\xbc\xe6\x8a\xa5\xe4\xbb\xb7\xef\xbc\x8c\xe8\x90\xbd\xe5\x9c\xb018\xe4\xb8\x87\xef\xbc\x81\xe8\xae\xa2\xe8\xbd\xa6\xe7\x83\xad\xe7\xba\xbf\xe4\xbc\x9a\xe7\x88\x86',
 'TitleUrl': u'http://www.toutiao.com/group/6352656076517212417/'}
2016-11-15 00:51:38 [scrapy] DEBUG: Scraped from <200 http://www.toutiao.com/api/article/feed/?category=news_car&utm_source=toutiao&widen=0&max_behot_time=0&max_behot_time_tmp=0&as=A135B8B16A0CF6F&cp=581AACBF560FEE1>
{'Title': '\xe7\x91\x9e\xe8\x99\x8e3X 11\xe6\x9c\x8815\xe6\x97\xa5\xe6\x99\x9a\xe4\xb8\x8a\xe5\xb8\x82 \xe5\xb0\x86\xe6\x8e\xa8\xe5\x87\xba6\xe6\xac\xbe\xe8\xbd\xa6\xe5\x9e\x8b',
 'TitleUrl': u'http://www.toutiao.com/group/6352852104155201793/'}
2016-11-15 00:51:38 [scrapy] DEBUG: Scraped from <200 http://www.toutiao.com/api/article/feed/?category=news_car&utm_source=toutiao&widen=0&max_behot_time=0&max_behot_time_tmp=0&as=A135B8B16A0CF6F&cp=581AACBF560FEE1>
{'Title': '\xe5\x8a\xa0\xe7\x9b\x9f\xe5\x95\x86\xe6\x9c\xba\xef\xbc\x9a\xe4\xb8\x89\xe5\xa4\xa9\xe5\xb0\xb1\xe6\x90\x9e\xe5\xae\x9a\xe4\xba\x86\xe7\x9a\x84\xe6\x98\xaf\xe4\xbb\x80\xe4\xb9\x88\xe8\xa3\x85\xe4\xbf\xae\xef\xbc\x9f',
 'TitleUrl': u'http://www.toutiao.com/group/6350543403553390850/'}
2016-11-15 00:51:38 [scrapy] DEBUG: Scraped from <200 http://www.toutiao.com/api/article/feed/?category=news_car&utm_source=toutiao&widen=0&max_behot_time=0&max_behot_time_tmp=0&as=A135B8B16A0CF6F&cp=581AACBF560FEE1>
{'Title': '\xe6\x9c\xac\xe4\xbb\xa5\xe4\xb8\xba\xe8\xbd\xa6\xe4\xb8\xbb\xe5\x8f\xaa\xe6\x98\xaf\xe6\x83\xb3\xe7\xae\x80\xe5\x8d\x95\xe5\x8f\x91\xe5\xbc\xa0\xe6\x9c\x8b\xe5\x8f\x8b\xe5\x9c\x88\xef\xbc\x8c\xe7\xbb\x93\xe6\x9e\x9c\xe8\xbd\xa6\xe6\xa0\x87\xe5\x87\xba\xe5\x8d\x96\xe4\xba\x86\xe4\xbb\x96',
 'TitleUrl': u'http://www.toutiao.com/group/6352836761262326017/'}
2016-11-15 00:51:38 [scrapy] DEBUG: Scraped from <200 http://www.toutiao.com/api/article/feed/?category=news_car&utm_source=toutiao&widen=0&max_behot_time=0&max_behot_time_tmp=0&as=A135B8B16A0CF6F&cp=581AACBF560FEE1>
{'Title': '\xe4\xb8\xba\xe4\xbb\x80\xe4\xb9\x88\xe5\x9b\xbd\xe5\x86\x85\xe8\xa6\x81\xe7\x9c\x8b\xe4\xb8\x8d\xe8\xb5\xb7\xe5\xbc\x80\xe5\xae\x9d\xe9\xa9\xac\xe4\xb8\x89\xe7\xb3\xbb\xe7\x9a\x84\xe8\xbd\xa6\xe4\xb8\xbb\xef\xbc\x9f',
 'TitleUrl': u'http://www.toutiao.com/group/6352852863900221698/'}
2016-11-15 00:51:38 [scrapy] DEBUG: Scraped from <200 http://www.toutiao.com/api/article/feed/?category=news_car&utm_source=toutiao&widen=0&max_behot_time=0&max_behot_time_tmp=0&as=A135B8B16A0CF6F&cp=581AACBF560FEE1>
{'Title': '\xe5\x8d\x97\xe4\xba\xac\xe5\xa4\xa7\xe8\xb4\xa7\xe5\x88\xb9\xe8\xbd\xa6\xe5\xa4\xb1\xe7\x81\xb5\xe8\xbf\x9e\xe6\x92\x9e17\xe8\xbe\x86\xe5\xb0\x8f\xe8\xbd\xa6',
 'TitleUrl': u'http://www.toutiao.com/group/6352852570800832769/'}
2016-11-15 00:51:38 [scrapy] DEBUG: Scraped from <200 http://www.toutiao.com/api/article/feed/?category=news_car&utm_source=toutiao&widen=0&max_behot_time=0&max_behot_time_tmp=0&as=A135B8B16A0CF6F&cp=581AACBF560FEE1>
{'Title': '\xe6\x8d\xb7\xe8\xb1\xb9\xe5\x8f\x91\xe5\xb8\x83\xe9\xa2\x84\xe5\x91\x8a\xe8\xa7\x86\xe9\xa2\x91 \xe6\x88\x96\xe5\x8f\x91\xe5\xb8\x83\xe5\x85\xb6\xe9\xa6\x96\xe6\xac\xbe\xe7\xba\xaf\xe7\x94\xb5\xe5\x8a\xa8SUV',
 'TitleUrl': u'http://www.toutiao.com/group/6352982020025843970/'}
2016-11-15 00:51:38 [scrapy] DEBUG: Scraped from <200 http://www.toutiao.com/api/article/feed/?category=news_car&utm_source=toutiao&widen=0&max_behot_time=0&max_behot_time_tmp=0&as=A135B8B16A0CF6F&cp=581AACBF560FEE1>
{'Title': '\xe8\x80\x81\xe5\x8f\xb8\xe6\x9c\xba\xe5\x91\x8a\xe8\xaf\x89\xe4\xbd\xa0\xef\xbc\x8c\xe4\xb9\xb0\xe8\xbd\xa6\xe5\x88\xb0\xe5\xba\x95\xe6\x9c\x89\xe6\xb2\xa1\xe6\x9c\x89\xe5\xbf\x85\xe8\xa6\x81\xe5\x8a\xa0\xe9\x92\xb1\xe9\x80\x89\xe5\xa4\xa9\xe7\xaa\x97\xe7\xad\x89\xe9\x85\x8d\xe7\xbd\xae',
 'TitleUrl': u'http://www.toutiao.com/group/6352637145563267586/'}
2016-11-15 00:51:38 [scrapy] DEBUG: Scraped from <200 http://www.toutiao.com/api/article/feed/?category=news_car&utm_source=toutiao&widen=0&max_behot_time=0&max_behot_time_tmp=0&as=A135B8B16A0CF6F&cp=581AACBF560FEE1>
{'Title': '\xe9\x9b\xaa\xe9\x93\x81\xe9\xbe\x99\xe7\x9a\x84\xe8\xbd\xa6\xe5\xad\x90\xe5\xba\x95\xe7\x9b\x98\xe8\xb0\x83\xe6\x95\x99\xe7\x9c\x9f\xe6\x9c\x89\xe5\xa4\xa7\xe5\xae\xb6\xe4\xbc\xa0\xe7\x9a\x84\xe9\x82\xa3\xe4\xb9\x88\xe7\xa5\x9e\xe5\x90\x97\xef\xbc\x9f',
 'TitleUrl': u'http://www.toutiao.com/group/6352066207725650177/'}
2016-11-15 00:51:38 [scrapy] DEBUG: Scraped from <200 http://www.toutiao.com/api/article/feed/?category=news_car&utm_source=toutiao&widen=0&max_behot_time=0&max_behot_time_tmp=0&as=A135B8B16A0CF6F&cp=581AACBF560FEE1>
{'Title': 'Jeep\xe5\x86\x8d\xe5\x87\xba\xe7\xa5\x9e\xe8\xbd\xa6\xe5\x8a\x9b\xe6\x8c\xbd\xe7\x8b\x82\xe6\xbe\x9c\xef\xbc\x8c\xe5\x8a\xa8\xe5\x8a\x9b\xe5\x85\x85\xe8\xb6\xb3\xe4\xb9\x8b\xe4\xbd\x99\xe5\x94\xae\xe4\xbb\xb7\xe4\xba\xb2\xe6\xb0\x91',
 'TitleUrl': u'http://www.toutiao.com/group/6348664394344743169/'}
2016-11-15 00:51:38 [scrapy] DEBUG: Scraped from <200 http://www.toutiao.com/api/article/feed/?category=news_car&utm_source=toutiao&widen=0&max_behot_time=0&max_behot_time_tmp=0&as=A135B8B16A0CF6F&cp=581AACBF560FEE1>
{'Title': '\xe4\xb8\xad\xe5\x9b\xbd\xe8\xbd\xa6\xe4\xbc\x81\xe9\xbe\x99\xe5\xa4\xb4\xef\xbc\x8c\xe5\xba\x93\xe5\xad\x98\xe5\xa0\x86\xe7\xa7\xaf\xe5\xa6\x82\xe5\xb1\xb1\xef\xbc\x8c\xe6\xaf\x8f\xe5\xb9\xb4\xe4\xba\x8f\xe6\x8d\x9f\xe8\xb6\x858\xe4\xba\xbf\xef\xbc\x8c\xe9\x9d\xa0\xe8\xa1\xa5\xe8\xb4\xb4\xe5\xba\xa6\xe6\x97\xa5\xef\xbc\x81',
 'TitleUrl': u'http://www.toutiao.com/group/6352798303251579137/'}
2016-11-15 00:51:38 [scrapy] DEBUG: Scraped from <200 http://www.toutiao.com/api/article/feed/?category=news_car&utm_source=toutiao&widen=0&max_behot_time=0&max_behot_time_tmp=0&as=A135B8B16A0CF6F&cp=581AACBF560FEE1>
{'Title': '\xe4\xbb\xb7\xe5\x80\xbc111\xe5\x85\x83\xe5\xad\xa6\xe4\xb9\xa0\xe5\xa4\xa7\xe7\xa4\xbc\xe5\x8c\x85\xe5\x85\x8d\xe8\xb4\xb9\xe9\xa2\x86\xe5\x8f\x96\xe4\xba\x86\xef\xbc\x88\xe4\xbb\x85\xe6\x9c\x89111\xe5\xa5\x97\xef\xbc\x89',
 'TitleUrl': u'http://www.toutiao.com/group/6350890490174374146/'}
2016-11-15 00:51:38 [scrapy] DEBUG: Scraped from <200 http://www.toutiao.com/api/article/feed/?category=news_car&utm_source=toutiao&widen=0&max_behot_time=0&max_behot_time_tmp=0&as=A135B8B16A0CF6F&cp=581AACBF560FEE1>
{'Title': '\xe9\x9b\xa8\xe5\x88\xae\xe5\x99\xa8\xe5\x88\xae\xe4\xb8\x8d\xe5\xb9\xb2\xe5\x87\x80\xe4\xba\x86\xef\xbc\x9f\xe7\x9c\x8b\xe7\x9c\x8b\xe5\xa4\xa7\xe5\xae\xb6\xe9\x83\xbd\xe6\x98\xaf\xe5\x92\x8b\xe5\x8a\x9e\xe7\x9a\x84\xef\xbc\x81',
 'TitleUrl': u'http://www.toutiao.com/group/6352778957075710210/'}
2016-11-15 00:51:38 [scrapy] DEBUG: Scraped from <200 http://www.toutiao.com/api/article/feed/?category=news_car&utm_source=toutiao&widen=0&max_behot_time=0&max_behot_time_tmp=0&as=A135B8B16A0CF6F&cp=581AACBF560FEE1>
{'Title': '\xe4\xbd\xa0\xe5\x88\xab\xe4\xb8\x8d\xe4\xbf\xa1 \xe8\xbf\x99\xe5\xb0\x8f\xe7\x8e\xa9\xe6\x84\x8f\xe5\x8f\xaf\xe8\x83\xbd\xe6\x94\xb9\xe5\x8f\x98\xe6\x9c\xaa\xe6\x9d\xa5\xe8\xbd\xa6\xe8\xba\xab\xe7\xbb\x93\xe6\x9e\x84',
 'TitleUrl': u'http://www.toutiao.com/group/6352852151866409217/'}
2016-11-15 00:51:38 [scrapy] DEBUG: Scraped from <200 http://www.toutiao.com/api/article/feed/?category=news_car&utm_source=toutiao&widen=0&max_behot_time=0&max_behot_time_tmp=0&as=A135B8B16A0CF6F&cp=581AACBF560FEE1>
{'Title': '\xe4\xbd\xa0\xe5\x88\xab\xe4\xb8\x8d\xe4\xbf\xa1 \xe8\xbf\x99\xe5\xb0\x8f\xe7\x8e\xa9\xe6\x84\x8f\xe5\x8f\xaf\xe8\x83\xbd\xe6\x94\xb9\xe5\x8f\x98\xe6\x9c\xaa\xe6\x9d\xa5\xe8\xbd\xa6\xe8\xba\xab\xe7\xbb\x93\xe6\x9e\x84',
 'TitleUrl': u'http://www.toutiao.com/group/6352963699757809921/?_as_1479171097'}
2016-11-15 00:51:38 [toutiao] INFO: now entring download midware
2016-11-15 00:51:38 [toutiao] INFO: User-Agent is: Speedy Spider (http://www.entireweb.com/about/search_tech/speedyspider/) <GET http://www.toutiao.com/api/article/feed/?category=news_car&utm_source=toutiao&widen=0&max_behot_time=0&max_behot_time_tmp=1479162096&as=A16538313A8D839&cp=581A7DF853099E1>
2016-11-15 00:51:39 [scrapy] DEBUG: Crawled (200) <GET http://www.toutiao.com/api/article/feed/?category=news_car&utm_source=toutiao&widen=0&max_behot_time=0&max_behot_time_tmp=1479162096&as=A16538313A8D839&cp=581A7DF853099E1> (referer: http://www.toutiao.com/api/article/feed/?category=news_car&utm_source=toutiao&widen=0&max_behot_time=0&max_behot_time_tmp=0&as=A135B8B16A0CF6F&cp=581AACBF560FEE1)
2016-11-15 00:51:39 [toutiao] DEBUG: Fetch toutiao homepage page: http://www.toutiao.com/api/article/feed/?category=news_car&utm_source=toutiao&widen=0&max_behot_time=0&max_behot_time_tmp=1479162096&as=A16538313A8D839&cp=581A7DF853099E1
2016-11-15 00:51:39 [scrapy] DEBUG: Scraped from <200 http://www.toutiao.com/api/article/feed/?category=news_car&utm_source=toutiao&widen=0&max_behot_time=0&max_behot_time_tmp=1479162096&as=A16538313A8D839&cp=581A7DF853099E1>
{'Title': '2016\xe5\xb9\xbf\xe5\xb7\x9e\xe8\xbd\xa6\xe5\xb1\x95\xe5\x8d\xb3\xe5\xb0\x86\xe5\xbc\x80\xe5\xb9\x95 \xe4\xbd\xa0\xe5\x87\x86\xe5\xa4\x87\xe5\xa5\xbd\xe4\xba\x86\xe5\x90\x97\xef\xbc\x9f',
 'TitleUrl': u'http://www.toutiao.com/group/6352942636814401793/'}
2016-11-15 00:51:39 [scrapy] DEBUG: Scraped from <200 http://www.toutiao.com/api/article/feed/?category=news_car&utm_source=toutiao&widen=0&max_behot_time=0&max_behot_time_tmp=1479162096&as=A16538313A8D839&cp=581A7DF853099E1>
{'Title': '\xe5\x86\xac\xe5\xa4\xa9\xe5\xa4\xb41\xe5\x88\x86\xe9\x92\x9f\xe5\xa6\x82\xe4\xbd\x95\xe6\xad\xa3\xe7\xa1\xae\xe7\x83\xad\xe8\xbd\xa6\xef\xbc\x9f\xe8\xb0\xa8\xe9\x98\xb2\xe4\xb8\x89\xe5\xa4\xa7\xe5\x8d\xb1\xe5\xae\xb3\xef\xbc\x9a\xe8\xb4\xb9\xe6\xb2\xb9\xe3\x80\x81\xe7\xa7\xaf\xe7\xa2\xb3\xe3\x80\x81\xe6\xb1\xa1\xe6\x9f\x93',
 'TitleUrl': u'http://www.toutiao.com/group/6352821200221880578/'}
2016-11-15 00:51:39 [scrapy] DEBUG: Scraped from <200 http://www.toutiao.com/api/article/feed/?category=news_car&utm_source=toutiao&widen=0&max_behot_time=0&max_behot_time_tmp=1479162096&as=A16538313A8D839&cp=581A7DF853099E1>
{'Title': '\xe7\xad\x89\xe7\xba\xa2\xe7\x81\xaf\xe6\x97\xb6\xe7\x9c\x8b\xe5\x88\xb0\xe4\xb8\x80\xe8\xbe\x86\xe6\x97\xa5\xe7\xb3\xbb\xe8\xbd\xa6\xef\xbc\x8c\xe8\xbd\xa6\xe7\x89\x8c\xe5\xa4\xaa\xe9\x9c\xb8\xe6\xb0\x94\xef\xbc\x8c\xe7\xbb\xbf\xe7\x81\xaf\xe6\xb2\xa1\xe4\xba\xae\xef\xbc\x8c\xe4\xba\xa4\xe8\xad\xa6\xe6\x9d\xa5\xe4\xba\x86\xef\xbc\x81',
 'TitleUrl': u'http://www.toutiao.com/group/6352763702319726850/'}
2016-11-15 00:51:39 [scrapy] DEBUG: Scraped from <200 http://www.toutiao.com/api/article/feed/?category=news_car&utm_source=toutiao&widen=0&max_behot_time=0&max_behot_time_tmp=1479162096&as=A16538313A8D839&cp=581A7DF853099E1>
{'Title': '2017\xef\xbc\x8cSUV \xe5\x8f\xaf\xe8\x83\xbd\xe6\x88\x90\xe4\xb8\xba\xe4\xbb\xb7\xe6\xa0\xbc\xe6\x88\x98\xe7\x9a\x84\xe2\x80\x9c\xe9\x87\x8d\xe7\x81\xbe\xe5\x8c\xba\xe2\x80\x9d',
 'TitleUrl': u'http://www.toutiao.com/group/6352638803869647105/'}
2016-11-15 00:51:39 [scrapy] DEBUG: Scraped from <200 http://www.toutiao.com/api/article/feed/?category=news_car&utm_source=toutiao&widen=0&max_behot_time=0&max_behot_time_tmp=1479162096&as=A16538313A8D839&cp=581A7DF853099E1>
{'Title': '2017\xe6\xac\xbe\xe5\xa5\x94\xe9\xa9\xb0GLS\xe7\xba\xa7450\xe3\x80\x81550\xe3\x80\x8163\xe8\xaf\xa6\xe7\xbb\x86\xe9\x85\x8d\xe7\xbd\xae\xe6\x8a\xa5\xe4\xbb\xb7',
 'TitleUrl': u'http://www.toutiao.com/group/6352680793555042561/'}
2016-11-15 00:51:39 [scrapy] DEBUG: Scraped from <200 http://www.toutiao.com/api/article/feed/?category=news_car&utm_source=toutiao&widen=0&max_behot_time=0&max_behot_time_tmp=1479162096&as=A16538313A8D839&cp=581A7DF853099E1>
{'Title': 'MT\xe3\x80\x81AT\xe3\x80\x81CVT\xe3\x80\x81DCT\xe8\xb0\x81\xe5\xa5\xbd\xe8\xb0\x81\xe5\x9d\x8f\xe8\xaf\xa5\xe6\x80\x8e\xe4\xb9\x88\xe9\x80\x89\xef\xbc\x9f',
 'TitleUrl': u'http://www.toutiao.com/group/6352646866325242113/'}
2016-11-15 00:51:39 [scrapy] DEBUG: Scraped from <200 http://www.toutiao.com/api/article/feed/?category=news_car&utm_source=toutiao&widen=0&max_behot_time=0&max_behot_time_tmp=1479162096&as=A16538313A8D839&cp=581A7DF853099E1>
{'Title': 'SUV\xe5\xb0\x86\xe6\xad\xbb\xef\xbc\x81\xe6\x9b\xbf\xe4\xbb\xa3\xe8\x80\x85\xe4\xbc\x9a\xe6\x98\xaf\xe8\xbf\x99\xe7\xb1\xbb\xe8\xbd\xa6',
 'TitleUrl': u'http://www.toutiao.com/group/6352027552379158785/'}
2016-11-15 00:51:39 [scrapy] DEBUG: Scraped from <200 http://www.toutiao.com/api/article/feed/?category=news_car&utm_source=toutiao&widen=0&max_behot_time=0&max_behot_time_tmp=1479162096&as=A16538313A8D839&cp=581A7DF853099E1>
{'Title': '\xe5\xae\x81\xe5\x81\x9a\xe9\xb8\xa1\xe5\xa4\xb4\xe4\xb8\x8d\xe5\x81\x9a\xe5\x87\xa4\xe5\xb0\xbe\xef\xbc\x8c\xe5\xb0\x8f\xe4\xbc\x996\xe4\xb8\x87\xe4\xb9\xb0\xe4\xba\x86\xe8\xbe\x86\xe4\xba\x8c\xe6\x89\x8b\xe7\x82\xab\xe9\x85\xb7\xe5\xb0\x8f\xe8\xb7\x91\xe6\x89\xae\xe5\x9c\x9f\xe8\xb1\xaa\xe6\x8a\xb1\xe5\xbe\x97\xe7\xbe\x8e\xe4\xba\xba\xe5\xbd\x92',
 'TitleUrl': u'http://www.toutiao.com/group/6346531571894534401/'}
2016-11-15 00:51:39 [scrapy] DEBUG: Scraped from <200 http://www.toutiao.com/api/article/feed/?category=news_car&utm_source=toutiao&widen=0&max_behot_time=0&max_behot_time_tmp=1479162096&as=A16538313A8D839&cp=581A7DF853099E1>
{'Title': '\xe6\x96\xb0\xe5\xa5\xa5\xe8\xbf\xaaA4L\xe7\x9a\x84\xe4\xbd\x8e\xe9\x85\x8d\xe7\x89\x88\xe5\x88\xb0\xe5\xba\x95\xe5\x80\xbc\xe4\xb8\x8d\xe5\x80\xbc\xe5\xbe\x97\xe4\xb9\xb0\xef\xbc\x9f',
 'TitleUrl': u'http://www.toutiao.com/group/6352574228885242113/'}
2016-11-15 00:51:39 [scrapy] DEBUG: Scraped from <200 http://www.toutiao.com/api/article/feed/?category=news_car&utm_source=toutiao&widen=0&max_behot_time=0&max_behot_time_tmp=1479162096&as=A16538313A8D839&cp=581A7DF853099E1>
{'Title': '\xe5\xae\x9d\xe9\xa9\xac\xe7\xba\xa2\xe7\x9d\x80\xe7\x9c\xbc\xe6\x8a\xa5\xe4\xbb\xb7\xef\xbc\x8c\xe8\x90\xbd\xe5\x9c\xb018\xe4\xb8\x87\xef\xbc\x81\xe8\xae\xa2\xe8\xbd\xa6\xe7\x83\xad\xe7\xba\xbf\xe4\xbc\x9a\xe7\x88\x86',
 'TitleUrl': u'http://www.toutiao.com/group/6352656076517212417/'}
2016-11-15 00:51:39 [scrapy] DEBUG: Scraped from <200 http://www.toutiao.com/api/article/feed/?category=news_car&utm_source=toutiao&widen=0&max_behot_time=0&max_behot_time_tmp=1479162096&as=A16538313A8D839&cp=581A7DF853099E1>
{'Title': '\xe7\x91\x9e\xe8\x99\x8e3X 11\xe6\x9c\x8815\xe6\x97\xa5\xe6\x99\x9a\xe4\xb8\x8a\xe5\xb8\x82 \xe5\xb0\x86\xe6\x8e\xa8\xe5\x87\xba6\xe6\xac\xbe\xe8\xbd\xa6\xe5\x9e\x8b',
 'TitleUrl': u'http://www.toutiao.com/group/6352852104155201793/'}
2016-11-15 00:51:39 [scrapy] DEBUG: Scraped from <200 http://www.toutiao.com/api/article/feed/?category=news_car&utm_source=toutiao&widen=0&max_behot_time=0&max_behot_time_tmp=1479162096&as=A16538313A8D839&cp=581A7DF853099E1>
{'Title': '\xe6\x9c\xac\xe4\xbb\xa5\xe4\xb8\xba\xe8\xbd\xa6\xe4\xb8\xbb\xe5\x8f\xaa\xe6\x98\xaf\xe6\x83\xb3\xe7\xae\x80\xe5\x8d\x95\xe5\x8f\x91\xe5\xbc\xa0\xe6\x9c\x8b\xe5\x8f\x8b\xe5\x9c\x88\xef\xbc\x8c\xe7\xbb\x93\xe6\x9e\x9c\xe8\xbd\xa6\xe6\xa0\x87\xe5\x87\xba\xe5\x8d\x96\xe4\xba\x86\xe4\xbb\x96',
 'TitleUrl': u'http://www.toutiao.com/group/6352836761262326017/'}
2016-11-15 00:51:39 [scrapy] DEBUG: Scraped from <200 http://www.toutiao.com/api/article/feed/?category=news_car&utm_source=toutiao&widen=0&max_behot_time=0&max_behot_time_tmp=1479162096&as=A16538313A8D839&cp=581A7DF853099E1>
{'Title': '\xe4\xb8\xba\xe4\xbb\x80\xe4\xb9\x88\xe5\x9b\xbd\xe5\x86\x85\xe8\xa6\x81\xe7\x9c\x8b\xe4\xb8\x8d\xe8\xb5\xb7\xe5\xbc\x80\xe5\xae\x9d\xe9\xa9\xac\xe4\xb8\x89\xe7\xb3\xbb\xe7\x9a\x84\xe8\xbd\xa6\xe4\xb8\xbb\xef\xbc\x9f',
 'TitleUrl': u'http://www.toutiao.com/group/6352852863900221698/'}
2016-11-15 00:51:39 [scrapy] DEBUG: Scraped from <200 http://www.toutiao.com/api/article/feed/?category=news_car&utm_source=toutiao&widen=0&max_behot_time=0&max_behot_time_tmp=1479162096&as=A16538313A8D839&cp=581A7DF853099E1>
{'Title': '\xe5\x8d\x97\xe4\xba\xac\xe5\xa4\xa7\xe8\xb4\xa7\xe5\x88\xb9\xe8\xbd\xa6\xe5\xa4\xb1\xe7\x81\xb5\xe8\xbf\x9e\xe6\x92\x9e17\xe8\xbe\x86\xe5\xb0\x8f\xe8\xbd\xa6',
 'TitleUrl': u'http://www.toutiao.com/group/6352852570800832769/'}
2016-11-15 00:51:39 [scrapy] DEBUG: Scraped from <200 http://www.toutiao.com/api/article/feed/?category=news_car&utm_source=toutiao&widen=0&max_behot_time=0&max_behot_time_tmp=1479162096&as=A16538313A8D839&cp=581A7DF853099E1>
{'Title': '\xe5\x8d\x97\xe4\xba\xac\xe5\xa4\xa7\xe8\xb4\xa7\xe5\x88\xb9\xe8\xbd\xa6\xe5\xa4\xb1\xe7\x81\xb5\xe8\xbf\x9e\xe6\x92\x9e17\xe8\xbe\x86\xe5\xb0\x8f\xe8\xbd\xa6',
 'TitleUrl': u'http://www.toutiao.com/group/6352963450855522561/?_as_1479171097'}
2016-11-15 00:51:39 [toutiao] INFO: now entring download midware
2016-11-15 00:51:39 [toutiao] INFO: User-Agent is: Baiduspider+(+http://www.baidu.com/search/spider_jp.html) <GET http://www.toutiao.com/api/article/feed/?category=news_car&utm_source=toutiao&widen=0&max_behot_time=0&max_behot_time_tmp=1479166896&as=A16538313A8D839&cp=581A7DF853099E1>
2016-11-15 00:51:39 [scrapy] DEBUG: Crawled (200) <GET http://www.toutiao.com/api/article/feed/?category=news_car&utm_source=toutiao&widen=0&max_behot_time=0&max_behot_time_tmp=1479166896&as=A16538313A8D839&cp=581A7DF853099E1> (referer: http://www.toutiao.com/api/article/feed/?category=news_car&utm_source=toutiao&widen=0&max_behot_time=0&max_behot_time_tmp=1479162096&as=A16538313A8D839&cp=581A7DF853099E1)
2016-11-15 00:51:39 [toutiao] DEBUG: Fetch toutiao homepage page: http://www.toutiao.com/api/article/feed/?category=news_car&utm_source=toutiao&widen=0&max_behot_time=0&max_behot_time_tmp=1479166896&as=A16538313A8D839&cp=581A7DF853099E1
2016-11-15 00:51:39 [scrapy] DEBUG: Scraped from <200 http://www.toutiao.com/api/article/feed/?category=news_car&utm_source=toutiao&widen=0&max_behot_time=0&max_behot_time_tmp=1479166896&as=A16538313A8D839&cp=581A7DF853099E1>
{'Title': '\xe4\xb8\x8a\xe6\xb1\xbd\xe5\xa5\xa5\xe8\xbf\xaa\xe6\x88\x96\xe8\xbf\x85\xe9\x80\x9f\xe6\x89\x93\xe5\xbc\x80\xe5\xb1\x80\xe9\x9d\xa2\xef\xbc\x8c\xe9\xa6\x96\xe6\xac\xbe\xe6\x8a\x95\xe4\xba\xa7SUV',
 'TitleUrl': u'http://www.toutiao.com/group/6352079739201224961/'}
2016-11-15 00:51:39 [scrapy] DEBUG: Scraped from <200 http://www.toutiao.com/api/article/feed/?category=news_car&utm_source=toutiao&widen=0&max_behot_time=0&max_behot_time_tmp=1479166896&as=A16538313A8D839&cp=581A7DF853099E1>
{'Title': '3\xe4\xb8\x87\xe5\x85\xac\xe9\x87\x8c\xe5\xb0\xb1\xe8\xa6\x81\xe6\x8d\xa2\xe5\x88\xb9\xe8\xbd\xa6\xe7\x89\x87\xef\xbc\x9f\xe5\x88\xab\xe8\xa2\xab\xe5\x9d\x91\xef\xbc\x8c1\xe5\x88\x86\xe9\x92\x9f\xe5\xbc\x84\xe6\x87\x82\xe5\x88\xb9\xe8\xbd\xa6\xe7\x89\x87\xe6\x9b\xb4\xe6\x8d\xa2\xe5\x91\xa8\xe6\x9c\x9f\xef\xbc\x81',
 'TitleUrl': u'http://www.toutiao.com/group/6352724282023411969/'}
2016-11-15 00:51:39 [scrapy] DEBUG: Scraped from <200 http://www.toutiao.com/api/article/feed/?category=news_car&utm_source=toutiao&widen=0&max_behot_time=0&max_behot_time_tmp=1479166896&as=A16538313A8D839&cp=581A7DF853099E1>
{'Title': '\xe4\xb8\x80\xe6\x9d\xa1\xe6\x97\xa7\xe8\xbd\xae\xe8\x83\x8e\xe2\x80\x9c\xe7\xbf\xbb\xe6\x96\xb0\xe2\x80\x9d\xe5\x8f\xaa\xe9\x9c\x805\xe5\x88\x86\xe9\x92\x9f\xef\xbc\x8c\xe6\x97\xa0\xe8\x89\xaf\xe5\x95\x86\xe5\xae\xb6\xe5\xb0\xb1\xe6\x98\xaf\xe9\x9d\xa0\xe8\xbf\x99\xe4\xb8\xaa\xe8\xb5\x9a\xe9\x92\xb1\xe7\x9a\x84\xef\xbc\x81',
 'TitleUrl': u'http://www.toutiao.com/group/6352786622211916034/'}
2016-11-15 00:51:39 [scrapy] DEBUG: Scraped from <200 http://www.toutiao.com/api/article/feed/?category=news_car&utm_source=toutiao&widen=0&max_behot_time=0&max_behot_time_tmp=1479166896&as=A16538313A8D839&cp=581A7DF853099E1>
{'Title': '\xe6\x96\xb0\xe5\x95\x86\xe6\x9c\xba\xe5\x8a\xa0\xe7\x9b\x9f\xef\xbc\x9a\xe4\xb8\x89\xe5\xa4\xa9\xe5\xb0\xb1\xe8\xa3\x85\xe4\xbf\xae\xe5\xa5\xbd\xe4\xbd\xa0\xe5\xae\xb6\xe7\x9a\x84\xe7\x8e\xaf\xe4\xbf\x9d\xe6\x9d\x90\xe6\x96\x99.',
 'TitleUrl': u'http://www.toutiao.com/group/6350543403553390850/'}
2016-11-15 00:51:39 [scrapy] DEBUG: Scraped from <200 http://www.toutiao.com/api/article/feed/?category=news_car&utm_source=toutiao&widen=0&max_behot_time=0&max_behot_time_tmp=1479166896&as=A16538313A8D839&cp=581A7DF853099E1>
{'Title': '\xe6\x80\x9d\xe5\x9f\x9f\xe2\x80\x9c\xe6\x97\x85\xe8\xa1\x8c\xe7\x89\x88\xe2\x80\x9d \xe6\x96\xb0\xe6\xac\xbe\xe4\xb8\x9c\xe9\xa3\x8e\xe6\x9c\xac\xe7\x94\xb0\xe6\x9d\xb0\xe5\xbe\xb7\xe5\x8d\xb3\xe5\xb0\x86\xe4\xb8\x8a\xe5\xb8\x82',
 'TitleUrl': u'http://www.toutiao.com/group/6352826027504320770/'}
2016-11-15 00:51:39 [scrapy] DEBUG: Scraped from <200 http://www.toutiao.com/api/article/feed/?category=news_car&utm_source=toutiao&widen=0&max_behot_time=0&max_behot_time_tmp=1479166896&as=A16538313A8D839&cp=581A7DF853099E1>
{'Title': '\xe4\xbf\x9d\xe6\x97\xb6\xe6\x8d\xb7\xe7\x9c\x8b\xe4\xba\x86\xe8\xbf\x99\xe7\xa8\xbf\xe4\xb8\x8d\xe5\xbc\x80\xe5\xbf\x83 \xe4\xbc\x97\xe6\xb3\xb0SR9\xe5\xaf\xb9Macan',
 'TitleUrl': u'http://www.toutiao.com/group/6352845680726425857/'}
2016-11-15 00:51:39 [scrapy] DEBUG: Scraped from <200 http://www.toutiao.com/api/article/feed/?category=news_car&utm_source=toutiao&widen=0&max_behot_time=0&max_behot_time_tmp=1479166896&as=A16538313A8D839&cp=581A7DF853099E1>
{'Title': '\xe5\xbc\x80\xe5\xa5\xa5\xe8\xbf\xaa\xe7\x9a\x84\xe7\x9c\x8b\xe8\xa7\x81\xe4\xb8\xb0\xe7\x94\xb0\xe8\xbf\x99\xe6\xac\xbe\xe8\xbd\xbb\xe5\xae\xa2\xe4\xb9\x9f\xe5\xbe\x97\xe4\xb9\x96\xe4\xb9\x96\xe7\x9a\x84\xe8\xae\xa9\xe9\x81\x93\xef\xbc\x8c\xe4\xb8\x8d\xe4\xbf\xa1\xe8\xaf\x95\xe8\xaf\x95\xe7\x9c\x8b',
 'TitleUrl': u'http://www.toutiao.com/group/6352687528776286465/'}
2016-11-15 00:51:39 [scrapy] DEBUG: Scraped from <200 http://www.toutiao.com/api/article/feed/?category=news_car&utm_source=toutiao&widen=0&max_behot_time=0&max_behot_time_tmp=1479166896&as=A16538313A8D839&cp=581A7DF853099E1>
{'Title': '20\xe5\xb9\xb4\xe6\xb1\xbd\xe4\xbf\xae\xe5\xb8\x88\xe5\x82\x85\xe8\xaf\xb4:\xe4\xb9\xb0\xe8\xbd\xa6\xe4\xb8\x80\xe5\xae\x9a\xe8\xa6\x81\xe6\x87\x82\xe8\xbf\x99\xe4\xb8\xaa\xe6\xa0\xb8\xe5\xbf\x83\xef\xbc\x8c\xe4\xbd\x86\xe5\xbe\x88\xe5\xa4\x9a\xe7\x9a\x84\xe8\xbd\xa6\xe5\x8f\x8b\xe5\xb9\xb6\xe4\xb8\x8d\xe6\x87\x82\xef\xbc\x81',
 'TitleUrl': u'http://www.toutiao.com/group/6352434399955190017/'}
2016-11-15 00:51:39 [scrapy] DEBUG: Scraped from <200 http://www.toutiao.com/api/article/feed/?category=news_car&utm_source=toutiao&widen=0&max_behot_time=0&max_behot_time_tmp=1479166896&as=A16538313A8D839&cp=581A7DF853099E1>
{'Title': '2016\xe5\xb9\xbf\xe5\xb7\x9e\xe8\xbd\xa6\xe5\xb1\x95\xe5\x8d\xb3\xe5\xb0\x86\xe5\xbc\x80\xe5\xb9\x95 \xe4\xbd\xa0\xe5\x87\x86\xe5\xa4\x87\xe5\xa5\xbd\xe4\xba\x86\xe5\x90\x97\xef\xbc\x9f',
 'TitleUrl': u'http://www.toutiao.com/group/6352942636814401793/'}
2016-11-15 00:51:39 [scrapy] DEBUG: Scraped from <200 http://www.toutiao.com/api/article/feed/?category=news_car&utm_source=toutiao&widen=0&max_behot_time=0&max_behot_time_tmp=1479166896&as=A16538313A8D839&cp=581A7DF853099E1>
{'Title': '\xe5\x86\xac\xe5\xa4\xa9\xe5\xa4\xb41\xe5\x88\x86\xe9\x92\x9f\xe5\xa6\x82\xe4\xbd\x95\xe6\xad\xa3\xe7\xa1\xae\xe7\x83\xad\xe8\xbd\xa6\xef\xbc\x9f\xe8\xb0\xa8\xe9\x98\xb2\xe4\xb8\x89\xe5\xa4\xa7\xe5\x8d\xb1\xe5\xae\xb3\xef\xbc\x9a\xe8\xb4\xb9\xe6\xb2\xb9\xe3\x80\x81\xe7\xa7\xaf\xe7\xa2\xb3\xe3\x80\x81\xe6\xb1\xa1\xe6\x9f\x93',
 'TitleUrl': u'http://www.toutiao.com/group/6352821200221880578/'}
2016-11-15 00:51:39 [scrapy] DEBUG: Scraped from <200 http://www.toutiao.com/api/article/feed/?category=news_car&utm_source=toutiao&widen=0&max_behot_time=0&max_behot_time_tmp=1479166896&as=A16538313A8D839&cp=581A7DF853099E1>
{'Title': '\xe7\xad\x89\xe7\xba\xa2\xe7\x81\xaf\xe6\x97\xb6\xe7\x9c\x8b\xe5\x88\xb0\xe4\xb8\x80\xe8\xbe\x86\xe6\x97\xa5\xe7\xb3\xbb\xe8\xbd\xa6\xef\xbc\x8c\xe8\xbd\xa6\xe7\x89\x8c\xe5\xa4\xaa\xe9\x9c\xb8\xe6\xb0\x94\xef\xbc\x8c\xe7\xbb\xbf\xe7\x81\xaf\xe6\xb2\xa1\xe4\xba\xae\xef\xbc\x8c\xe4\xba\xa4\xe8\xad\xa6\xe6\x9d\xa5\xe4\xba\x86\xef\xbc\x81',
 'TitleUrl': u'http://www.toutiao.com/group/6352763702319726850/'}
2016-11-15 00:51:39 [scrapy] DEBUG: Scraped from <200 http://www.toutiao.com/api/article/feed/?category=news_car&utm_source=toutiao&widen=0&max_behot_time=0&max_behot_time_tmp=1479166896&as=A16538313A8D839&cp=581A7DF853099E1>
{'Title': '2017\xef\xbc\x8cSUV \xe5\x8f\xaf\xe8\x83\xbd\xe6\x88\x90\xe4\xb8\xba\xe4\xbb\xb7\xe6\xa0\xbc\xe6\x88\x98\xe7\x9a\x84\xe2\x80\x9c\xe9\x87\x8d\xe7\x81\xbe\xe5\x8c\xba\xe2\x80\x9d',
 'TitleUrl': u'http://www.toutiao.com/group/6352638803869647105/'}
2016-11-15 00:51:39 [scrapy] DEBUG: Scraped from <200 http://www.toutiao.com/api/article/feed/?category=news_car&utm_source=toutiao&widen=0&max_behot_time=0&max_behot_time_tmp=1479166896&as=A16538313A8D839&cp=581A7DF853099E1>
{'Title': '2017\xe6\xac\xbe\xe5\xa5\x94\xe9\xa9\xb0GLS\xe7\xba\xa7450\xe3\x80\x81550\xe3\x80\x8163\xe8\xaf\xa6\xe7\xbb\x86\xe9\x85\x8d\xe7\xbd\xae\xe6\x8a\xa5\xe4\xbb\xb7',
 'TitleUrl': u'http://www.toutiao.com/group/6352680793555042561/'}
2016-11-15 00:51:39 [scrapy] DEBUG: Scraped from <200 http://www.toutiao.com/api/article/feed/?category=news_car&utm_source=toutiao&widen=0&max_behot_time=0&max_behot_time_tmp=1479166896&as=A16538313A8D839&cp=581A7DF853099E1>
{'Title': 'MT\xe3\x80\x81AT\xe3\x80\x81CVT\xe3\x80\x81DCT\xe8\xb0\x81\xe5\xa5\xbd\xe8\xb0\x81\xe5\x9d\x8f\xe8\xaf\xa5\xe6\x80\x8e\xe4\xb9\x88\xe9\x80\x89\xef\xbc\x9f',
 'TitleUrl': u'http://www.toutiao.com/group/6352646866325242113/'}
2016-11-15 00:51:39 [scrapy] DEBUG: Scraped from <200 http://www.toutiao.com/api/article/feed/?category=news_car&utm_source=toutiao&widen=0&max_behot_time=0&max_behot_time_tmp=1479166896&as=A16538313A8D839&cp=581A7DF853099E1>
{'Title': 'SUV\xe5\xb0\x86\xe6\xad\xbb\xef\xbc\x81\xe6\x9b\xbf\xe4\xbb\xa3\xe8\x80\x85\xe4\xbc\x9a\xe6\x98\xaf\xe8\xbf\x99\xe7\xb1\xbb\xe8\xbd\xa6',
 'TitleUrl': u'http://www.toutiao.com/group/6352027552379158785/'}
2016-11-15 00:51:39 [scrapy] DEBUG: Scraped from <200 http://www.toutiao.com/api/article/feed/?category=news_car&utm_source=toutiao&widen=0&max_behot_time=0&max_behot_time_tmp=1479166896&as=A16538313A8D839&cp=581A7DF853099E1>
{'Title': 'SUV\xe5\xb0\x86\xe6\xad\xbb\xef\xbc\x81\xe6\x9b\xbf\xe4\xbb\xa3\xe8\x80\x85\xe4\xbc\x9a\xe6\x98\xaf\xe8\xbf\x99\xe7\xb1\xbb\xe8\xbd\xa6',
 'TitleUrl': u'http://www.toutiao.com/group/6352963851293737217/?_as_1479171098'}
2016-11-15 00:51:39 [toutiao] INFO: now entring download midware
2016-11-15 00:51:39 [toutiao] INFO: User-Agent is: Mozilla/4.0 (compatible; MSIE 7.0; Windows NT 6.0) AddSugarSpiderBot www.idealobserver.com <GET http://www.toutiao.com/api/article/feed/?category=news_car&utm_source=toutiao&widen=0&max_behot_time=0&max_behot_time_tmp=1479170635&as=A16538313A8D839&cp=581A7DF853099E1>
2016-11-15 00:51:40 [scrapy] DEBUG: Crawled (200) <GET http://www.toutiao.com/api/article/feed/?category=news_car&utm_source=toutiao&widen=0&max_behot_time=0&max_behot_time_tmp=1479170635&as=A16538313A8D839&cp=581A7DF853099E1> (referer: http://www.toutiao.com/api/article/feed/?category=news_car&utm_source=toutiao&widen=0&max_behot_time=0&max_behot_time_tmp=1479166896&as=A16538313A8D839&cp=581A7DF853099E1)
2016-11-15 00:51:40 [toutiao] DEBUG: Fetch toutiao homepage page: http://www.toutiao.com/api/article/feed/?category=news_car&utm_source=toutiao&widen=0&max_behot_time=0&max_behot_time_tmp=1479170635&as=A16538313A8D839&cp=581A7DF853099E1
2016-11-15 00:51:40 [scrapy] DEBUG: Scraped from <200 http://www.toutiao.com/api/article/feed/?category=news_car&utm_source=toutiao&widen=0&max_behot_time=0&max_behot_time_tmp=1479170635&as=A16538313A8D839&cp=581A7DF853099E1>
{'Title': '\xe5\x90\x8c\xe6\xa0\xb7\xe6\x98\xaf\xe5\x8f\xb3\xe4\xbe\xa7\xe8\xb6\x85\xe8\xbd\xa6\xef\xbc\x8c\xe4\xb8\xba\xe4\xbb\x80\xe4\xb9\x88\xe6\x88\x91\xe8\xa2\xab\xe6\x8a\x93\xe8\xbf\x9d\xe8\xa7\x84\xef\xbc\x8c\xe8\x80\x8c\xe4\xbb\x96\xe5\x8d\xb4\xe6\xb2\xa1\xe4\xba\x8b\xef\xbc\x9f',
 'TitleUrl': u'http://www.toutiao.com/group/6352811667541901570/'}
2016-11-15 00:51:40 [scrapy] DEBUG: Scraped from <200 http://www.toutiao.com/api/article/feed/?category=news_car&utm_source=toutiao&widen=0&max_behot_time=0&max_behot_time_tmp=1479170635&as=A16538313A8D839&cp=581A7DF853099E1>
{'Title': '\xe5\xae\x9d\xe9\xaa\x8f\xe5\x86\x8d\xe6\x94\xbe\xe5\xa4\xa7\xe6\x8b\x9b\xef\xbc\x8c\xe5\x9b\xbd\xe4\xba\xa7\xe9\xa6\x96\xe6\xac\xbe7\xe5\xba\xa7\xe6\x97\x85\xe8\xa1\x8c\xe8\xbd\xa6\xe8\xa6\x81\xe6\x98\xaf\xe5\x8d\x966\xe4\xb8\x87\xe4\xbc\x9a\xe5\x8d\x96\xe7\x96\xaf',
 'TitleUrl': u'http://www.toutiao.com/group/6352783431424622850/'}
2016-11-15 00:51:40 [scrapy] DEBUG: Scraped from <200 http://www.toutiao.com/api/article/feed/?category=news_car&utm_source=toutiao&widen=0&max_behot_time=0&max_behot_time_tmp=1479170635&as=A16538313A8D839&cp=581A7DF853099E1>
{'Title': '\xe9\x95\xbf\xe5\x9f\x8e\xe5\x85\xa8\xe6\x96\xb0\xe9\xab\x98\xe7\xab\xaf\xe5\x93\x81\xe7\x89\x8cLOGO\xe6\x9b\x9d\xe5\x85\x89 \xe9\x87\x87\xe7\x94\xa8\xe7\xab\x96\xe6\x9d\xa1\xe5\xbd\xa2',
 'TitleUrl': u'http://www.toutiao.com/group/6352709865627304193/'}
2016-11-15 00:51:40 [scrapy] DEBUG: Scraped from <200 http://www.toutiao.com/api/article/feed/?category=news_car&utm_source=toutiao&widen=0&max_behot_time=0&max_behot_time_tmp=1479170635&as=A16538313A8D839&cp=581A7DF853099E1>
{'Title': '\xe6\xaf\x94\xe5\xa5\xa5\xe8\xbf\xaaA4L\xe6\x8a\x98\xe6\x89\xa3\xe5\xa4\xa7\xef\xbc\x8c\xe6\xaf\x94\xe5\xa5\x94\xe9\xa9\xb0C\xe5\x94\xae\xe5\x90\x8e\xe5\xa5\xbd\xef\xbc\x8c\xe5\xae\x9d\xe9\xa9\xac3\xe7\xb3\xbb\xe4\xb8\x80\xe6\x9c\x88\xe5\x8d\x96\xe4\xba\x86\xe8\xbf\x913\xe4\xb8\x87\xe4\xbf\xa9',
 'TitleUrl': u'http://www.toutiao.com/group/6352971208208433410/'}
2016-11-15 00:51:40 [scrapy] DEBUG: Scraped from <200 http://www.toutiao.com/api/article/feed/?category=news_car&utm_source=toutiao&widen=0&max_behot_time=0&max_behot_time_tmp=1479170635&as=A16538313A8D839&cp=581A7DF853099E1>
{'Title': '\xe4\xb8\x80\xe5\x85\xac\xe9\x87\x8c\xe4\xb8\x8d\xe5\x88\xb04\xe6\xaf\x9b\xef\xbc\x8c\xe5\x85\xa8\xe7\xb3\xbbESP\xe6\xb6\xa1\xe8\xbd\xae\xe8\x87\xaa\xe5\x90\xb8\xe9\x83\xbd\xe6\x9c\x89\xef\xbc\x8c\xe6\x87\x82\xe8\xbd\xa6\xe7\x9a\x84\xe9\x83\xbd\xe7\xbf\x98\xe5\xa4\xa7\xe6\x8b\x87\xe5\x93\xa5',
 'TitleUrl': u'http://www.toutiao.com/group/6352735303837925634/'}
2016-11-15 00:51:40 [scrapy] DEBUG: Scraped from <200 http://www.toutiao.com/api/article/feed/?category=news_car&utm_source=toutiao&widen=0&max_behot_time=0&max_behot_time_tmp=1479170635&as=A16538313A8D839&cp=581A7DF853099E1>
{'Title': '\xe5\xb9\xb3\xe8\xa1\x8c\xe8\xbf\x9b\xe5\x8f\xa3\xe9\x9b\xb7\xe5\x85\x8b\xe8\x90\xa8\xe6\x96\xafLX570\xe5\x85\xab\xe5\xba\xa7\xe6\x9c\x80\xe4\xbd\x8e\xe4\xbb\xb7\xe6\xa0\xbc\xe6\x8e\xa2\xe7\xa7\x98-11/12',
 'TitleUrl': u'http://www.toutiao.com/group/6352626289467916546/'}
2016-11-15 00:51:40 [scrapy] DEBUG: Scraped from <200 http://www.toutiao.com/api/article/feed/?category=news_car&utm_source=toutiao&widen=0&max_behot_time=0&max_behot_time_tmp=1479170635&as=A16538313A8D839&cp=581A7DF853099E1>
{'Title': '\xe9\x9c\xb8\xe9\x81\x932700\xe6\x9c\x80\xe6\x96\xb0\xe8\xae\xb2\xe8\xa7\xa3',
 'TitleUrl': u'http://www.toutiao.com/group/6319605332113228034/'}
2016-11-15 00:51:40 [scrapy] DEBUG: Scraped from <200 http://www.toutiao.com/api/article/feed/?category=news_car&utm_source=toutiao&widen=0&max_behot_time=0&max_behot_time_tmp=1479170635&as=A16538313A8D839&cp=581A7DF853099E1>
{'Title': '10\xe4\xb8\x87\xe5\x85\x83\xe7\x9a\x84\xe2\x80\x9c\xe4\xbf\x9d\xe6\x97\xb6\xe6\x8d\xb7\xe2\x80\x9d\xe4\xbc\x97\xe6\xb3\xb0SR9 \xe6\x88\x91\xe5\x88\xb0\xe5\xba\x95\xe8\xaf\xa5\xe4\xb9\xb0\xe5\x93\xaa\xe4\xb8\x80\xe6\xac\xbe',
 'TitleUrl': u'http://www.toutiao.com/group/6352674611784106241/'}
2016-11-15 00:51:40 [scrapy] DEBUG: Scraped from <200 http://www.toutiao.com/api/article/feed/?category=news_car&utm_source=toutiao&widen=0&max_behot_time=0&max_behot_time_tmp=1479170635&as=A16538313A8D839&cp=581A7DF853099E1>
{'Title': '\xe4\xb8\x8a\xe6\xb1\xbd\xe5\xa5\xa5\xe8\xbf\xaa\xe6\x88\x96\xe8\xbf\x85\xe9\x80\x9f\xe6\x89\x93\xe5\xbc\x80\xe5\xb1\x80\xe9\x9d\xa2\xef\xbc\x8c\xe9\xa6\x96\xe6\xac\xbe\xe6\x8a\x95\xe4\xba\xa7SUV',
 'TitleUrl': u'http://www.toutiao.com/group/6352079739201224961/'}
2016-11-15 00:51:40 [scrapy] DEBUG: Scraped from <200 http://www.toutiao.com/api/article/feed/?category=news_car&utm_source=toutiao&widen=0&max_behot_time=0&max_behot_time_tmp=1479170635&as=A16538313A8D839&cp=581A7DF853099E1>
{'Title': '3\xe4\xb8\x87\xe5\x85\xac\xe9\x87\x8c\xe5\xb0\xb1\xe8\xa6\x81\xe6\x8d\xa2\xe5\x88\xb9\xe8\xbd\xa6\xe7\x89\x87\xef\xbc\x9f\xe5\x88\xab\xe8\xa2\xab\xe5\x9d\x91\xef\xbc\x8c1\xe5\x88\x86\xe9\x92\x9f\xe5\xbc\x84\xe6\x87\x82\xe5\x88\xb9\xe8\xbd\xa6\xe7\x89\x87\xe6\x9b\xb4\xe6\x8d\xa2\xe5\x91\xa8\xe6\x9c\x9f\xef\xbc\x81',
 'TitleUrl': u'http://www.toutiao.com/group/6352724282023411969/'}
2016-11-15 00:51:40 [scrapy] DEBUG: Scraped from <200 http://www.toutiao.com/api/article/feed/?category=news_car&utm_source=toutiao&widen=0&max_behot_time=0&max_behot_time_tmp=1479170635&as=A16538313A8D839&cp=581A7DF853099E1>
{'Title': '\xe4\xb8\x80\xe6\x9d\xa1\xe6\x97\xa7\xe8\xbd\xae\xe8\x83\x8e\xe2\x80\x9c\xe7\xbf\xbb\xe6\x96\xb0\xe2\x80\x9d\xe5\x8f\xaa\xe9\x9c\x805\xe5\x88\x86\xe9\x92\x9f\xef\xbc\x8c\xe6\x97\xa0\xe8\x89\xaf\xe5\x95\x86\xe5\xae\xb6\xe5\xb0\xb1\xe6\x98\xaf\xe9\x9d\xa0\xe8\xbf\x99\xe4\xb8\xaa\xe8\xb5\x9a\xe9\x92\xb1\xe7\x9a\x84\xef\xbc\x81',
 'TitleUrl': u'http://www.toutiao.com/group/6352786622211916034/'}
2016-11-15 00:51:40 [scrapy] DEBUG: Scraped from <200 http://www.toutiao.com/api/article/feed/?category=news_car&utm_source=toutiao&widen=0&max_behot_time=0&max_behot_time_tmp=1479170635&as=A16538313A8D839&cp=581A7DF853099E1>
{'Title': '\xe6\x80\x9d\xe5\x9f\x9f\xe2\x80\x9c\xe6\x97\x85\xe8\xa1\x8c\xe7\x89\x88\xe2\x80\x9d \xe6\x96\xb0\xe6\xac\xbe\xe4\xb8\x9c\xe9\xa3\x8e\xe6\x9c\xac\xe7\x94\xb0\xe6\x9d\xb0\xe5\xbe\xb7\xe5\x8d\xb3\xe5\xb0\x86\xe4\xb8\x8a\xe5\xb8\x82',
 'TitleUrl': u'http://www.toutiao.com/group/6352826027504320770/'}
2016-11-15 00:51:40 [scrapy] DEBUG: Scraped from <200 http://www.toutiao.com/api/article/feed/?category=news_car&utm_source=toutiao&widen=0&max_behot_time=0&max_behot_time_tmp=1479170635&as=A16538313A8D839&cp=581A7DF853099E1>
{'Title': '\xe4\xbf\x9d\xe6\x97\xb6\xe6\x8d\xb7\xe7\x9c\x8b\xe4\xba\x86\xe8\xbf\x99\xe7\xa8\xbf\xe4\xb8\x8d\xe5\xbc\x80\xe5\xbf\x83 \xe4\xbc\x97\xe6\xb3\xb0SR9\xe5\xaf\xb9Macan',
 'TitleUrl': u'http://www.toutiao.com/group/6352845680726425857/'}
2016-11-15 00:51:40 [scrapy] DEBUG: Scraped from <200 http://www.toutiao.com/api/article/feed/?category=news_car&utm_source=toutiao&widen=0&max_behot_time=0&max_behot_time_tmp=1479170635&as=A16538313A8D839&cp=581A7DF853099E1>
{'Title': '\xe5\xbc\x80\xe5\xa5\xa5\xe8\xbf\xaa\xe7\x9a\x84\xe7\x9c\x8b\xe8\xa7\x81\xe4\xb8\xb0\xe7\x94\xb0\xe8\xbf\x99\xe6\xac\xbe\xe8\xbd\xbb\xe5\xae\xa2\xe4\xb9\x9f\xe5\xbe\x97\xe4\xb9\x96\xe4\xb9\x96\xe7\x9a\x84\xe8\xae\xa9\xe9\x81\x93\xef\xbc\x8c\xe4\xb8\x8d\xe4\xbf\xa1\xe8\xaf\x95\xe8\xaf\x95\xe7\x9c\x8b',
 'TitleUrl': u'http://www.toutiao.com/group/6352687528776286465/'}
2016-11-15 00:51:40 [scrapy] DEBUG: Scraped from <200 http://www.toutiao.com/api/article/feed/?category=news_car&utm_source=toutiao&widen=0&max_behot_time=0&max_behot_time_tmp=1479170635&as=A16538313A8D839&cp=581A7DF853099E1>
{'Title': '\xe5\xbc\x80\xe5\xa5\xa5\xe8\xbf\xaa\xe7\x9a\x84\xe7\x9c\x8b\xe8\xa7\x81\xe4\xb8\xb0\xe7\x94\xb0\xe8\xbf\x99\xe6\xac\xbe\xe8\xbd\xbb\xe5\xae\xa2\xe4\xb9\x9f\xe5\xbe\x97\xe4\xb9\x96\xe4\xb9\x96\xe7\x9a\x84\xe8\xae\xa9\xe9\x81\x93\xef\xbc\x8c\xe4\xb8\x8d\xe4\xbf\xa1\xe8\xaf\x95\xe8\xaf\x95\xe7\x9c\x8b',
 'TitleUrl': u'http://www.toutiao.com/group/6352963413634826498/?_as_1479171098'}
2016-11-15 00:51:40 [toutiao] INFO: now entring download midware
2016-11-15 00:51:40 [toutiao] INFO: User-Agent is: nuSearch Spider (compatible; MSIE 4.01; Windows NT) <GET http://www.toutiao.com/api/article/feed/?category=news_car&utm_source=toutiao&widen=0&max_behot_time=0&max_behot_time_tmp=1479171048&as=A16538313A8D839&cp=581A7DF853099E1>
2016-11-15 00:51:41 [scrapy] DEBUG: Crawled (200) <GET http://www.toutiao.com/api/article/feed/?category=news_car&utm_source=toutiao&widen=0&max_behot_time=0&max_behot_time_tmp=1479171048&as=A16538313A8D839&cp=581A7DF853099E1> (referer: http://www.toutiao.com/api/article/feed/?category=news_car&utm_source=toutiao&widen=0&max_behot_time=0&max_behot_time_tmp=1479170635&as=A16538313A8D839&cp=581A7DF853099E1)
2016-11-15 00:51:41 [toutiao] DEBUG: Fetch toutiao homepage page: http://www.toutiao.com/api/article/feed/?category=news_car&utm_source=toutiao&widen=0&max_behot_time=0&max_behot_time_tmp=1479171048&as=A16538313A8D839&cp=581A7DF853099E1
2016-11-15 00:51:41 [scrapy] DEBUG: Scraped from <200 http://www.toutiao.com/api/article/feed/?category=news_car&utm_source=toutiao&widen=0&max_behot_time=0&max_behot_time_tmp=1479171048&as=A16538313A8D839&cp=581A7DF853099E1>
{'Title': '\xe5\xb9\xb4\xe5\xba\x95\xe4\xba\x86\xef\xbc\x8c\xe8\xb4\xad\xe7\xbd\xae\xe7\xa8\x8e\xe5\x87\x8f\xe5\x8d\x8a\xe7\x9a\x84\xe6\x94\xbf\xe7\xad\x96\xe8\xbf\x98\xe5\xbb\xb6\xe4\xb8\x8d\xe5\xbb\xb6\xe4\xba\x86\xef\xbc\x9f',
 'TitleUrl': u'http://www.toutiao.com/group/6346485977411092738/'}
2016-11-15 00:51:41 [scrapy] DEBUG: Scraped from <200 http://www.toutiao.com/api/article/feed/?category=news_car&utm_source=toutiao&widen=0&max_behot_time=0&max_behot_time_tmp=1479171048&as=A16538313A8D839&cp=581A7DF853099E1>
{'Title': '\xe4\xbb\x8a\xe5\xa4\xa9\xe5\x9c\xa8\xe7\xba\xa2\xe7\xbb\xbf\xe7\x81\xaf\xe5\xa4\x84\xe7\x9c\x8b\xe5\x88\xb0\xe8\xbe\x86\xe5\x85\xb0\xe5\x8d\x9a\xe5\x9f\xba\xe5\xb0\xbc\xef\xbc\x8c\xe5\x8f\x91\xe5\x88\xb0\xe6\x9c\x8b\xe5\x8f\x8b\xe5\x9c\x88\xe4\xb8\xba\xe4\xbd\x95\xe5\x8d\xb4\xe8\xa2\xab\xe8\xae\xbd\xe5\x88\xba\xef\xbc\x9f',
 'TitleUrl': u'http://www.toutiao.com/group/6347912090469187841/'}
2016-11-15 00:51:41 [scrapy] DEBUG: Scraped from <200 http://www.toutiao.com/api/article/feed/?category=news_car&utm_source=toutiao&widen=0&max_behot_time=0&max_behot_time_tmp=1479171048&as=A16538313A8D839&cp=581A7DF853099E1>
{'Title': '5\xe6\xac\xbe\xe5\x85\xac\xe8\xae\xa4\xe5\x8f\xaf\xe9\x9d\xa0\xe6\x80\xa7\xe6\x9c\x80\xe9\xab\x98\xe7\x9a\x84\xe5\x8f\x91\xe5\x8a\xa8\xe6\x9c\xba\xef\xbc\x8c\xe4\xbd\xa0\xe7\x9a\x84\xe7\x88\xb1\xe8\xbd\xa6\xe4\xb8\x8a\xe6\xa6\x9c\xe4\xba\x86\xe5\x90\x97\xef\xbc\x9f',
 'TitleUrl': u'http://www.toutiao.com/group/6352819431743488258/'}
2016-11-15 00:51:41 [scrapy] DEBUG: Scraped from <200 http://www.toutiao.com/api/article/feed/?category=news_car&utm_source=toutiao&widen=0&max_behot_time=0&max_behot_time_tmp=1479171048&as=A16538313A8D839&cp=581A7DF853099E1>
{'Title': '\xe5\x8a\xa0\xe7\x9b\x9f\xe5\x95\x86\xe6\x9c\xba\xef\xbc\x9a\xe4\xb8\x89\xe5\xa4\xa9\xe5\xb0\xb1\xe6\x90\x9e\xe5\xae\x9a\xe4\xba\x86\xe7\x9a\x84\xe6\x98\xaf\xe4\xbb\x80\xe4\xb9\x88\xe8\xa3\x85\xe4\xbf\xae\xef\xbc\x9f',
 'TitleUrl': u'http://www.toutiao.com/group/6350543403553390850/'}
2016-11-15 00:51:41 [scrapy] DEBUG: Scraped from <200 http://www.toutiao.com/api/article/feed/?category=news_car&utm_source=toutiao&widen=0&max_behot_time=0&max_behot_time_tmp=1479171048&as=A16538313A8D839&cp=581A7DF853099E1>
{'Title': '\xe6\x8d\xa2\xe6\xb1\xa4\xe4\xb8\x8d\xe6\x8d\xa2\xe8\x8d\xaf\xef\xbc\x8c\xe4\xb8\x9c\xe9\xa3\x8e\xe6\xa0\x87\xe8\x87\xb44008\xe9\xa2\x84\xe5\x94\xae\xe4\xbb\xb719\xe4\xb8\x87\xe5\x85\x83\xe8\xb5\xb7',
 'TitleUrl': u'http://www.toutiao.com/group/6352741559637246210/'}
2016-11-15 00:51:41 [scrapy] DEBUG: Scraped from <200 http://www.toutiao.com/api/article/feed/?category=news_car&utm_source=toutiao&widen=0&max_behot_time=0&max_behot_time_tmp=1479171048&as=A16538313A8D839&cp=581A7DF853099E1>
{'Title': '\xe5\xae\xb6\xe7\x94\xa8\xe4\xb8\x83\xe5\xba\xa7\xe6\xb1\xbd\xe8\xbd\xa6\xe6\x9c\x89\xe5\x93\xaa\xe4\xba\x9b\xe6\x8e\xa8\xe8\x8d\x90\xef\xbc\x9f',
 'TitleUrl': u'http://www.toutiao.com/group/6350415602053546241/'}
2016-11-15 00:51:41 [scrapy] DEBUG: Scraped from <200 http://www.toutiao.com/api/article/feed/?category=news_car&utm_source=toutiao&widen=0&max_behot_time=0&max_behot_time_tmp=1479171048&as=A16538313A8D839&cp=581A7DF853099E1>
{'Title': '\xe5\x85\xa8\xe7\x90\x83\xe9\x99\x90\xe9\x87\x8f\xe4\xba\xa73\xe5\x8f\xb0\xef\xbc\x8c\xe6\x97\xb6\xe9\x80\x9f\xe5\x8f\xaf\xe8\xbe\xbe349.6s/km\xef\xbc\x8c\xe5\x8f\xaf\xe5\x94\xae\xe4\xbb\xb7\xe5\x8d\xb4\xe5\xbe\x88\xe5\x8f\xaf\xe7\xac\x91\xef\xbc\x81',
 'TitleUrl': u'http://www.toutiao.com/group/6347996498298454274/'}
2016-11-15 00:51:41 [scrapy] DEBUG: Scraped from <200 http://www.toutiao.com/api/article/feed/?category=news_car&utm_source=toutiao&widen=0&max_behot_time=0&max_behot_time_tmp=1479171048&as=A16538313A8D839&cp=581A7DF853099E1>
{'Title': '\xe5\xa5\xa5\xe8\xbf\xaa\xe8\x80\x81\xe6\x80\xbb\xe4\xb8\xba\xe6\xb1\x82\xe9\x94\x80\xe9\x87\x8f\xe7\x8b\x82\xe9\x99\x8dQ7\xef\xbc\x8c\xe5\xa6\x82\xe4\xbb\x8a\xe7\x99\xbe\xe4\xb8\x87\xe5\xb0\xb1\xe8\x83\xbd\xe4\xb9\xb0\xe4\xb8\xa4\xe8\xbe\x86',
 'TitleUrl': u'http://www.toutiao.com/group/6345772282048200961/'}
2016-11-15 00:51:41 [scrapy] DEBUG: Scraped from <200 http://www.toutiao.com/api/article/feed/?category=news_car&utm_source=toutiao&widen=0&max_behot_time=0&max_behot_time_tmp=1479171048&as=A16538313A8D839&cp=581A7DF853099E1>
{'Title': '\xe5\x90\x8c\xe6\xa0\xb7\xe6\x98\xaf\xe5\x8f\xb3\xe4\xbe\xa7\xe8\xb6\x85\xe8\xbd\xa6\xef\xbc\x8c\xe4\xb8\xba\xe4\xbb\x80\xe4\xb9\x88\xe6\x88\x91\xe8\xa2\xab\xe6\x8a\x93\xe8\xbf\x9d\xe8\xa7\x84\xef\xbc\x8c\xe8\x80\x8c\xe4\xbb\x96\xe5\x8d\xb4\xe6\xb2\xa1\xe4\xba\x8b\xef\xbc\x9f',
 'TitleUrl': u'http://www.toutiao.com/group/6352811667541901570/'}
2016-11-15 00:51:41 [scrapy] DEBUG: Scraped from <200 http://www.toutiao.com/api/article/feed/?category=news_car&utm_source=toutiao&widen=0&max_behot_time=0&max_behot_time_tmp=1479171048&as=A16538313A8D839&cp=581A7DF853099E1>
{'Title': '\xe5\xae\x9d\xe9\xaa\x8f\xe5\x86\x8d\xe6\x94\xbe\xe5\xa4\xa7\xe6\x8b\x9b\xef\xbc\x8c\xe5\x9b\xbd\xe4\xba\xa7\xe9\xa6\x96\xe6\xac\xbe7\xe5\xba\xa7\xe6\x97\x85\xe8\xa1\x8c\xe8\xbd\xa6\xe8\xa6\x81\xe6\x98\xaf\xe5\x8d\x966\xe4\xb8\x87\xe4\xbc\x9a\xe5\x8d\x96\xe7\x96\xaf',
 'TitleUrl': u'http://www.toutiao.com/group/6352783431424622850/'}
2016-11-15 00:51:41 [scrapy] DEBUG: Scraped from <200 http://www.toutiao.com/api/article/feed/?category=news_car&utm_source=toutiao&widen=0&max_behot_time=0&max_behot_time_tmp=1479171048&as=A16538313A8D839&cp=581A7DF853099E1>
{'Title': '\xe9\x95\xbf\xe5\x9f\x8e\xe5\x85\xa8\xe6\x96\xb0\xe9\xab\x98\xe7\xab\xaf\xe5\x93\x81\xe7\x89\x8cLOGO\xe6\x9b\x9d\xe5\x85\x89 \xe9\x87\x87\xe7\x94\xa8\xe7\xab\x96\xe6\x9d\xa1\xe5\xbd\xa2',
 'TitleUrl': u'http://www.toutiao.com/group/6352709865627304193/'}
2016-11-15 00:51:41 [scrapy] DEBUG: Scraped from <200 http://www.toutiao.com/api/article/feed/?category=news_car&utm_source=toutiao&widen=0&max_behot_time=0&max_behot_time_tmp=1479171048&as=A16538313A8D839&cp=581A7DF853099E1>
{'Title': '\xe6\xaf\x94\xe5\xa5\xa5\xe8\xbf\xaaA4L\xe6\x8a\x98\xe6\x89\xa3\xe5\xa4\xa7\xef\xbc\x8c\xe6\xaf\x94\xe5\xa5\x94\xe9\xa9\xb0C\xe5\x94\xae\xe5\x90\x8e\xe5\xa5\xbd\xef\xbc\x8c\xe5\xae\x9d\xe9\xa9\xac3\xe7\xb3\xbb\xe4\xb8\x80\xe6\x9c\x88\xe5\x8d\x96\xe4\xba\x86\xe8\xbf\x913\xe4\xb8\x87\xe4\xbf\xa9',
 'TitleUrl': u'http://www.toutiao.com/group/6352971208208433410/'}
2016-11-15 00:51:41 [scrapy] DEBUG: Scraped from <200 http://www.toutiao.com/api/article/feed/?category=news_car&utm_source=toutiao&widen=0&max_behot_time=0&max_behot_time_tmp=1479171048&as=A16538313A8D839&cp=581A7DF853099E1>
{'Title': '\xe4\xb8\x80\xe5\x85\xac\xe9\x87\x8c\xe4\xb8\x8d\xe5\x88\xb04\xe6\xaf\x9b\xef\xbc\x8c\xe5\x85\xa8\xe7\xb3\xbbESP\xe6\xb6\xa1\xe8\xbd\xae\xe8\x87\xaa\xe5\x90\xb8\xe9\x83\xbd\xe6\x9c\x89\xef\xbc\x8c\xe6\x87\x82\xe8\xbd\xa6\xe7\x9a\x84\xe9\x83\xbd\xe7\xbf\x98\xe5\xa4\xa7\xe6\x8b\x87\xe5\x93\xa5',
 'TitleUrl': u'http://www.toutiao.com/group/6352735303837925634/'}
2016-11-15 00:51:41 [scrapy] DEBUG: Scraped from <200 http://www.toutiao.com/api/article/feed/?category=news_car&utm_source=toutiao&widen=0&max_behot_time=0&max_behot_time_tmp=1479171048&as=A16538313A8D839&cp=581A7DF853099E1>
{'Title': '\xe5\xb9\xb3\xe8\xa1\x8c\xe8\xbf\x9b\xe5\x8f\xa3\xe9\x9b\xb7\xe5\x85\x8b\xe8\x90\xa8\xe6\x96\xafLX570\xe5\x85\xab\xe5\xba\xa7\xe6\x9c\x80\xe4\xbd\x8e\xe4\xbb\xb7\xe6\xa0\xbc\xe6\x8e\xa2\xe7\xa7\x98-11/12',
 'TitleUrl': u'http://www.toutiao.com/group/6352626289467916546/'}
2016-11-15 00:51:41 [scrapy] DEBUG: Scraped from <200 http://www.toutiao.com/api/article/feed/?category=news_car&utm_source=toutiao&widen=0&max_behot_time=0&max_behot_time_tmp=1479171048&as=A16538313A8D839&cp=581A7DF853099E1>
{'Title': '\xe9\x9c\xb8\xe9\x81\x932700\xe6\x9c\x80\xe6\x96\xb0\xe8\xae\xb2\xe8\xa7\xa3',
 'TitleUrl': u'http://www.toutiao.com/group/6319605332113228034/'}
2016-11-15 00:51:41 [scrapy] DEBUG: Scraped from <200 http://www.toutiao.com/api/article/feed/?category=news_car&utm_source=toutiao&widen=0&max_behot_time=0&max_behot_time_tmp=1479171048&as=A16538313A8D839&cp=581A7DF853099E1>
{'Title': '\xe9\x9c\xb8\xe9\x81\x932700\xe6\x9c\x80\xe6\x96\xb0\xe8\xae\xb2\xe8\xa7\xa3',
 'TitleUrl': u'http://www.toutiao.com/group/6352963598985838849/?_as_1479171099'}
2016-11-15 00:51:41 [toutiao] INFO: now entring download midware
2016-11-15 00:51:41 [toutiao] INFO: User-Agent is: iaskspider/2.0(+http://iask.com/help/help_index.html) <GET http://www.toutiao.com/api/article/feed/?category=news_car&utm_source=toutiao&widen=0&max_behot_time=0&max_behot_time_tmp=1479171098&as=A16538313A8D839&cp=581A7DF853099E1>
2016-11-15 00:51:41 [scrapy] DEBUG: Crawled (200) <GET http://www.toutiao.com/api/article/feed/?category=news_car&utm_source=toutiao&widen=0&max_behot_time=0&max_behot_time_tmp=1479171098&as=A16538313A8D839&cp=581A7DF853099E1> (referer: http://www.toutiao.com/api/article/feed/?category=news_car&utm_source=toutiao&widen=0&max_behot_time=0&max_behot_time_tmp=1479171048&as=A16538313A8D839&cp=581A7DF853099E1)
2016-11-15 00:51:42 [toutiao] DEBUG: Fetch toutiao homepage page: http://www.toutiao.com/api/article/feed/?category=news_car&utm_source=toutiao&widen=0&max_behot_time=0&max_behot_time_tmp=1479171098&as=A16538313A8D839&cp=581A7DF853099E1
2016-11-15 00:51:42 [scrapy] DEBUG: Scraped from <200 http://www.toutiao.com/api/article/feed/?category=news_car&utm_source=toutiao&widen=0&max_behot_time=0&max_behot_time_tmp=1479171098&as=A16538313A8D839&cp=581A7DF853099E1>
{'Title': '\xe5\x90\x8c\xe6\xa0\xb7\xe6\x98\xaf\xe5\x8f\xb3\xe4\xbe\xa7\xe8\xb6\x85\xe8\xbd\xa6\xef\xbc\x8c\xe4\xb8\xba\xe4\xbb\x80\xe4\xb9\x88\xe6\x88\x91\xe8\xa2\xab\xe6\x8a\x93\xe8\xbf\x9d\xe8\xa7\x84\xef\xbc\x8c\xe8\x80\x8c\xe4\xbb\x96\xe5\x8d\xb4\xe6\xb2\xa1\xe4\xba\x8b\xef\xbc\x9f',
 'TitleUrl': u'http://www.toutiao.com/group/6352811667541901570/'}
2016-11-15 00:51:42 [scrapy] DEBUG: Scraped from <200 http://www.toutiao.com/api/article/feed/?category=news_car&utm_source=toutiao&widen=0&max_behot_time=0&max_behot_time_tmp=1479171098&as=A16538313A8D839&cp=581A7DF853099E1>
{'Title': '\xe5\xae\x9d\xe9\xaa\x8f\xe5\x86\x8d\xe6\x94\xbe\xe5\xa4\xa7\xe6\x8b\x9b\xef\xbc\x8c\xe5\x9b\xbd\xe4\xba\xa7\xe9\xa6\x96\xe6\xac\xbe7\xe5\xba\xa7\xe6\x97\x85\xe8\xa1\x8c\xe8\xbd\xa6\xe8\xa6\x81\xe6\x98\xaf\xe5\x8d\x966\xe4\xb8\x87\xe4\xbc\x9a\xe5\x8d\x96\xe7\x96\xaf',
 'TitleUrl': u'http://www.toutiao.com/group/6352783431424622850/'}
2016-11-15 00:51:42 [scrapy] DEBUG: Scraped from <200 http://www.toutiao.com/api/article/feed/?category=news_car&utm_source=toutiao&widen=0&max_behot_time=0&max_behot_time_tmp=1479171098&as=A16538313A8D839&cp=581A7DF853099E1>
{'Title': '\xe9\x95\xbf\xe5\x9f\x8e\xe5\x85\xa8\xe6\x96\xb0\xe9\xab\x98\xe7\xab\xaf\xe5\x93\x81\xe7\x89\x8cLOGO\xe6\x9b\x9d\xe5\x85\x89 \xe9\x87\x87\xe7\x94\xa8\xe7\xab\x96\xe6\x9d\xa1\xe5\xbd\xa2',
 'TitleUrl': u'http://www.toutiao.com/group/6352709865627304193/'}
2016-11-15 00:51:42 [scrapy] DEBUG: Scraped from <200 http://www.toutiao.com/api/article/feed/?category=news_car&utm_source=toutiao&widen=0&max_behot_time=0&max_behot_time_tmp=1479171098&as=A16538313A8D839&cp=581A7DF853099E1>
{'Title': '\xe6\xaf\x94\xe5\xa5\xa5\xe8\xbf\xaaA4L\xe6\x8a\x98\xe6\x89\xa3\xe5\xa4\xa7\xef\xbc\x8c\xe6\xaf\x94\xe5\xa5\x94\xe9\xa9\xb0C\xe5\x94\xae\xe5\x90\x8e\xe5\xa5\xbd\xef\xbc\x8c\xe5\xae\x9d\xe9\xa9\xac3\xe7\xb3\xbb\xe4\xb8\x80\xe6\x9c\x88\xe5\x8d\x96\xe4\xba\x86\xe8\xbf\x913\xe4\xb8\x87\xe4\xbf\xa9',
 'TitleUrl': u'http://www.toutiao.com/group/6352971208208433410/'}
2016-11-15 00:51:42 [scrapy] DEBUG: Scraped from <200 http://www.toutiao.com/api/article/feed/?category=news_car&utm_source=toutiao&widen=0&max_behot_time=0&max_behot_time_tmp=1479171098&as=A16538313A8D839&cp=581A7DF853099E1>
{'Title': '\xe4\xb8\x80\xe5\x85\xac\xe9\x87\x8c\xe4\xb8\x8d\xe5\x88\xb04\xe6\xaf\x9b\xef\xbc\x8c\xe5\x85\xa8\xe7\xb3\xbbESP\xe6\xb6\xa1\xe8\xbd\xae\xe8\x87\xaa\xe5\x90\xb8\xe9\x83\xbd\xe6\x9c\x89\xef\xbc\x8c\xe6\x87\x82\xe8\xbd\xa6\xe7\x9a\x84\xe9\x83\xbd\xe7\xbf\x98\xe5\xa4\xa7\xe6\x8b\x87\xe5\x93\xa5',
 'TitleUrl': u'http://www.toutiao.com/group/6352735303837925634/'}
2016-11-15 00:51:42 [scrapy] DEBUG: Scraped from <200 http://www.toutiao.com/api/article/feed/?category=news_car&utm_source=toutiao&widen=0&max_behot_time=0&max_behot_time_tmp=1479171098&as=A16538313A8D839&cp=581A7DF853099E1>
{'Title': '\xe5\xb9\xb3\xe8\xa1\x8c\xe8\xbf\x9b\xe5\x8f\xa3\xe9\x9b\xb7\xe5\x85\x8b\xe8\x90\xa8\xe6\x96\xafLX570\xe5\x85\xab\xe5\xba\xa7\xe6\x9c\x80\xe4\xbd\x8e\xe4\xbb\xb7\xe6\xa0\xbc\xe6\x8e\xa2\xe7\xa7\x98-11/12',
 'TitleUrl': u'http://www.toutiao.com/group/6352626289467916546/'}
2016-11-15 00:51:42 [scrapy] DEBUG: Scraped from <200 http://www.toutiao.com/api/article/feed/?category=news_car&utm_source=toutiao&widen=0&max_behot_time=0&max_behot_time_tmp=1479171098&as=A16538313A8D839&cp=581A7DF853099E1>
{'Title': '\xe9\x9c\xb8\xe9\x81\x932700\xe6\x9c\x80\xe6\x96\xb0\xe8\xae\xb2\xe8\xa7\xa3',
 'TitleUrl': u'http://www.toutiao.com/group/6319605332113228034/'}
2016-11-15 00:51:42 [scrapy] DEBUG: Scraped from <200 http://www.toutiao.com/api/article/feed/?category=news_car&utm_source=toutiao&widen=0&max_behot_time=0&max_behot_time_tmp=1479171098&as=A16538313A8D839&cp=581A7DF853099E1>
{'Title': '10\xe4\xb8\x87\xe5\x85\x83\xe7\x9a\x84\xe2\x80\x9c\xe4\xbf\x9d\xe6\x97\xb6\xe6\x8d\xb7\xe2\x80\x9d\xe4\xbc\x97\xe6\xb3\xb0SR9 \xe6\x88\x91\xe5\x88\xb0\xe5\xba\x95\xe8\xaf\xa5\xe4\xb9\xb0\xe5\x93\xaa\xe4\xb8\x80\xe6\xac\xbe',
 'TitleUrl': u'http://www.toutiao.com/group/6352674611784106241/'}
2016-11-15 00:51:42 [scrapy] DEBUG: Scraped from <200 http://www.toutiao.com/api/article/feed/?category=news_car&utm_source=toutiao&widen=0&max_behot_time=0&max_behot_time_tmp=1479171098&as=A16538313A8D839&cp=581A7DF853099E1>
{'Title': '\xe4\xb8\x8a\xe6\xb1\xbd\xe5\xa5\xa5\xe8\xbf\xaa\xe6\x88\x96\xe8\xbf\x85\xe9\x80\x9f\xe6\x89\x93\xe5\xbc\x80\xe5\xb1\x80\xe9\x9d\xa2\xef\xbc\x8c\xe9\xa6\x96\xe6\xac\xbe\xe6\x8a\x95\xe4\xba\xa7SUV',
 'TitleUrl': u'http://www.toutiao.com/group/6352079739201224961/'}
2016-11-15 00:51:42 [scrapy] DEBUG: Scraped from <200 http://www.toutiao.com/api/article/feed/?category=news_car&utm_source=toutiao&widen=0&max_behot_time=0&max_behot_time_tmp=1479171098&as=A16538313A8D839&cp=581A7DF853099E1>
{'Title': '3\xe4\xb8\x87\xe5\x85\xac\xe9\x87\x8c\xe5\xb0\xb1\xe8\xa6\x81\xe6\x8d\xa2\xe5\x88\xb9\xe8\xbd\xa6\xe7\x89\x87\xef\xbc\x9f\xe5\x88\xab\xe8\xa2\xab\xe5\x9d\x91\xef\xbc\x8c1\xe5\x88\x86\xe9\x92\x9f\xe5\xbc\x84\xe6\x87\x82\xe5\x88\xb9\xe8\xbd\xa6\xe7\x89\x87\xe6\x9b\xb4\xe6\x8d\xa2\xe5\x91\xa8\xe6\x9c\x9f\xef\xbc\x81',
 'TitleUrl': u'http://www.toutiao.com/group/6352724282023411969/'}
2016-11-15 00:51:42 [scrapy] DEBUG: Scraped from <200 http://www.toutiao.com/api/article/feed/?category=news_car&utm_source=toutiao&widen=0&max_behot_time=0&max_behot_time_tmp=1479171098&as=A16538313A8D839&cp=581A7DF853099E1>
{'Title': '\xe4\xb8\x80\xe6\x9d\xa1\xe6\x97\xa7\xe8\xbd\xae\xe8\x83\x8e\xe2\x80\x9c\xe7\xbf\xbb\xe6\x96\xb0\xe2\x80\x9d\xe5\x8f\xaa\xe9\x9c\x805\xe5\x88\x86\xe9\x92\x9f\xef\xbc\x8c\xe6\x97\xa0\xe8\x89\xaf\xe5\x95\x86\xe5\xae\xb6\xe5\xb0\xb1\xe6\x98\xaf\xe9\x9d\xa0\xe8\xbf\x99\xe4\xb8\xaa\xe8\xb5\x9a\xe9\x92\xb1\xe7\x9a\x84\xef\xbc\x81',
 'TitleUrl': u'http://www.toutiao.com/group/6352786622211916034/'}
2016-11-15 00:51:42 [scrapy] DEBUG: Scraped from <200 http://www.toutiao.com/api/article/feed/?category=news_car&utm_source=toutiao&widen=0&max_behot_time=0&max_behot_time_tmp=1479171098&as=A16538313A8D839&cp=581A7DF853099E1>
{'Title': '\xe6\x96\xb0\xe5\x95\x86\xe6\x9c\xba\xe5\x8a\xa0\xe7\x9b\x9f\xef\xbc\x9a\xe4\xb8\x89\xe5\xa4\xa9\xe5\xb0\xb1\xe8\xa3\x85\xe4\xbf\xae\xe5\xa5\xbd\xe4\xbd\xa0\xe5\xae\xb6\xe7\x9a\x84\xe7\x8e\xaf\xe4\xbf\x9d\xe6\x9d\x90\xe6\x96\x99.',
 'TitleUrl': u'http://www.toutiao.com/group/6350543403553390850/'}
2016-11-15 00:51:42 [scrapy] DEBUG: Scraped from <200 http://www.toutiao.com/api/article/feed/?category=news_car&utm_source=toutiao&widen=0&max_behot_time=0&max_behot_time_tmp=1479171098&as=A16538313A8D839&cp=581A7DF853099E1>
{'Title': '\xe6\x80\x9d\xe5\x9f\x9f\xe2\x80\x9c\xe6\x97\x85\xe8\xa1\x8c\xe7\x89\x88\xe2\x80\x9d \xe6\x96\xb0\xe6\xac\xbe\xe4\xb8\x9c\xe9\xa3\x8e\xe6\x9c\xac\xe7\x94\xb0\xe6\x9d\xb0\xe5\xbe\xb7\xe5\x8d\xb3\xe5\xb0\x86\xe4\xb8\x8a\xe5\xb8\x82',
 'TitleUrl': u'http://www.toutiao.com/group/6352826027504320770/'}
2016-11-15 00:51:42 [scrapy] DEBUG: Scraped from <200 http://www.toutiao.com/api/article/feed/?category=news_car&utm_source=toutiao&widen=0&max_behot_time=0&max_behot_time_tmp=1479171098&as=A16538313A8D839&cp=581A7DF853099E1>
{'Title': '\xe4\xbf\x9d\xe6\x97\xb6\xe6\x8d\xb7\xe7\x9c\x8b\xe4\xba\x86\xe8\xbf\x99\xe7\xa8\xbf\xe4\xb8\x8d\xe5\xbc\x80\xe5\xbf\x83 \xe4\xbc\x97\xe6\xb3\xb0SR9\xe5\xaf\xb9Macan',
 'TitleUrl': u'http://www.toutiao.com/group/6352845680726425857/'}
2016-11-15 00:51:42 [scrapy] DEBUG: Scraped from <200 http://www.toutiao.com/api/article/feed/?category=news_car&utm_source=toutiao&widen=0&max_behot_time=0&max_behot_time_tmp=1479171098&as=A16538313A8D839&cp=581A7DF853099E1>
{'Title': '\xe5\xbc\x80\xe5\xa5\xa5\xe8\xbf\xaa\xe7\x9a\x84\xe7\x9c\x8b\xe8\xa7\x81\xe4\xb8\xb0\xe7\x94\xb0\xe8\xbf\x99\xe6\xac\xbe\xe8\xbd\xbb\xe5\xae\xa2\xe4\xb9\x9f\xe5\xbe\x97\xe4\xb9\x96\xe4\xb9\x96\xe7\x9a\x84\xe8\xae\xa9\xe9\x81\x93\xef\xbc\x8c\xe4\xb8\x8d\xe4\xbf\xa1\xe8\xaf\x95\xe8\xaf\x95\xe7\x9c\x8b',
 'TitleUrl': u'http://www.toutiao.com/group/6352687528776286465/'}
2016-11-15 00:51:42 [scrapy] DEBUG: Scraped from <200 http://www.toutiao.com/api/article/feed/?category=news_car&utm_source=toutiao&widen=0&max_behot_time=0&max_behot_time_tmp=1479171098&as=A16538313A8D839&cp=581A7DF853099E1>
{'Title': '\xe5\xbc\x80\xe5\xa5\xa5\xe8\xbf\xaa\xe7\x9a\x84\xe7\x9c\x8b\xe8\xa7\x81\xe4\xb8\xb0\xe7\x94\xb0\xe8\xbf\x99\xe6\xac\xbe\xe8\xbd\xbb\xe5\xae\xa2\xe4\xb9\x9f\xe5\xbe\x97\xe4\xb9\x96\xe4\xb9\x96\xe7\x9a\x84\xe8\xae\xa9\xe9\x81\x93\xef\xbc\x8c\xe4\xb8\x8d\xe4\xbf\xa1\xe8\xaf\x95\xe8\xaf\x95\xe7\x9c\x8b',
 'TitleUrl': u'http://www.toutiao.com/group/6352963809900019969/?_as_1479171100'}
2016-11-15 00:51:42 [scrapy] DEBUG: Filtered duplicate request: <GET http://www.toutiao.com/api/article/feed/?category=news_car&utm_source=toutiao&widen=0&max_behot_time=0&max_behot_time_tmp=1479171048&as=A16538313A8D839&cp=581A7DF853099E1> - no more duplicates will be shown (see DUPEFILTER_DEBUG to show all duplicates)
2016-11-15 00:51:42 [scrapy] INFO: Closing spider (finished)
2016-11-15 00:51:42 [scrapy] INFO: Stored json feed (94 items) in: ../data/toutiao/news_car.json
2016-11-15 00:51:42 [scrapy] INFO: Dumping Scrapy stats:
{'downloader/request_bytes': 3727,
 'downloader/request_count': 6,
 'downloader/request_method_count/GET': 6,
 'downloader/response_bytes': 36571,
 'downloader/response_count': 6,
 'downloader/response_status_count/200': 6,
 'dupefilter/filtered': 1,
 'finish_reason': 'finished',
 'finish_time': datetime.datetime(2016, 11, 15, 0, 51, 42, 86381),
 'item_scraped_count': 94,
 'log_count/DEBUG': 108,
 'log_count/INFO': 20,
 'request_depth_max': 6,
 'response_received_count': 6,
 'scheduler/dequeued': 6,
 'scheduler/dequeued/memory': 6,
 'scheduler/enqueued': 6,
 'scheduler/enqueued/memory': 6,
 'start_time': datetime.datetime(2016, 11, 15, 0, 51, 37, 879627)}
2016-11-15 00:51:42 [scrapy] INFO: Spider closed (finished)
2016-11-15 02:09:27 [scrapy] INFO: Scrapy 1.2.0 started (bot: SocialSpider)
2016-11-15 02:09:27 [scrapy] INFO: Overridden settings: {'NEWSPIDER_MODULE': 'SocialSpider.spiders', 'FEED_URI': '../data/toutiao/news_car.json', 'SPIDER_MODULES': ['SocialSpider.spiders'], 'BOT_NAME': 'SocialSpider', 'FEED_FORMAT': 'json', 'LOG_FILE': '../log/toutiao/news_car.log'}
2016-11-15 02:09:27 [scrapy] INFO: Enabled extensions:
['scrapy.extensions.feedexport.FeedExporter',
 'scrapy.extensions.logstats.LogStats',
 'scrapy.extensions.telnet.TelnetConsole',
 'scrapy.extensions.corestats.CoreStats']
2016-11-15 02:09:27 [scrapy] INFO: Enabled downloader middlewares:
['scrapy.downloadermiddlewares.httpauth.HttpAuthMiddleware',
 'scrapy.downloadermiddlewares.downloadtimeout.DownloadTimeoutMiddleware',
 'scrapy.downloadermiddlewares.defaultheaders.DefaultHeadersMiddleware',
 'scrapy.downloadermiddlewares.useragent.UserAgentMiddleware',
 'SocialSpider.midware.UaMidWare.ProcessUaMidware',
 'scrapy.downloadermiddlewares.retry.RetryMiddleware',
 'scrapy.downloadermiddlewares.redirect.MetaRefreshMiddleware',
 'scrapy.downloadermiddlewares.httpcompression.HttpCompressionMiddleware',
 'scrapy.downloadermiddlewares.redirect.RedirectMiddleware',
 'scrapy.downloadermiddlewares.cookies.CookiesMiddleware',
 'scrapy.downloadermiddlewares.chunked.ChunkedTransferMiddleware',
 'scrapy.downloadermiddlewares.stats.DownloaderStats']
2016-11-15 02:09:27 [scrapy] INFO: Enabled spider middlewares:
['scrapy.spidermiddlewares.httperror.HttpErrorMiddleware',
 'scrapy.spidermiddlewares.offsite.OffsiteMiddleware',
 'scrapy.spidermiddlewares.referer.RefererMiddleware',
 'scrapy.spidermiddlewares.urllength.UrlLengthMiddleware',
 'scrapy.spidermiddlewares.depth.DepthMiddleware']
2016-11-15 02:09:27 [scrapy] INFO: Enabled item pipelines:
[]
2016-11-15 02:09:27 [scrapy] INFO: Spider opened
2016-11-15 02:09:27 [scrapy] INFO: Crawled 0 pages (at 0 pages/min), scraped 0 items (at 0 items/min)
2016-11-15 02:09:27 [scrapy] DEBUG: Telnet console listening on 127.0.0.1:6023
2016-11-15 02:09:27 [toutiao] INFO: now entring download midware
2016-11-15 02:09:27 [toutiao] INFO: User-Agent is: Baiduspider+(+http://www.baidu.com/search/spider.htm) <GET http://www.toutiao.com/api/article/feed/?category=news_car&utm_source=toutiao&widen=0&max_behot_time=0&max_behot_time_tmp=0&as=A135B8B16A0CF6F&cp=581AACBF560FEE1>
2016-11-15 02:09:27 [scrapy] DEBUG: Crawled (200) <GET http://www.toutiao.com/api/article/feed/?category=news_car&utm_source=toutiao&widen=0&max_behot_time=0&max_behot_time_tmp=0&as=A135B8B16A0CF6F&cp=581AACBF560FEE1> (referer: None)
2016-11-15 02:09:27 [toutiao] DEBUG: Fetch toutiao homepage page: http://www.toutiao.com/api/article/feed/?category=news_car&utm_source=toutiao&widen=0&max_behot_time=0&max_behot_time_tmp=0&as=A135B8B16A0CF6F&cp=581AACBF560FEE1
2016-11-15 02:09:27 [scrapy] DEBUG: Scraped from <200 http://www.toutiao.com/api/article/feed/?category=news_car&utm_source=toutiao&widen=0&max_behot_time=0&max_behot_time_tmp=0&as=A135B8B16A0CF6F&cp=581AACBF560FEE1>
{'Category': 'news_car',
 'HotValue': 42,
 'MediumUrl': u'http://toutiao.com/m5442356596/',
 'Source': 'toutiao',
 'Time': 1479175165,
 'Title': '\xe4\xb8\x80\xe6\x9d\xa1\xe6\x97\xa7\xe8\xbd\xae\xe8\x83\x8e\xe2\x80\x9c\xe7\xbf\xbb\xe6\x96\xb0\xe2\x80\x9d\xe5\x8f\xaa\xe9\x9c\x805\xe5\x88\x86\xe9\x92\x9f\xef\xbc\x8c\xe6\x97\xa0\xe8\x89\xaf\xe5\x95\x86\xe5\xae\xb6\xe5\xb0\xb1\xe6\x98\xaf\xe9\x9d\xa0\xe8\xbf\x99\xe4\xb8\xaa\xe8\xb5\x9a\xe9\x92\xb1\xe7\x9a\x84\xef\xbc\x81',
 'Type': 'url',
 'Url': u'http://www.toutiao.com/group/6352786622211916034/'}
2016-11-15 02:09:27 [scrapy] DEBUG: Scraped from <200 http://www.toutiao.com/api/article/feed/?category=news_car&utm_source=toutiao&widen=0&max_behot_time=0&max_behot_time_tmp=0&as=A135B8B16A0CF6F&cp=581AACBF560FEE1>
{'Category': 'news_car',
 'HotValue': 148,
 'MediumUrl': u'http://toutiao.com/m6105038138/',
 'Source': 'toutiao',
 'Time': 1479174565,
 'Title': '\xe6\x97\xa5\xe7\xb3\xbb\xe8\xbd\xa6\xe4\xb8\xba\xe4\xbb\x80\xe4\xb9\x88\xe6\xaf\x9b\xe7\x97\x85\xe5\xb0\x91\xe7\x94\xa8\xe7\x9d\x80\xe7\x9c\x81\xe5\xbf\x83\xef\xbc\x8c\xe7\x9c\x9f\xe7\x9b\xb8\xe5\xbe\x88\xe6\xae\x8b\xe9\x85\xb7\xef\xbc\x81',
 'Type': 'url',
 'Url': u'http://www.toutiao.com/group/6352819621603705090/'}
2016-11-15 02:09:27 [scrapy] DEBUG: Scraped from <200 http://www.toutiao.com/api/article/feed/?category=news_car&utm_source=toutiao&widen=0&max_behot_time=0&max_behot_time_tmp=0&as=A135B8B16A0CF6F&cp=581AACBF560FEE1>
{'Category': 'news_car',
 'HotValue': 25,
 'MediumUrl': u'http://toutiao.com/m6934179639/',
 'Source': 'toutiao',
 'Time': 1479173965,
 'Title': '\xe5\xbc\x80\xe5\xa5\xa5\xe8\xbf\xaa\xe7\x9a\x84\xe7\x9c\x8b\xe8\xa7\x81\xe4\xb8\xb0\xe7\x94\xb0\xe8\xbf\x99\xe6\xac\xbe\xe8\xbd\xbb\xe5\xae\xa2\xe4\xb9\x9f\xe5\xbe\x97\xe4\xb9\x96\xe4\xb9\x96\xe7\x9a\x84\xe8\xae\xa9\xe9\x81\x93\xef\xbc\x8c\xe4\xb8\x8d\xe4\xbf\xa1\xe8\xaf\x95\xe8\xaf\x95\xe7\x9c\x8b',
 'Type': 'url',
 'Url': u'http://www.toutiao.com/group/6352687528776286465/'}
2016-11-15 02:09:27 [scrapy] ERROR: Spider error processing <GET http://www.toutiao.com/api/article/feed/?category=news_car&utm_source=toutiao&widen=0&max_behot_time=0&max_behot_time_tmp=0&as=A135B8B16A0CF6F&cp=581AACBF560FEE1> (referer: None)
Traceback (most recent call last):
  File "/usr/lib64/python2.7/site-packages/scrapy/utils/defer.py", line 102, in iter_errback
    yield next(it)
  File "/usr/lib64/python2.7/site-packages/scrapy/spidermiddlewares/offsite.py", line 29, in process_spider_output
    for x in result:
  File "/usr/lib64/python2.7/site-packages/scrapy/spidermiddlewares/referer.py", line 22, in <genexpr>
    return (_set_referer(r) for r in result or ())
  File "/usr/lib64/python2.7/site-packages/scrapy/spidermiddlewares/urllength.py", line 37, in <genexpr>
    return (r for r in result or () if _filter(r))
  File "/usr/lib64/python2.7/site-packages/scrapy/spidermiddlewares/depth.py", line 58, in <genexpr>
    return (r for r in result or () if _filter(r))
  File "/python/SocialSpider/SocialSpider/spiders/toutiao.py", line 31, in parse
    item['MediumUrl'] = val['media_url']
KeyError: 'media_url'
2016-11-15 02:09:27 [scrapy] INFO: Closing spider (finished)
2016-11-15 02:09:27 [scrapy] INFO: Stored json feed (3 items) in: ../data/toutiao/news_car.json
2016-11-15 02:09:27 [scrapy] INFO: Dumping Scrapy stats:
{'downloader/request_bytes': 371,
 'downloader/request_count': 1,
 'downloader/request_method_count/GET': 1,
 'downloader/response_bytes': 5014,
 'downloader/response_count': 1,
 'downloader/response_status_count/200': 1,
 'finish_reason': 'finished',
 'finish_time': datetime.datetime(2016, 11, 15, 2, 9, 27, 972718),
 'item_scraped_count': 3,
 'log_count/DEBUG': 6,
 'log_count/ERROR': 1,
 'log_count/INFO': 10,
 'response_received_count': 1,
 'scheduler/dequeued': 1,
 'scheduler/dequeued/memory': 1,
 'scheduler/enqueued': 1,
 'scheduler/enqueued/memory': 1,
 'spider_exceptions/KeyError': 1,
 'start_time': datetime.datetime(2016, 11, 15, 2, 9, 27, 215216)}
2016-11-15 02:09:27 [scrapy] INFO: Spider closed (finished)
