2016-11-15 00:51:31 [scrapy] INFO: Scrapy 1.2.0 started (bot: SocialSpider)
2016-11-15 00:51:31 [scrapy] INFO: Overridden settings: {'NEWSPIDER_MODULE': 'SocialSpider.spiders', 'FEED_URI': '../data/toutiao/news_travel.json', 'SPIDER_MODULES': ['SocialSpider.spiders'], 'BOT_NAME': 'SocialSpider', 'FEED_FORMAT': 'json', 'LOG_FILE': '../log/toutiao/news_travel.log'}
2016-11-15 00:51:31 [scrapy] INFO: Enabled extensions:
['scrapy.extensions.feedexport.FeedExporter',
 'scrapy.extensions.logstats.LogStats',
 'scrapy.extensions.telnet.TelnetConsole',
 'scrapy.extensions.corestats.CoreStats']
2016-11-15 00:51:31 [scrapy] INFO: Enabled downloader middlewares:
['scrapy.downloadermiddlewares.httpauth.HttpAuthMiddleware',
 'scrapy.downloadermiddlewares.downloadtimeout.DownloadTimeoutMiddleware',
 'scrapy.downloadermiddlewares.defaultheaders.DefaultHeadersMiddleware',
 'scrapy.downloadermiddlewares.useragent.UserAgentMiddleware',
 'SocialSpider.midware.UaMidWare.ProcessUaMidware',
 'scrapy.downloadermiddlewares.retry.RetryMiddleware',
 'scrapy.downloadermiddlewares.redirect.MetaRefreshMiddleware',
 'scrapy.downloadermiddlewares.httpcompression.HttpCompressionMiddleware',
 'scrapy.downloadermiddlewares.redirect.RedirectMiddleware',
 'scrapy.downloadermiddlewares.cookies.CookiesMiddleware',
 'scrapy.downloadermiddlewares.chunked.ChunkedTransferMiddleware',
 'scrapy.downloadermiddlewares.stats.DownloaderStats']
2016-11-15 00:51:31 [scrapy] INFO: Enabled spider middlewares:
['scrapy.spidermiddlewares.httperror.HttpErrorMiddleware',
 'scrapy.spidermiddlewares.offsite.OffsiteMiddleware',
 'scrapy.spidermiddlewares.referer.RefererMiddleware',
 'scrapy.spidermiddlewares.urllength.UrlLengthMiddleware',
 'scrapy.spidermiddlewares.depth.DepthMiddleware']
2016-11-15 00:51:31 [scrapy] INFO: Enabled item pipelines:
[]
2016-11-15 00:51:31 [scrapy] INFO: Spider opened
2016-11-15 00:51:32 [scrapy] INFO: Crawled 0 pages (at 0 pages/min), scraped 0 items (at 0 items/min)
2016-11-15 00:51:32 [scrapy] DEBUG: Telnet console listening on 127.0.0.1:6023
2016-11-15 00:51:32 [toutiao] INFO: now entring download midware
2016-11-15 00:51:32 [toutiao] INFO: User-Agent is: Baiduspider+(+http://www.baidu.com/search/spider_jp.html) <GET http://www.toutiao.com/api/article/feed/?category=news_travel&utm_source=toutiao&widen=0&max_behot_time=0&max_behot_time_tmp=0&as=A135B8B16A0CF6F&cp=581AACBF560FEE1>
2016-11-15 00:51:32 [scrapy] DEBUG: Crawled (200) <GET http://www.toutiao.com/api/article/feed/?category=news_travel&utm_source=toutiao&widen=0&max_behot_time=0&max_behot_time_tmp=0&as=A135B8B16A0CF6F&cp=581AACBF560FEE1> (referer: None)
2016-11-15 00:51:32 [toutiao] DEBUG: Fetch toutiao homepage page: http://www.toutiao.com/api/article/feed/?category=news_travel&utm_source=toutiao&widen=0&max_behot_time=0&max_behot_time_tmp=0&as=A135B8B16A0CF6F&cp=581AACBF560FEE1
2016-11-15 00:51:32 [scrapy] DEBUG: Scraped from <200 http://www.toutiao.com/api/article/feed/?category=news_travel&utm_source=toutiao&widen=0&max_behot_time=0&max_behot_time_tmp=0&as=A135B8B16A0CF6F&cp=581AACBF560FEE1>
{'Title': '\xe7\x9c\x9f\xe5\x9c\x9f\xe8\xb1\xaa\xef\xbc\x9a\xe6\xb8\xb8\xe8\x89\x87\xe4\xbb\xb7\xe5\x80\xbc2\xe4\xba\xbf\xef\xbc\x8c\xe7\x99\xbb\xe8\x88\xb9\xe8\xb4\xb93500\xe4\xb8\x87\xef\xbc\x8c\xe5\x8f\xaa\xe6\x9c\x89\xe5\xaf\x8c\xe8\xb1\xaa\xe5\xb7\xa8\xe6\x98\x9f\xe8\x83\xbd\xe7\x8e\xa9\xe5\xbe\x97\xe8\xb5\xb7',
 'TitleUrl': u'http://www.toutiao.com/group/6352762912779534850/'}
2016-11-15 00:51:32 [scrapy] DEBUG: Scraped from <200 http://www.toutiao.com/api/article/feed/?category=news_travel&utm_source=toutiao&widen=0&max_behot_time=0&max_behot_time_tmp=0&as=A135B8B16A0CF6F&cp=581AACBF560FEE1>
{'Title': '\xe5\xb1\xb1\xe8\xa5\xbf\xe4\xba\xba\xe5\x8f\xa3\xe6\x9c\x80\xe5\xb0\x91\xe7\x9a\x844\xe4\xb8\xaa\xe5\xb8\x82\xef\xbc\x8c\xe5\x8a\xa0\xe8\xb5\xb7\xe6\x9d\xa5\xe6\xaf\x94\xe8\xbf\x9935\xe4\xb8\xaa\xe5\x9b\xbd\xe5\xae\xb6\xe7\x9a\x84\xe4\xba\xba\xe8\xbf\x98\xe5\xa4\x9a\xef\xbc\x81',
 'TitleUrl': u'http://www.toutiao.com/group/6352645407567380738/'}
2016-11-15 00:51:32 [scrapy] DEBUG: Scraped from <200 http://www.toutiao.com/api/article/feed/?category=news_travel&utm_source=toutiao&widen=0&max_behot_time=0&max_behot_time_tmp=0&as=A135B8B16A0CF6F&cp=581AACBF560FEE1>
{'Title': '\xe9\x83\x91\xe6\xb8\x8a\xe6\xb4\x81\xe9\x80\x83\xe7\xa6\xbb\xe4\xb8\xbd\xe6\xb1\x9f\xef\xbc\x81\xe4\xb8\xba80\xe5\x9d\x97\xe9\x92\xb1\xe8\xa2\xab\xe7\x9b\x98\xe6\x9f\xa510\xe5\x88\x86\xe9\x92\x9f \xe5\xbc\x95\xe5\x8f\x91\xe5\x85\xa8\xe5\x9b\xbd\xe5\x90\x90\xe6\xa7\xbd \xe5\xae\x98\xe6\x96\xb9\xe5\x9b\x9e\xe5\xba\x94',
 'TitleUrl': u'http://www.toutiao.com/group/6352669493538767105/'}
2016-11-15 00:51:32 [scrapy] DEBUG: Scraped from <200 http://www.toutiao.com/api/article/feed/?category=news_travel&utm_source=toutiao&widen=0&max_behot_time=0&max_behot_time_tmp=0&as=A135B8B16A0CF6F&cp=581AACBF560FEE1>
{'Title': '\xe5\xb9\xbf\xe8\xa5\xbf\xe6\x9c\x80\xe9\x9c\x80\xe8\xa6\x81\xe9\xab\x98\xe9\x93\x81\xe7\x9a\x84\xe4\xb8\x80\xe4\xb8\xaa\xe5\x9f\x8e\xe5\xb8\x82\xef\xbc\x81',
 'TitleUrl': u'http://www.toutiao.com/group/6352753166014906625/'}
2016-11-15 00:51:32 [scrapy] DEBUG: Scraped from <200 http://www.toutiao.com/api/article/feed/?category=news_travel&utm_source=toutiao&widen=0&max_behot_time=0&max_behot_time_tmp=0&as=A135B8B16A0CF6F&cp=581AACBF560FEE1>
{'Title': '\xe5\x8e\x9f\xe6\x9d\xa5\xe6\xb3\xb0\xe5\x9b\xbd\xe6\x98\xaf\xe8\xbf\x99\xe6\xa0\xb7\xe5\x8d\x96\xe6\xb0\xb4\xe6\x9e\x9c\xe7\x9a\x84\xef\xbc\x81',
 'TitleUrl': u'http://www.toutiao.com/group/6350858856045773057/'}
2016-11-15 00:51:32 [scrapy] DEBUG: Scraped from <200 http://www.toutiao.com/api/article/feed/?category=news_travel&utm_source=toutiao&widen=0&max_behot_time=0&max_behot_time_tmp=0&as=A135B8B16A0CF6F&cp=581AACBF560FEE1>
{'Title': '\xe6\xb8\xb8\xe5\xae\xa2\xe5\x8e\xbb\xe4\xbf\x84\xe7\xbd\x97\xe6\x96\xaf\xe6\x97\x85\xe6\xb8\xb8\xef\xbc\x8c\xe6\x84\x9f\xe5\x8f\xb9\xe4\xb8\xad\xe4\xbf\x84\xe7\x94\x9f\xe6\xb4\xbb\xe5\xb7\xae\xe8\xb7\x9d\xe9\x9d\x9e\xe5\xb8\xb8\xe5\xa4\xa7\xef\xbc\x81',
 'TitleUrl': u'http://www.toutiao.com/group/6351173093209784578/'}
2016-11-15 00:51:32 [scrapy] DEBUG: Scraped from <200 http://www.toutiao.com/api/article/feed/?category=news_travel&utm_source=toutiao&widen=0&max_behot_time=0&max_behot_time_tmp=0&as=A135B8B16A0CF6F&cp=581AACBF560FEE1>
{'Title': '\xe8\xb7\x9f\xe5\x90\x8c\xe5\xad\xa6\xe5\x8e\xbb\xe9\x9d\x9e\xe6\xb4\xb2\xe6\x97\x85\xe8\xa1\x8c\xe4\xba\x86\xe5\x87\xa0\xe5\xa4\xa9\xef\xbc\x8c\xe5\x90\x83\xe4\xba\x86\xe4\xbb\x96\xe4\xbb\xac\xe7\x9a\x84\xe9\xa3\x9f\xe7\x89\xa9\xef\xbc\x8c\xe5\x9b\x9e\xe5\x9b\xbd\xe5\x90\x8e\xe6\x88\x91\xe7\x98\xa6\xe4\xba\x865\xe6\x96\xa4',
 'TitleUrl': u'http://www.toutiao.com/group/6352645646512537857/'}
2016-11-15 00:51:32 [scrapy] DEBUG: Scraped from <200 http://www.toutiao.com/api/article/feed/?category=news_travel&utm_source=toutiao&widen=0&max_behot_time=0&max_behot_time_tmp=0&as=A135B8B16A0CF6F&cp=581AACBF560FEE1>
{'Title': '\xe3\x80\x8a\xe4\xba\x94\xe5\xa4\xa7\xe5\xae\x97\xe6\x95\x99\xe5\x9c\xa8\xe9\x98\x86\xe4\xb8\xad\xe3\x80\x8b\xe5\x8d\xb3\xe5\xb0\x86\xe5\x87\xba\xe7\x89\x88',
 'TitleUrl': u'http://www.toutiao.com/group/6352715828698595586/'}
2016-11-15 00:51:32 [scrapy] DEBUG: Scraped from <200 http://www.toutiao.com/api/article/feed/?category=news_travel&utm_source=toutiao&widen=0&max_behot_time=0&max_behot_time_tmp=0&as=A135B8B16A0CF6F&cp=581AACBF560FEE1>
{'Title': '\xe5\x85\x84\xe5\xbc\x9f\xe4\xbb\xac\xe5\xbc\x95\xe4\xbb\xa5\xe4\xb8\xba\xe6\x88\x92\xef\xbc\x8c\xe5\xb7\x9d\xe8\x97\x8f\xe7\xba\xbf\xe4\xb8\x8a\xe6\x88\x91\xe5\xa5\xbd\xe5\xbf\x83\xe6\x90\xad\xe4\xb8\xaa\xe7\xa9\xb7\xe6\xb8\xb8\xe7\x9a\x84\xef\xbc\x8c\xe6\x9c\x80\xe5\x90\x8e\xe8\xb5\x94\xe4\xba\x862500\xe5\x9d\x97',
 'TitleUrl': u'http://www.toutiao.com/group/6352287844086186241/'}
2016-11-15 00:51:32 [scrapy] DEBUG: Scraped from <200 http://www.toutiao.com/api/article/feed/?category=news_travel&utm_source=toutiao&widen=0&max_behot_time=0&max_behot_time_tmp=0&as=A135B8B16A0CF6F&cp=581AACBF560FEE1>
{'Title': '\xe6\xb1\x9f\xe8\x8b\x8f\xe9\x82\xb3\xe5\xb7\x9e\xef\xbc\x9a\xe9\x93\xb6\xe6\x9d\x8f\xe8\xbf\x9b\xe5\x85\xa5\xe6\x9c\x80\xe4\xbd\xb3\xe8\xa7\x82\xe8\xb5\x8f\xe6\x9c\x9f\xef\xbc\x8c\xe6\x95\xb0\xe4\xb8\x87\xe6\xb8\xb8\xe5\xae\xa2\xe6\x8c\xa4\xe7\x88\x86\xe2\x80\x9c\xe6\x97\xb6\xe5\x85\x89\xe9\x9a\xa7\xe9\x81\x93\xe2\x80\x9d',
 'TitleUrl': u'http://www.toutiao.com/group/6352649415526056194/'}
2016-11-15 00:51:32 [scrapy] DEBUG: Scraped from <200 http://www.toutiao.com/api/article/feed/?category=news_travel&utm_source=toutiao&widen=0&max_behot_time=0&max_behot_time_tmp=0&as=A135B8B16A0CF6F&cp=581AACBF560FEE1>
{'Title': '\xe5\x9b\x9b\xe5\xb7\x9d\xe8\xbf\x9921\xe4\xb8\xaa\xe9\x95\x87\xe6\x88\x96\xe5\xb0\x86\xe5\x8d\x87\xe4\xb8\xba\xe5\x89\xaf\xe5\x8e\xbf\xe7\xba\xa7\xef\xbc\x81\xe8\xbf\x99\xe9\x87\x8c\xe9\x9d\xa2\xe6\x9c\x89\xe6\xb2\xa1\xe6\x9c\x89\xe4\xbd\xa0\xe5\xae\xb6\xe4\xb9\xa1\xef\xbc\x9f',
 'TitleUrl': u'http://www.toutiao.com/group/6352655307634245890/'}
2016-11-15 00:51:32 [scrapy] DEBUG: Scraped from <200 http://www.toutiao.com/api/article/feed/?category=news_travel&utm_source=toutiao&widen=0&max_behot_time=0&max_behot_time_tmp=0&as=A135B8B16A0CF6F&cp=581AACBF560FEE1>
{'Title': '\xe5\xae\x89\xe5\xbe\xbd\xe7\x9c\x81\xe6\x9c\x80\xe2\x80\x9c\xe5\xbc\xba\xe7\x9b\x9b\xe2\x80\x9d\xe7\x9a\x84\xe4\xb8\x89\xe4\xb8\xaa\xe5\x9f\x8e\xe5\xb8\x82',
 'TitleUrl': u'http://www.toutiao.com/group/6352586420980744450/'}
2016-11-15 00:51:32 [scrapy] DEBUG: Scraped from <200 http://www.toutiao.com/api/article/feed/?category=news_travel&utm_source=toutiao&widen=0&max_behot_time=0&max_behot_time_tmp=0&as=A135B8B16A0CF6F&cp=581AACBF560FEE1>
{'Title': '\xe8\xbf\x98\xe8\xae\xb0\xe5\xbe\x97\xe5\xbd\x93\xe5\xb9\xb4\xe3\x80\x8a\xe8\xbf\x98\xe7\x8f\xa0\xe6\xa0\xbc\xe6\xa0\xbc\xe3\x80\x8b\xe9\x87\x8c\xe4\xb8\x80\xe8\xa8\x80\xe4\xb8\x8d\xe5\x90\x88\xe5\xb0\xb1\xe5\x87\xba\xe7\x8e\xb0\xe7\x9a\x84\xe8\x8d\x89\xe5\x8e\x9f\xe5\x90\x97\xef\xbc\x9f',
 'TitleUrl': u'http://www.toutiao.com/group/6352659851294785794/'}
2016-11-15 00:51:32 [scrapy] DEBUG: Scraped from <200 http://www.toutiao.com/api/article/feed/?category=news_travel&utm_source=toutiao&widen=0&max_behot_time=0&max_behot_time_tmp=0&as=A135B8B16A0CF6F&cp=581AACBF560FEE1>
{'Title': '\xe5\x85\xa8\xe5\x9b\xbd\xe6\x9c\x80\xe9\x80\x82\xe5\xae\x9c\xe5\x85\xbb\xe8\x80\x81\xe5\x9f\x8e\xe5\xb8\x82\xe5\xa4\xa7\xe7\x9b\x98\xe7\x82\xb9 \xe5\x8d\x81\xe5\xa4\xa7\xe5\x85\xbb\xe8\x80\x81\xe5\x9f\x8e\xe5\xb8\x82\xe6\xa6\x9c\xe5\x8d\x95\xe5\x87\xba\xe7\x82\x89',
 'TitleUrl': u'http://www.toutiao.com/group/6352658091028775169/'}
2016-11-15 00:51:32 [scrapy] DEBUG: Scraped from <200 http://www.toutiao.com/api/article/feed/?category=news_travel&utm_source=toutiao&widen=0&max_behot_time=0&max_behot_time_tmp=0&as=A135B8B16A0CF6F&cp=581AACBF560FEE1>
{'Title': '\xe5\xa5\xb3\xe8\xaf\x97\xe4\xba\xba\xe8\x96\x9b\xe6\xb6\x9b\xe7\x95\x99\xe4\xb8\x8b\xe7\x9a\x84\xe2\x80\x9c\xe5\x8d\x83\xe5\x8f\xa4\xe7\xbb\x9d\xe5\xaf\xb9\xe2\x80\x9d\xef\xbc\x8c\xe8\x87\xb3\xe4\xbb\x8a\xe6\x97\xa0\xe4\xba\xba\xe8\x83\xbd\xe5\xaf\xb9\xe5\x87\xba\xe4\xb8\x8b\xe8\x81\x94\xe3\x80\x82',
 'TitleUrl': u'http://www.toutiao.com/group/6352685786571555073/'}
2016-11-15 00:51:32 [scrapy] DEBUG: Scraped from <200 http://www.toutiao.com/api/article/feed/?category=news_travel&utm_source=toutiao&widen=0&max_behot_time=0&max_behot_time_tmp=0&as=A135B8B16A0CF6F&cp=581AACBF560FEE1>
{'Title': '\xe5\xa5\xb3\xe8\xaf\x97\xe4\xba\xba\xe8\x96\x9b\xe6\xb6\x9b\xe7\x95\x99\xe4\xb8\x8b\xe7\x9a\x84\xe2\x80\x9c\xe5\x8d\x83\xe5\x8f\xa4\xe7\xbb\x9d\xe5\xaf\xb9\xe2\x80\x9d\xef\xbc\x8c\xe8\x87\xb3\xe4\xbb\x8a\xe6\x97\xa0\xe4\xba\xba\xe8\x83\xbd\xe5\xaf\xb9\xe5\x87\xba\xe4\xb8\x8b\xe8\x81\x94\xe3\x80\x82',
 'TitleUrl': u'http://www.toutiao.com/group/6352963152686776577/?_as_1479171091'}
2016-11-15 00:51:32 [toutiao] INFO: now entring download midware
2016-11-15 00:51:32 [toutiao] INFO: User-Agent is: nuSearch Spider (compatible; MSIE 4.01; Windows NT) <GET http://www.toutiao.com/api/article/feed/?category=news_travel&utm_source=toutiao&widen=0&max_behot_time=0&max_behot_time_tmp=1479125970&as=A16538313A8D839&cp=581A7DF853099E1>
2016-11-15 00:51:33 [scrapy] DEBUG: Crawled (200) <GET http://www.toutiao.com/api/article/feed/?category=news_travel&utm_source=toutiao&widen=0&max_behot_time=0&max_behot_time_tmp=1479125970&as=A16538313A8D839&cp=581A7DF853099E1> (referer: http://www.toutiao.com/api/article/feed/?category=news_travel&utm_source=toutiao&widen=0&max_behot_time=0&max_behot_time_tmp=0&as=A135B8B16A0CF6F&cp=581AACBF560FEE1)
2016-11-15 00:51:33 [toutiao] DEBUG: Fetch toutiao homepage page: http://www.toutiao.com/api/article/feed/?category=news_travel&utm_source=toutiao&widen=0&max_behot_time=0&max_behot_time_tmp=1479125970&as=A16538313A8D839&cp=581A7DF853099E1
2016-11-15 00:51:33 [scrapy] DEBUG: Scraped from <200 http://www.toutiao.com/api/article/feed/?category=news_travel&utm_source=toutiao&widen=0&max_behot_time=0&max_behot_time_tmp=1479125970&as=A16538313A8D839&cp=581A7DF853099E1>
{'Title': '\xe5\x9b\xbd\xe5\xae\xb6\xe6\x97\x85\xe6\xb8\xb8\xe5\xb1\x80\xe5\x8f\x96\xe6\xb6\x8810\xe5\xae\xb64A\xe7\xba\xa7\xe6\x99\xaf\xe5\x8c\xba\xe8\xb5\x84\xe8\xb4\xa8\xef\xbc\x8c\xe7\x9c\x8b\xe7\x9c\x8b\xe6\x9c\x89\xe4\xbd\xa0\xe7\x8e\xa9\xe8\xbf\x87\xe7\x9a\x84\xe6\xb2\xa1',
 'TitleUrl': u'http://www.toutiao.com/group/6350430970386940161/'}
2016-11-15 00:51:33 [scrapy] DEBUG: Scraped from <200 http://www.toutiao.com/api/article/feed/?category=news_travel&utm_source=toutiao&widen=0&max_behot_time=0&max_behot_time_tmp=1479125970&as=A16538313A8D839&cp=581A7DF853099E1>
{'Title': '\xe5\x8d\xb3\xe5\xb0\x86\xe6\xb6\x88\xe5\xa4\xb1\xe7\x9a\x84\xe4\xba\xba\xe9\x97\xb4\xe5\xa4\xa9\xe5\xa0\x82\xe2\x80\x94\xe2\x80\x94\xe9\xa9\xac\xe5\xb0\x94\xe4\xbb\xa3\xe5\xa4\xab',
 'TitleUrl': u'http://www.toutiao.com/group/6352641209849659649/'}
2016-11-15 00:51:33 [scrapy] DEBUG: Scraped from <200 http://www.toutiao.com/api/article/feed/?category=news_travel&utm_source=toutiao&widen=0&max_behot_time=0&max_behot_time_tmp=1479125970&as=A16538313A8D839&cp=581A7DF853099E1>
{'Title': '\xe5\x8d\x97\xe6\x96\xb9\xe5\x94\xaf\xe4\xb8\x80\xe4\xb8\x80\xe5\xba\xa7\xe7\x9a\x87\xe5\xae\xb6\xe5\xbb\xba\xe7\xad\x91---"\xe6\xb1\x9f\xe5\x8d\x97\xe4\xb8\x89\xe5\xa4\xa7\xe5\x90\x8d\xe6\xa5\xbc"\xe4\xb9\x8b\xe9\xa6\x96',
 'TitleUrl': u'http://www.toutiao.com/group/6352625313084211458/'}
2016-11-15 00:51:33 [scrapy] DEBUG: Scraped from <200 http://www.toutiao.com/api/article/feed/?category=news_travel&utm_source=toutiao&widen=0&max_behot_time=0&max_behot_time_tmp=1479125970&as=A16538313A8D839&cp=581A7DF853099E1>
{'Title': '\xe8\xbf\x99\xe5\xba\xa7\xe5\xb1\xb1\xe6\x9b\xbe\xe4\xb8\x8e\xe9\xbb\x84\xe5\xb1\xb1\xe9\xbd\x90\xe5\x90\x8d\xef\xbc\x8c\xe5\x8f\xaa\xe6\x98\xaf\xe5\x9b\xa0\xe4\xb8\xba\xe4\xb8\xa4\xe4\xb8\xaa\xe4\xba\xba\xe3\x80\x81\xe4\xb8\xa4\xe5\x8f\xa5\xe8\xaf\x9d\xef\xbc\x8c\xe8\xae\xa9\xe6\x89\x80\xe6\x9c\x89\xe4\xba\xba\xe9\x83\xbd\xe5\xbf\x98\xe4\xba\x86\xe5\xae\x83',
 'TitleUrl': u'http://www.toutiao.com/group/6352760630165307649/'}
2016-11-15 00:51:33 [scrapy] DEBUG: Scraped from <200 http://www.toutiao.com/api/article/feed/?category=news_travel&utm_source=toutiao&widen=0&max_behot_time=0&max_behot_time_tmp=1479125970&as=A16538313A8D839&cp=581A7DF853099E1>
{'Title': '\xe5\x85\xa8\xe5\x9b\xbd\xe6\x9c\x80\xe6\x9c\x89\xe7\x89\xb9\xe8\x89\xb2\xe7\x9a\x84\xe5\x8d\x81\xe5\xa4\xa7\xe8\x91\x97\xe5\x90\x8d\xe6\x97\x85\xe6\xb8\xb8\xe6\x99\xaf\xe7\x82\xb9',
 'TitleUrl': u'http://www.toutiao.com/group/6352704026294993154/'}
2016-11-15 00:51:33 [scrapy] DEBUG: Scraped from <200 http://www.toutiao.com/api/article/feed/?category=news_travel&utm_source=toutiao&widen=0&max_behot_time=0&max_behot_time_tmp=1479125970&as=A16538313A8D839&cp=581A7DF853099E1>
{'Title': '\xe4\xb8\xad\xe5\x9b\xbd\xe5\x8f\xaf\xe4\xbb\xa5\xe4\xb8\x80\xe5\xa6\xbb\xe5\xa4\x9a\xe5\xa4\xab\xe7\x9a\x84\xe5\x9c\xb0\xe6\x96\xb9',
 'TitleUrl': u'http://www.toutiao.com/group/6351682874341474562/'}
2016-11-15 00:51:33 [scrapy] DEBUG: Scraped from <200 http://www.toutiao.com/api/article/feed/?category=news_travel&utm_source=toutiao&widen=0&max_behot_time=0&max_behot_time_tmp=1479125970&as=A16538313A8D839&cp=581A7DF853099E1>
{'Title': '\xe6\x96\xb0\xe5\x8a\xa0\xe5\x9d\xa1\xe8\xb1\xaa\xe5\xae\x85\xe7\x9a\x84\xe6\x97\xa0\xe8\xbe\xb9\xe9\x99\x85\xe6\xb3\xb3\xe6\xb1\xa0\xe7\x8e\xbb\xe7\x92\x83\xe7\x88\x86\xe8\xa3\x82\xef\xbc\x8c\xe8\xbf\x99\xe6\xa0\xb7\xe7\x9a\x84\xe7\x80\x91\xe5\xb8\x83\xe6\x99\xaf\xe8\xa7\x82\xe6\x88\x91\xe8\xaf\xa5\xe6\xac\xa3\xe8\xb5\x8f\xe5\x90\x97',
 'TitleUrl': u'http://www.toutiao.com/group/6352642059421942018/'}
2016-11-15 00:51:33 [scrapy] DEBUG: Scraped from <200 http://www.toutiao.com/api/article/feed/?category=news_travel&utm_source=toutiao&widen=0&max_behot_time=0&max_behot_time_tmp=1479125970&as=A16538313A8D839&cp=581A7DF853099E1>
{'Title': '\xe4\xb8\xba\xe4\xbb\x80\xe4\xb9\x88\xe8\xaf\xb4\xe5\x8e\xbb\xe5\xb7\x9d\xe8\x97\x8f\xe7\xa9\xb7\xe6\xb8\xb8\xe8\xbf\x87\xe7\x9a\x84\xe5\xa5\xb3\xe4\xba\xba\xe4\xb8\x8d\xe8\x83\xbd\xe5\xa8\xb6\xef\xbc\x9f',
 'TitleUrl': u'http://www.toutiao.com/group/6352642356931461378/'}
2016-11-15 00:51:33 [scrapy] DEBUG: Scraped from <200 http://www.toutiao.com/api/article/feed/?category=news_travel&utm_source=toutiao&widen=0&max_behot_time=0&max_behot_time_tmp=1479125970&as=A16538313A8D839&cp=581A7DF853099E1>
{'Title': '\xe7\x9c\x9f\xe5\x9c\x9f\xe8\xb1\xaa\xef\xbc\x9a\xe6\xb8\xb8\xe8\x89\x87\xe4\xbb\xb7\xe5\x80\xbc2\xe4\xba\xbf\xef\xbc\x8c\xe7\x99\xbb\xe8\x88\xb9\xe8\xb4\xb93500\xe4\xb8\x87\xef\xbc\x8c\xe5\x8f\xaa\xe6\x9c\x89\xe5\xaf\x8c\xe8\xb1\xaa\xe5\xb7\xa8\xe6\x98\x9f\xe8\x83\xbd\xe7\x8e\xa9\xe5\xbe\x97\xe8\xb5\xb7',
 'TitleUrl': u'http://www.toutiao.com/group/6352762912779534850/'}
2016-11-15 00:51:33 [scrapy] DEBUG: Scraped from <200 http://www.toutiao.com/api/article/feed/?category=news_travel&utm_source=toutiao&widen=0&max_behot_time=0&max_behot_time_tmp=1479125970&as=A16538313A8D839&cp=581A7DF853099E1>
{'Title': '\xe5\xb1\xb1\xe8\xa5\xbf\xe4\xba\xba\xe5\x8f\xa3\xe6\x9c\x80\xe5\xb0\x91\xe7\x9a\x844\xe4\xb8\xaa\xe5\xb8\x82\xef\xbc\x8c\xe5\x8a\xa0\xe8\xb5\xb7\xe6\x9d\xa5\xe6\xaf\x94\xe8\xbf\x9935\xe4\xb8\xaa\xe5\x9b\xbd\xe5\xae\xb6\xe7\x9a\x84\xe4\xba\xba\xe8\xbf\x98\xe5\xa4\x9a\xef\xbc\x81',
 'TitleUrl': u'http://www.toutiao.com/group/6352645407567380738/'}
2016-11-15 00:51:33 [scrapy] DEBUG: Scraped from <200 http://www.toutiao.com/api/article/feed/?category=news_travel&utm_source=toutiao&widen=0&max_behot_time=0&max_behot_time_tmp=1479125970&as=A16538313A8D839&cp=581A7DF853099E1>
{'Title': '\xe9\x83\x91\xe6\xb8\x8a\xe6\xb4\x81\xe9\x80\x83\xe7\xa6\xbb\xe4\xb8\xbd\xe6\xb1\x9f\xef\xbc\x81\xe4\xb8\xba80\xe5\x9d\x97\xe9\x92\xb1\xe8\xa2\xab\xe7\x9b\x98\xe6\x9f\xa510\xe5\x88\x86\xe9\x92\x9f \xe5\xbc\x95\xe5\x8f\x91\xe5\x85\xa8\xe5\x9b\xbd\xe5\x90\x90\xe6\xa7\xbd \xe5\xae\x98\xe6\x96\xb9\xe5\x9b\x9e\xe5\xba\x94',
 'TitleUrl': u'http://www.toutiao.com/group/6352669493538767105/'}
2016-11-15 00:51:33 [scrapy] DEBUG: Scraped from <200 http://www.toutiao.com/api/article/feed/?category=news_travel&utm_source=toutiao&widen=0&max_behot_time=0&max_behot_time_tmp=1479125970&as=A16538313A8D839&cp=581A7DF853099E1>
{'Title': '\xe5\xb9\xbf\xe8\xa5\xbf\xe6\x9c\x80\xe9\x9c\x80\xe8\xa6\x81\xe9\xab\x98\xe9\x93\x81\xe7\x9a\x84\xe4\xb8\x80\xe4\xb8\xaa\xe5\x9f\x8e\xe5\xb8\x82\xef\xbc\x81',
 'TitleUrl': u'http://www.toutiao.com/group/6352753166014906625/'}
2016-11-15 00:51:33 [scrapy] DEBUG: Scraped from <200 http://www.toutiao.com/api/article/feed/?category=news_travel&utm_source=toutiao&widen=0&max_behot_time=0&max_behot_time_tmp=1479125970&as=A16538313A8D839&cp=581A7DF853099E1>
{'Title': '\xe5\x8e\x9f\xe6\x9d\xa5\xe6\xb3\xb0\xe5\x9b\xbd\xe6\x98\xaf\xe8\xbf\x99\xe6\xa0\xb7\xe5\x8d\x96\xe6\xb0\xb4\xe6\x9e\x9c\xe7\x9a\x84\xef\xbc\x81',
 'TitleUrl': u'http://www.toutiao.com/group/6350858856045773057/'}
2016-11-15 00:51:33 [scrapy] DEBUG: Scraped from <200 http://www.toutiao.com/api/article/feed/?category=news_travel&utm_source=toutiao&widen=0&max_behot_time=0&max_behot_time_tmp=1479125970&as=A16538313A8D839&cp=581A7DF853099E1>
{'Title': '\xe6\xb8\xb8\xe5\xae\xa2\xe5\x8e\xbb\xe4\xbf\x84\xe7\xbd\x97\xe6\x96\xaf\xe6\x97\x85\xe6\xb8\xb8\xef\xbc\x8c\xe6\x84\x9f\xe5\x8f\xb9\xe4\xb8\xad\xe4\xbf\x84\xe7\x94\x9f\xe6\xb4\xbb\xe5\xb7\xae\xe8\xb7\x9d\xe9\x9d\x9e\xe5\xb8\xb8\xe5\xa4\xa7\xef\xbc\x81',
 'TitleUrl': u'http://www.toutiao.com/group/6351173093209784578/'}
2016-11-15 00:51:33 [scrapy] DEBUG: Scraped from <200 http://www.toutiao.com/api/article/feed/?category=news_travel&utm_source=toutiao&widen=0&max_behot_time=0&max_behot_time_tmp=1479125970&as=A16538313A8D839&cp=581A7DF853099E1>
{'Title': '\xe8\xb7\x9f\xe5\x90\x8c\xe5\xad\xa6\xe5\x8e\xbb\xe9\x9d\x9e\xe6\xb4\xb2\xe6\x97\x85\xe8\xa1\x8c\xe4\xba\x86\xe5\x87\xa0\xe5\xa4\xa9\xef\xbc\x8c\xe5\x90\x83\xe4\xba\x86\xe4\xbb\x96\xe4\xbb\xac\xe7\x9a\x84\xe9\xa3\x9f\xe7\x89\xa9\xef\xbc\x8c\xe5\x9b\x9e\xe5\x9b\xbd\xe5\x90\x8e\xe6\x88\x91\xe7\x98\xa6\xe4\xba\x865\xe6\x96\xa4',
 'TitleUrl': u'http://www.toutiao.com/group/6352645646512537857/'}
2016-11-15 00:51:33 [scrapy] DEBUG: Scraped from <200 http://www.toutiao.com/api/article/feed/?category=news_travel&utm_source=toutiao&widen=0&max_behot_time=0&max_behot_time_tmp=1479125970&as=A16538313A8D839&cp=581A7DF853099E1>
{'Title': '\xe8\xb7\x9f\xe5\x90\x8c\xe5\xad\xa6\xe5\x8e\xbb\xe9\x9d\x9e\xe6\xb4\xb2\xe6\x97\x85\xe8\xa1\x8c\xe4\xba\x86\xe5\x87\xa0\xe5\xa4\xa9\xef\xbc\x8c\xe5\x90\x83\xe4\xba\x86\xe4\xbb\x96\xe4\xbb\xac\xe7\x9a\x84\xe9\xa3\x9f\xe7\x89\xa9\xef\xbc\x8c\xe5\x9b\x9e\xe5\x9b\xbd\xe5\x90\x8e\xe6\x88\x91\xe7\x98\xa6\xe4\xba\x865\xe6\x96\xa4',
 'TitleUrl': u'http://www.toutiao.com/group/6352964083185025281/?_as_1479171091'}
2016-11-15 00:51:33 [toutiao] INFO: now entring download midware
2016-11-15 00:51:33 [toutiao] INFO: User-Agent is: zspider/0.9-dev http://feedback.redkolibri.com/ <GET http://www.toutiao.com/api/article/feed/?category=news_travel&utm_source=toutiao&widen=0&max_behot_time=0&max_behot_time_tmp=1479150034&as=A16538313A8D839&cp=581A7DF853099E1>
2016-11-15 00:51:34 [scrapy] DEBUG: Crawled (200) <GET http://www.toutiao.com/api/article/feed/?category=news_travel&utm_source=toutiao&widen=0&max_behot_time=0&max_behot_time_tmp=1479150034&as=A16538313A8D839&cp=581A7DF853099E1> (referer: http://www.toutiao.com/api/article/feed/?category=news_travel&utm_source=toutiao&widen=0&max_behot_time=0&max_behot_time_tmp=1479125970&as=A16538313A8D839&cp=581A7DF853099E1)
2016-11-15 00:51:34 [toutiao] DEBUG: Fetch toutiao homepage page: http://www.toutiao.com/api/article/feed/?category=news_travel&utm_source=toutiao&widen=0&max_behot_time=0&max_behot_time_tmp=1479150034&as=A16538313A8D839&cp=581A7DF853099E1
2016-11-15 00:51:34 [scrapy] DEBUG: Scraped from <200 http://www.toutiao.com/api/article/feed/?category=news_travel&utm_source=toutiao&widen=0&max_behot_time=0&max_behot_time_tmp=1479150034&as=A16538313A8D839&cp=581A7DF853099E1>
{'Title': '\xe5\xb1\xb1\xe4\xb8\x9c\xe7\x9c\x81\xe9\x9d\xa2\xe7\xa7\xaf\xe6\x9c\x80\xe5\xb0\x8f\xe7\x9a\x84\xe5\x9c\xb0\xe7\xba\xa7\xe5\x9f\x8e\xe5\xb8\x82',
 'TitleUrl': u'http://www.toutiao.com/group/6352703734107095298/'}
2016-11-15 00:51:34 [scrapy] DEBUG: Scraped from <200 http://www.toutiao.com/api/article/feed/?category=news_travel&utm_source=toutiao&widen=0&max_behot_time=0&max_behot_time_tmp=1479150034&as=A16538313A8D839&cp=581A7DF853099E1>
{'Title': '\xe7\x9c\x8b\xe5\x88\xb0\xe6\xb3\xb0\xe5\x9b\xbd\xe4\xba\xba\xe8\xbf\x99\xe6\xa0\xb7\xe5\x8d\x96\xe6\xb0\xb4\xe6\x9e\x9c\xef\xbc\x8c\xe5\x9c\xa8\xe4\xb8\xad\xe5\x9b\xbd\xe6\xa0\xb9\xe6\x9c\xac\xe4\xb8\x8d\xe5\x8f\xaf\xe8\x83\xbd\xe7\x9c\x8b\xe5\xbe\x97\xe5\x88\xb0',
 'TitleUrl': u'http://www.toutiao.com/group/6351720272463003905/'}
2016-11-15 00:51:34 [scrapy] DEBUG: Scraped from <200 http://www.toutiao.com/api/article/feed/?category=news_travel&utm_source=toutiao&widen=0&max_behot_time=0&max_behot_time_tmp=1479150034&as=A16538313A8D839&cp=581A7DF853099E1>
{'Title': '\xe7\xab\x99\xe5\x9c\xa8\xe9\x87\x8d\xe5\xba\x86\xe7\x9a\x84\xe8\xa1\x97\xe5\xa4\xb4\xe6\x8b\x8d\xe7\x85\xa7\xef\xbc\x8c\xe5\xb7\xb2\xe6\x98\xaf\xe5\x8d\x81\xe4\xb8\x80\xe6\x9c\x88\xe4\xbb\xbd\xe5\x8d\xb4\xe6\x84\x9f\xe5\x8f\x97\xe4\xb8\x8d\xe5\x88\xb0\xe5\xaf\x92\xe6\x84\x8f',
 'TitleUrl': u'http://www.toutiao.com/group/6352650710035857666/'}
2016-11-15 00:51:34 [scrapy] DEBUG: Scraped from <200 http://www.toutiao.com/api/article/feed/?category=news_travel&utm_source=toutiao&widen=0&max_behot_time=0&max_behot_time_tmp=1479150034&as=A16538313A8D839&cp=581A7DF853099E1>
{'Title': '\xe7\x81\xab\xe8\xbd\xa6\xe4\xb8\x8a\xe4\xb8\xba\xe4\xbb\x80\xe4\xb9\x88\xe4\xb8\x8d\xe4\xb8\xba\xe4\xb9\x98\xe5\xae\xa2\xe6\x8f\x90\xe4\xbe\x9b\xe6\x8f\x92\xe5\xa4\xb4\xe5\x85\x85\xe7\x94\xb5\xe5\x91\xa2\xef\xbc\x9f',
 'TitleUrl': u'http://www.toutiao.com/group/6351697742426800385/'}
2016-11-15 00:51:34 [scrapy] DEBUG: Scraped from <200 http://www.toutiao.com/api/article/feed/?category=news_travel&utm_source=toutiao&widen=0&max_behot_time=0&max_behot_time_tmp=1479150034&as=A16538313A8D839&cp=581A7DF853099E1>
{'Title': '\xe9\x84\x82\xe5\xb0\x94\xe5\xa4\x9a\xe6\x96\xaf\xe7\x9a\x84\xe7\xbe\x8e\xe4\xb8\xbd\xe2\x80\x94\xe2\x80\x94\xe4\xbc\x8a\xe9\x87\x91\xe9\x9c\x8d\xe6\xb4\x9b\xe5\x9b\xbd\xe9\x99\x85\xe6\x9c\xba\xe5\x9c\xba',
 'TitleUrl': u'http://www.toutiao.com/group/6352404260390551809/'}
2016-11-15 00:51:34 [scrapy] DEBUG: Scraped from <200 http://www.toutiao.com/api/article/feed/?category=news_travel&utm_source=toutiao&widen=0&max_behot_time=0&max_behot_time_tmp=1479150034&as=A16538313A8D839&cp=581A7DF853099E1>
{'Title': '\xe5\xbd\xad\xe5\xb7\x9e\xe4\xba\xba\xe9\x83\xbd\xe4\xb8\x8d\xe7\x9f\xa5\xe9\x81\x93\xef\xbc\x8c\xe8\xbf\x99\xe9\x87\x8c\xe6\x9c\x89\xe4\xb8\xaa\xe5\xa4\x9a\xe5\xbd\xa9\xe5\xb0\x8f\xe9\x95\x87\xef\xbc\x81',
 'TitleUrl': u'http://www.toutiao.com/group/6350855063251435778/'}
2016-11-15 00:51:34 [scrapy] DEBUG: Scraped from <200 http://www.toutiao.com/api/article/feed/?category=news_travel&utm_source=toutiao&widen=0&max_behot_time=0&max_behot_time_tmp=1479150034&as=A16538313A8D839&cp=581A7DF853099E1>
{'Title': '\xe6\x9e\x97\xe5\xbd\xaa\xe7\x94\x9f\xe5\x89\x8d\xe6\x95\x85\xe5\xb1\x85\xef\xbc\x8c\xe7\x8e\xb0\xe5\xad\x98\xe4\xbf\x9d\xe7\x95\x99\xe9\x81\x97\xe7\x89\xa9\xe5\xae\x8c\xe5\xa5\xbd\xef\xbc\x8c\xe6\x91\x86\xe6\x94\xbe\xe6\x95\xb4\xe9\xbd\x90',
 'TitleUrl': u'http://www.toutiao.com/group/6352036206016758018/'}
2016-11-15 00:51:34 [scrapy] DEBUG: Scraped from <200 http://www.toutiao.com/api/article/feed/?category=news_travel&utm_source=toutiao&widen=0&max_behot_time=0&max_behot_time_tmp=1479150034&as=A16538313A8D839&cp=581A7DF853099E1>
{'Title': '11\xe6\x9c\x8819\xe6\x97\xa5\xef\xbc\x8c\xe6\xbe\xb3\xe6\xb4\xb210\xe5\xb9\xb4\xe7\xad\xbe\xe8\xaf\x81\xe6\xad\xa3\xe5\xbc\x8f\xe6\x89\xa7\xe8\xa1\x8c\xef\xbc\x81\xe4\xbb\x85\xe4\xb8\xad\xe5\x9b\xbd\xe4\xba\xba\xe8\x83\xbd\xe6\x8b\xbf\xe5\x88\xb0\xef\xbc\x81',
 'TitleUrl': u'http://www.toutiao.com/group/6352760959329091841/'}
2016-11-15 00:51:34 [scrapy] DEBUG: Scraped from <200 http://www.toutiao.com/api/article/feed/?category=news_travel&utm_source=toutiao&widen=0&max_behot_time=0&max_behot_time_tmp=1479150034&as=A16538313A8D839&cp=581A7DF853099E1>
{'Title': '\xe5\x9b\xbd\xe5\xae\xb6\xe6\x97\x85\xe6\xb8\xb8\xe5\xb1\x80\xe5\x8f\x96\xe6\xb6\x8810\xe5\xae\xb64A\xe7\xba\xa7\xe6\x99\xaf\xe5\x8c\xba\xe8\xb5\x84\xe8\xb4\xa8\xef\xbc\x8c\xe7\x9c\x8b\xe7\x9c\x8b\xe6\x9c\x89\xe4\xbd\xa0\xe7\x8e\xa9\xe8\xbf\x87\xe7\x9a\x84\xe6\xb2\xa1',
 'TitleUrl': u'http://www.toutiao.com/group/6350430970386940161/'}
2016-11-15 00:51:34 [scrapy] DEBUG: Scraped from <200 http://www.toutiao.com/api/article/feed/?category=news_travel&utm_source=toutiao&widen=0&max_behot_time=0&max_behot_time_tmp=1479150034&as=A16538313A8D839&cp=581A7DF853099E1>
{'Title': '\xe5\x8d\xb3\xe5\xb0\x86\xe6\xb6\x88\xe5\xa4\xb1\xe7\x9a\x84\xe4\xba\xba\xe9\x97\xb4\xe5\xa4\xa9\xe5\xa0\x82\xe2\x80\x94\xe2\x80\x94\xe9\xa9\xac\xe5\xb0\x94\xe4\xbb\xa3\xe5\xa4\xab',
 'TitleUrl': u'http://www.toutiao.com/group/6352641209849659649/'}
2016-11-15 00:51:34 [scrapy] DEBUG: Scraped from <200 http://www.toutiao.com/api/article/feed/?category=news_travel&utm_source=toutiao&widen=0&max_behot_time=0&max_behot_time_tmp=1479150034&as=A16538313A8D839&cp=581A7DF853099E1>
{'Title': '\xe5\x8d\x97\xe6\x96\xb9\xe5\x94\xaf\xe4\xb8\x80\xe4\xb8\x80\xe5\xba\xa7\xe7\x9a\x87\xe5\xae\xb6\xe5\xbb\xba\xe7\xad\x91---"\xe6\xb1\x9f\xe5\x8d\x97\xe4\xb8\x89\xe5\xa4\xa7\xe5\x90\x8d\xe6\xa5\xbc"\xe4\xb9\x8b\xe9\xa6\x96',
 'TitleUrl': u'http://www.toutiao.com/group/6352625313084211458/'}
2016-11-15 00:51:34 [scrapy] DEBUG: Scraped from <200 http://www.toutiao.com/api/article/feed/?category=news_travel&utm_source=toutiao&widen=0&max_behot_time=0&max_behot_time_tmp=1479150034&as=A16538313A8D839&cp=581A7DF853099E1>
{'Title': '\xe8\xbf\x99\xe5\xba\xa7\xe5\xb1\xb1\xe6\x9b\xbe\xe4\xb8\x8e\xe9\xbb\x84\xe5\xb1\xb1\xe9\xbd\x90\xe5\x90\x8d\xef\xbc\x8c\xe5\x8f\xaa\xe6\x98\xaf\xe5\x9b\xa0\xe4\xb8\xba\xe4\xb8\xa4\xe4\xb8\xaa\xe4\xba\xba\xe3\x80\x81\xe4\xb8\xa4\xe5\x8f\xa5\xe8\xaf\x9d\xef\xbc\x8c\xe8\xae\xa9\xe6\x89\x80\xe6\x9c\x89\xe4\xba\xba\xe9\x83\xbd\xe5\xbf\x98\xe4\xba\x86\xe5\xae\x83',
 'TitleUrl': u'http://www.toutiao.com/group/6352760630165307649/'}
2016-11-15 00:51:34 [scrapy] DEBUG: Scraped from <200 http://www.toutiao.com/api/article/feed/?category=news_travel&utm_source=toutiao&widen=0&max_behot_time=0&max_behot_time_tmp=1479150034&as=A16538313A8D839&cp=581A7DF853099E1>
{'Title': '\xe5\x85\xa8\xe5\x9b\xbd\xe6\x9c\x80\xe6\x9c\x89\xe7\x89\xb9\xe8\x89\xb2\xe7\x9a\x84\xe5\x8d\x81\xe5\xa4\xa7\xe8\x91\x97\xe5\x90\x8d\xe6\x97\x85\xe6\xb8\xb8\xe6\x99\xaf\xe7\x82\xb9',
 'TitleUrl': u'http://www.toutiao.com/group/6352704026294993154/'}
2016-11-15 00:51:34 [scrapy] DEBUG: Scraped from <200 http://www.toutiao.com/api/article/feed/?category=news_travel&utm_source=toutiao&widen=0&max_behot_time=0&max_behot_time_tmp=1479150034&as=A16538313A8D839&cp=581A7DF853099E1>
{'Title': '\xe4\xb8\xad\xe5\x9b\xbd\xe5\x8f\xaf\xe4\xbb\xa5\xe4\xb8\x80\xe5\xa6\xbb\xe5\xa4\x9a\xe5\xa4\xab\xe7\x9a\x84\xe5\x9c\xb0\xe6\x96\xb9',
 'TitleUrl': u'http://www.toutiao.com/group/6351682874341474562/'}
2016-11-15 00:51:34 [scrapy] DEBUG: Scraped from <200 http://www.toutiao.com/api/article/feed/?category=news_travel&utm_source=toutiao&widen=0&max_behot_time=0&max_behot_time_tmp=1479150034&as=A16538313A8D839&cp=581A7DF853099E1>
{'Title': '\xe6\x96\xb0\xe5\x8a\xa0\xe5\x9d\xa1\xe8\xb1\xaa\xe5\xae\x85\xe7\x9a\x84\xe6\x97\xa0\xe8\xbe\xb9\xe9\x99\x85\xe6\xb3\xb3\xe6\xb1\xa0\xe7\x8e\xbb\xe7\x92\x83\xe7\x88\x86\xe8\xa3\x82\xef\xbc\x8c\xe8\xbf\x99\xe6\xa0\xb7\xe7\x9a\x84\xe7\x80\x91\xe5\xb8\x83\xe6\x99\xaf\xe8\xa7\x82\xe6\x88\x91\xe8\xaf\xa5\xe6\xac\xa3\xe8\xb5\x8f\xe5\x90\x97',
 'TitleUrl': u'http://www.toutiao.com/group/6352642059421942018/'}
2016-11-15 00:51:34 [scrapy] DEBUG: Scraped from <200 http://www.toutiao.com/api/article/feed/?category=news_travel&utm_source=toutiao&widen=0&max_behot_time=0&max_behot_time_tmp=1479150034&as=A16538313A8D839&cp=581A7DF853099E1>
{'Title': '\xe6\x96\xb0\xe5\x8a\xa0\xe5\x9d\xa1\xe8\xb1\xaa\xe5\xae\x85\xe7\x9a\x84\xe6\x97\xa0\xe8\xbe\xb9\xe9\x99\x85\xe6\xb3\xb3\xe6\xb1\xa0\xe7\x8e\xbb\xe7\x92\x83\xe7\x88\x86\xe8\xa3\x82\xef\xbc\x8c\xe8\xbf\x99\xe6\xa0\xb7\xe7\x9a\x84\xe7\x80\x91\xe5\xb8\x83\xe6\x99\xaf\xe8\xa7\x82\xe6\x88\x91\xe8\xaf\xa5\xe6\xac\xa3\xe8\xb5\x8f\xe5\x90\x97',
 'TitleUrl': u'http://www.toutiao.com/group/6352963809900101889/?_as_1479171092'}
2016-11-15 00:51:34 [toutiao] INFO: now entring download midware
2016-11-15 00:51:34 [toutiao] INFO: User-Agent is: Xaldon_WebSpider/2.0.b1 <GET http://www.toutiao.com/api/article/feed/?category=news_travel&utm_source=toutiao&widen=0&max_behot_time=0&max_behot_time_tmp=1479168753&as=A16538313A8D839&cp=581A7DF853099E1>
2016-11-15 00:51:34 [scrapy] DEBUG: Crawled (200) <GET http://www.toutiao.com/api/article/feed/?category=news_travel&utm_source=toutiao&widen=0&max_behot_time=0&max_behot_time_tmp=1479168753&as=A16538313A8D839&cp=581A7DF853099E1> (referer: http://www.toutiao.com/api/article/feed/?category=news_travel&utm_source=toutiao&widen=0&max_behot_time=0&max_behot_time_tmp=1479150034&as=A16538313A8D839&cp=581A7DF853099E1)
2016-11-15 00:51:34 [toutiao] DEBUG: Fetch toutiao homepage page: http://www.toutiao.com/api/article/feed/?category=news_travel&utm_source=toutiao&widen=0&max_behot_time=0&max_behot_time_tmp=1479168753&as=A16538313A8D839&cp=581A7DF853099E1
2016-11-15 00:51:34 [scrapy] DEBUG: Scraped from <200 http://www.toutiao.com/api/article/feed/?category=news_travel&utm_source=toutiao&widen=0&max_behot_time=0&max_behot_time_tmp=1479168753&as=A16538313A8D839&cp=581A7DF853099E1>
{'Title': '\xe6\x94\xbe\xe9\xa3\x9e\xe5\xbf\x83\xe6\x83\x85\xef\xbc\x8c\xe4\xb8\x80\xe5\xae\xb6\xe5\x9b\x9b\xe5\x8f\xa3\xe4\xb8\x89\xe4\xba\x9a\xe6\xb8\xb8\xe8\xae\xb0',
 'TitleUrl': u'http://www.toutiao.com/group/6352629036603621633/'}
2016-11-15 00:51:34 [scrapy] DEBUG: Scraped from <200 http://www.toutiao.com/api/article/feed/?category=news_travel&utm_source=toutiao&widen=0&max_behot_time=0&max_behot_time_tmp=1479168753&as=A16538313A8D839&cp=581A7DF853099E1>
{'Title': '\xe8\xb7\x91\xe4\xb8\x80\xe6\xac\xa1\xef\xbc\x8c\xe5\xb0\x91\xe6\xb4\xbb\xe5\x8d\x81\xe5\xb9\xb4\xef\xbc\x81\xe5\xb7\x9d\xe8\x97\x8f\xe7\xba\xbf\xe4\xb8\x8a\xe7\x9a\x84\xe8\x80\x81\xe5\x8f\xb8\xe6\x9c\xba\xe4\xb8\xba\xe4\xbd\x95\xe8\xbf\x99\xe4\xb9\x88\xe8\xaf\xb4\xef\xbc\x9f',
 'TitleUrl': u'http://www.toutiao.com/group/6350729250043904257/'}
2016-11-15 00:51:34 [scrapy] DEBUG: Scraped from <200 http://www.toutiao.com/api/article/feed/?category=news_travel&utm_source=toutiao&widen=0&max_behot_time=0&max_behot_time_tmp=1479168753&as=A16538313A8D839&cp=581A7DF853099E1>
{'Title': '\xe4\xb8\xad\xe5\x9b\xbd\xe7\x9b\x9b\xe4\xba\xa7\xe7\xbe\x8e\xe5\xa5\xb3\xe7\x9a\x84\xe5\x8d\x81\xe5\xa4\xa7\xe5\x9f\x8e\xe5\xb8\x82',
 'TitleUrl': u'http://www.toutiao.com/group/6352597422812954881/'}
2016-11-15 00:51:34 [scrapy] DEBUG: Scraped from <200 http://www.toutiao.com/api/article/feed/?category=news_travel&utm_source=toutiao&widen=0&max_behot_time=0&max_behot_time_tmp=1479168753&as=A16538313A8D839&cp=581A7DF853099E1>
{'Title': '\xe5\x96\x9c\xe6\xac\xa2\xe5\x8e\xbb\xe9\xa6\x99\xe6\xb8\xaf\xe7\x8e\xa9\xe7\x9a\x84\xe6\x9c\x8b\xe5\x8f\x8b\xe6\x9c\x80\xe6\x83\xb3\xe7\x9c\x8b\xe5\x88\xb0\xe7\x9a\x84\xef\xbc\x81\xe8\xbf\x99\xe4\xba\x94\xe4\xb8\xaa\xe5\x9c\xb0\xe6\x96\xb9\xe4\xb8\x8d\xe5\x8e\xbb\xe7\x9c\x9f\xe7\x9a\x84\xe5\xa4\xaa\xe9\x81\x97\xe6\x86\xbe\xe4\xba\x86',
 'TitleUrl': u'http://www.toutiao.com/group/6352691593200025858/'}
2016-11-15 00:51:34 [scrapy] DEBUG: Scraped from <200 http://www.toutiao.com/api/article/feed/?category=news_travel&utm_source=toutiao&widen=0&max_behot_time=0&max_behot_time_tmp=1479168753&as=A16538313A8D839&cp=581A7DF853099E1>
{'Title': '\xe4\xb8\x80\xe4\xb8\xaa\xe5\x87\xa0\xe5\x8d\x81\xe5\xb9\xb4\xe7\x9a\x84\xe6\xb7\xb1\xe4\xba\x95\xef\xbc\x8c\xe7\xbb\x8f\xe5\xb8\xb8\xe6\x8c\x82\xe5\xba\x95\xef\xbc\x8c\xe9\x9a\xbe\xe9\x81\x93\xe4\xb8\x8b\xe8\xbe\xb9\xe6\x9c\x89\xe5\xae\x9d\xe8\xb4\x9d\xe6\x96\x87\xe7\x89\xa9',
 'TitleUrl': u'http://www.toutiao.com/group/6352613742005797121/'}
2016-11-15 00:51:34 [scrapy] DEBUG: Scraped from <200 http://www.toutiao.com/api/article/feed/?category=news_travel&utm_source=toutiao&widen=0&max_behot_time=0&max_behot_time_tmp=1479168753&as=A16538313A8D839&cp=581A7DF853099E1>
{'Title': '\xe4\xb8\xba\xe4\xbb\x80\xe4\xb9\x88\xe6\x97\xa5\xe6\x9c\xac\xe4\xba\xba\xe5\x96\x9c\xe6\xac\xa2\xe8\xbf\x9b\xe9\x97\xa8\xe5\xb0\xb1\xe8\x84\xb1\xe9\x9e\x8b\xef\xbc\x9f',
 'TitleUrl': u'http://www.toutiao.com/group/6350949895351828737/'}
2016-11-15 00:51:34 [scrapy] DEBUG: Scraped from <200 http://www.toutiao.com/api/article/feed/?category=news_travel&utm_source=toutiao&widen=0&max_behot_time=0&max_behot_time_tmp=1479168753&as=A16538313A8D839&cp=581A7DF853099E1>
{'Title': '\xe4\xb9\xa1\xe4\xb8\x8b\xe9\x9b\x86\xe5\xb8\x82\xe5\x8f\xab\xe5\x8d\x96\xe7\x9a\x84\xe5\x90\x84\xe7\xa7\x8d\xe9\x87\x8e\xe5\x91\xb3\xe4\xb8\xad\xef\xbc\x8c\xe6\x9c\x80\xe5\x90\x8e\xe4\xb8\x80\xe7\xa7\x8d\xe4\xb8\x8d\xe7\x9f\xa5\xe4\xbd\x95\xe7\x89\xa9\xe5\x8f\xab\xe5\x8d\x96600\xe5\x85\x83\xe4\xb8\x80\xe5\x8f\xaa\xef\xbc\x81',
 'TitleUrl': u'http://www.toutiao.com/group/6352691369987277058/'}
2016-11-15 00:51:34 [scrapy] DEBUG: Scraped from <200 http://www.toutiao.com/api/article/feed/?category=news_travel&utm_source=toutiao&widen=0&max_behot_time=0&max_behot_time_tmp=1479168753&as=A16538313A8D839&cp=581A7DF853099E1>
{'Title': '\xe5\x9b\x9b\xe5\xb7\x9d\xe6\x9c\x80\xe5\xaf\x8c\xe6\x9c\x89\xe7\x9a\x848\xe4\xb8\xaa\xe5\x8c\xba',
 'TitleUrl': u'http://www.toutiao.com/group/6352736499326501122/'}
2016-11-15 00:51:34 [scrapy] DEBUG: Scraped from <200 http://www.toutiao.com/api/article/feed/?category=news_travel&utm_source=toutiao&widen=0&max_behot_time=0&max_behot_time_tmp=1479168753&as=A16538313A8D839&cp=581A7DF853099E1>
{'Title': '\xe5\xb1\xb1\xe4\xb8\x9c\xe7\x9c\x81\xe9\x9d\xa2\xe7\xa7\xaf\xe6\x9c\x80\xe5\xb0\x8f\xe7\x9a\x84\xe5\x9c\xb0\xe7\xba\xa7\xe5\x9f\x8e\xe5\xb8\x82',
 'TitleUrl': u'http://www.toutiao.com/group/6352703734107095298/'}
2016-11-15 00:51:34 [scrapy] DEBUG: Scraped from <200 http://www.toutiao.com/api/article/feed/?category=news_travel&utm_source=toutiao&widen=0&max_behot_time=0&max_behot_time_tmp=1479168753&as=A16538313A8D839&cp=581A7DF853099E1>
{'Title': '\xe7\x9c\x8b\xe5\x88\xb0\xe6\xb3\xb0\xe5\x9b\xbd\xe4\xba\xba\xe8\xbf\x99\xe6\xa0\xb7\xe5\x8d\x96\xe6\xb0\xb4\xe6\x9e\x9c\xef\xbc\x8c\xe5\x9c\xa8\xe4\xb8\xad\xe5\x9b\xbd\xe6\xa0\xb9\xe6\x9c\xac\xe4\xb8\x8d\xe5\x8f\xaf\xe8\x83\xbd\xe7\x9c\x8b\xe5\xbe\x97\xe5\x88\xb0',
 'TitleUrl': u'http://www.toutiao.com/group/6351720272463003905/'}
2016-11-15 00:51:34 [scrapy] DEBUG: Scraped from <200 http://www.toutiao.com/api/article/feed/?category=news_travel&utm_source=toutiao&widen=0&max_behot_time=0&max_behot_time_tmp=1479168753&as=A16538313A8D839&cp=581A7DF853099E1>
{'Title': '\xe7\xab\x99\xe5\x9c\xa8\xe9\x87\x8d\xe5\xba\x86\xe7\x9a\x84\xe8\xa1\x97\xe5\xa4\xb4\xe6\x8b\x8d\xe7\x85\xa7\xef\xbc\x8c\xe5\xb7\xb2\xe6\x98\xaf\xe5\x8d\x81\xe4\xb8\x80\xe6\x9c\x88\xe4\xbb\xbd\xe5\x8d\xb4\xe6\x84\x9f\xe5\x8f\x97\xe4\xb8\x8d\xe5\x88\xb0\xe5\xaf\x92\xe6\x84\x8f',
 'TitleUrl': u'http://www.toutiao.com/group/6352650710035857666/'}
2016-11-15 00:51:34 [scrapy] DEBUG: Scraped from <200 http://www.toutiao.com/api/article/feed/?category=news_travel&utm_source=toutiao&widen=0&max_behot_time=0&max_behot_time_tmp=1479168753&as=A16538313A8D839&cp=581A7DF853099E1>
{'Title': '\xe7\x81\xab\xe8\xbd\xa6\xe4\xb8\x8a\xe4\xb8\xba\xe4\xbb\x80\xe4\xb9\x88\xe4\xb8\x8d\xe4\xb8\xba\xe4\xb9\x98\xe5\xae\xa2\xe6\x8f\x90\xe4\xbe\x9b\xe6\x8f\x92\xe5\xa4\xb4\xe5\x85\x85\xe7\x94\xb5\xe5\x91\xa2\xef\xbc\x9f',
 'TitleUrl': u'http://www.toutiao.com/group/6351697742426800385/'}
2016-11-15 00:51:34 [scrapy] DEBUG: Scraped from <200 http://www.toutiao.com/api/article/feed/?category=news_travel&utm_source=toutiao&widen=0&max_behot_time=0&max_behot_time_tmp=1479168753&as=A16538313A8D839&cp=581A7DF853099E1>
{'Title': '\xe9\x84\x82\xe5\xb0\x94\xe5\xa4\x9a\xe6\x96\xaf\xe7\x9a\x84\xe7\xbe\x8e\xe4\xb8\xbd\xe2\x80\x94\xe2\x80\x94\xe4\xbc\x8a\xe9\x87\x91\xe9\x9c\x8d\xe6\xb4\x9b\xe5\x9b\xbd\xe9\x99\x85\xe6\x9c\xba\xe5\x9c\xba',
 'TitleUrl': u'http://www.toutiao.com/group/6352404260390551809/'}
2016-11-15 00:51:34 [scrapy] DEBUG: Scraped from <200 http://www.toutiao.com/api/article/feed/?category=news_travel&utm_source=toutiao&widen=0&max_behot_time=0&max_behot_time_tmp=1479168753&as=A16538313A8D839&cp=581A7DF853099E1>
{'Title': '\xe5\xbd\xad\xe5\xb7\x9e\xe4\xba\xba\xe9\x83\xbd\xe4\xb8\x8d\xe7\x9f\xa5\xe9\x81\x93\xef\xbc\x8c\xe8\xbf\x99\xe9\x87\x8c\xe6\x9c\x89\xe4\xb8\xaa\xe5\xa4\x9a\xe5\xbd\xa9\xe5\xb0\x8f\xe9\x95\x87\xef\xbc\x81',
 'TitleUrl': u'http://www.toutiao.com/group/6350855063251435778/'}
2016-11-15 00:51:34 [scrapy] DEBUG: Scraped from <200 http://www.toutiao.com/api/article/feed/?category=news_travel&utm_source=toutiao&widen=0&max_behot_time=0&max_behot_time_tmp=1479168753&as=A16538313A8D839&cp=581A7DF853099E1>
{'Title': '\xe6\x9e\x97\xe5\xbd\xaa\xe7\x94\x9f\xe5\x89\x8d\xe6\x95\x85\xe5\xb1\x85\xef\xbc\x8c\xe7\x8e\xb0\xe5\xad\x98\xe4\xbf\x9d\xe7\x95\x99\xe9\x81\x97\xe7\x89\xa9\xe5\xae\x8c\xe5\xa5\xbd\xef\xbc\x8c\xe6\x91\x86\xe6\x94\xbe\xe6\x95\xb4\xe9\xbd\x90',
 'TitleUrl': u'http://www.toutiao.com/group/6352036206016758018/'}
2016-11-15 00:51:34 [scrapy] DEBUG: Scraped from <200 http://www.toutiao.com/api/article/feed/?category=news_travel&utm_source=toutiao&widen=0&max_behot_time=0&max_behot_time_tmp=1479168753&as=A16538313A8D839&cp=581A7DF853099E1>
{'Title': '\xe6\x9e\x97\xe5\xbd\xaa\xe7\x94\x9f\xe5\x89\x8d\xe6\x95\x85\xe5\xb1\x85\xef\xbc\x8c\xe7\x8e\xb0\xe5\xad\x98\xe4\xbf\x9d\xe7\x95\x99\xe9\x81\x97\xe7\x89\xa9\xe5\xae\x8c\xe5\xa5\xbd\xef\xbc\x8c\xe6\x91\x86\xe6\x94\xbe\xe6\x95\xb4\xe9\xbd\x90',
 'TitleUrl': u'http://www.toutiao.com/group/6352963663578333441/?_as_1479171093'}
2016-11-15 00:51:34 [toutiao] INFO: now entring download midware
2016-11-15 00:51:34 [toutiao] INFO: User-Agent is: Nusearch Spider (www.nusearch.com) <GET http://www.toutiao.com/api/article/feed/?category=news_travel&utm_source=toutiao&widen=0&max_behot_time=0&max_behot_time_tmp=1479170833&as=A16538313A8D839&cp=581A7DF853099E1>
2016-11-15 00:51:35 [scrapy] DEBUG: Crawled (200) <GET http://www.toutiao.com/api/article/feed/?category=news_travel&utm_source=toutiao&widen=0&max_behot_time=0&max_behot_time_tmp=1479170833&as=A16538313A8D839&cp=581A7DF853099E1> (referer: http://www.toutiao.com/api/article/feed/?category=news_travel&utm_source=toutiao&widen=0&max_behot_time=0&max_behot_time_tmp=1479168753&as=A16538313A8D839&cp=581A7DF853099E1)
2016-11-15 00:51:35 [toutiao] DEBUG: Fetch toutiao homepage page: http://www.toutiao.com/api/article/feed/?category=news_travel&utm_source=toutiao&widen=0&max_behot_time=0&max_behot_time_tmp=1479170833&as=A16538313A8D839&cp=581A7DF853099E1
2016-11-15 00:51:35 [scrapy] DEBUG: Scraped from <200 http://www.toutiao.com/api/article/feed/?category=news_travel&utm_source=toutiao&widen=0&max_behot_time=0&max_behot_time_tmp=1479170833&as=A16538313A8D839&cp=581A7DF853099E1>
{'Title': '\xe5\xa4\xa7\xe7\x90\x86\xe7\xa5\xa5\xe4\xba\x91  |  \xe9\xa3\x9e\xe7\xbf\x94\xe7\x9a\x84\xe4\xb8\x8d\xe5\x8f\xaa\xe6\x98\xaf\xe9\xb8\xbd\xe5\xad\x90\xef\xbc\x8c\xe8\xbf\x98\xe6\x9c\x89\xe5\xb8\x8c\xe6\x9c\x9b\xe5\x92\x8c\xe6\xa2\xa6\xe6\x83\xb3',
 'TitleUrl': u'http://www.toutiao.com/group/6352763053444088065/'}
2016-11-15 00:51:35 [scrapy] DEBUG: Scraped from <200 http://www.toutiao.com/api/article/feed/?category=news_travel&utm_source=toutiao&widen=0&max_behot_time=0&max_behot_time_tmp=1479170833&as=A16538313A8D839&cp=581A7DF853099E1>
{'Title': '\xe8\xa5\xbf\xe8\xa5\xbf\xe9\x87\x8c\xe7\x9a\x84\xe7\xbe\x8e\xe4\xb8\xbd\xe4\xbc\xa0\xe8\xaf\xb4\xe2\x80\x94\xe2\x80\x94\xe8\xa5\xbf\xe8\xa5\xbf\xe9\x87\x8c\xe5\xb2\x9b',
 'TitleUrl': u'http://www.toutiao.com/group/6352727392511901954/'}
2016-11-15 00:51:35 [scrapy] DEBUG: Scraped from <200 http://www.toutiao.com/api/article/feed/?category=news_travel&utm_source=toutiao&widen=0&max_behot_time=0&max_behot_time_tmp=1479170833&as=A16538313A8D839&cp=581A7DF853099E1>
{'Title': '\xe8\x87\xaa\xe9\xa9\xbe\xe6\xb8\xb8\xe6\x99\xae\xe9\x99\x80\xe5\xb1\xb1\xe5\x8e\xbb\xe6\x8b\x9c\xe4\xbd\x9b\xe4\xb8\x8a\xe9\xa6\x99\xe9\x9c\x80\xe8\xa6\x81\xe5\x93\xaa\xe4\xba\x9b\xe6\xad\xa5\xe9\xaa\xa4\xef\xbc\x81',
 'TitleUrl': u'http://www.toutiao.com/group/6352721782226862337/'}
2016-11-15 00:51:35 [scrapy] DEBUG: Scraped from <200 http://www.toutiao.com/api/article/feed/?category=news_travel&utm_source=toutiao&widen=0&max_behot_time=0&max_behot_time_tmp=1479170833&as=A16538313A8D839&cp=581A7DF853099E1>
{'Title': '\xe6\x88\x91\xe4\xbb\xac\xe5\x9c\xa8\xe5\xbc\xa0\xe5\xae\xb6\xe5\x8f\xa3\xe8\x8d\x89\xe5\x8e\x9f\xef\xbc\x8c\xe4\xb8\x80\xe8\xb7\xaf\xe7\x96\xaf\xe7\x8b\x82\xe7\x9a\x84\xe5\x91\x90\xe5\x96\x8a\xe7\x9d\x80\xef\xbc\x8c\xe5\xa5\x94\xe8\xb7\x91\xe7\x9d\x80.....',
 'TitleUrl': u'http://www.toutiao.com/group/6352750877845094657/'}
2016-11-15 00:51:35 [scrapy] DEBUG: Scraped from <200 http://www.toutiao.com/api/article/feed/?category=news_travel&utm_source=toutiao&widen=0&max_behot_time=0&max_behot_time_tmp=1479170833&as=A16538313A8D839&cp=581A7DF853099E1>
{'Title': '\xe8\xbf\x99\xe4\xbd\x8d\xe9\x9d\x92\xe6\xb5\xb7\xe5\xa7\x91\xe5\xa8\x98\xe7\x9a\x84\xe5\xbe\x81\xe5\xa9\x9a\xe5\x90\xaf\xe4\xba\x8b\xe7\x81\xab\xe4\xba\x86',
 'TitleUrl': u'http://www.toutiao.com/group/6352706782657659138/'}
2016-11-15 00:51:35 [scrapy] DEBUG: Scraped from <200 http://www.toutiao.com/api/article/feed/?category=news_travel&utm_source=toutiao&widen=0&max_behot_time=0&max_behot_time_tmp=1479170833&as=A16538313A8D839&cp=581A7DF853099E1>
{'Title': '\xe9\xa3\x8e\xe6\x9a\xb4\xe8\xbf\x87\xe5\x90\x8e\xe6\xb5\xb7\xe4\xb8\x8a\xe5\x8d\xb7\xe6\x9d\xa5\xe5\xa4\xa7\xe9\x87\x8f\xe6\xad\xa4\xe7\x89\xa9\xef\xbc\x8c\xe5\xbd\x93\xe5\x9c\xb0\xe7\x9a\x84\xe5\xb1\x85\xe6\xb0\x91\xe4\xb9\x90\xe5\x9d\x8f\xe4\xba\x86\xef\xbc\x81',
 'TitleUrl': u'http://www.toutiao.com/group/6351933948536865025/'}
2016-11-15 00:51:35 [scrapy] DEBUG: Scraped from <200 http://www.toutiao.com/api/article/feed/?category=news_travel&utm_source=toutiao&widen=0&max_behot_time=0&max_behot_time_tmp=1479170833&as=A16538313A8D839&cp=581A7DF853099E1>
{'Title': '\xe9\x9d\x92\xe6\xb5\xb7\xe6\xb9\x96\xe5\xa4\xae\xe6\xb5\xb7\xe5\xbf\x83\xe5\xb1\xb1\xef\xbc\x8c\xe4\xb8\x8e\xe4\xb8\x96\xe9\x9a\x94\xe7\xbb\x9d\xe7\x9a\x84\xe4\xbf\xae\xe8\xa1\x8c\xe5\xb0\xbc\xe5\xa7\x91\xef\xbc\x8c\xe5\x8f\xaa\xe5\x9c\xa8\xe5\x86\xac\xe5\xa4\xa9\xe5\xbe\x92\xe6\xad\xa5\xe7\xa9\xbf\xe8\xb6\x8a\xe5\x86\xb0\xe9\x9d\xa2\xe8\x80\x8c\xe5\x87\xba',
 'TitleUrl': u'http://www.toutiao.com/group/6352704913752260865/'}
2016-11-15 00:51:35 [scrapy] DEBUG: Scraped from <200 http://www.toutiao.com/api/article/feed/?category=news_travel&utm_source=toutiao&widen=0&max_behot_time=0&max_behot_time_tmp=1479170833&as=A16538313A8D839&cp=581A7DF853099E1>
{'Title': '\xe9\x87\x8d\xe7\xa3\x85\xef\xbc\x81\xe6\x9c\x88\xe5\xba\x95\xe5\x8f\x88\xe5\xb0\x86\xe5\xbc\x80\xe9\x80\x9a\xe4\xb8\x80\xe6\x9d\xa1\xe9\xab\x98\xe9\x93\x81\xef\xbc\x81',
 'TitleUrl': u'http://www.toutiao.com/group/6351222942440882690/'}
2016-11-15 00:51:35 [scrapy] DEBUG: Scraped from <200 http://www.toutiao.com/api/article/feed/?category=news_travel&utm_source=toutiao&widen=0&max_behot_time=0&max_behot_time_tmp=1479170833&as=A16538313A8D839&cp=581A7DF853099E1>
{'Title': '\xe6\x94\xbe\xe9\xa3\x9e\xe5\xbf\x83\xe6\x83\x85\xef\xbc\x8c\xe4\xb8\x80\xe5\xae\xb6\xe5\x9b\x9b\xe5\x8f\xa3\xe4\xb8\x89\xe4\xba\x9a\xe6\xb8\xb8\xe8\xae\xb0',
 'TitleUrl': u'http://www.toutiao.com/group/6352629036603621633/'}
2016-11-15 00:51:35 [scrapy] DEBUG: Scraped from <200 http://www.toutiao.com/api/article/feed/?category=news_travel&utm_source=toutiao&widen=0&max_behot_time=0&max_behot_time_tmp=1479170833&as=A16538313A8D839&cp=581A7DF853099E1>
{'Title': '\xe8\xb7\x91\xe4\xb8\x80\xe6\xac\xa1\xef\xbc\x8c\xe5\xb0\x91\xe6\xb4\xbb\xe5\x8d\x81\xe5\xb9\xb4\xef\xbc\x81\xe5\xb7\x9d\xe8\x97\x8f\xe7\xba\xbf\xe4\xb8\x8a\xe7\x9a\x84\xe8\x80\x81\xe5\x8f\xb8\xe6\x9c\xba\xe4\xb8\xba\xe4\xbd\x95\xe8\xbf\x99\xe4\xb9\x88\xe8\xaf\xb4\xef\xbc\x9f',
 'TitleUrl': u'http://www.toutiao.com/group/6350729250043904257/'}
2016-11-15 00:51:35 [scrapy] DEBUG: Scraped from <200 http://www.toutiao.com/api/article/feed/?category=news_travel&utm_source=toutiao&widen=0&max_behot_time=0&max_behot_time_tmp=1479170833&as=A16538313A8D839&cp=581A7DF853099E1>
{'Title': '\xe4\xb8\xad\xe5\x9b\xbd\xe7\x9b\x9b\xe4\xba\xa7\xe7\xbe\x8e\xe5\xa5\xb3\xe7\x9a\x84\xe5\x8d\x81\xe5\xa4\xa7\xe5\x9f\x8e\xe5\xb8\x82',
 'TitleUrl': u'http://www.toutiao.com/group/6352597422812954881/'}
2016-11-15 00:51:35 [scrapy] DEBUG: Scraped from <200 http://www.toutiao.com/api/article/feed/?category=news_travel&utm_source=toutiao&widen=0&max_behot_time=0&max_behot_time_tmp=1479170833&as=A16538313A8D839&cp=581A7DF853099E1>
{'Title': '\xe5\x96\x9c\xe6\xac\xa2\xe5\x8e\xbb\xe9\xa6\x99\xe6\xb8\xaf\xe7\x8e\xa9\xe7\x9a\x84\xe6\x9c\x8b\xe5\x8f\x8b\xe6\x9c\x80\xe6\x83\xb3\xe7\x9c\x8b\xe5\x88\xb0\xe7\x9a\x84\xef\xbc\x81\xe8\xbf\x99\xe4\xba\x94\xe4\xb8\xaa\xe5\x9c\xb0\xe6\x96\xb9\xe4\xb8\x8d\xe5\x8e\xbb\xe7\x9c\x9f\xe7\x9a\x84\xe5\xa4\xaa\xe9\x81\x97\xe6\x86\xbe\xe4\xba\x86',
 'TitleUrl': u'http://www.toutiao.com/group/6352691593200025858/'}
2016-11-15 00:51:35 [scrapy] DEBUG: Scraped from <200 http://www.toutiao.com/api/article/feed/?category=news_travel&utm_source=toutiao&widen=0&max_behot_time=0&max_behot_time_tmp=1479170833&as=A16538313A8D839&cp=581A7DF853099E1>
{'Title': '\xe4\xb8\x80\xe4\xb8\xaa\xe5\x87\xa0\xe5\x8d\x81\xe5\xb9\xb4\xe7\x9a\x84\xe6\xb7\xb1\xe4\xba\x95\xef\xbc\x8c\xe7\xbb\x8f\xe5\xb8\xb8\xe6\x8c\x82\xe5\xba\x95\xef\xbc\x8c\xe9\x9a\xbe\xe9\x81\x93\xe4\xb8\x8b\xe8\xbe\xb9\xe6\x9c\x89\xe5\xae\x9d\xe8\xb4\x9d\xe6\x96\x87\xe7\x89\xa9',
 'TitleUrl': u'http://www.toutiao.com/group/6352613742005797121/'}
2016-11-15 00:51:35 [scrapy] DEBUG: Scraped from <200 http://www.toutiao.com/api/article/feed/?category=news_travel&utm_source=toutiao&widen=0&max_behot_time=0&max_behot_time_tmp=1479170833&as=A16538313A8D839&cp=581A7DF853099E1>
{'Title': '\xe4\xb8\xba\xe4\xbb\x80\xe4\xb9\x88\xe6\x97\xa5\xe6\x9c\xac\xe4\xba\xba\xe5\x96\x9c\xe6\xac\xa2\xe8\xbf\x9b\xe9\x97\xa8\xe5\xb0\xb1\xe8\x84\xb1\xe9\x9e\x8b\xef\xbc\x9f',
 'TitleUrl': u'http://www.toutiao.com/group/6350949895351828737/'}
2016-11-15 00:51:35 [scrapy] DEBUG: Scraped from <200 http://www.toutiao.com/api/article/feed/?category=news_travel&utm_source=toutiao&widen=0&max_behot_time=0&max_behot_time_tmp=1479170833&as=A16538313A8D839&cp=581A7DF853099E1>
{'Title': '\xe4\xb9\xa1\xe4\xb8\x8b\xe9\x9b\x86\xe5\xb8\x82\xe5\x8f\xab\xe5\x8d\x96\xe7\x9a\x84\xe5\x90\x84\xe7\xa7\x8d\xe9\x87\x8e\xe5\x91\xb3\xe4\xb8\xad\xef\xbc\x8c\xe6\x9c\x80\xe5\x90\x8e\xe4\xb8\x80\xe7\xa7\x8d\xe4\xb8\x8d\xe7\x9f\xa5\xe4\xbd\x95\xe7\x89\xa9\xe5\x8f\xab\xe5\x8d\x96600\xe5\x85\x83\xe4\xb8\x80\xe5\x8f\xaa\xef\xbc\x81',
 'TitleUrl': u'http://www.toutiao.com/group/6352691369987277058/'}
2016-11-15 00:51:35 [scrapy] DEBUG: Scraped from <200 http://www.toutiao.com/api/article/feed/?category=news_travel&utm_source=toutiao&widen=0&max_behot_time=0&max_behot_time_tmp=1479170833&as=A16538313A8D839&cp=581A7DF853099E1>
{'Title': '\xe4\xb9\xa1\xe4\xb8\x8b\xe9\x9b\x86\xe5\xb8\x82\xe5\x8f\xab\xe5\x8d\x96\xe7\x9a\x84\xe5\x90\x84\xe7\xa7\x8d\xe9\x87\x8e\xe5\x91\xb3\xe4\xb8\xad\xef\xbc\x8c\xe6\x9c\x80\xe5\x90\x8e\xe4\xb8\x80\xe7\xa7\x8d\xe4\xb8\x8d\xe7\x9f\xa5\xe4\xbd\x95\xe7\x89\xa9\xe5\x8f\xab\xe5\x8d\x96600\xe5\x85\x83\xe4\xb8\x80\xe5\x8f\xaa\xef\xbc\x81',
 'TitleUrl': u'http://www.toutiao.com/group/6352963221490073857/?_as_1479171093'}
2016-11-15 00:51:35 [toutiao] INFO: now entring download midware
2016-11-15 00:51:35 [toutiao] INFO: User-Agent is: envolk[ITS]spider/1.6 (+http://www.envolk.com/envolkspider.html) <GET http://www.toutiao.com/api/article/feed/?category=news_travel&utm_source=toutiao&widen=0&max_behot_time=0&max_behot_time_tmp=1479171064&as=A16538313A8D839&cp=581A7DF853099E1>
2016-11-15 00:51:36 [scrapy] DEBUG: Crawled (200) <GET http://www.toutiao.com/api/article/feed/?category=news_travel&utm_source=toutiao&widen=0&max_behot_time=0&max_behot_time_tmp=1479171064&as=A16538313A8D839&cp=581A7DF853099E1> (referer: http://www.toutiao.com/api/article/feed/?category=news_travel&utm_source=toutiao&widen=0&max_behot_time=0&max_behot_time_tmp=1479170833&as=A16538313A8D839&cp=581A7DF853099E1)
2016-11-15 00:51:36 [toutiao] DEBUG: Fetch toutiao homepage page: http://www.toutiao.com/api/article/feed/?category=news_travel&utm_source=toutiao&widen=0&max_behot_time=0&max_behot_time_tmp=1479171064&as=A16538313A8D839&cp=581A7DF853099E1
2016-11-15 00:51:36 [scrapy] DEBUG: Scraped from <200 http://www.toutiao.com/api/article/feed/?category=news_travel&utm_source=toutiao&widen=0&max_behot_time=0&max_behot_time_tmp=1479171064&as=A16538313A8D839&cp=581A7DF853099E1>
{'Title': '\xe9\x99\x95\xe8\xa5\xbf\xe5\x8e\x86\xe5\x8f\xb2\xe4\xb8\x8a\xe6\x9c\x80\xe6\x9c\x89\xe5\x90\x8d\xe6\xb0\x94\xe7\x9a\x843\xe4\xb8\xaa\xe5\x9f\x8e\xe5\xb8\x82',
 'TitleUrl': u'http://www.toutiao.com/group/6350561988153884930/'}
2016-11-15 00:51:36 [scrapy] DEBUG: Scraped from <200 http://www.toutiao.com/api/article/feed/?category=news_travel&utm_source=toutiao&widen=0&max_behot_time=0&max_behot_time_tmp=1479171064&as=A16538313A8D839&cp=581A7DF853099E1>
{'Title': '\xe7\x9b\xb4\xe5\x87\xbb\xe5\x86\x9c\xe6\x9d\x91\xe9\x9b\x86\xe5\xb8\x82\xef\xbc\x8c\xe4\xba\xba\xe5\xb1\xb1\xe4\xba\xba\xe6\xb5\xb7\xef\xbc\x8c\xe4\xbb\x80\xe4\xb9\x88\xe9\x83\xbd\xe6\x9c\x89\xe5\x8d\x96',
 'TitleUrl': u'http://www.toutiao.com/group/6352721590925295873/'}
2016-11-15 00:51:36 [scrapy] DEBUG: Scraped from <200 http://www.toutiao.com/api/article/feed/?category=news_travel&utm_source=toutiao&widen=0&max_behot_time=0&max_behot_time_tmp=1479171064&as=A16538313A8D839&cp=581A7DF853099E1>
{'Title': '\xe4\xb8\x80\xe5\xaf\xb9\xe6\x83\x85\xe4\xbe\xa3\xe9\x87\x8e\xe5\xa4\x96\xe8\xbf\xb7\xe8\xb7\xaf\xef\xbc\x8c\xe8\xaf\xaf\xe5\x85\xa5\xe6\xb4\x9e\xe7\xa9\xb4\xef\xbc\x8c\xe8\xbf\x9b\xe5\x8e\xbb\xe4\xb9\x8b\xe5\x90\x8e\xe5\x8f\x91\xe7\x8e\xb0\xe9\x87\x8c\xe9\x9d\xa2\xe5\x88\xab\xe6\x9c\x89\xe6\xb4\x9e\xe5\xa4\xa9\xef\xbc\x81',
 'TitleUrl': u'http://www.toutiao.com/group/6352002066680152321/'}
2016-11-15 00:51:36 [scrapy] DEBUG: Scraped from <200 http://www.toutiao.com/api/article/feed/?category=news_travel&utm_source=toutiao&widen=0&max_behot_time=0&max_behot_time_tmp=1479171064&as=A16538313A8D839&cp=581A7DF853099E1>
{'Title': '\xe6\xb1\x9f\xe8\x8b\x8f\xe7\x9c\x81\xe7\xbb\xbc\xe5\x90\x88\xe5\xae\x9e\xe5\x8a\x9b\xe6\x9c\x80\xe5\xbc\xba6\xe4\xb8\xaa\xe5\x8e\xbf\xe5\xb8\x82',
 'TitleUrl': u'http://www.toutiao.com/group/6352678460326953217/'}
2016-11-15 00:51:36 [scrapy] DEBUG: Scraped from <200 http://www.toutiao.com/api/article/feed/?category=news_travel&utm_source=toutiao&widen=0&max_behot_time=0&max_behot_time_tmp=1479171064&as=A16538313A8D839&cp=581A7DF853099E1>
{'Title': '\xe5\x8f\xb6\xe5\xa4\xaa\xe7\xbe\x8e|7\xe4\xb8\x87\xe5\xa4\x9a\xe6\xb8\xb8\xe5\xae\xa2\xe6\x8c\xa4\xe7\x88\x86\xe5\x8d\x83\xe5\xb9\xb4\xe9\x93\xb6\xe6\x9d\x8f\xe8\xb0\xb7',
 'TitleUrl': u'http://www.toutiao.com/group/6352657391489777921/'}
2016-11-15 00:51:36 [scrapy] DEBUG: Scraped from <200 http://www.toutiao.com/api/article/feed/?category=news_travel&utm_source=toutiao&widen=0&max_behot_time=0&max_behot_time_tmp=1479171064&as=A16538313A8D839&cp=581A7DF853099E1>
{'Title': '\xe5\x92\x8c\xe6\x88\x91\xe5\xae\xb6\xe4\xba\xb2\xe7\x88\xb1\xe7\x9a\x84\xe4\xb8\x89\xe4\xba\x9a\xe4\xb9\x8b\xe6\x97\x85~in\xe5\x87\xaf\xe5\xae\xbe\xe6\x96\xaf\xe5\x9f\xba',
 'TitleUrl': u'http://www.toutiao.com/group/6350891611177632002/'}
2016-11-15 00:51:36 [scrapy] DEBUG: Scraped from <200 http://www.toutiao.com/api/article/feed/?category=news_travel&utm_source=toutiao&widen=0&max_behot_time=0&max_behot_time_tmp=1479171064&as=A16538313A8D839&cp=581A7DF853099E1>
{'Title': '\xe5\xae\x9e\xe6\x8b\x8d90\xe5\x90\x8e\xe9\x85\x92\xe5\xba\x97\xe8\xaf\x95\xe7\x9d\xa1\xe5\x91\x98\xef\xbc\x8c\xe6\x9c\x88\xe8\x96\xaa\xe8\xbf\x87\xe4\xb8\x87\xef\xbc\x8c\xe7\x9c\x8b\xe7\x9d\x80\xe8\x88\x92\xe6\x9c\x8d\xef\xbc\x8c\xe5\xae\x9e\xe5\x88\x99\xe5\xbf\x83\xe9\x85\xb8\xe4\xb8\x8d\xe6\x96\xad',
 'TitleUrl': u'http://www.toutiao.com/group/6350739273113633025/'}
2016-11-15 00:51:36 [scrapy] DEBUG: Scraped from <200 http://www.toutiao.com/api/article/feed/?category=news_travel&utm_source=toutiao&widen=0&max_behot_time=0&max_behot_time_tmp=1479171064&as=A16538313A8D839&cp=581A7DF853099E1>
{'Title': '\xe5\xbc\xa0\xe5\xae\xb6\xe7\x95\x8c\xe6\xad\xa6\xe9\x99\xb5\xe6\xba\x90\xe4\xb8\xa4\xe5\xa4\xa9\xe4\xb8\xa4\xe5\xa4\x9c\xef\xbc\x8d\xe8\xb6\x85\xe7\xba\xa7\xe5\xa4\x9a\xe5\x9b\xbe',
 'TitleUrl': u'http://www.toutiao.com/group/6350891687645233410/'}
2016-11-15 00:51:36 [scrapy] DEBUG: Scraped from <200 http://www.toutiao.com/api/article/feed/?category=news_travel&utm_source=toutiao&widen=0&max_behot_time=0&max_behot_time_tmp=1479171064&as=A16538313A8D839&cp=581A7DF853099E1>
{'Title': '\xe5\xa4\xa7\xe7\x90\x86\xe7\xa5\xa5\xe4\xba\x91  |  \xe9\xa3\x9e\xe7\xbf\x94\xe7\x9a\x84\xe4\xb8\x8d\xe5\x8f\xaa\xe6\x98\xaf\xe9\xb8\xbd\xe5\xad\x90\xef\xbc\x8c\xe8\xbf\x98\xe6\x9c\x89\xe5\xb8\x8c\xe6\x9c\x9b\xe5\x92\x8c\xe6\xa2\xa6\xe6\x83\xb3',
 'TitleUrl': u'http://www.toutiao.com/group/6352763053444088065/'}
2016-11-15 00:51:36 [scrapy] DEBUG: Scraped from <200 http://www.toutiao.com/api/article/feed/?category=news_travel&utm_source=toutiao&widen=0&max_behot_time=0&max_behot_time_tmp=1479171064&as=A16538313A8D839&cp=581A7DF853099E1>
{'Title': '\xe8\xa5\xbf\xe8\xa5\xbf\xe9\x87\x8c\xe7\x9a\x84\xe7\xbe\x8e\xe4\xb8\xbd\xe4\xbc\xa0\xe8\xaf\xb4\xe2\x80\x94\xe2\x80\x94\xe8\xa5\xbf\xe8\xa5\xbf\xe9\x87\x8c\xe5\xb2\x9b',
 'TitleUrl': u'http://www.toutiao.com/group/6352727392511901954/'}
2016-11-15 00:51:36 [scrapy] DEBUG: Scraped from <200 http://www.toutiao.com/api/article/feed/?category=news_travel&utm_source=toutiao&widen=0&max_behot_time=0&max_behot_time_tmp=1479171064&as=A16538313A8D839&cp=581A7DF853099E1>
{'Title': '\xe8\x87\xaa\xe9\xa9\xbe\xe6\xb8\xb8\xe6\x99\xae\xe9\x99\x80\xe5\xb1\xb1\xe5\x8e\xbb\xe6\x8b\x9c\xe4\xbd\x9b\xe4\xb8\x8a\xe9\xa6\x99\xe9\x9c\x80\xe8\xa6\x81\xe5\x93\xaa\xe4\xba\x9b\xe6\xad\xa5\xe9\xaa\xa4\xef\xbc\x81',
 'TitleUrl': u'http://www.toutiao.com/group/6352721782226862337/'}
2016-11-15 00:51:36 [scrapy] DEBUG: Scraped from <200 http://www.toutiao.com/api/article/feed/?category=news_travel&utm_source=toutiao&widen=0&max_behot_time=0&max_behot_time_tmp=1479171064&as=A16538313A8D839&cp=581A7DF853099E1>
{'Title': '\xe6\x88\x91\xe4\xbb\xac\xe5\x9c\xa8\xe5\xbc\xa0\xe5\xae\xb6\xe5\x8f\xa3\xe8\x8d\x89\xe5\x8e\x9f\xef\xbc\x8c\xe4\xb8\x80\xe8\xb7\xaf\xe7\x96\xaf\xe7\x8b\x82\xe7\x9a\x84\xe5\x91\x90\xe5\x96\x8a\xe7\x9d\x80\xef\xbc\x8c\xe5\xa5\x94\xe8\xb7\x91\xe7\x9d\x80.....',
 'TitleUrl': u'http://www.toutiao.com/group/6352750877845094657/'}
2016-11-15 00:51:36 [scrapy] DEBUG: Scraped from <200 http://www.toutiao.com/api/article/feed/?category=news_travel&utm_source=toutiao&widen=0&max_behot_time=0&max_behot_time_tmp=1479171064&as=A16538313A8D839&cp=581A7DF853099E1>
{'Title': '\xe8\xbf\x99\xe4\xbd\x8d\xe9\x9d\x92\xe6\xb5\xb7\xe5\xa7\x91\xe5\xa8\x98\xe7\x9a\x84\xe5\xbe\x81\xe5\xa9\x9a\xe5\x90\xaf\xe4\xba\x8b\xe7\x81\xab\xe4\xba\x86',
 'TitleUrl': u'http://www.toutiao.com/group/6352706782657659138/'}
2016-11-15 00:51:36 [scrapy] DEBUG: Scraped from <200 http://www.toutiao.com/api/article/feed/?category=news_travel&utm_source=toutiao&widen=0&max_behot_time=0&max_behot_time_tmp=1479171064&as=A16538313A8D839&cp=581A7DF853099E1>
{'Title': '\xe9\xa3\x8e\xe6\x9a\xb4\xe8\xbf\x87\xe5\x90\x8e\xe6\xb5\xb7\xe4\xb8\x8a\xe5\x8d\xb7\xe6\x9d\xa5\xe5\xa4\xa7\xe9\x87\x8f\xe6\xad\xa4\xe7\x89\xa9\xef\xbc\x8c\xe5\xbd\x93\xe5\x9c\xb0\xe7\x9a\x84\xe5\xb1\x85\xe6\xb0\x91\xe4\xb9\x90\xe5\x9d\x8f\xe4\xba\x86\xef\xbc\x81',
 'TitleUrl': u'http://www.toutiao.com/group/6351933948536865025/'}
2016-11-15 00:51:36 [scrapy] DEBUG: Scraped from <200 http://www.toutiao.com/api/article/feed/?category=news_travel&utm_source=toutiao&widen=0&max_behot_time=0&max_behot_time_tmp=1479171064&as=A16538313A8D839&cp=581A7DF853099E1>
{'Title': '\xe9\x9d\x92\xe6\xb5\xb7\xe6\xb9\x96\xe5\xa4\xae\xe6\xb5\xb7\xe5\xbf\x83\xe5\xb1\xb1\xef\xbc\x8c\xe4\xb8\x8e\xe4\xb8\x96\xe9\x9a\x94\xe7\xbb\x9d\xe7\x9a\x84\xe4\xbf\xae\xe8\xa1\x8c\xe5\xb0\xbc\xe5\xa7\x91\xef\xbc\x8c\xe5\x8f\xaa\xe5\x9c\xa8\xe5\x86\xac\xe5\xa4\xa9\xe5\xbe\x92\xe6\xad\xa5\xe7\xa9\xbf\xe8\xb6\x8a\xe5\x86\xb0\xe9\x9d\xa2\xe8\x80\x8c\xe5\x87\xba',
 'TitleUrl': u'http://www.toutiao.com/group/6352704913752260865/'}
2016-11-15 00:51:36 [scrapy] DEBUG: Scraped from <200 http://www.toutiao.com/api/article/feed/?category=news_travel&utm_source=toutiao&widen=0&max_behot_time=0&max_behot_time_tmp=1479171064&as=A16538313A8D839&cp=581A7DF853099E1>
{'Title': '\xe9\x9d\x92\xe6\xb5\xb7\xe6\xb9\x96\xe5\xa4\xae\xe6\xb5\xb7\xe5\xbf\x83\xe5\xb1\xb1\xef\xbc\x8c\xe4\xb8\x8e\xe4\xb8\x96\xe9\x9a\x94\xe7\xbb\x9d\xe7\x9a\x84\xe4\xbf\xae\xe8\xa1\x8c\xe5\xb0\xbc\xe5\xa7\x91\xef\xbc\x8c\xe5\x8f\xaa\xe5\x9c\xa8\xe5\x86\xac\xe5\xa4\xa9\xe5\xbe\x92\xe6\xad\xa5\xe7\xa9\xbf\xe8\xb6\x8a\xe5\x86\xb0\xe9\x9d\xa2\xe8\x80\x8c\xe5\x87\xba',
 'TitleUrl': u'http://www.toutiao.com/group/6352963521341702401/?_as_1479171094'}
2016-11-15 00:51:36 [toutiao] INFO: now entring download midware
2016-11-15 00:51:36 [toutiao] INFO: User-Agent is: Speedy Spider (Entireweb; Beta/1.2; http://www.entireweb.com/about/search_tech/speedyspider/) <GET http://www.toutiao.com/api/article/feed/?category=news_travel&utm_source=toutiao&widen=0&max_behot_time=0&max_behot_time_tmp=1479171093&as=A16538313A8D839&cp=581A7DF853099E1>
2016-11-15 00:51:36 [scrapy] DEBUG: Crawled (200) <GET http://www.toutiao.com/api/article/feed/?category=news_travel&utm_source=toutiao&widen=0&max_behot_time=0&max_behot_time_tmp=1479171093&as=A16538313A8D839&cp=581A7DF853099E1> (referer: http://www.toutiao.com/api/article/feed/?category=news_travel&utm_source=toutiao&widen=0&max_behot_time=0&max_behot_time_tmp=1479171064&as=A16538313A8D839&cp=581A7DF853099E1)
2016-11-15 00:51:36 [toutiao] DEBUG: Fetch toutiao homepage page: http://www.toutiao.com/api/article/feed/?category=news_travel&utm_source=toutiao&widen=0&max_behot_time=0&max_behot_time_tmp=1479171093&as=A16538313A8D839&cp=581A7DF853099E1
2016-11-15 00:51:36 [scrapy] DEBUG: Scraped from <200 http://www.toutiao.com/api/article/feed/?category=news_travel&utm_source=toutiao&widen=0&max_behot_time=0&max_behot_time_tmp=1479171093&as=A16538313A8D839&cp=581A7DF853099E1>
{'Title': '\xe5\xa4\xa7\xe7\x90\x86\xe7\xa5\xa5\xe4\xba\x91  |  \xe9\xa3\x9e\xe7\xbf\x94\xe7\x9a\x84\xe4\xb8\x8d\xe5\x8f\xaa\xe6\x98\xaf\xe9\xb8\xbd\xe5\xad\x90\xef\xbc\x8c\xe8\xbf\x98\xe6\x9c\x89\xe5\xb8\x8c\xe6\x9c\x9b\xe5\x92\x8c\xe6\xa2\xa6\xe6\x83\xb3',
 'TitleUrl': u'http://www.toutiao.com/group/6352763053444088065/'}
2016-11-15 00:51:36 [scrapy] DEBUG: Scraped from <200 http://www.toutiao.com/api/article/feed/?category=news_travel&utm_source=toutiao&widen=0&max_behot_time=0&max_behot_time_tmp=1479171093&as=A16538313A8D839&cp=581A7DF853099E1>
{'Title': '\xe8\xa5\xbf\xe8\xa5\xbf\xe9\x87\x8c\xe7\x9a\x84\xe7\xbe\x8e\xe4\xb8\xbd\xe4\xbc\xa0\xe8\xaf\xb4\xe2\x80\x94\xe2\x80\x94\xe8\xa5\xbf\xe8\xa5\xbf\xe9\x87\x8c\xe5\xb2\x9b',
 'TitleUrl': u'http://www.toutiao.com/group/6352727392511901954/'}
2016-11-15 00:51:36 [scrapy] DEBUG: Scraped from <200 http://www.toutiao.com/api/article/feed/?category=news_travel&utm_source=toutiao&widen=0&max_behot_time=0&max_behot_time_tmp=1479171093&as=A16538313A8D839&cp=581A7DF853099E1>
{'Title': '\xe8\x87\xaa\xe9\xa9\xbe\xe6\xb8\xb8\xe6\x99\xae\xe9\x99\x80\xe5\xb1\xb1\xe5\x8e\xbb\xe6\x8b\x9c\xe4\xbd\x9b\xe4\xb8\x8a\xe9\xa6\x99\xe9\x9c\x80\xe8\xa6\x81\xe5\x93\xaa\xe4\xba\x9b\xe6\xad\xa5\xe9\xaa\xa4\xef\xbc\x81',
 'TitleUrl': u'http://www.toutiao.com/group/6352721782226862337/'}
2016-11-15 00:51:36 [scrapy] DEBUG: Scraped from <200 http://www.toutiao.com/api/article/feed/?category=news_travel&utm_source=toutiao&widen=0&max_behot_time=0&max_behot_time_tmp=1479171093&as=A16538313A8D839&cp=581A7DF853099E1>
{'Title': '\xe6\x88\x91\xe4\xbb\xac\xe5\x9c\xa8\xe5\xbc\xa0\xe5\xae\xb6\xe5\x8f\xa3\xe8\x8d\x89\xe5\x8e\x9f\xef\xbc\x8c\xe4\xb8\x80\xe8\xb7\xaf\xe7\x96\xaf\xe7\x8b\x82\xe7\x9a\x84\xe5\x91\x90\xe5\x96\x8a\xe7\x9d\x80\xef\xbc\x8c\xe5\xa5\x94\xe8\xb7\x91\xe7\x9d\x80.....',
 'TitleUrl': u'http://www.toutiao.com/group/6352750877845094657/'}
2016-11-15 00:51:36 [scrapy] DEBUG: Scraped from <200 http://www.toutiao.com/api/article/feed/?category=news_travel&utm_source=toutiao&widen=0&max_behot_time=0&max_behot_time_tmp=1479171093&as=A16538313A8D839&cp=581A7DF853099E1>
{'Title': '\xe8\xbf\x99\xe4\xbd\x8d\xe9\x9d\x92\xe6\xb5\xb7\xe5\xa7\x91\xe5\xa8\x98\xe7\x9a\x84\xe5\xbe\x81\xe5\xa9\x9a\xe5\x90\xaf\xe4\xba\x8b\xe7\x81\xab\xe4\xba\x86',
 'TitleUrl': u'http://www.toutiao.com/group/6352706782657659138/'}
2016-11-15 00:51:36 [scrapy] DEBUG: Scraped from <200 http://www.toutiao.com/api/article/feed/?category=news_travel&utm_source=toutiao&widen=0&max_behot_time=0&max_behot_time_tmp=1479171093&as=A16538313A8D839&cp=581A7DF853099E1>
{'Title': '\xe9\xa3\x8e\xe6\x9a\xb4\xe8\xbf\x87\xe5\x90\x8e\xe6\xb5\xb7\xe4\xb8\x8a\xe5\x8d\xb7\xe6\x9d\xa5\xe5\xa4\xa7\xe9\x87\x8f\xe6\xad\xa4\xe7\x89\xa9\xef\xbc\x8c\xe5\xbd\x93\xe5\x9c\xb0\xe7\x9a\x84\xe5\xb1\x85\xe6\xb0\x91\xe4\xb9\x90\xe5\x9d\x8f\xe4\xba\x86\xef\xbc\x81',
 'TitleUrl': u'http://www.toutiao.com/group/6351933948536865025/'}
2016-11-15 00:51:36 [scrapy] DEBUG: Scraped from <200 http://www.toutiao.com/api/article/feed/?category=news_travel&utm_source=toutiao&widen=0&max_behot_time=0&max_behot_time_tmp=1479171093&as=A16538313A8D839&cp=581A7DF853099E1>
{'Title': '\xe9\x9d\x92\xe6\xb5\xb7\xe6\xb9\x96\xe5\xa4\xae\xe6\xb5\xb7\xe5\xbf\x83\xe5\xb1\xb1\xef\xbc\x8c\xe4\xb8\x8e\xe4\xb8\x96\xe9\x9a\x94\xe7\xbb\x9d\xe7\x9a\x84\xe4\xbf\xae\xe8\xa1\x8c\xe5\xb0\xbc\xe5\xa7\x91\xef\xbc\x8c\xe5\x8f\xaa\xe5\x9c\xa8\xe5\x86\xac\xe5\xa4\xa9\xe5\xbe\x92\xe6\xad\xa5\xe7\xa9\xbf\xe8\xb6\x8a\xe5\x86\xb0\xe9\x9d\xa2\xe8\x80\x8c\xe5\x87\xba',
 'TitleUrl': u'http://www.toutiao.com/group/6352704913752260865/'}
2016-11-15 00:51:36 [scrapy] DEBUG: Scraped from <200 http://www.toutiao.com/api/article/feed/?category=news_travel&utm_source=toutiao&widen=0&max_behot_time=0&max_behot_time_tmp=1479171093&as=A16538313A8D839&cp=581A7DF853099E1>
{'Title': '\xe9\x87\x8d\xe7\xa3\x85\xef\xbc\x81\xe6\x9c\x88\xe5\xba\x95\xe5\x8f\x88\xe5\xb0\x86\xe5\xbc\x80\xe9\x80\x9a\xe4\xb8\x80\xe6\x9d\xa1\xe9\xab\x98\xe9\x93\x81\xef\xbc\x81',
 'TitleUrl': u'http://www.toutiao.com/group/6351222942440882690/'}
2016-11-15 00:51:36 [scrapy] DEBUG: Scraped from <200 http://www.toutiao.com/api/article/feed/?category=news_travel&utm_source=toutiao&widen=0&max_behot_time=0&max_behot_time_tmp=1479171093&as=A16538313A8D839&cp=581A7DF853099E1>
{'Title': '\xe6\x94\xbe\xe9\xa3\x9e\xe5\xbf\x83\xe6\x83\x85\xef\xbc\x8c\xe4\xb8\x80\xe5\xae\xb6\xe5\x9b\x9b\xe5\x8f\xa3\xe4\xb8\x89\xe4\xba\x9a\xe6\xb8\xb8\xe8\xae\xb0',
 'TitleUrl': u'http://www.toutiao.com/group/6352629036603621633/'}
2016-11-15 00:51:36 [scrapy] DEBUG: Scraped from <200 http://www.toutiao.com/api/article/feed/?category=news_travel&utm_source=toutiao&widen=0&max_behot_time=0&max_behot_time_tmp=1479171093&as=A16538313A8D839&cp=581A7DF853099E1>
{'Title': '\xe8\xb7\x91\xe4\xb8\x80\xe6\xac\xa1\xef\xbc\x8c\xe5\xb0\x91\xe6\xb4\xbb\xe5\x8d\x81\xe5\xb9\xb4\xef\xbc\x81\xe5\xb7\x9d\xe8\x97\x8f\xe7\xba\xbf\xe4\xb8\x8a\xe7\x9a\x84\xe8\x80\x81\xe5\x8f\xb8\xe6\x9c\xba\xe4\xb8\xba\xe4\xbd\x95\xe8\xbf\x99\xe4\xb9\x88\xe8\xaf\xb4\xef\xbc\x9f',
 'TitleUrl': u'http://www.toutiao.com/group/6350729250043904257/'}
2016-11-15 00:51:36 [scrapy] DEBUG: Scraped from <200 http://www.toutiao.com/api/article/feed/?category=news_travel&utm_source=toutiao&widen=0&max_behot_time=0&max_behot_time_tmp=1479171093&as=A16538313A8D839&cp=581A7DF853099E1>
{'Title': '\xe4\xb8\xad\xe5\x9b\xbd\xe7\x9b\x9b\xe4\xba\xa7\xe7\xbe\x8e\xe5\xa5\xb3\xe7\x9a\x84\xe5\x8d\x81\xe5\xa4\xa7\xe5\x9f\x8e\xe5\xb8\x82',
 'TitleUrl': u'http://www.toutiao.com/group/6352597422812954881/'}
2016-11-15 00:51:36 [scrapy] DEBUG: Scraped from <200 http://www.toutiao.com/api/article/feed/?category=news_travel&utm_source=toutiao&widen=0&max_behot_time=0&max_behot_time_tmp=1479171093&as=A16538313A8D839&cp=581A7DF853099E1>
{'Title': '\xe5\x96\x9c\xe6\xac\xa2\xe5\x8e\xbb\xe9\xa6\x99\xe6\xb8\xaf\xe7\x8e\xa9\xe7\x9a\x84\xe6\x9c\x8b\xe5\x8f\x8b\xe6\x9c\x80\xe6\x83\xb3\xe7\x9c\x8b\xe5\x88\xb0\xe7\x9a\x84\xef\xbc\x81\xe8\xbf\x99\xe4\xba\x94\xe4\xb8\xaa\xe5\x9c\xb0\xe6\x96\xb9\xe4\xb8\x8d\xe5\x8e\xbb\xe7\x9c\x9f\xe7\x9a\x84\xe5\xa4\xaa\xe9\x81\x97\xe6\x86\xbe\xe4\xba\x86',
 'TitleUrl': u'http://www.toutiao.com/group/6352691593200025858/'}
2016-11-15 00:51:36 [scrapy] DEBUG: Scraped from <200 http://www.toutiao.com/api/article/feed/?category=news_travel&utm_source=toutiao&widen=0&max_behot_time=0&max_behot_time_tmp=1479171093&as=A16538313A8D839&cp=581A7DF853099E1>
{'Title': '\xe4\xb8\x80\xe4\xb8\xaa\xe5\x87\xa0\xe5\x8d\x81\xe5\xb9\xb4\xe7\x9a\x84\xe6\xb7\xb1\xe4\xba\x95\xef\xbc\x8c\xe7\xbb\x8f\xe5\xb8\xb8\xe6\x8c\x82\xe5\xba\x95\xef\xbc\x8c\xe9\x9a\xbe\xe9\x81\x93\xe4\xb8\x8b\xe8\xbe\xb9\xe6\x9c\x89\xe5\xae\x9d\xe8\xb4\x9d\xe6\x96\x87\xe7\x89\xa9',
 'TitleUrl': u'http://www.toutiao.com/group/6352613742005797121/'}
2016-11-15 00:51:36 [scrapy] DEBUG: Scraped from <200 http://www.toutiao.com/api/article/feed/?category=news_travel&utm_source=toutiao&widen=0&max_behot_time=0&max_behot_time_tmp=1479171093&as=A16538313A8D839&cp=581A7DF853099E1>
{'Title': '\xe4\xb8\xba\xe4\xbb\x80\xe4\xb9\x88\xe6\x97\xa5\xe6\x9c\xac\xe4\xba\xba\xe5\x96\x9c\xe6\xac\xa2\xe8\xbf\x9b\xe9\x97\xa8\xe5\xb0\xb1\xe8\x84\xb1\xe9\x9e\x8b\xef\xbc\x9f',
 'TitleUrl': u'http://www.toutiao.com/group/6350949895351828737/'}
2016-11-15 00:51:36 [scrapy] DEBUG: Scraped from <200 http://www.toutiao.com/api/article/feed/?category=news_travel&utm_source=toutiao&widen=0&max_behot_time=0&max_behot_time_tmp=1479171093&as=A16538313A8D839&cp=581A7DF853099E1>
{'Title': '\xe4\xb9\xa1\xe4\xb8\x8b\xe9\x9b\x86\xe5\xb8\x82\xe5\x8f\xab\xe5\x8d\x96\xe7\x9a\x84\xe5\x90\x84\xe7\xa7\x8d\xe9\x87\x8e\xe5\x91\xb3\xe4\xb8\xad\xef\xbc\x8c\xe6\x9c\x80\xe5\x90\x8e\xe4\xb8\x80\xe7\xa7\x8d\xe4\xb8\x8d\xe7\x9f\xa5\xe4\xbd\x95\xe7\x89\xa9\xe5\x8f\xab\xe5\x8d\x96600\xe5\x85\x83\xe4\xb8\x80\xe5\x8f\xaa\xef\xbc\x81',
 'TitleUrl': u'http://www.toutiao.com/group/6352691369987277058/'}
2016-11-15 00:51:36 [scrapy] DEBUG: Scraped from <200 http://www.toutiao.com/api/article/feed/?category=news_travel&utm_source=toutiao&widen=0&max_behot_time=0&max_behot_time_tmp=1479171093&as=A16538313A8D839&cp=581A7DF853099E1>
{'Title': '\xe4\xb9\xa1\xe4\xb8\x8b\xe9\x9b\x86\xe5\xb8\x82\xe5\x8f\xab\xe5\x8d\x96\xe7\x9a\x84\xe5\x90\x84\xe7\xa7\x8d\xe9\x87\x8e\xe5\x91\xb3\xe4\xb8\xad\xef\xbc\x8c\xe6\x9c\x80\xe5\x90\x8e\xe4\xb8\x80\xe7\xa7\x8d\xe4\xb8\x8d\xe7\x9f\xa5\xe4\xbd\x95\xe7\x89\xa9\xe5\x8f\xab\xe5\x8d\x96600\xe5\x85\x83\xe4\xb8\x80\xe5\x8f\xaa\xef\xbc\x81',
 'TitleUrl': u'http://www.toutiao.com/group/6352963851293819137/?_as_1479171095'}
2016-11-15 00:51:36 [scrapy] DEBUG: Filtered duplicate request: <GET http://www.toutiao.com/api/article/feed/?category=news_travel&utm_source=toutiao&widen=0&max_behot_time=0&max_behot_time_tmp=1479171064&as=A16538313A8D839&cp=581A7DF853099E1> - no more duplicates will be shown (see DUPEFILTER_DEBUG to show all duplicates)
2016-11-15 00:51:36 [scrapy] INFO: Closing spider (finished)
2016-11-15 00:51:36 [scrapy] INFO: Stored json feed (112 items) in: ../data/toutiao/news_travel.json
2016-11-15 00:51:36 [scrapy] INFO: Dumping Scrapy stats:
{'downloader/request_bytes': 4323,
 'downloader/request_count': 7,
 'downloader/request_method_count/GET': 7,
 'downloader/response_bytes': 37436,
 'downloader/response_count': 7,
 'downloader/response_status_count/200': 7,
 'dupefilter/filtered': 1,
 'finish_reason': 'finished',
 'finish_time': datetime.datetime(2016, 11, 15, 0, 51, 36, 643973),
 'item_scraped_count': 112,
 'log_count/DEBUG': 128,
 'log_count/INFO': 22,
 'request_depth_max': 7,
 'response_received_count': 7,
 'scheduler/dequeued': 7,
 'scheduler/dequeued/memory': 7,
 'scheduler/enqueued': 7,
 'scheduler/enqueued/memory': 7,
 'start_time': datetime.datetime(2016, 11, 15, 0, 51, 32, 12455)}
2016-11-15 00:51:36 [scrapy] INFO: Spider closed (finished)
2016-11-15 02:09:25 [scrapy] INFO: Scrapy 1.2.0 started (bot: SocialSpider)
2016-11-15 02:09:25 [scrapy] INFO: Overridden settings: {'NEWSPIDER_MODULE': 'SocialSpider.spiders', 'FEED_URI': '../data/toutiao/news_travel.json', 'SPIDER_MODULES': ['SocialSpider.spiders'], 'BOT_NAME': 'SocialSpider', 'FEED_FORMAT': 'json', 'LOG_FILE': '../log/toutiao/news_travel.log'}
2016-11-15 02:09:25 [scrapy] INFO: Enabled extensions:
['scrapy.extensions.feedexport.FeedExporter',
 'scrapy.extensions.logstats.LogStats',
 'scrapy.extensions.telnet.TelnetConsole',
 'scrapy.extensions.corestats.CoreStats']
2016-11-15 02:09:25 [scrapy] INFO: Enabled downloader middlewares:
['scrapy.downloadermiddlewares.httpauth.HttpAuthMiddleware',
 'scrapy.downloadermiddlewares.downloadtimeout.DownloadTimeoutMiddleware',
 'scrapy.downloadermiddlewares.defaultheaders.DefaultHeadersMiddleware',
 'scrapy.downloadermiddlewares.useragent.UserAgentMiddleware',
 'SocialSpider.midware.UaMidWare.ProcessUaMidware',
 'scrapy.downloadermiddlewares.retry.RetryMiddleware',
 'scrapy.downloadermiddlewares.redirect.MetaRefreshMiddleware',
 'scrapy.downloadermiddlewares.httpcompression.HttpCompressionMiddleware',
 'scrapy.downloadermiddlewares.redirect.RedirectMiddleware',
 'scrapy.downloadermiddlewares.cookies.CookiesMiddleware',
 'scrapy.downloadermiddlewares.chunked.ChunkedTransferMiddleware',
 'scrapy.downloadermiddlewares.stats.DownloaderStats']
2016-11-15 02:09:25 [scrapy] INFO: Enabled spider middlewares:
['scrapy.spidermiddlewares.httperror.HttpErrorMiddleware',
 'scrapy.spidermiddlewares.offsite.OffsiteMiddleware',
 'scrapy.spidermiddlewares.referer.RefererMiddleware',
 'scrapy.spidermiddlewares.urllength.UrlLengthMiddleware',
 'scrapy.spidermiddlewares.depth.DepthMiddleware']
2016-11-15 02:09:25 [scrapy] INFO: Enabled item pipelines:
[]
2016-11-15 02:09:25 [scrapy] INFO: Spider opened
2016-11-15 02:09:25 [scrapy] INFO: Crawled 0 pages (at 0 pages/min), scraped 0 items (at 0 items/min)
2016-11-15 02:09:25 [scrapy] DEBUG: Telnet console listening on 127.0.0.1:6023
2016-11-15 02:09:25 [toutiao] INFO: now entring download midware
2016-11-15 02:09:25 [toutiao] INFO: User-Agent is: Speedy Spider (Entireweb; Beta/1.0; http://www.entireweb.com/about/search_tech/speedyspider/) <GET http://www.toutiao.com/api/article/feed/?category=news_travel&utm_source=toutiao&widen=0&max_behot_time=0&max_behot_time_tmp=0&as=A135B8B16A0CF6F&cp=581AACBF560FEE1>
2016-11-15 02:09:26 [scrapy] DEBUG: Crawled (200) <GET http://www.toutiao.com/api/article/feed/?category=news_travel&utm_source=toutiao&widen=0&max_behot_time=0&max_behot_time_tmp=0&as=A135B8B16A0CF6F&cp=581AACBF560FEE1> (referer: None)
2016-11-15 02:09:26 [toutiao] DEBUG: Fetch toutiao homepage page: http://www.toutiao.com/api/article/feed/?category=news_travel&utm_source=toutiao&widen=0&max_behot_time=0&max_behot_time_tmp=0&as=A135B8B16A0CF6F&cp=581AACBF560FEE1
2016-11-15 02:09:26 [scrapy] DEBUG: Scraped from <200 http://www.toutiao.com/api/article/feed/?category=news_travel&utm_source=toutiao&widen=0&max_behot_time=0&max_behot_time_tmp=0&as=A135B8B16A0CF6F&cp=581AACBF560FEE1>
{'Category': 'news_travel',
 'HotValue': 282,
 'MediumUrl': u'http://toutiao.com/m52006100644/',
 'Source': 'toutiao',
 'Time': 1479172756,
 'Title': '\xe5\x85\x84\xe5\xbc\x9f\xe4\xbb\xac\xe5\xbc\x95\xe4\xbb\xa5\xe4\xb8\xba\xe6\x88\x92\xef\xbc\x8c\xe5\xb7\x9d\xe8\x97\x8f\xe7\xba\xbf\xe4\xb8\x8a\xe6\x88\x91\xe5\xa5\xbd\xe5\xbf\x83\xe6\x90\xad\xe4\xb8\xaa\xe7\xa9\xb7\xe6\xb8\xb8\xe7\x9a\x84\xef\xbc\x8c\xe6\x9c\x80\xe5\x90\x8e\xe8\xb5\x94\xe4\xba\x862500\xe5\x9d\x97',
 'Type': 'url',
 'Url': u'http://www.toutiao.com/group/6352287844086186241/'}
2016-11-15 02:09:26 [scrapy] DEBUG: Scraped from <200 http://www.toutiao.com/api/article/feed/?category=news_travel&utm_source=toutiao&widen=0&max_behot_time=0&max_behot_time_tmp=0&as=A135B8B16A0CF6F&cp=581AACBF560FEE1>
{'Category': 'news_travel',
 'HotValue': 12827,
 'MediumUrl': u'http://toutiao.com/m6083275295/',
 'Source': 'toutiao',
 'Time': 1479169748,
 'Title': '\xe9\x83\x91\xe6\xb8\x8a\xe6\xb4\x81\xe9\x80\x83\xe7\xa6\xbb\xe4\xb8\xbd\xe6\xb1\x9f\xef\xbc\x81\xe4\xb8\xba80\xe5\x9d\x97\xe9\x92\xb1\xe8\xa2\xab\xe7\x9b\x98\xe6\x9f\xa510\xe5\x88\x86\xe9\x92\x9f \xe5\xbc\x95\xe5\x8f\x91\xe5\x85\xa8\xe5\x9b\xbd\xe5\x90\x90\xe6\xa7\xbd \xe5\xae\x98\xe6\x96\xb9\xe5\x9b\x9e\xe5\xba\x94',
 'Type': 'url',
 'Url': u'http://www.toutiao.com/group/6352669493538767105/'}
2016-11-15 02:09:26 [scrapy] DEBUG: Scraped from <200 http://www.toutiao.com/api/article/feed/?category=news_travel&utm_source=toutiao&widen=0&max_behot_time=0&max_behot_time_tmp=0&as=A135B8B16A0CF6F&cp=581AACBF560FEE1>
{'Category': 'news_travel',
 'HotValue': 362,
 'MediumUrl': u'http://toutiao.com/m6113999521/',
 'Source': 'toutiao',
 'Time': 1479166740,
 'Title': '\xe6\xb8\xb8\xe5\xae\xa2\xe5\x8e\xbb\xe4\xbf\x84\xe7\xbd\x97\xe6\x96\xaf\xe6\x97\x85\xe6\xb8\xb8\xef\xbc\x8c\xe6\x84\x9f\xe5\x8f\xb9\xe4\xb8\xad\xe4\xbf\x84\xe7\x94\x9f\xe6\xb4\xbb\xe5\xb7\xae\xe8\xb7\x9d\xe9\x9d\x9e\xe5\xb8\xb8\xe5\xa4\xa7\xef\xbc\x81',
 'Type': 'url',
 'Url': u'http://www.toutiao.com/group/6351173093209784578/'}
2016-11-15 02:09:26 [scrapy] DEBUG: Scraped from <200 http://www.toutiao.com/api/article/feed/?category=news_travel&utm_source=toutiao&widen=0&max_behot_time=0&max_behot_time_tmp=0&as=A135B8B16A0CF6F&cp=581AACBF560FEE1>
{'Category': 'news_travel',
 'HotValue': 2920,
 'MediumUrl': u'http://toutiao.com/m6866552076/',
 'Source': 'toutiao',
 'Time': 1479163732,
 'Title': '\xe4\xb8\xad\xe5\x9b\xbd\xe5\x8f\xaf\xe4\xbb\xa5\xe4\xb8\x80\xe5\xa6\xbb\xe5\xa4\x9a\xe5\xa4\xab\xe7\x9a\x84\xe5\x9c\xb0\xe6\x96\xb9',
 'Type': 'url',
 'Url': u'http://www.toutiao.com/group/6351682874341474562/'}
2016-11-15 02:09:26 [scrapy] DEBUG: Scraped from <200 http://www.toutiao.com/api/article/feed/?category=news_travel&utm_source=toutiao&widen=0&max_behot_time=0&max_behot_time_tmp=0&as=A135B8B16A0CF6F&cp=581AACBF560FEE1>
{'Category': 'news_travel',
 'HotValue': 557,
 'MediumUrl': u'http://toutiao.com/m3686391322/',
 'Source': 'toutiao',
 'Time': 1479160724,
 'Title': '\xe4\xbd\xa0\xe4\xb8\x8d\xe5\x88\xb0\xe4\xbb\xa5\xe8\x89\xb2\xe5\x88\x97\xef\xbc\x8c\xe5\xb0\xb1\xe4\xb8\x8d\xe7\x9f\xa5\xe9\x81\x93\xe4\xbb\x96\xe7\x9a\x84\xe7\x89\xa9\xe4\xbb\xb7\xe5\x88\xb0\xe5\xba\x95\xe6\x9c\x89\xe5\xa4\x9a\xe9\xab\x98\xef\xbc\x8c\xe4\xbd\xa0\xe6\x98\xaf\xe5\x90\xa6\xe8\x83\xbd\xe6\x89\xbf\xe5\x8f\x97\xe5\xbe\x97\xe8\xb5\xb7',
 'Type': 'url',
 'Url': u'http://www.toutiao.com/group/6352504250345456129/'}
2016-11-15 02:09:26 [scrapy] DEBUG: Scraped from <200 http://www.toutiao.com/api/article/feed/?category=news_travel&utm_source=toutiao&widen=0&max_behot_time=0&max_behot_time_tmp=0&as=A135B8B16A0CF6F&cp=581AACBF560FEE1>
{'Category': 'news_travel',
 'HotValue': 935,
 'MediumUrl': u'http://toutiao.com/m51973174360/',
 'Source': 'toutiao',
 'Time': 1479157716,
 'Title': '\xe5\x9b\x9b\xe5\xb7\x9d\xe8\xbf\x9921\xe4\xb8\xaa\xe9\x95\x87\xe6\x88\x96\xe5\xb0\x86\xe5\x8d\x87\xe4\xb8\xba\xe5\x89\xaf\xe5\x8e\xbf\xe7\xba\xa7\xef\xbc\x81\xe8\xbf\x99\xe9\x87\x8c\xe9\x9d\xa2\xe6\x9c\x89\xe6\xb2\xa1\xe6\x9c\x89\xe4\xbd\xa0\xe5\xae\xb6\xe4\xb9\xa1\xef\xbc\x9f',
 'Type': 'url',
 'Url': u'http://www.toutiao.com/group/6352655307634245890/'}
2016-11-15 02:09:26 [scrapy] DEBUG: Scraped from <200 http://www.toutiao.com/api/article/feed/?category=news_travel&utm_source=toutiao&widen=0&max_behot_time=0&max_behot_time_tmp=0&as=A135B8B16A0CF6F&cp=581AACBF560FEE1>
{'Category': 'news_travel',
 'HotValue': 437,
 'MediumUrl': u'http://toutiao.com/m51804779215/',
 'Source': 'toutiao',
 'Time': 1479154708,
 'Title': '\xe5\x8e\x9f\xe6\x9d\xa5\xe6\xb3\xb0\xe5\x9b\xbd\xe6\x98\xaf\xe8\xbf\x99\xe6\xa0\xb7\xe5\x8d\x96\xe6\xb0\xb4\xe6\x9e\x9c\xe7\x9a\x84\xef\xbc\x81',
 'Type': 'url',
 'Url': u'http://www.toutiao.com/group/6350858856045773057/'}
2016-11-15 02:09:26 [scrapy] ERROR: Spider error processing <GET http://www.toutiao.com/api/article/feed/?category=news_travel&utm_source=toutiao&widen=0&max_behot_time=0&max_behot_time_tmp=0&as=A135B8B16A0CF6F&cp=581AACBF560FEE1> (referer: None)
Traceback (most recent call last):
  File "/usr/lib64/python2.7/site-packages/scrapy/utils/defer.py", line 102, in iter_errback
    yield next(it)
  File "/usr/lib64/python2.7/site-packages/scrapy/spidermiddlewares/offsite.py", line 29, in process_spider_output
    for x in result:
  File "/usr/lib64/python2.7/site-packages/scrapy/spidermiddlewares/referer.py", line 22, in <genexpr>
    return (_set_referer(r) for r in result or ())
  File "/usr/lib64/python2.7/site-packages/scrapy/spidermiddlewares/urllength.py", line 37, in <genexpr>
    return (r for r in result or () if _filter(r))
  File "/usr/lib64/python2.7/site-packages/scrapy/spidermiddlewares/depth.py", line 58, in <genexpr>
    return (r for r in result or () if _filter(r))
  File "/python/SocialSpider/SocialSpider/spiders/toutiao.py", line 31, in parse
    item['MediumUrl'] = val['media_url']
KeyError: 'media_url'
2016-11-15 02:09:26 [scrapy] INFO: Closing spider (finished)
2016-11-15 02:09:26 [scrapy] INFO: Stored json feed (7 items) in: ../data/toutiao/news_travel.json
2016-11-15 02:09:26 [scrapy] INFO: Dumping Scrapy stats:
{'downloader/request_bytes': 414,
 'downloader/request_count': 1,
 'downloader/request_method_count/GET': 1,
 'downloader/response_bytes': 4011,
 'downloader/response_count': 1,
 'downloader/response_status_count/200': 1,
 'finish_reason': 'finished',
 'finish_time': datetime.datetime(2016, 11, 15, 2, 9, 26, 375120),
 'item_scraped_count': 7,
 'log_count/DEBUG': 10,
 'log_count/ERROR': 1,
 'log_count/INFO': 10,
 'response_received_count': 1,
 'scheduler/dequeued': 1,
 'scheduler/dequeued/memory': 1,
 'scheduler/enqueued': 1,
 'scheduler/enqueued/memory': 1,
 'spider_exceptions/KeyError': 1,
 'start_time': datetime.datetime(2016, 11, 15, 2, 9, 25, 601404)}
2016-11-15 02:09:26 [scrapy] INFO: Spider closed (finished)
