2016-11-15 00:50:08 [scrapy] INFO: Scrapy 1.2.0 started (bot: SocialSpider)
2016-11-15 00:50:08 [scrapy] INFO: Overridden settings: {'NEWSPIDER_MODULE': 'SocialSpider.spiders', 'FEED_URI': '../data/toutiao/news_fashion.json', 'SPIDER_MODULES': ['SocialSpider.spiders'], 'BOT_NAME': 'SocialSpider', 'FEED_FORMAT': 'json', 'LOG_FILE': '../log/toutiao/news_fashion.log'}
2016-11-15 00:50:08 [scrapy] INFO: Enabled extensions:
['scrapy.extensions.feedexport.FeedExporter',
 'scrapy.extensions.logstats.LogStats',
 'scrapy.extensions.telnet.TelnetConsole',
 'scrapy.extensions.corestats.CoreStats']
2016-11-15 00:50:08 [scrapy] INFO: Enabled downloader middlewares:
['scrapy.downloadermiddlewares.httpauth.HttpAuthMiddleware',
 'scrapy.downloadermiddlewares.downloadtimeout.DownloadTimeoutMiddleware',
 'scrapy.downloadermiddlewares.defaultheaders.DefaultHeadersMiddleware',
 'scrapy.downloadermiddlewares.useragent.UserAgentMiddleware',
 'SocialSpider.midware.UaMidWare.ProcessUaMidware',
 'scrapy.downloadermiddlewares.retry.RetryMiddleware',
 'scrapy.downloadermiddlewares.redirect.MetaRefreshMiddleware',
 'scrapy.downloadermiddlewares.httpcompression.HttpCompressionMiddleware',
 'scrapy.downloadermiddlewares.redirect.RedirectMiddleware',
 'scrapy.downloadermiddlewares.cookies.CookiesMiddleware',
 'scrapy.downloadermiddlewares.chunked.ChunkedTransferMiddleware',
 'scrapy.downloadermiddlewares.stats.DownloaderStats']
2016-11-15 00:50:08 [scrapy] INFO: Enabled spider middlewares:
['scrapy.spidermiddlewares.httperror.HttpErrorMiddleware',
 'scrapy.spidermiddlewares.offsite.OffsiteMiddleware',
 'scrapy.spidermiddlewares.referer.RefererMiddleware',
 'scrapy.spidermiddlewares.urllength.UrlLengthMiddleware',
 'scrapy.spidermiddlewares.depth.DepthMiddleware']
2016-11-15 00:50:08 [scrapy] INFO: Enabled item pipelines:
[]
2016-11-15 00:50:08 [scrapy] INFO: Spider opened
2016-11-15 00:50:08 [scrapy] INFO: Crawled 0 pages (at 0 pages/min), scraped 0 items (at 0 items/min)
2016-11-15 00:50:08 [scrapy] DEBUG: Telnet console listening on 127.0.0.1:6023
2016-11-15 00:50:09 [toutiao] INFO: now entring download midware
2016-11-15 00:50:09 [toutiao] INFO: User-Agent is: Baiduspider+(+http://www.baidu.com/search/spider.htm) <GET http://www.toutiao.com/api/article/feed/?category=news_fashion&utm_source=toutiao&widen=0&max_behot_time=0&max_behot_time_tmp=0&as=A135B8B16A0CF6F&cp=581AACBF560FEE1>
2016-11-15 00:50:09 [scrapy] DEBUG: Crawled (200) <GET http://www.toutiao.com/api/article/feed/?category=news_fashion&utm_source=toutiao&widen=0&max_behot_time=0&max_behot_time_tmp=0&as=A135B8B16A0CF6F&cp=581AACBF560FEE1> (referer: None)
2016-11-15 00:50:09 [toutiao] DEBUG: Fetch toutiao homepage page: http://www.toutiao.com/api/article/feed/?category=news_fashion&utm_source=toutiao&widen=0&max_behot_time=0&max_behot_time_tmp=0&as=A135B8B16A0CF6F&cp=581AACBF560FEE1
2016-11-15 00:50:09 [scrapy] DEBUG: Scraped from <200 http://www.toutiao.com/api/article/feed/?category=news_fashion&utm_source=toutiao&widen=0&max_behot_time=0&max_behot_time_tmp=0&as=A135B8B16A0CF6F&cp=581AACBF560FEE1>
{'Title': '\xe5\x80\xbc\xe5\xbe\x97\xe6\x8b\xa5\xe6\x9c\x89\xe7\x9a\x84\xe4\xb8\x8d\xe6\xad\xa2\xe6\x9c\x89YSL\xe6\xb5\x81\xe6\x98\x9f\xe5\x94\x87\xe8\x86\x8f\xef\xbc\x8c\xe8\xbf\x99\xe4\xba\x9b\xe9\x99\x90\xe9\x87\x8f\xe6\x8c\x87\xe7\x94\xb2\xe6\xb2\xb9\xe4\xb9\x9f\xe5\xbe\x88\xe7\xbe\x8e\xe3\x80\x82',
 'TitleUrl': u'http://www.toutiao.com/group/6352732887837851905/'}
2016-11-15 00:50:09 [scrapy] DEBUG: Scraped from <200 http://www.toutiao.com/api/article/feed/?category=news_fashion&utm_source=toutiao&widen=0&max_behot_time=0&max_behot_time_tmp=0&as=A135B8B16A0CF6F&cp=581AACBF560FEE1>
{'Title': '\xe5\xb0\xbd\xe6\x98\xbe\xe5\x85\xb8\xe9\x9b\x85\xe5\x8d\x8e\xe4\xb8\xbd\xe6\xb0\x94\xe8\xb4\xa8\xe7\x9a\x84\xe5\x8d\x81\xe6\xac\xbe\xe6\x96\xb0\xe5\xa8\x98\xe5\x8f\x91\xe5\x9e\x8b',
 'TitleUrl': u'http://www.toutiao.com/group/6352624984036278529/'}
2016-11-15 00:50:09 [scrapy] DEBUG: Scraped from <200 http://www.toutiao.com/api/article/feed/?category=news_fashion&utm_source=toutiao&widen=0&max_behot_time=0&max_behot_time_tmp=0&as=A135B8B16A0CF6F&cp=581AACBF560FEE1>
{'Title': '40\xe5\xb2\x81\xe7\x9a\x84\xe6\x9d\x8e\xe5\xb0\x8f\xe5\x86\x89\xe5\x91\x8a\xe8\xaf\x89\xe4\xbd\xa0\xef\xbc\x8c\xe8\xbf\x99\xe4\xb9\x88\xe7\xa9\xbf\xe8\xbf\x98\xe7\x9c\x9f\xe6\x98\xaf\xe6\x98\xbe\xe5\xb0\x8f\xef\xbc\x8c\xe5\xbf\x92\xe5\x87\x8f\xe9\xbe\x84',
 'TitleUrl': u'http://www.toutiao.com/group/6350843830728737025/'}
2016-11-15 00:50:09 [scrapy] DEBUG: Scraped from <200 http://www.toutiao.com/api/article/feed/?category=news_fashion&utm_source=toutiao&widen=0&max_behot_time=0&max_behot_time_tmp=0&as=A135B8B16A0CF6F&cp=581AACBF560FEE1>
{'Title': '\xe4\xbb\x8a\xe5\xb9\xb4\xe6\xaf\x9b\xe8\xa1\xa3\xe6\xb5\x81\xe8\xa1\x8c\xe7\xbb\x87\xe2\x80\x9c\xe5\xa4\xa7\xe2\x80\x9d\xe7\x9a\x84\xef\xbc\x8c\xe5\xa6\x82\xe6\xad\xa4\xe6\x88\x98\xe8\xa2\x8d\xe4\xbd\xa0hold\xe4\xbd\x8f\xe5\x90\x97\xef\xbc\x9f\xef\xbc\x88\xe9\x99\x84\xe5\x9b\xbe\xe8\xa7\xa3\xef\xbc\x89',
 'TitleUrl': u'http://www.toutiao.com/group/6350912024192680193/'}
2016-11-15 00:50:09 [scrapy] DEBUG: Scraped from <200 http://www.toutiao.com/api/article/feed/?category=news_fashion&utm_source=toutiao&widen=0&max_behot_time=0&max_behot_time_tmp=0&as=A135B8B16A0CF6F&cp=581AACBF560FEE1>
{'Title': '\xe6\x98\x8e\xe6\x98\x9f\xe5\x8c\x85\xe5\x8c\x85\xe9\x83\xbd\xe9\x87\x8c\xe8\xa3\x85\xe4\xba\x86\xe5\x95\xa5\xef\xbc\x9f\xe6\x9f\xb3\xe5\xb2\xa9\xe3\x80\x81\xe5\x90\xb4\xe6\x98\x95\xe3\x80\x81\xe9\x99\x88\xe6\x84\x8f\xe6\xb6\xb5\xe5\x80\x92\xe5\x8c\x85\xe7\xbb\x99\xe4\xbd\xa0\xe7\x9c\x8b\xc2\xb7\xc2\xb7\xc2\xb7\xc2\xb7\xc2\xb7\xc2\xb7',
 'TitleUrl': u'http://www.toutiao.com/group/6350433961948774658/'}
2016-11-15 00:50:09 [scrapy] DEBUG: Scraped from <200 http://www.toutiao.com/api/article/feed/?category=news_fashion&utm_source=toutiao&widen=0&max_behot_time=0&max_behot_time_tmp=0&as=A135B8B16A0CF6F&cp=581AACBF560FEE1>
{'Title': '\xe5\x8f\x8c11\xe6\x9d\xa5\xe8\xa2\xad\xef\xbc\x8c\xe4\xb8\x8d\xe5\x89\x81\xe6\x89\x8b\xe4\xb9\x9f\xe8\x83\xbd\xe6\xb7\x98\xe5\x88\xb0\xe7\xbe\x8e\xe7\xbe\x8e\xe7\x9a\x84\xe7\xbe\xbd\xe7\xbb\x92\xe6\x9c\x8d',
 'TitleUrl': u'http://www.toutiao.com/group/6350391294053695745/'}
2016-11-15 00:50:09 [scrapy] DEBUG: Scraped from <200 http://www.toutiao.com/api/article/feed/?category=news_fashion&utm_source=toutiao&widen=0&max_behot_time=0&max_behot_time_tmp=0&as=A135B8B16A0CF6F&cp=581AACBF560FEE1>
{'Title': '\xe6\x8d\xae\xe8\xaf\xb4\xe6\x9c\xaa\xe6\x9d\xa5\xe5\x9b\x9b\xe5\xb9\xb4\xe2\x80\x9c\xe7\xbe\x8e\xe5\x89\xa7\xe2\x80\x9d\xe9\xa2\x9c\xe5\x80\xbc\xe5\x93\x81\xe5\x91\xb3\xe5\xb0\x86\xe6\x8c\x81\xe7\xbb\xad\xe5\x9c\xa8\xe7\xba\xbf\xef\xbc\x8c\xe5\xa4\x9a\xe4\xba\x8f\xe4\xba\x86\xe5\xb7\x9d\xe6\x99\xae~',
 'TitleUrl': u'http://www.toutiao.com/group/6351250894092615938/'}
2016-11-15 00:50:09 [scrapy] DEBUG: Scraped from <200 http://www.toutiao.com/api/article/feed/?category=news_fashion&utm_source=toutiao&widen=0&max_behot_time=0&max_behot_time_tmp=0&as=A135B8B16A0CF6F&cp=581AACBF560FEE1>
{'Title': '\xe7\x99\xbd\xe8\x89\xb2\xe7\xb4\xa0\xe8\xa3\x99\xef\xbc\x8c\xe6\xb0\x94\xe8\xb4\xa8\xe4\xb8\xb0\xe7\x9b\x88',
 'TitleUrl': u'http://www.toutiao.com/group/6350806705881956609/'}
2016-11-15 00:50:09 [scrapy] DEBUG: Scraped from <200 http://www.toutiao.com/api/article/feed/?category=news_fashion&utm_source=toutiao&widen=0&max_behot_time=0&max_behot_time_tmp=0&as=A135B8B16A0CF6F&cp=581AACBF560FEE1>
{'Title': '\xe4\xb8\x8d\xe7\xae\xa1\xe4\xbd\xa0\xe6\x98\xaf\xe9\xab\x98\xe9\xa2\x9c\xe5\x80\xbc\xe5\xa5\xb3\xe7\xa5\x9e\xe8\xbf\x98\xe6\x98\xaf\xe6\x99\xae\xe9\x80\x9a\xe4\xba\xba\xef\xbc\x8c\xe6\x9c\x89\xe4\xba\x9b\xe7\xa9\xbf\xe6\x90\xad\xe9\x9b\xb7\xe5\x8c\xba\xef\xbc\x8c\xe4\xb8\x8d\xe7\xa2\xb0\xe4\xb8\xba\xe5\xa5\xbd\xef\xbc\x81',
 'TitleUrl': u'http://www.toutiao.com/group/6352645185029734658/'}
2016-11-15 00:50:09 [scrapy] DEBUG: Scraped from <200 http://www.toutiao.com/api/article/feed/?category=news_fashion&utm_source=toutiao&widen=0&max_behot_time=0&max_behot_time_tmp=0&as=A135B8B16A0CF6F&cp=581AACBF560FEE1>
{'Title': '\xe8\xbf\x88\xe5\x90\x91\xe5\x86\xac\xe5\xad\xa311.11\xe5\x80\xbc\xe5\xbe\x97\xe5\x85\xa5\xe6\x89\x8b\xe7\x9a\x8418\xe6\xac\xbe\xe5\xa5\xb3\xe9\x9d\xb4',
 'TitleUrl': u'http://www.toutiao.com/group/6350848753007804673/'}
2016-11-15 00:50:09 [scrapy] DEBUG: Scraped from <200 http://www.toutiao.com/api/article/feed/?category=news_fashion&utm_source=toutiao&widen=0&max_behot_time=0&max_behot_time_tmp=0&as=A135B8B16A0CF6F&cp=581AACBF560FEE1>
{'Title': '\xe5\x8f\x8c\xe5\x8d\x81\xe4\xb8\x80\xe5\xae\x9e\xe6\x88\x98\xe7\xaf\xae\xe7\x90\x83\xe9\x9e\x8b\xe8\xb4\xad\xe4\xb9\xb0\xe6\x8c\x87\xe5\x8d\x97\xef\xbc\x8c\xe5\x89\x81\xe6\x89\x8b\xe4\xb9\x9f\xe8\xa6\x81\xe4\xb9\xb0\xef\xbc\x81',
 'TitleUrl': u'http://www.toutiao.com/group/6350906966671360514/'}
2016-11-15 00:50:09 [scrapy] DEBUG: Scraped from <200 http://www.toutiao.com/api/article/feed/?category=news_fashion&utm_source=toutiao&widen=0&max_behot_time=0&max_behot_time_tmp=0&as=A135B8B16A0CF6F&cp=581AACBF560FEE1>
{'Title': '\xe4\xb8\x96\xe7\x95\x8c\xe4\xb8\x8a\xe6\x9c\x80\xe7\xbe\x8e\xe7\x9a\x84\xe5\xa5\xb3\xe4\xba\xba\xe9\x83\xbd\xe5\xab\x81\xe7\xbb\x99\xe4\xba\x86\xe8\xb0\x81\xef\xbc\x9f',
 'TitleUrl': u'http://www.toutiao.com/group/6351696532764754177/'}
2016-11-15 00:50:09 [scrapy] DEBUG: Scraped from <200 http://www.toutiao.com/api/article/feed/?category=news_fashion&utm_source=toutiao&widen=0&max_behot_time=0&max_behot_time_tmp=0&as=A135B8B16A0CF6F&cp=581AACBF560FEE1>
{'Title': '\xe4\xb8\xba\xe4\xbb\x80\xe4\xb9\x88\xe4\xbd\xa0\xe4\xb8\x80\xe8\xba\xab\xe8\x82\x8c\xe8\x82\x89\xe8\xbf\x98\xe6\x98\xaf\xe6\xb2\xa1\xe6\x9c\x89\xe5\xa5\xb3\xe6\x9c\x8b\xe5\x8f\x8b\xef\xbc\x9f\xe4\xbb\x8a\xe5\xa4\xa9\xe5\xb0\xb1\xe5\x91\x8a\xe8\xaf\x89\xe4\xbd\xa0...',
 'TitleUrl': u'http://www.toutiao.com/group/6352033088756105473/'}
2016-11-15 00:50:09 [scrapy] DEBUG: Scraped from <200 http://www.toutiao.com/api/article/feed/?category=news_fashion&utm_source=toutiao&widen=0&max_behot_time=0&max_behot_time_tmp=0&as=A135B8B16A0CF6F&cp=581AACBF560FEE1>
{'Title': '1\xe7\xb1\xb355LadyGaga\xef\xbc\x8c\xe7\xa9\xbf\xe8\xa1\xa3\xe6\x9c\x80\xe4\xb8\x8d\xe5\x9c\xb0\xe7\x90\x83\xe4\xba\xba\xef\xbc\x8c\xe6\xad\xa3\xe7\xbb\x8f\xe8\xb5\xb7\xe6\x9d\xa5\xe5\xb1\x85\xe7\x84\xb6\xe6\x8c\xba\xe7\xbe\x8e\xef\xbc\x81',
 'TitleUrl': u'http://www.toutiao.com/group/6350844389962842370/'}
2016-11-15 00:50:09 [scrapy] DEBUG: Scraped from <200 http://www.toutiao.com/api/article/feed/?category=news_fashion&utm_source=toutiao&widen=0&max_behot_time=0&max_behot_time_tmp=0&as=A135B8B16A0CF6F&cp=581AACBF560FEE1>
{'Title': '\xe7\x94\x9f\xe4\xba\x8c\xe8\x83\x8e\xe5\xb0\xb1\xe5\x83\x8f\xe6\x9d\x8e\xe5\xb0\x8f\xe7\x92\x90\xe8\xbf\x99\xe6\xa0\xb7\xe6\x99\x92\xe5\xa8\x83\xef\xbc\x8c\xe8\xbf\x99\xe6\x89\x8d\xe6\x98\xaf\xe8\xbe\xa3\xe5\xa6\x88\xe6\xad\xa3\xe7\xa1\xae\xe6\x89\x93\xe5\xbc\x80\xe6\x96\xb9\xe5\xbc\x8f',
 'TitleUrl': u'http://www.toutiao.com/group/6350845421766836481/'}
2016-11-15 00:50:09 [scrapy] DEBUG: Scraped from <200 http://www.toutiao.com/api/article/feed/?category=news_fashion&utm_source=toutiao&widen=0&max_behot_time=0&max_behot_time_tmp=0&as=A135B8B16A0CF6F&cp=581AACBF560FEE1>
{'Title': '\xe7\x94\x9f\xe4\xba\x8c\xe8\x83\x8e\xe5\xb0\xb1\xe5\x83\x8f\xe6\x9d\x8e\xe5\xb0\x8f\xe7\x92\x90\xe8\xbf\x99\xe6\xa0\xb7\xe6\x99\x92\xe5\xa8\x83\xef\xbc\x8c\xe8\xbf\x99\xe6\x89\x8d\xe6\x98\xaf\xe8\xbe\xa3\xe5\xa6\x88\xe6\xad\xa3\xe7\xa1\xae\xe6\x89\x93\xe5\xbc\x80\xe6\x96\xb9\xe5\xbc\x8f',
 'TitleUrl': u'http://www.toutiao.com/group/6352963910295732481/?_as_1479171008'}
2016-11-15 00:50:09 [toutiao] INFO: now entring download midware
2016-11-15 00:50:09 [toutiao] INFO: User-Agent is: Mozilla/4.0 (compatible; MSIE 7.0; Windows NT 6.0) AddSugarSpiderBot www.idealobserver.com <GET http://www.toutiao.com/api/article/feed/?category=news_fashion&utm_source=toutiao&widen=0&max_behot_time=0&max_behot_time_tmp=1479125887&as=A16538313A8D839&cp=581A7DF853099E1>
2016-11-15 00:50:10 [scrapy] DEBUG: Crawled (200) <GET http://www.toutiao.com/api/article/feed/?category=news_fashion&utm_source=toutiao&widen=0&max_behot_time=0&max_behot_time_tmp=1479125887&as=A16538313A8D839&cp=581A7DF853099E1> (referer: http://www.toutiao.com/api/article/feed/?category=news_fashion&utm_source=toutiao&widen=0&max_behot_time=0&max_behot_time_tmp=0&as=A135B8B16A0CF6F&cp=581AACBF560FEE1)
2016-11-15 00:50:10 [toutiao] DEBUG: Fetch toutiao homepage page: http://www.toutiao.com/api/article/feed/?category=news_fashion&utm_source=toutiao&widen=0&max_behot_time=0&max_behot_time_tmp=1479125887&as=A16538313A8D839&cp=581A7DF853099E1
2016-11-15 00:50:10 [scrapy] DEBUG: Scraped from <200 http://www.toutiao.com/api/article/feed/?category=news_fashion&utm_source=toutiao&widen=0&max_behot_time=0&max_behot_time_tmp=1479125887&as=A16538313A8D839&cp=581A7DF853099E1>
{'Title': '\xe9\x82\xa3\xe4\xba\x9b\xe5\xb0\x86\xe6\x88\x91\xe4\xbb\xac\xe8\xbf\xb7\xe5\xbe\x97\xe7\xa5\x9e\xe9\xad\x82\xe9\xa2\xa0\xe5\x80\x92\xe7\x9a\x84Gucci\xe6\x8b\x96\xe9\x9e\x8b',
 'TitleUrl': u'http://www.toutiao.com/group/6352738916705550594/'}
2016-11-15 00:50:10 [scrapy] DEBUG: Scraped from <200 http://www.toutiao.com/api/article/feed/?category=news_fashion&utm_source=toutiao&widen=0&max_behot_time=0&max_behot_time_tmp=1479125887&as=A16538313A8D839&cp=581A7DF853099E1>
{'Title': '\xe5\xb0\x8f\xe5\xbd\xa9\xe6\x97\x97\xe5\x9c\xa8\xe6\x98\xa5\xe6\x99\x9a\xe8\xbf\x9e\xe8\xbd\xac\xe5\x9b\x9b\xe4\xb8\xaa\xe5\xa4\x9a\xe5\xb0\x8f\xe6\x97\xb6\xe8\xae\xa9\xe4\xba\xba\xe4\xbd\xa9\xe6\x9c\x8d\xef\xbc\x8c\xe5\xa6\x82\xe4\xbb\x8a17\xe5\xb2\x81\xe7\x9a\x84\xe5\xa5\xb9\xe6\x9b\xb4\xe6\x88\x90\xe7\x86\x9f\xe4\xba\x86\xef\xbc\x81',
 'TitleUrl': u'http://www.toutiao.com/group/6352654188744573186/'}
2016-11-15 00:50:10 [scrapy] DEBUG: Scraped from <200 http://www.toutiao.com/api/article/feed/?category=news_fashion&utm_source=toutiao&widen=0&max_behot_time=0&max_behot_time_tmp=1479125887&as=A16538313A8D839&cp=581A7DF853099E1>
{'Title': '\xe4\xba\xba\xe9\xb1\xbc\xe5\xa4\xab\xe5\xa6\x87\xe9\xbb\x84\xe9\x87\x91\xe5\xa9\x9a\xe7\xa4\xbc \xe9\x92\x9f\xe4\xb8\xbd\xe7\xbc\x87\xe6\x88\xb4\xe4\xbb\xb7\xe5\x80\xbc10\xe5\xa4\x9a\xe4\xb8\x87\xe6\x95\x85\xe5\xae\xab\xe6\x96\x87\xe5\x8c\x96\xe7\x8f\xa0\xe5\xae\x9d',
 'TitleUrl': u'http://www.toutiao.com/group/6350903358123376898/'}
2016-11-15 00:50:10 [scrapy] DEBUG: Scraped from <200 http://www.toutiao.com/api/article/feed/?category=news_fashion&utm_source=toutiao&widen=0&max_behot_time=0&max_behot_time_tmp=1479125887&as=A16538313A8D839&cp=581A7DF853099E1>
{'Title': '\xe5\x88\x98\xe4\xba\xa6\xe8\x8f\xb2\xe4\xbc\xb4\xe5\xa8\x98\xe9\xa6\x96\xe7\xa7\x80\xe5\xae\x9e\xe5\x8a\x9b\xe6\x8a\xa2\xe9\x95\x9c\xef\xbc\x8c\xe4\xbc\xb4\xe5\xa8\x98\xe6\x9c\x8d6\xe4\xb8\x87\xe5\xa4\x9a\xe4\xb8\x80\xe6\x9d\xa1',
 'TitleUrl': u'http://www.toutiao.com/group/6350838589354787073/'}
2016-11-15 00:50:10 [scrapy] DEBUG: Scraped from <200 http://www.toutiao.com/api/article/feed/?category=news_fashion&utm_source=toutiao&widen=0&max_behot_time=0&max_behot_time_tmp=1479125887&as=A16538313A8D839&cp=581A7DF853099E1>
{'Title': '\xe6\x82\xa8\xe6\xb4\x97\xe5\xa4\xb4\xe7\x9a\x84\xe6\x96\xb9\xe5\xbc\x8f\xe6\xad\xa3\xe7\xa1\xae\xe5\x90\x97 \xe6\x9c\x80\xe4\xbc\xa4\xe5\xa4\xb4\xe7\x9a\xae\xe7\x9a\x84\xe6\x96\xb9\xe5\xbc\x8f\xe6\x98\xaf\xe4\xb8\x8d\xe6\x98\xaf\xe6\x82\xa8\xe6\x9c\x80\xe5\xb8\xb8\xe7\x94\xa8',
 'TitleUrl': u'http://www.toutiao.com/group/6351948259838345474/'}
2016-11-15 00:50:10 [scrapy] DEBUG: Scraped from <200 http://www.toutiao.com/api/article/feed/?category=news_fashion&utm_source=toutiao&widen=0&max_behot_time=0&max_behot_time_tmp=1479125887&as=A16538313A8D839&cp=581A7DF853099E1>
{'Title': '\xe6\x9c\x80\xe5\x96\x9c\xe6\xac\xa2\xe7\xbe\x8e\xe5\xa5\xb3\xe7\xa9\xbf\xe8\xbf\x99\xe7\xa7\x8d\xe9\xbb\x91\xe8\x89\xb2\xe9\x80\x8f\xe6\x98\x8e\xe7\x9a\x84\xe8\xa1\xa3\xe6\x9c\x8d',
 'TitleUrl': u'http://www.toutiao.com/group/6350472963921281537/'}
2016-11-15 00:50:10 [scrapy] DEBUG: Scraped from <200 http://www.toutiao.com/api/article/feed/?category=news_fashion&utm_source=toutiao&widen=0&max_behot_time=0&max_behot_time_tmp=1479125887&as=A16538313A8D839&cp=581A7DF853099E1>
{'Title': '\xe5\x86\xac\xe5\xad\xa3\xe9\x9d\xb4\xe5\xad\x90\xe5\xb0\xb1\xe8\xa6\x81\xe8\xbf\x99\xe6\xa0\xb7\xe7\xa9\xbf',
 'TitleUrl': u'http://www.toutiao.com/group/6352642674478891265/'}
2016-11-15 00:50:10 [scrapy] DEBUG: Scraped from <200 http://www.toutiao.com/api/article/feed/?category=news_fashion&utm_source=toutiao&widen=0&max_behot_time=0&max_behot_time_tmp=1479125887&as=A16538313A8D839&cp=581A7DF853099E1>
{'Title': '\xe7\xa7\x8b\xe5\x86\xac\xe5\x87\x8f\xe8\x82\xa5\xef\xbc\x8c\xe7\xbb\x99\xe4\xbd\xa0\xe5\xa5\xbd\xe7\x9c\x8b\xe8\x83\x8c\xe5\xbd\xb1',
 'TitleUrl': u'http://www.toutiao.com/group/6351957859030843649/'}
2016-11-15 00:50:10 [scrapy] DEBUG: Scraped from <200 http://www.toutiao.com/api/article/feed/?category=news_fashion&utm_source=toutiao&widen=0&max_behot_time=0&max_behot_time_tmp=1479125887&as=A16538313A8D839&cp=581A7DF853099E1>
{'Title': '\xe5\x80\xbc\xe5\xbe\x97\xe6\x8b\xa5\xe6\x9c\x89\xe7\x9a\x84\xe4\xb8\x8d\xe6\xad\xa2\xe6\x9c\x89YSL\xe6\xb5\x81\xe6\x98\x9f\xe5\x94\x87\xe8\x86\x8f\xef\xbc\x8c\xe8\xbf\x99\xe4\xba\x9b\xe9\x99\x90\xe9\x87\x8f\xe6\x8c\x87\xe7\x94\xb2\xe6\xb2\xb9\xe4\xb9\x9f\xe5\xbe\x88\xe7\xbe\x8e\xe3\x80\x82',
 'TitleUrl': u'http://www.toutiao.com/group/6352732887837851905/'}
2016-11-15 00:50:10 [scrapy] DEBUG: Scraped from <200 http://www.toutiao.com/api/article/feed/?category=news_fashion&utm_source=toutiao&widen=0&max_behot_time=0&max_behot_time_tmp=1479125887&as=A16538313A8D839&cp=581A7DF853099E1>
{'Title': '\xe5\xb0\xbd\xe6\x98\xbe\xe5\x85\xb8\xe9\x9b\x85\xe5\x8d\x8e\xe4\xb8\xbd\xe6\xb0\x94\xe8\xb4\xa8\xe7\x9a\x84\xe5\x8d\x81\xe6\xac\xbe\xe6\x96\xb0\xe5\xa8\x98\xe5\x8f\x91\xe5\x9e\x8b',
 'TitleUrl': u'http://www.toutiao.com/group/6352624984036278529/'}
2016-11-15 00:50:10 [scrapy] DEBUG: Scraped from <200 http://www.toutiao.com/api/article/feed/?category=news_fashion&utm_source=toutiao&widen=0&max_behot_time=0&max_behot_time_tmp=1479125887&as=A16538313A8D839&cp=581A7DF853099E1>
{'Title': '40\xe5\xb2\x81\xe7\x9a\x84\xe6\x9d\x8e\xe5\xb0\x8f\xe5\x86\x89\xe5\x91\x8a\xe8\xaf\x89\xe4\xbd\xa0\xef\xbc\x8c\xe8\xbf\x99\xe4\xb9\x88\xe7\xa9\xbf\xe8\xbf\x98\xe7\x9c\x9f\xe6\x98\xaf\xe6\x98\xbe\xe5\xb0\x8f\xef\xbc\x8c\xe5\xbf\x92\xe5\x87\x8f\xe9\xbe\x84',
 'TitleUrl': u'http://www.toutiao.com/group/6350843830728737025/'}
2016-11-15 00:50:10 [scrapy] DEBUG: Scraped from <200 http://www.toutiao.com/api/article/feed/?category=news_fashion&utm_source=toutiao&widen=0&max_behot_time=0&max_behot_time_tmp=1479125887&as=A16538313A8D839&cp=581A7DF853099E1>
{'Title': '\xe4\xbb\x8a\xe5\xb9\xb4\xe6\xaf\x9b\xe8\xa1\xa3\xe6\xb5\x81\xe8\xa1\x8c\xe7\xbb\x87\xe2\x80\x9c\xe5\xa4\xa7\xe2\x80\x9d\xe7\x9a\x84\xef\xbc\x8c\xe5\xa6\x82\xe6\xad\xa4\xe6\x88\x98\xe8\xa2\x8d\xe4\xbd\xa0hold\xe4\xbd\x8f\xe5\x90\x97\xef\xbc\x9f\xef\xbc\x88\xe9\x99\x84\xe5\x9b\xbe\xe8\xa7\xa3\xef\xbc\x89',
 'TitleUrl': u'http://www.toutiao.com/group/6350912024192680193/'}
2016-11-15 00:50:10 [scrapy] DEBUG: Scraped from <200 http://www.toutiao.com/api/article/feed/?category=news_fashion&utm_source=toutiao&widen=0&max_behot_time=0&max_behot_time_tmp=1479125887&as=A16538313A8D839&cp=581A7DF853099E1>
{'Title': '\xe6\x98\x8e\xe6\x98\x9f\xe5\x8c\x85\xe5\x8c\x85\xe9\x83\xbd\xe9\x87\x8c\xe8\xa3\x85\xe4\xba\x86\xe5\x95\xa5\xef\xbc\x9f\xe6\x9f\xb3\xe5\xb2\xa9\xe3\x80\x81\xe5\x90\xb4\xe6\x98\x95\xe3\x80\x81\xe9\x99\x88\xe6\x84\x8f\xe6\xb6\xb5\xe5\x80\x92\xe5\x8c\x85\xe7\xbb\x99\xe4\xbd\xa0\xe7\x9c\x8b\xc2\xb7\xc2\xb7\xc2\xb7\xc2\xb7\xc2\xb7\xc2\xb7',
 'TitleUrl': u'http://www.toutiao.com/group/6350433961948774658/'}
2016-11-15 00:50:10 [scrapy] DEBUG: Scraped from <200 http://www.toutiao.com/api/article/feed/?category=news_fashion&utm_source=toutiao&widen=0&max_behot_time=0&max_behot_time_tmp=1479125887&as=A16538313A8D839&cp=581A7DF853099E1>
{'Title': '\xe5\x8f\x8c11\xe6\x9d\xa5\xe8\xa2\xad\xef\xbc\x8c\xe4\xb8\x8d\xe5\x89\x81\xe6\x89\x8b\xe4\xb9\x9f\xe8\x83\xbd\xe6\xb7\x98\xe5\x88\xb0\xe7\xbe\x8e\xe7\xbe\x8e\xe7\x9a\x84\xe7\xbe\xbd\xe7\xbb\x92\xe6\x9c\x8d',
 'TitleUrl': u'http://www.toutiao.com/group/6350391294053695745/'}
2016-11-15 00:50:10 [scrapy] DEBUG: Scraped from <200 http://www.toutiao.com/api/article/feed/?category=news_fashion&utm_source=toutiao&widen=0&max_behot_time=0&max_behot_time_tmp=1479125887&as=A16538313A8D839&cp=581A7DF853099E1>
{'Title': '\xe6\x8d\xae\xe8\xaf\xb4\xe6\x9c\xaa\xe6\x9d\xa5\xe5\x9b\x9b\xe5\xb9\xb4\xe2\x80\x9c\xe7\xbe\x8e\xe5\x89\xa7\xe2\x80\x9d\xe9\xa2\x9c\xe5\x80\xbc\xe5\x93\x81\xe5\x91\xb3\xe5\xb0\x86\xe6\x8c\x81\xe7\xbb\xad\xe5\x9c\xa8\xe7\xba\xbf\xef\xbc\x8c\xe5\xa4\x9a\xe4\xba\x8f\xe4\xba\x86\xe5\xb7\x9d\xe6\x99\xae~',
 'TitleUrl': u'http://www.toutiao.com/group/6351250894092615938/'}
2016-11-15 00:50:10 [scrapy] DEBUG: Scraped from <200 http://www.toutiao.com/api/article/feed/?category=news_fashion&utm_source=toutiao&widen=0&max_behot_time=0&max_behot_time_tmp=1479125887&as=A16538313A8D839&cp=581A7DF853099E1>
{'Title': '\xe6\x8d\xae\xe8\xaf\xb4\xe6\x9c\xaa\xe6\x9d\xa5\xe5\x9b\x9b\xe5\xb9\xb4\xe2\x80\x9c\xe7\xbe\x8e\xe5\x89\xa7\xe2\x80\x9d\xe9\xa2\x9c\xe5\x80\xbc\xe5\x93\x81\xe5\x91\xb3\xe5\xb0\x86\xe6\x8c\x81\xe7\xbb\xad\xe5\x9c\xa8\xe7\xba\xbf\xef\xbc\x8c\xe5\xa4\x9a\xe4\xba\x8f\xe4\xba\x86\xe5\xb7\x9d\xe6\x99\xae~',
 'TitleUrl': u'http://www.toutiao.com/group/6352963851294294273/?_as_1479171008'}
2016-11-15 00:50:10 [toutiao] INFO: now entring download midware
2016-11-15 00:50:10 [toutiao] INFO: User-Agent is: Nusearch Spider (www.nusearch.com) <GET http://www.toutiao.com/api/article/feed/?category=news_fashion&utm_source=toutiao&widen=0&max_behot_time=0&max_behot_time_tmp=1479149951&as=A16538313A8D839&cp=581A7DF853099E1>
2016-11-15 00:50:11 [scrapy] DEBUG: Crawled (200) <GET http://www.toutiao.com/api/article/feed/?category=news_fashion&utm_source=toutiao&widen=0&max_behot_time=0&max_behot_time_tmp=1479149951&as=A16538313A8D839&cp=581A7DF853099E1> (referer: http://www.toutiao.com/api/article/feed/?category=news_fashion&utm_source=toutiao&widen=0&max_behot_time=0&max_behot_time_tmp=1479125887&as=A16538313A8D839&cp=581A7DF853099E1)
2016-11-15 00:50:11 [toutiao] DEBUG: Fetch toutiao homepage page: http://www.toutiao.com/api/article/feed/?category=news_fashion&utm_source=toutiao&widen=0&max_behot_time=0&max_behot_time_tmp=1479149951&as=A16538313A8D839&cp=581A7DF853099E1
2016-11-15 00:50:11 [scrapy] DEBUG: Scraped from <200 http://www.toutiao.com/api/article/feed/?category=news_fashion&utm_source=toutiao&widen=0&max_behot_time=0&max_behot_time_tmp=1479149951&as=A16538313A8D839&cp=581A7DF853099E1>
{'Title': '\xe9\x82\xa3\xe4\xba\x9b\xe4\xb8\x8b\xe9\x9b\xa8\xe5\xa4\xa9\xef\xbc\x8c\xe6\x88\x91\xe4\xbb\xac\xe9\x9c\x80\xe8\xa6\x81\xe4\xb8\x80\xe5\x8f\x8c\xe7\x89\xb9\xe5\x88\xab\xe7\x9a\x84\xe9\x9b\xa8\xe9\x9e\x8b',
 'TitleUrl': u'http://www.toutiao.com/group/6352751679913443585/'}
2016-11-15 00:50:11 [scrapy] DEBUG: Scraped from <200 http://www.toutiao.com/api/article/feed/?category=news_fashion&utm_source=toutiao&widen=0&max_behot_time=0&max_behot_time_tmp=1479149951&as=A16538313A8D839&cp=581A7DF853099E1>
{'Title': '\xe4\xbf\x9d\xe6\x9a\x96\xe5\xb0\x8f\xe7\xaa\x8d\xe9\x97\xa8\xef\xbc\x9a\xe6\xb4\x8b\xe8\x91\xb1\xe5\xbc\x8f\xe7\xa9\xbf\xe6\xb3\x95\xe6\xaf\x94\xe5\x8e\x9a\xe5\xa4\x96\xe5\xa5\x97\xe6\x9b\xb4\xe7\xae\xa1\xe7\x94\xa8',
 'TitleUrl': u'http://www.toutiao.com/group/6347742926148731137/'}
2016-11-15 00:50:11 [scrapy] DEBUG: Scraped from <200 http://www.toutiao.com/api/article/feed/?category=news_fashion&utm_source=toutiao&widen=0&max_behot_time=0&max_behot_time_tmp=1479149951&as=A16538313A8D839&cp=581A7DF853099E1>
{'Title': '\xe5\xae\xb6\xe5\x85\xb7\xe5\x8e\x82\xe6\x89\x93\xe5\xb7\xa5\xe8\x90\x8c\xe5\xa6\xb9\xe5\xad\x90',
 'TitleUrl': u'http://www.toutiao.com/group/6350499420957884674/'}
2016-11-15 00:50:11 [scrapy] DEBUG: Scraped from <200 http://www.toutiao.com/api/article/feed/?category=news_fashion&utm_source=toutiao&widen=0&max_behot_time=0&max_behot_time_tmp=1479149951&as=A16538313A8D839&cp=581A7DF853099E1>
{'Title': '\xe5\x81\x9a\xe4\xb8\x80\xe4\xb8\xaa\xe6\x8b\xa5\xe6\x9c\x89\xe4\xbc\x98\xe9\x9b\x85\xe6\xb0\x94\xe8\xb4\xa8\xe7\x9a\x84\xe5\xa5\xb3\xe4\xba\xba\xef\xbc\x81',
 'TitleUrl': u'http://www.toutiao.com/group/6351535084697649409/'}
2016-11-15 00:50:11 [scrapy] DEBUG: Scraped from <200 http://www.toutiao.com/api/article/feed/?category=news_fashion&utm_source=toutiao&widen=0&max_behot_time=0&max_behot_time_tmp=1479149951&as=A16538313A8D839&cp=581A7DF853099E1>
{'Title': '\xe9\xab\x98\xe8\xb7\x9f\xe9\x9e\x8b\xe6\x94\xbe\xe5\x9c\xa8\xe4\xbf\x9d\xe9\xb2\x9c\xe8\x86\x9c\xe4\xb8\x8a\xef\xbc\x8c\xe9\x9a\x8f\xe5\x90\x8e\xe8\x8e\xb7\xe5\xbe\x97\xe7\xab\xa5\xe8\xaf\x9d\xe5\xbd\x93\xe4\xb8\xad\xe7\x9a\x84\xe7\xbb\x8f\xe5\x85\xb8\xe9\x81\x93\xe5\x85\xb7',
 'TitleUrl': u'http://www.toutiao.com/group/6351338393426788610/'}
2016-11-15 00:50:11 [scrapy] DEBUG: Scraped from <200 http://www.toutiao.com/api/article/feed/?category=news_fashion&utm_source=toutiao&widen=0&max_behot_time=0&max_behot_time_tmp=1479149951&as=A16538313A8D839&cp=581A7DF853099E1>
{'Title': '\xe4\xb8\x8d\xe5\xbe\x97\xe4\xb8\x8d\xe6\x8e\xa8\xe8\x8d\x90\xe7\x9a\x84\xe7\xa7\x8b\xe5\x86\xac\xe7\xa9\xbf\xe6\x90\xad\xef\xbc\x8c\xe5\xae\x9e\xe7\xa9\xbf\xe5\xbe\x97\xe4\xbd\x93\xe4\xb8\x8d\xe8\xbf\x87\xe6\x97\xb6\xef\xbc\x8c\xe6\x89\x8d\xe6\x98\xaf\xe8\xa6\x81\xe7\x9a\x84\xe7\xbb\x88\xe6\x9e\x81\xe8\xbf\xbd\xe6\xb1\x82\xef\xbc\x81',
 'TitleUrl': u'http://www.toutiao.com/group/6352141681576542465/'}
2016-11-15 00:50:11 [scrapy] DEBUG: Scraped from <200 http://www.toutiao.com/api/article/feed/?category=news_fashion&utm_source=toutiao&widen=0&max_behot_time=0&max_behot_time_tmp=1479149951&as=A16538313A8D839&cp=581A7DF853099E1>
{'Title': '\xe7\x88\xb1\xe4\xb8\x8a\xe5\x8e\x9a\xe5\xa4\x96\xe5\xa5\x97  \xe5\xb1\x85\xe7\x84\xb6\xe5\x8f\xaf\xe4\xbb\xa5\xe8\xbf\x99\xe4\xb9\x88\xe6\x98\xbe\xe7\x98\xa6',
 'TitleUrl': u'http://www.toutiao.com/group/6352685935172157698/'}
2016-11-15 00:50:11 [scrapy] DEBUG: Scraped from <200 http://www.toutiao.com/api/article/feed/?category=news_fashion&utm_source=toutiao&widen=0&max_behot_time=0&max_behot_time_tmp=1479149951&as=A16538313A8D839&cp=581A7DF853099E1>
{'Title': '\xe8\x8c\x83\xe5\x86\xb0\xe5\x86\xb0\xe8\xbf\x99\xe6\xac\xa1\xe4\xb8\x91\xe5\x87\xba\xe4\xba\x86\xe5\x9b\xbd\xe9\x99\x85\xef\xbc\x8c\xe5\x8f\x8c\xe6\x96\x99\xe5\xbd\xb1\xe5\x90\x8e\xe8\x83\x8c\xe5\x90\x8e\xe5\x8e\x9f\xe6\x9d\xa5\xe6\x9c\x89\xe8\xbf\x99\xe6\xa0\xb7\xe7\x9a\x84\xe4\xbb\x98\xe5\x87\xba\xef\xbc\x81',
 'TitleUrl': u'http://www.toutiao.com/group/6344127098702070017/'}
2016-11-15 00:50:11 [scrapy] DEBUG: Scraped from <200 http://www.toutiao.com/api/article/feed/?category=news_fashion&utm_source=toutiao&widen=0&max_behot_time=0&max_behot_time_tmp=1479149951&as=A16538313A8D839&cp=581A7DF853099E1>
{'Title': '\xe9\x82\xa3\xe4\xba\x9b\xe5\xb0\x86\xe6\x88\x91\xe4\xbb\xac\xe8\xbf\xb7\xe5\xbe\x97\xe7\xa5\x9e\xe9\xad\x82\xe9\xa2\xa0\xe5\x80\x92\xe7\x9a\x84Gucci\xe6\x8b\x96\xe9\x9e\x8b',
 'TitleUrl': u'http://www.toutiao.com/group/6352738916705550594/'}
2016-11-15 00:50:11 [scrapy] DEBUG: Scraped from <200 http://www.toutiao.com/api/article/feed/?category=news_fashion&utm_source=toutiao&widen=0&max_behot_time=0&max_behot_time_tmp=1479149951&as=A16538313A8D839&cp=581A7DF853099E1>
{'Title': '\xe5\xb0\x8f\xe5\xbd\xa9\xe6\x97\x97\xe5\x9c\xa8\xe6\x98\xa5\xe6\x99\x9a\xe8\xbf\x9e\xe8\xbd\xac\xe5\x9b\x9b\xe4\xb8\xaa\xe5\xa4\x9a\xe5\xb0\x8f\xe6\x97\xb6\xe8\xae\xa9\xe4\xba\xba\xe4\xbd\xa9\xe6\x9c\x8d\xef\xbc\x8c\xe5\xa6\x82\xe4\xbb\x8a17\xe5\xb2\x81\xe7\x9a\x84\xe5\xa5\xb9\xe6\x9b\xb4\xe6\x88\x90\xe7\x86\x9f\xe4\xba\x86\xef\xbc\x81',
 'TitleUrl': u'http://www.toutiao.com/group/6352654188744573186/'}
2016-11-15 00:50:11 [scrapy] DEBUG: Scraped from <200 http://www.toutiao.com/api/article/feed/?category=news_fashion&utm_source=toutiao&widen=0&max_behot_time=0&max_behot_time_tmp=1479149951&as=A16538313A8D839&cp=581A7DF853099E1>
{'Title': '\xe4\xba\xba\xe9\xb1\xbc\xe5\xa4\xab\xe5\xa6\x87\xe9\xbb\x84\xe9\x87\x91\xe5\xa9\x9a\xe7\xa4\xbc \xe9\x92\x9f\xe4\xb8\xbd\xe7\xbc\x87\xe6\x88\xb4\xe4\xbb\xb7\xe5\x80\xbc10\xe5\xa4\x9a\xe4\xb8\x87\xe6\x95\x85\xe5\xae\xab\xe6\x96\x87\xe5\x8c\x96\xe7\x8f\xa0\xe5\xae\x9d',
 'TitleUrl': u'http://www.toutiao.com/group/6350903358123376898/'}
2016-11-15 00:50:11 [scrapy] DEBUG: Scraped from <200 http://www.toutiao.com/api/article/feed/?category=news_fashion&utm_source=toutiao&widen=0&max_behot_time=0&max_behot_time_tmp=1479149951&as=A16538313A8D839&cp=581A7DF853099E1>
{'Title': '\xe5\x88\x98\xe4\xba\xa6\xe8\x8f\xb2\xe4\xbc\xb4\xe5\xa8\x98\xe9\xa6\x96\xe7\xa7\x80\xe5\xae\x9e\xe5\x8a\x9b\xe6\x8a\xa2\xe9\x95\x9c\xef\xbc\x8c\xe4\xbc\xb4\xe5\xa8\x98\xe6\x9c\x8d6\xe4\xb8\x87\xe5\xa4\x9a\xe4\xb8\x80\xe6\x9d\xa1',
 'TitleUrl': u'http://www.toutiao.com/group/6350838589354787073/'}
2016-11-15 00:50:11 [scrapy] DEBUG: Scraped from <200 http://www.toutiao.com/api/article/feed/?category=news_fashion&utm_source=toutiao&widen=0&max_behot_time=0&max_behot_time_tmp=1479149951&as=A16538313A8D839&cp=581A7DF853099E1>
{'Title': '\xe6\x82\xa8\xe6\xb4\x97\xe5\xa4\xb4\xe7\x9a\x84\xe6\x96\xb9\xe5\xbc\x8f\xe6\xad\xa3\xe7\xa1\xae\xe5\x90\x97 \xe6\x9c\x80\xe4\xbc\xa4\xe5\xa4\xb4\xe7\x9a\xae\xe7\x9a\x84\xe6\x96\xb9\xe5\xbc\x8f\xe6\x98\xaf\xe4\xb8\x8d\xe6\x98\xaf\xe6\x82\xa8\xe6\x9c\x80\xe5\xb8\xb8\xe7\x94\xa8',
 'TitleUrl': u'http://www.toutiao.com/group/6351948259838345474/'}
2016-11-15 00:50:11 [scrapy] DEBUG: Scraped from <200 http://www.toutiao.com/api/article/feed/?category=news_fashion&utm_source=toutiao&widen=0&max_behot_time=0&max_behot_time_tmp=1479149951&as=A16538313A8D839&cp=581A7DF853099E1>
{'Title': '\xe6\x9c\x80\xe5\x96\x9c\xe6\xac\xa2\xe7\xbe\x8e\xe5\xa5\xb3\xe7\xa9\xbf\xe8\xbf\x99\xe7\xa7\x8d\xe9\xbb\x91\xe8\x89\xb2\xe9\x80\x8f\xe6\x98\x8e\xe7\x9a\x84\xe8\xa1\xa3\xe6\x9c\x8d',
 'TitleUrl': u'http://www.toutiao.com/group/6350472963921281537/'}
2016-11-15 00:50:11 [scrapy] DEBUG: Scraped from <200 http://www.toutiao.com/api/article/feed/?category=news_fashion&utm_source=toutiao&widen=0&max_behot_time=0&max_behot_time_tmp=1479149951&as=A16538313A8D839&cp=581A7DF853099E1>
{'Title': '\xe5\x86\xac\xe5\xad\xa3\xe9\x9d\xb4\xe5\xad\x90\xe5\xb0\xb1\xe8\xa6\x81\xe8\xbf\x99\xe6\xa0\xb7\xe7\xa9\xbf',
 'TitleUrl': u'http://www.toutiao.com/group/6352642674478891265/'}
2016-11-15 00:50:11 [scrapy] DEBUG: Scraped from <200 http://www.toutiao.com/api/article/feed/?category=news_fashion&utm_source=toutiao&widen=0&max_behot_time=0&max_behot_time_tmp=1479149951&as=A16538313A8D839&cp=581A7DF853099E1>
{'Title': '\xe5\x86\xac\xe5\xad\xa3\xe9\x9d\xb4\xe5\xad\x90\xe5\xb0\xb1\xe8\xa6\x81\xe8\xbf\x99\xe6\xa0\xb7\xe7\xa9\xbf',
 'TitleUrl': u'http://www.toutiao.com/group/6352964083184845057/?_as_1479171009'}
2016-11-15 00:50:11 [toutiao] INFO: now entring download midware
2016-11-15 00:50:11 [toutiao] INFO: User-Agent is: Speedy Spider (Entireweb; Beta/1.1; http://www.entireweb.com/about/search_tech/speedyspider/) <GET http://www.toutiao.com/api/article/feed/?category=news_fashion&utm_source=toutiao&widen=0&max_behot_time=0&max_behot_time_tmp=1479168670&as=A16538313A8D839&cp=581A7DF853099E1>
2016-11-15 00:50:14 [scrapy] DEBUG: Crawled (200) <GET http://www.toutiao.com/api/article/feed/?category=news_fashion&utm_source=toutiao&widen=0&max_behot_time=0&max_behot_time_tmp=1479168670&as=A16538313A8D839&cp=581A7DF853099E1> (referer: http://www.toutiao.com/api/article/feed/?category=news_fashion&utm_source=toutiao&widen=0&max_behot_time=0&max_behot_time_tmp=1479149951&as=A16538313A8D839&cp=581A7DF853099E1)
2016-11-15 00:50:14 [toutiao] DEBUG: Fetch toutiao homepage page: http://www.toutiao.com/api/article/feed/?category=news_fashion&utm_source=toutiao&widen=0&max_behot_time=0&max_behot_time_tmp=1479168670&as=A16538313A8D839&cp=581A7DF853099E1
2016-11-15 00:50:14 [scrapy] DEBUG: Scraped from <200 http://www.toutiao.com/api/article/feed/?category=news_fashion&utm_source=toutiao&widen=0&max_behot_time=0&max_behot_time_tmp=1479168670&as=A16538313A8D839&cp=581A7DF853099E1>
{'Title': '\xe2\x80\x9c\xe5\x90\xac\xe4\xb8\x80\xe9\xa6\x96\xe6\xad\x8c\xe6\x83\xb3\xe8\xb5\xb7\xe4\xb8\x80\xe4\xb8\xaa\xe4\xba\xba\xe2\x80\x9d\xe9\x82\xa3\xe4\xba\x9b\xe9\x99\xaa\xe6\x88\x91\xe4\xbb\xac\xe8\xb5\xb0\xe8\xbf\x87\xe7\x88\xb1\xe6\x83\x85\xe7\x9a\x84\xe9\x9a\xbe\xe5\xbf\x98\xe6\x97\x8b\xe5\xbe\x8b',
 'TitleUrl': u'http://www.toutiao.com/group/6352750437037670658/'}
2016-11-15 00:50:14 [scrapy] DEBUG: Scraped from <200 http://www.toutiao.com/api/article/feed/?category=news_fashion&utm_source=toutiao&widen=0&max_behot_time=0&max_behot_time_tmp=1479168670&as=A16538313A8D839&cp=581A7DF853099E1>
{'Title': '\xe5\xa4\xaa\xe7\xbe\x8e\xe4\xba\x86\xef\xbc\x81\xe6\x9c\x89\xe5\xa5\xb3\xe5\x84\xbf\xe4\xb8\x80\xe5\xae\x9a\xe8\xa6\x81\xe5\x92\x8c\xe5\xa5\xb9\xe8\xbf\x99\xe6\xa0\xb7\xe7\xa9\xbf',
 'TitleUrl': u'http://www.toutiao.com/group/6351975340273156354/'}
2016-11-15 00:50:14 [scrapy] DEBUG: Scraped from <200 http://www.toutiao.com/api/article/feed/?category=news_fashion&utm_source=toutiao&widen=0&max_behot_time=0&max_behot_time_tmp=1479168670&as=A16538313A8D839&cp=581A7DF853099E1>
{'Title': '2016\xe7\xbb\xb4\xe7\xa7\x98\xe5\xa4\xa9\xe4\xbd\xbf\xe8\xaf\x95\xe8\xa3\x85\xe7\x85\xa7\xe6\x9b\x9d\xe5\x85\x89\xef\xbc\x81\xe6\xb0\x91\xe6\x97\x8f\xe9\xa3\x8e\xe7\x9a\x84\xe6\xb0\xb4\xe6\x99\xb6\xe7\x9b\x9b\xe5\xae\xb4',
 'TitleUrl': u'http://www.toutiao.com/group/6350566233930989826/'}
2016-11-15 00:50:14 [scrapy] DEBUG: Scraped from <200 http://www.toutiao.com/api/article/feed/?category=news_fashion&utm_source=toutiao&widen=0&max_behot_time=0&max_behot_time_tmp=1479168670&as=A16538313A8D839&cp=581A7DF853099E1>
{'Title': '\xe5\xa8\x9c\xe6\x89\x8e\xe8\xbe\x93\xe5\xbe\x97\xe5\xa4\xaa\xe6\x83\xa8\xe4\xba\x86\xef\xbc\x8c\xe8\x83\x96\xe8\xbf\xaa\xe4\xb8\x80\xe4\xb8\xaa\xe8\x83\x8c\xe5\xbd\xb1\xe5\xb0\xb1\xe6\x8a\x8a\xe5\xa5\xb9\xe5\xae\x8c\xe5\x85\xa8\xe7\xa7\x92\xe6\x9d\x80\xef\xbc\x81',
 'TitleUrl': u'http://www.toutiao.com/group/6350964404842234114/'}
2016-11-15 00:50:14 [scrapy] DEBUG: Scraped from <200 http://www.toutiao.com/api/article/feed/?category=news_fashion&utm_source=toutiao&widen=0&max_behot_time=0&max_behot_time_tmp=1479168670&as=A16538313A8D839&cp=581A7DF853099E1>
{'Title': '\xe4\xbf\x84\xe7\xbd\x97\xe6\x96\xaf\xe6\xa8\xaa\xe7\xbb\x87\xe5\xa4\xa7\xe9\xba\xbb\xe8\x8a\xb1\xe8\xa1\xa3\xe6\x9c\x8d\xe7\xbc\x96\xe7\xbb\x87\xe6\x95\x99\xe7\xa8\x8b',
 'TitleUrl': u'http://www.toutiao.com/group/6350051637994668290/'}
2016-11-15 00:50:14 [scrapy] DEBUG: Scraped from <200 http://www.toutiao.com/api/article/feed/?category=news_fashion&utm_source=toutiao&widen=0&max_behot_time=0&max_behot_time_tmp=1479168670&as=A16538313A8D839&cp=581A7DF853099E1>
{'Title': '\xe4\xb8\x8d\xe8\xa6\x81\xe7\x9c\x8b\xe9\xb9\xbf\xe6\x99\x97\xe7\xa9\xbf\xe7\x9d\x80\xe7\xa0\xb4\xe6\xb4\x9e\xe8\xa3\xa4\xe5\xad\x90\xe5\x94\xb1\xe6\xad\x8c \xe4\xbb\x96\xe6\x89\x8b\xe4\xb8\x8a\xe7\x9a\x84\xe8\xa1\xa8\xe5\x8f\xaf\xe4\xbb\xa5\xe4\xb9\xb0\xe4\xb8\x80\xe5\xa5\x97\xe6\x88\xbf\xe5\xad\x90!',
 'TitleUrl': u'http://www.toutiao.com/group/6352389019242529025/'}
2016-11-15 00:50:14 [scrapy] DEBUG: Scraped from <200 http://www.toutiao.com/api/article/feed/?category=news_fashion&utm_source=toutiao&widen=0&max_behot_time=0&max_behot_time_tmp=1479168670&as=A16538313A8D839&cp=581A7DF853099E1>
{'Title': '\xe6\xb2\xa1\xe6\x9c\x89\xe8\x8b\xb9\xe6\x9e\x9c\xe8\x82\x8c\xef\xbc\x8c\xe5\x86\x8d\xe5\xa4\x9a\xe5\x86\xbb\xe9\xbe\x84\xe5\xa5\xb3\xe7\xa5\x9e\xe4\xb9\x9f\xe4\xbc\x9a\xe5\x8f\x98\xe8\x80\x81\xe9\xbe\x84\xe5\xa5\xb3\xe4\xba\xba\xef\xbc\x81\xe4\xbd\xa0\xe7\x9a\x84\xe5\xa5\xb3\xe7\xa5\x9e\xe9\x80\x83\xe6\x8e\x89\xe4\xba\x86\xe5\x90\x97\xef\xbc\x9f',
 'TitleUrl': u'http://www.toutiao.com/group/6352623503296839937/'}
2016-11-15 00:50:14 [scrapy] DEBUG: Scraped from <200 http://www.toutiao.com/api/article/feed/?category=news_fashion&utm_source=toutiao&widen=0&max_behot_time=0&max_behot_time_tmp=1479168670&as=A16538313A8D839&cp=581A7DF853099E1>
{'Title': '\xe5\x88\xab\xe5\x86\x8d\xe6\x89\x94\xe4\xba\x86\xef\xbc\x81\xe5\x8e\x9f\xe6\x9d\xa5\xe7\xba\xa2\xe9\x85\x92\xe5\xa1\x9e\xe6\x89\x8d\xe6\x98\xaf\xe4\xb8\x80\xe7\x93\xb6\xe9\x85\x92\xe4\xb8\xad\xe6\x9c\x80\xe5\x80\xbc\xe9\x92\xb1\xe7\x9a\x84\xef\xbc\x81',
 'TitleUrl': u'http://www.toutiao.com/group/6341206984972468482/'}
2016-11-15 00:50:14 [scrapy] DEBUG: Scraped from <200 http://www.toutiao.com/api/article/feed/?category=news_fashion&utm_source=toutiao&widen=0&max_behot_time=0&max_behot_time_tmp=1479168670&as=A16538313A8D839&cp=581A7DF853099E1>
{'Title': '\xe9\x82\xa3\xe4\xba\x9b\xe4\xb8\x8b\xe9\x9b\xa8\xe5\xa4\xa9\xef\xbc\x8c\xe6\x88\x91\xe4\xbb\xac\xe9\x9c\x80\xe8\xa6\x81\xe4\xb8\x80\xe5\x8f\x8c\xe7\x89\xb9\xe5\x88\xab\xe7\x9a\x84\xe9\x9b\xa8\xe9\x9e\x8b',
 'TitleUrl': u'http://www.toutiao.com/group/6352751679913443585/'}
2016-11-15 00:50:14 [scrapy] DEBUG: Scraped from <200 http://www.toutiao.com/api/article/feed/?category=news_fashion&utm_source=toutiao&widen=0&max_behot_time=0&max_behot_time_tmp=1479168670&as=A16538313A8D839&cp=581A7DF853099E1>
{'Title': '\xe4\xbf\x9d\xe6\x9a\x96\xe5\xb0\x8f\xe7\xaa\x8d\xe9\x97\xa8\xef\xbc\x9a\xe6\xb4\x8b\xe8\x91\xb1\xe5\xbc\x8f\xe7\xa9\xbf\xe6\xb3\x95\xe6\xaf\x94\xe5\x8e\x9a\xe5\xa4\x96\xe5\xa5\x97\xe6\x9b\xb4\xe7\xae\xa1\xe7\x94\xa8',
 'TitleUrl': u'http://www.toutiao.com/group/6347742926148731137/'}
2016-11-15 00:50:14 [scrapy] DEBUG: Scraped from <200 http://www.toutiao.com/api/article/feed/?category=news_fashion&utm_source=toutiao&widen=0&max_behot_time=0&max_behot_time_tmp=1479168670&as=A16538313A8D839&cp=581A7DF853099E1>
{'Title': '\xe5\xae\xb6\xe5\x85\xb7\xe5\x8e\x82\xe6\x89\x93\xe5\xb7\xa5\xe8\x90\x8c\xe5\xa6\xb9\xe5\xad\x90',
 'TitleUrl': u'http://www.toutiao.com/group/6350499420957884674/'}
2016-11-15 00:50:14 [scrapy] DEBUG: Scraped from <200 http://www.toutiao.com/api/article/feed/?category=news_fashion&utm_source=toutiao&widen=0&max_behot_time=0&max_behot_time_tmp=1479168670&as=A16538313A8D839&cp=581A7DF853099E1>
{'Title': '\xe5\x81\x9a\xe4\xb8\x80\xe4\xb8\xaa\xe6\x8b\xa5\xe6\x9c\x89\xe4\xbc\x98\xe9\x9b\x85\xe6\xb0\x94\xe8\xb4\xa8\xe7\x9a\x84\xe5\xa5\xb3\xe4\xba\xba\xef\xbc\x81',
 'TitleUrl': u'http://www.toutiao.com/group/6351535084697649409/'}
2016-11-15 00:50:14 [scrapy] DEBUG: Scraped from <200 http://www.toutiao.com/api/article/feed/?category=news_fashion&utm_source=toutiao&widen=0&max_behot_time=0&max_behot_time_tmp=1479168670&as=A16538313A8D839&cp=581A7DF853099E1>
{'Title': '\xe9\xab\x98\xe8\xb7\x9f\xe9\x9e\x8b\xe6\x94\xbe\xe5\x9c\xa8\xe4\xbf\x9d\xe9\xb2\x9c\xe8\x86\x9c\xe4\xb8\x8a\xef\xbc\x8c\xe9\x9a\x8f\xe5\x90\x8e\xe8\x8e\xb7\xe5\xbe\x97\xe7\xab\xa5\xe8\xaf\x9d\xe5\xbd\x93\xe4\xb8\xad\xe7\x9a\x84\xe7\xbb\x8f\xe5\x85\xb8\xe9\x81\x93\xe5\x85\xb7',
 'TitleUrl': u'http://www.toutiao.com/group/6351338393426788610/'}
2016-11-15 00:50:14 [scrapy] DEBUG: Scraped from <200 http://www.toutiao.com/api/article/feed/?category=news_fashion&utm_source=toutiao&widen=0&max_behot_time=0&max_behot_time_tmp=1479168670&as=A16538313A8D839&cp=581A7DF853099E1>
{'Title': '\xe4\xb8\x8d\xe5\xbe\x97\xe4\xb8\x8d\xe6\x8e\xa8\xe8\x8d\x90\xe7\x9a\x84\xe7\xa7\x8b\xe5\x86\xac\xe7\xa9\xbf\xe6\x90\xad\xef\xbc\x8c\xe5\xae\x9e\xe7\xa9\xbf\xe5\xbe\x97\xe4\xbd\x93\xe4\xb8\x8d\xe8\xbf\x87\xe6\x97\xb6\xef\xbc\x8c\xe6\x89\x8d\xe6\x98\xaf\xe8\xa6\x81\xe7\x9a\x84\xe7\xbb\x88\xe6\x9e\x81\xe8\xbf\xbd\xe6\xb1\x82\xef\xbc\x81',
 'TitleUrl': u'http://www.toutiao.com/group/6352141681576542465/'}
2016-11-15 00:50:14 [scrapy] DEBUG: Scraped from <200 http://www.toutiao.com/api/article/feed/?category=news_fashion&utm_source=toutiao&widen=0&max_behot_time=0&max_behot_time_tmp=1479168670&as=A16538313A8D839&cp=581A7DF853099E1>
{'Title': '\xe7\x88\xb1\xe4\xb8\x8a\xe5\x8e\x9a\xe5\xa4\x96\xe5\xa5\x97  \xe5\xb1\x85\xe7\x84\xb6\xe5\x8f\xaf\xe4\xbb\xa5\xe8\xbf\x99\xe4\xb9\x88\xe6\x98\xbe\xe7\x98\xa6',
 'TitleUrl': u'http://www.toutiao.com/group/6352685935172157698/'}
2016-11-15 00:50:14 [scrapy] DEBUG: Scraped from <200 http://www.toutiao.com/api/article/feed/?category=news_fashion&utm_source=toutiao&widen=0&max_behot_time=0&max_behot_time_tmp=1479168670&as=A16538313A8D839&cp=581A7DF853099E1>
{'Title': '\xe7\x88\xb1\xe4\xb8\x8a\xe5\x8e\x9a\xe5\xa4\x96\xe5\xa5\x97  \xe5\xb1\x85\xe7\x84\xb6\xe5\x8f\xaf\xe4\xbb\xa5\xe8\xbf\x99\xe4\xb9\x88\xe6\x98\xbe\xe7\x98\xa6',
 'TitleUrl': u'http://www.toutiao.com/group/6352963892401996033/?_as_1479171012'}
2016-11-15 00:50:14 [toutiao] INFO: now entring download midware
2016-11-15 00:50:14 [toutiao] INFO: User-Agent is: FyberSpider (+http://www.fybersearch.com/fyberspider.php) <GET http://www.toutiao.com/api/article/feed/?category=news_fashion&utm_source=toutiao&widen=0&max_behot_time=0&max_behot_time_tmp=1479170750&as=A16538313A8D839&cp=581A7DF853099E1>
2016-11-15 00:50:14 [scrapy] DEBUG: Crawled (200) <GET http://www.toutiao.com/api/article/feed/?category=news_fashion&utm_source=toutiao&widen=0&max_behot_time=0&max_behot_time_tmp=1479170750&as=A16538313A8D839&cp=581A7DF853099E1> (referer: http://www.toutiao.com/api/article/feed/?category=news_fashion&utm_source=toutiao&widen=0&max_behot_time=0&max_behot_time_tmp=1479168670&as=A16538313A8D839&cp=581A7DF853099E1)
2016-11-15 00:50:14 [toutiao] DEBUG: Fetch toutiao homepage page: http://www.toutiao.com/api/article/feed/?category=news_fashion&utm_source=toutiao&widen=0&max_behot_time=0&max_behot_time_tmp=1479170750&as=A16538313A8D839&cp=581A7DF853099E1
2016-11-15 00:50:14 [scrapy] DEBUG: Scraped from <200 http://www.toutiao.com/api/article/feed/?category=news_fashion&utm_source=toutiao&widen=0&max_behot_time=0&max_behot_time_tmp=1479170750&as=A16538313A8D839&cp=581A7DF853099E1>
{'Title': '\xe5\xa5\xb3\xe5\xad\xa9\xe5\xad\x90\xe4\xb8\xba\xe4\xbb\x80\xe4\xb9\x88\xe8\xa6\x81\xe5\x8c\x96\xe5\xa6\x86\xef\xbc\x9f\xe7\xbb\x99\xe4\xbd\xa0\xe5\x85\xab\xe5\xa4\xa7\xe7\x90\x86\xe7\x94\xb1\xef\xbc\x81',
 'TitleUrl': u'http://www.toutiao.com/group/6352750538081665281/'}
2016-11-15 00:50:14 [scrapy] DEBUG: Scraped from <200 http://www.toutiao.com/api/article/feed/?category=news_fashion&utm_source=toutiao&widen=0&max_behot_time=0&max_behot_time_tmp=1479170750&as=A16538313A8D839&cp=581A7DF853099E1>
{'Title': '\xe6\xaf\x9b\xe5\x91\xa2\xe5\xa4\x96\xe5\xa5\x97\xef\xbc\x8c\xe5\x9c\xa8\xe5\x8f\x8c\xe5\x8d\x81\xe4\xb8\x80\xe4\xb9\xb0\xe6\x89\x8d\xe4\xbe\xbf\xe5\xae\x9c',
 'TitleUrl': u'http://www.toutiao.com/group/6350481687922622978/'}
2016-11-15 00:50:14 [scrapy] DEBUG: Scraped from <200 http://www.toutiao.com/api/article/feed/?category=news_fashion&utm_source=toutiao&widen=0&max_behot_time=0&max_behot_time_tmp=1479170750&as=A16538313A8D839&cp=581A7DF853099E1>
{'Title': '\xe5\x8f\x8c11\xef\xbc\x8c\xe7\x9a\xae\xe8\x8d\x89\xe4\xb9\x9f\xe5\x8f\xaf\xe4\xbb\xa5\xe5\xbe\x88\xe4\xbe\xbf\xe5\xae\x9c',
 'TitleUrl': u'http://www.toutiao.com/group/6350432414460936450/'}
2016-11-15 00:50:14 [scrapy] DEBUG: Scraped from <200 http://www.toutiao.com/api/article/feed/?category=news_fashion&utm_source=toutiao&widen=0&max_behot_time=0&max_behot_time_tmp=1479170750&as=A16538313A8D839&cp=581A7DF853099E1>
{'Title': '\xe5\xa5\xb3\xe4\xba\xba\xe5\x9d\x9a\xe6\x8c\x81\xe6\xaf\x8f\xe5\xa4\xa9\xe4\xb8\x80\xe7\xa2\x97\xef\xbc\x8c\xe6\xb0\x94\xe8\x89\xb2\xe6\xa3\x92\xe6\xa3\x92\xe5\x93\x92\xef\xbc\x81\xe7\x99\xbd\xe5\xa4\xb4\xe5\x8f\x91\xe4\xb9\x9f\xe4\xb8\x8d\xe8\xa7\x81\xe4\xba\x86\xef\xbc\x81',
 'TitleUrl': u'http://www.toutiao.com/group/6322759278118387969/'}
2016-11-15 00:50:14 [scrapy] DEBUG: Scraped from <200 http://www.toutiao.com/api/article/feed/?category=news_fashion&utm_source=toutiao&widen=0&max_behot_time=0&max_behot_time_tmp=1479170750&as=A16538313A8D839&cp=581A7DF853099E1>
{'Title': '34\xe5\xb2\x81\xe7\x9a\x84\xe7\x8e\x8b\xe9\xb8\xa5\xe5\x92\x8c30\xe5\xb2\x81\xe7\x9a\x84\xe6\x9d\xa8\xe5\xb9\x82\xe6\x9c\x89\xe7\x9d\x80\xe8\x9c\x9c\xe6\xb1\x81\xe7\x9b\xb8\xe4\xbc\xbc',
 'TitleUrl': u'http://www.toutiao.com/group/6351234118579372290/'}
2016-11-15 00:50:14 [scrapy] DEBUG: Scraped from <200 http://www.toutiao.com/api/article/feed/?category=news_fashion&utm_source=toutiao&widen=0&max_behot_time=0&max_behot_time_tmp=1479170750&as=A16538313A8D839&cp=581A7DF853099E1>
{'Title': '\xe5\x8f\x8c\xe5\x8d\x81\xe4\xb8\x80\xe8\xb4\xad\xe7\x89\xa9\xe6\x8c\x87\xe5\x8d\x97\xe2\x80\x94\xe2\x80\x94\xe8\xbf\x99\xe5\x87\xa0\xe6\xac\xbe\xe6\x98\x8e\xe6\x98\x9f\xe5\x90\x8c\xe6\xac\xbe\xe6\x89\x8b\xe8\xa1\xa8\xe5\xbe\x88\xe7\xbb\x8f\xe5\x85\xb8',
 'TitleUrl': u'http://www.toutiao.com/group/6350448080659235073/'}
2016-11-15 00:50:14 [scrapy] DEBUG: Scraped from <200 http://www.toutiao.com/api/article/feed/?category=news_fashion&utm_source=toutiao&widen=0&max_behot_time=0&max_behot_time_tmp=1479170750&as=A16538313A8D839&cp=581A7DF853099E1>
{'Title': '\xe8\x83\x96\xe5\xa5\xb3\xe4\xba\xba\xe7\x9c\x9f\xe7\x9a\x84\xe9\x80\x82\xe5\x90\x88\xe7\xa9\xbf\xe6\x97\x97\xe8\xa2\x8d\xe4\xb9\x88\xef\xbc\x9f',
 'TitleUrl': u'http://www.toutiao.com/group/6352748522068836610/'}
2016-11-15 00:50:14 [scrapy] DEBUG: Scraped from <200 http://www.toutiao.com/api/article/feed/?category=news_fashion&utm_source=toutiao&widen=0&max_behot_time=0&max_behot_time_tmp=1479170750&as=A16538313A8D839&cp=581A7DF853099E1>
{'Title': '\xe5\xa5\xb3\xe7\xa5\x9e\xe5\xbf\x85\xe5\xa4\x87\xe7\x9a\x84\xe5\x8d\x81\xe6\xac\xbe\xe7\xa7\x8b\xe5\x86\xac\xe5\xa4\xa7\xe8\xa1\xa3',
 'TitleUrl': u'http://www.toutiao.com/group/6350953432190943489/'}
2016-11-15 00:50:14 [scrapy] DEBUG: Scraped from <200 http://www.toutiao.com/api/article/feed/?category=news_fashion&utm_source=toutiao&widen=0&max_behot_time=0&max_behot_time_tmp=1479170750&as=A16538313A8D839&cp=581A7DF853099E1>
{'Title': '\xe2\x80\x9c\xe5\x90\xac\xe4\xb8\x80\xe9\xa6\x96\xe6\xad\x8c\xe6\x83\xb3\xe8\xb5\xb7\xe4\xb8\x80\xe4\xb8\xaa\xe4\xba\xba\xe2\x80\x9d\xe9\x82\xa3\xe4\xba\x9b\xe9\x99\xaa\xe6\x88\x91\xe4\xbb\xac\xe8\xb5\xb0\xe8\xbf\x87\xe7\x88\xb1\xe6\x83\x85\xe7\x9a\x84\xe9\x9a\xbe\xe5\xbf\x98\xe6\x97\x8b\xe5\xbe\x8b',
 'TitleUrl': u'http://www.toutiao.com/group/6352750437037670658/'}
2016-11-15 00:50:14 [scrapy] DEBUG: Scraped from <200 http://www.toutiao.com/api/article/feed/?category=news_fashion&utm_source=toutiao&widen=0&max_behot_time=0&max_behot_time_tmp=1479170750&as=A16538313A8D839&cp=581A7DF853099E1>
{'Title': '\xe5\xa4\xaa\xe7\xbe\x8e\xe4\xba\x86\xef\xbc\x81\xe6\x9c\x89\xe5\xa5\xb3\xe5\x84\xbf\xe4\xb8\x80\xe5\xae\x9a\xe8\xa6\x81\xe5\x92\x8c\xe5\xa5\xb9\xe8\xbf\x99\xe6\xa0\xb7\xe7\xa9\xbf',
 'TitleUrl': u'http://www.toutiao.com/group/6351975340273156354/'}
2016-11-15 00:50:14 [scrapy] DEBUG: Scraped from <200 http://www.toutiao.com/api/article/feed/?category=news_fashion&utm_source=toutiao&widen=0&max_behot_time=0&max_behot_time_tmp=1479170750&as=A16538313A8D839&cp=581A7DF853099E1>
{'Title': '2016\xe7\xbb\xb4\xe7\xa7\x98\xe5\xa4\xa9\xe4\xbd\xbf\xe8\xaf\x95\xe8\xa3\x85\xe7\x85\xa7\xe6\x9b\x9d\xe5\x85\x89\xef\xbc\x81\xe6\xb0\x91\xe6\x97\x8f\xe9\xa3\x8e\xe7\x9a\x84\xe6\xb0\xb4\xe6\x99\xb6\xe7\x9b\x9b\xe5\xae\xb4',
 'TitleUrl': u'http://www.toutiao.com/group/6350566233930989826/'}
2016-11-15 00:50:14 [scrapy] DEBUG: Scraped from <200 http://www.toutiao.com/api/article/feed/?category=news_fashion&utm_source=toutiao&widen=0&max_behot_time=0&max_behot_time_tmp=1479170750&as=A16538313A8D839&cp=581A7DF853099E1>
{'Title': '\xe5\xa8\x9c\xe6\x89\x8e\xe8\xbe\x93\xe5\xbe\x97\xe5\xa4\xaa\xe6\x83\xa8\xe4\xba\x86\xef\xbc\x8c\xe8\x83\x96\xe8\xbf\xaa\xe4\xb8\x80\xe4\xb8\xaa\xe8\x83\x8c\xe5\xbd\xb1\xe5\xb0\xb1\xe6\x8a\x8a\xe5\xa5\xb9\xe5\xae\x8c\xe5\x85\xa8\xe7\xa7\x92\xe6\x9d\x80\xef\xbc\x81',
 'TitleUrl': u'http://www.toutiao.com/group/6350964404842234114/'}
2016-11-15 00:50:14 [scrapy] DEBUG: Scraped from <200 http://www.toutiao.com/api/article/feed/?category=news_fashion&utm_source=toutiao&widen=0&max_behot_time=0&max_behot_time_tmp=1479170750&as=A16538313A8D839&cp=581A7DF853099E1>
{'Title': '\xe4\xbf\x84\xe7\xbd\x97\xe6\x96\xaf\xe6\xa8\xaa\xe7\xbb\x87\xe5\xa4\xa7\xe9\xba\xbb\xe8\x8a\xb1\xe8\xa1\xa3\xe6\x9c\x8d\xe7\xbc\x96\xe7\xbb\x87\xe6\x95\x99\xe7\xa8\x8b',
 'TitleUrl': u'http://www.toutiao.com/group/6350051637994668290/'}
2016-11-15 00:50:14 [scrapy] DEBUG: Scraped from <200 http://www.toutiao.com/api/article/feed/?category=news_fashion&utm_source=toutiao&widen=0&max_behot_time=0&max_behot_time_tmp=1479170750&as=A16538313A8D839&cp=581A7DF853099E1>
{'Title': '\xe4\xb8\x8d\xe8\xa6\x81\xe7\x9c\x8b\xe9\xb9\xbf\xe6\x99\x97\xe7\xa9\xbf\xe7\x9d\x80\xe7\xa0\xb4\xe6\xb4\x9e\xe8\xa3\xa4\xe5\xad\x90\xe5\x94\xb1\xe6\xad\x8c \xe4\xbb\x96\xe6\x89\x8b\xe4\xb8\x8a\xe7\x9a\x84\xe8\xa1\xa8\xe5\x8f\xaf\xe4\xbb\xa5\xe4\xb9\xb0\xe4\xb8\x80\xe5\xa5\x97\xe6\x88\xbf\xe5\xad\x90!',
 'TitleUrl': u'http://www.toutiao.com/group/6352389019242529025/'}
2016-11-15 00:50:14 [scrapy] DEBUG: Scraped from <200 http://www.toutiao.com/api/article/feed/?category=news_fashion&utm_source=toutiao&widen=0&max_behot_time=0&max_behot_time_tmp=1479170750&as=A16538313A8D839&cp=581A7DF853099E1>
{'Title': '\xe6\xb2\xa1\xe6\x9c\x89\xe8\x8b\xb9\xe6\x9e\x9c\xe8\x82\x8c\xef\xbc\x8c\xe5\x86\x8d\xe5\xa4\x9a\xe5\x86\xbb\xe9\xbe\x84\xe5\xa5\xb3\xe7\xa5\x9e\xe4\xb9\x9f\xe4\xbc\x9a\xe5\x8f\x98\xe8\x80\x81\xe9\xbe\x84\xe5\xa5\xb3\xe4\xba\xba\xef\xbc\x81\xe4\xbd\xa0\xe7\x9a\x84\xe5\xa5\xb3\xe7\xa5\x9e\xe9\x80\x83\xe6\x8e\x89\xe4\xba\x86\xe5\x90\x97\xef\xbc\x9f',
 'TitleUrl': u'http://www.toutiao.com/group/6352623503296839937/'}
2016-11-15 00:50:14 [scrapy] DEBUG: Scraped from <200 http://www.toutiao.com/api/article/feed/?category=news_fashion&utm_source=toutiao&widen=0&max_behot_time=0&max_behot_time_tmp=1479170750&as=A16538313A8D839&cp=581A7DF853099E1>
{'Title': '\xe6\xb2\xa1\xe6\x9c\x89\xe8\x8b\xb9\xe6\x9e\x9c\xe8\x82\x8c\xef\xbc\x8c\xe5\x86\x8d\xe5\xa4\x9a\xe5\x86\xbb\xe9\xbe\x84\xe5\xa5\xb3\xe7\xa5\x9e\xe4\xb9\x9f\xe4\xbc\x9a\xe5\x8f\x98\xe8\x80\x81\xe9\xbe\x84\xe5\xa5\xb3\xe4\xba\xba\xef\xbc\x81\xe4\xbd\xa0\xe7\x9a\x84\xe5\xa5\xb3\xe7\xa5\x9e\xe9\x80\x83\xe6\x8e\x89\xe4\xba\x86\xe5\x90\x97\xef\xbc\x9f',
 'TitleUrl': u'http://www.toutiao.com/group/6352963598986625281/?_as_1479171013'}
2016-11-15 00:50:14 [toutiao] INFO: now entring download midware
2016-11-15 00:50:14 [toutiao] INFO: User-Agent is: Mozilla/4.0 (compatible; MSIE 7.0; Windows NT 6.0) AddSugarSpiderBot www.idealobserver.com <GET http://www.toutiao.com/api/article/feed/?category=news_fashion&utm_source=toutiao&widen=0&max_behot_time=0&max_behot_time_tmp=1479170982&as=A16538313A8D839&cp=581A7DF853099E1>
2016-11-15 00:50:15 [scrapy] DEBUG: Crawled (200) <GET http://www.toutiao.com/api/article/feed/?category=news_fashion&utm_source=toutiao&widen=0&max_behot_time=0&max_behot_time_tmp=1479170982&as=A16538313A8D839&cp=581A7DF853099E1> (referer: http://www.toutiao.com/api/article/feed/?category=news_fashion&utm_source=toutiao&widen=0&max_behot_time=0&max_behot_time_tmp=1479170750&as=A16538313A8D839&cp=581A7DF853099E1)
2016-11-15 00:50:15 [toutiao] DEBUG: Fetch toutiao homepage page: http://www.toutiao.com/api/article/feed/?category=news_fashion&utm_source=toutiao&widen=0&max_behot_time=0&max_behot_time_tmp=1479170982&as=A16538313A8D839&cp=581A7DF853099E1
2016-11-15 00:50:15 [scrapy] DEBUG: Scraped from <200 http://www.toutiao.com/api/article/feed/?category=news_fashion&utm_source=toutiao&widen=0&max_behot_time=0&max_behot_time_tmp=1479170982&as=A16538313A8D839&cp=581A7DF853099E1>
{'Title': '\xe5\x90\xac\xe8\xaf\xb4hin\xe4\xbc\x9a\xe6\x89\x93\xe6\x89\xae\xe7\x9a\x84\xe5\x8f\xaf\xe4\xba\xba\xe5\x84\xbf\xe9\x83\xbdhin\xe4\xbc\x9a\xe9\x9c\xb2\xe8\xa2\x9c\xe5\xad\x90\xef\xbc\x81\xef\xbc\x9f',
 'TitleUrl': u'http://www.toutiao.com/group/6352750662682165505/'}
2016-11-15 00:50:15 [scrapy] DEBUG: Scraped from <200 http://www.toutiao.com/api/article/feed/?category=news_fashion&utm_source=toutiao&widen=0&max_behot_time=0&max_behot_time_tmp=1479170982&as=A16538313A8D839&cp=581A7DF853099E1>
{'Title': '\xe5\xa5\xb3\xe5\xad\xa9\xe8\x87\xaa\xe5\xb9\xbc\xe5\x9b\xa0\xe7\x97\x85\xe8\x84\xb8\xe9\x83\xa8\xe5\x8f\x98\xe5\xbd\xa2\xef\xbc\x8c\xe5\xad\xa6\xe5\x8c\x96\xe5\xa6\x86\xe8\xae\xa9\xe8\x87\xaa\xe5\xb7\xb1\xe5\x8f\x98\xe7\xbe\x8e',
 'TitleUrl': u'http://www.toutiao.com/group/6352086196634730753/'}
2016-11-15 00:50:15 [scrapy] DEBUG: Scraped from <200 http://www.toutiao.com/api/article/feed/?category=news_fashion&utm_source=toutiao&widen=0&max_behot_time=0&max_behot_time_tmp=1479170982&as=A16538313A8D839&cp=581A7DF853099E1>
{'Title': '\xe4\xb8\x80\xe5\xbc\xa0\xe5\x9b\xbe\xe5\x91\x8a\xe8\xaf\x89\xe4\xbd\xa0Angelababy\xe7\x9a\x84\xe5\x8f\x91\xe5\x9e\x8b\xe5\x9c\xa8\xe7\x94\xb7\xe7\x94\x9f\xe7\x9c\xbc\xe4\xb8\xad\xe6\x98\xaf\xe4\xbb\x80\xe4\xb9\x88\xe6\xa0\xb7\xe7\x9a\x84\xef\xbc\x9f',
 'TitleUrl': u'http://www.toutiao.com/group/6350911986881233153/'}
2016-11-15 00:50:15 [scrapy] DEBUG: Scraped from <200 http://www.toutiao.com/api/article/feed/?category=news_fashion&utm_source=toutiao&widen=0&max_behot_time=0&max_behot_time_tmp=1479170982&as=A16538313A8D839&cp=581A7DF853099E1>
{'Title': '\xe5\x96\x9c\xe6\xac\xa2\xe7\xae\x80\xe7\xba\xa6\xe5\x8f\x88\xe6\x9c\x89\xe8\xb4\xa8\xe6\x84\x9f\xef\xbc\x9f\xe4\xbd\xa0\xe8\x82\xaf\xe5\xae\x9a\xe4\xbc\x9a\xe7\x88\xb1\xe4\xb8\x8a\xe8\xbf\x99\xe4\xb8\xaa\xe8\xbf\x98\xe6\x9c\xaa\xe6\x9c\x89\xe5\xbe\x88\xe5\xa4\x9a\xe4\xba\xba\xe8\xae\xa4\xe8\xaf\x86\xe7\x9a\x84\xe5\x93\x81\xe7\x89\x8c\xef\xbc\x81',
 'TitleUrl': u'http://www.toutiao.com/group/6352484477058957569/'}
2016-11-15 00:50:15 [scrapy] DEBUG: Scraped from <200 http://www.toutiao.com/api/article/feed/?category=news_fashion&utm_source=toutiao&widen=0&max_behot_time=0&max_behot_time_tmp=1479170982&as=A16538313A8D839&cp=581A7DF853099E1>
{'Title': '\xe7\xbb\x99\xe5\x8f\x8c\xe5\x8d\x81\xe4\xb8\x80\xe6\x9c\x80\xe5\x90\x8e\xe6\xb7\xbb\xe6\x8a\x8a\xe7\x81\xab\xef\xbc\x8c\xe6\x88\x91\xe7\xbf\xbb\xe9\x81\x8d\xe4\xba\x86\xe8\xb4\xad\xe7\x89\xa9\xe8\xbd\xa6\xe5\x92\x8c\xe5\x8e\x86\xe5\x8f\xb2\xe8\xae\xa2\xe5\x8d\x95\xe6\x8a\x8a\xe8\xbf\x99\xe4\xba\x9b\xe6\x8e\xa8\xe8\x8d\x90\xe7\xbb\x99\xe4\xbd\xa0~',
 'TitleUrl': u'http://www.toutiao.com/group/6350983143385760001/'}
2016-11-15 00:50:15 [scrapy] DEBUG: Scraped from <200 http://www.toutiao.com/api/article/feed/?category=news_fashion&utm_source=toutiao&widen=0&max_behot_time=0&max_behot_time_tmp=1479170982&as=A16538313A8D839&cp=581A7DF853099E1>
{'Title': '\xe5\xa4\xa7\xe8\xa1\xa8\xe5\xa7\x90\xe7\x9c\x9f\xe5\xbf\x83\xe4\xb8\x8d\xe6\x98\xaf\xe5\xa4\xb8\xe4\xbd\xa0\xef\xbc\x8c\xe8\xbf\x99\xe6\xa0\xb7\xe7\xa9\xbf\xe4\xb9\x9f\xe5\xbf\x92\xe6\x9c\x89\xe6\xb0\x94\xe8\xb4\xa8\xe4\xba\x86',
 'TitleUrl': u'http://www.toutiao.com/group/6352627732187414785/'}
2016-11-15 00:50:15 [scrapy] DEBUG: Scraped from <200 http://www.toutiao.com/api/article/feed/?category=news_fashion&utm_source=toutiao&widen=0&max_behot_time=0&max_behot_time_tmp=1479170982&as=A16538313A8D839&cp=581A7DF853099E1>
{'Title': '\xe5\xa4\xaa\xe5\x86\xb7\xe4\xba\x86\xef\xbc\x8c\xe7\x9c\x9f\xe6\x98\xaf\xe5\xa4\xaa\xe5\x86\xb7\xe4\xba\x86\xef\xbc\x8c\xe7\xbe\x8e\xe5\xa5\xb3\xe9\x83\xbd\xe7\xa9\xbf\xe9\x95\xbf\xe9\x9d\xb4\xe8\xbf\x87\xe5\x86\xac\xe4\xba\x86\xe3\x80\x82',
 'TitleUrl': u'http://www.toutiao.com/group/6339320257128284417/'}
2016-11-15 00:50:15 [scrapy] DEBUG: Scraped from <200 http://www.toutiao.com/api/article/feed/?category=news_fashion&utm_source=toutiao&widen=0&max_behot_time=0&max_behot_time_tmp=1479170982&as=A16538313A8D839&cp=581A7DF853099E1>
{'Title': '\xe7\x8b\x82\xe6\x8b\x94\xe8\x8d\x89\xe5\x8f\x8c11\xe5\x8f\xaa\xe4\xb9\xb0\xe5\xaf\xb9\xe7\x9a\x84\xef\xbc\x81\xe5\xa4\xa7\xe5\xb9\x82\xe5\xb9\x82\xe5\x94\x90\xe5\xab\xa3\xe9\x83\x91\xe7\x88\xbd\xe6\x95\x99\xe4\xbd\xa0\xe8\xbf\x99\xe6\xa0\xb7\xe4\xb9\xb0\xe5\xb8\xbd\xe5\xad\x90\xe6\x9c\x80\xe9\x80\x82\xe5\x90\x88\xe4\xbd\xa0\xef\xbc\x81',
 'TitleUrl': u'http://www.toutiao.com/group/6350434608894771458/'}
2016-11-15 00:50:15 [scrapy] DEBUG: Scraped from <200 http://www.toutiao.com/api/article/feed/?category=news_fashion&utm_source=toutiao&widen=0&max_behot_time=0&max_behot_time_tmp=1479170982&as=A16538313A8D839&cp=581A7DF853099E1>
{'Title': '\xe5\xa5\xb3\xe5\xad\xa9\xe5\xad\x90\xe4\xb8\xba\xe4\xbb\x80\xe4\xb9\x88\xe8\xa6\x81\xe5\x8c\x96\xe5\xa6\x86\xef\xbc\x9f\xe7\xbb\x99\xe4\xbd\xa0\xe5\x85\xab\xe5\xa4\xa7\xe7\x90\x86\xe7\x94\xb1\xef\xbc\x81',
 'TitleUrl': u'http://www.toutiao.com/group/6352750538081665281/'}
2016-11-15 00:50:15 [scrapy] DEBUG: Scraped from <200 http://www.toutiao.com/api/article/feed/?category=news_fashion&utm_source=toutiao&widen=0&max_behot_time=0&max_behot_time_tmp=1479170982&as=A16538313A8D839&cp=581A7DF853099E1>
{'Title': '\xe6\xaf\x9b\xe5\x91\xa2\xe5\xa4\x96\xe5\xa5\x97\xef\xbc\x8c\xe5\x9c\xa8\xe5\x8f\x8c\xe5\x8d\x81\xe4\xb8\x80\xe4\xb9\xb0\xe6\x89\x8d\xe4\xbe\xbf\xe5\xae\x9c',
 'TitleUrl': u'http://www.toutiao.com/group/6350481687922622978/'}
2016-11-15 00:50:15 [scrapy] DEBUG: Scraped from <200 http://www.toutiao.com/api/article/feed/?category=news_fashion&utm_source=toutiao&widen=0&max_behot_time=0&max_behot_time_tmp=1479170982&as=A16538313A8D839&cp=581A7DF853099E1>
{'Title': '\xe5\x8f\x8c11\xef\xbc\x8c\xe7\x9a\xae\xe8\x8d\x89\xe4\xb9\x9f\xe5\x8f\xaf\xe4\xbb\xa5\xe5\xbe\x88\xe4\xbe\xbf\xe5\xae\x9c',
 'TitleUrl': u'http://www.toutiao.com/group/6350432414460936450/'}
2016-11-15 00:50:15 [scrapy] DEBUG: Scraped from <200 http://www.toutiao.com/api/article/feed/?category=news_fashion&utm_source=toutiao&widen=0&max_behot_time=0&max_behot_time_tmp=1479170982&as=A16538313A8D839&cp=581A7DF853099E1>
{'Title': '\xe5\xa5\xb3\xe4\xba\xba\xe5\x9d\x9a\xe6\x8c\x81\xe6\xaf\x8f\xe5\xa4\xa9\xe4\xb8\x80\xe7\xa2\x97\xef\xbc\x8c\xe6\xb0\x94\xe8\x89\xb2\xe6\xa3\x92\xe6\xa3\x92\xe5\x93\x92\xef\xbc\x81\xe7\x99\xbd\xe5\xa4\xb4\xe5\x8f\x91\xe4\xb9\x9f\xe4\xb8\x8d\xe8\xa7\x81\xe4\xba\x86\xef\xbc\x81',
 'TitleUrl': u'http://www.toutiao.com/group/6322759278118387969/'}
2016-11-15 00:50:15 [scrapy] DEBUG: Scraped from <200 http://www.toutiao.com/api/article/feed/?category=news_fashion&utm_source=toutiao&widen=0&max_behot_time=0&max_behot_time_tmp=1479170982&as=A16538313A8D839&cp=581A7DF853099E1>
{'Title': '34\xe5\xb2\x81\xe7\x9a\x84\xe7\x8e\x8b\xe9\xb8\xa5\xe5\x92\x8c30\xe5\xb2\x81\xe7\x9a\x84\xe6\x9d\xa8\xe5\xb9\x82\xe6\x9c\x89\xe7\x9d\x80\xe8\x9c\x9c\xe6\xb1\x81\xe7\x9b\xb8\xe4\xbc\xbc',
 'TitleUrl': u'http://www.toutiao.com/group/6351234118579372290/'}
2016-11-15 00:50:15 [scrapy] DEBUG: Scraped from <200 http://www.toutiao.com/api/article/feed/?category=news_fashion&utm_source=toutiao&widen=0&max_behot_time=0&max_behot_time_tmp=1479170982&as=A16538313A8D839&cp=581A7DF853099E1>
{'Title': '\xe5\x8f\x8c\xe5\x8d\x81\xe4\xb8\x80\xe8\xb4\xad\xe7\x89\xa9\xe6\x8c\x87\xe5\x8d\x97\xe2\x80\x94\xe2\x80\x94\xe8\xbf\x99\xe5\x87\xa0\xe6\xac\xbe\xe6\x98\x8e\xe6\x98\x9f\xe5\x90\x8c\xe6\xac\xbe\xe6\x89\x8b\xe8\xa1\xa8\xe5\xbe\x88\xe7\xbb\x8f\xe5\x85\xb8',
 'TitleUrl': u'http://www.toutiao.com/group/6350448080659235073/'}
2016-11-15 00:50:15 [scrapy] DEBUG: Scraped from <200 http://www.toutiao.com/api/article/feed/?category=news_fashion&utm_source=toutiao&widen=0&max_behot_time=0&max_behot_time_tmp=1479170982&as=A16538313A8D839&cp=581A7DF853099E1>
{'Title': '\xe8\x83\x96\xe5\xa5\xb3\xe4\xba\xba\xe7\x9c\x9f\xe7\x9a\x84\xe9\x80\x82\xe5\x90\x88\xe7\xa9\xbf\xe6\x97\x97\xe8\xa2\x8d\xe4\xb9\x88\xef\xbc\x9f',
 'TitleUrl': u'http://www.toutiao.com/group/6352748522068836610/'}
2016-11-15 00:50:15 [scrapy] DEBUG: Scraped from <200 http://www.toutiao.com/api/article/feed/?category=news_fashion&utm_source=toutiao&widen=0&max_behot_time=0&max_behot_time_tmp=1479170982&as=A16538313A8D839&cp=581A7DF853099E1>
{'Title': '\xe8\x83\x96\xe5\xa5\xb3\xe4\xba\xba\xe7\x9c\x9f\xe7\x9a\x84\xe9\x80\x82\xe5\x90\x88\xe7\xa9\xbf\xe6\x97\x97\xe8\xa2\x8d\xe4\xb9\x88\xef\xbc\x9f',
 'TitleUrl': u'http://www.toutiao.com/group/6352963809900118273/?_as_1479171014'}
2016-11-15 00:50:15 [toutiao] INFO: now entring download midware
2016-11-15 00:50:15 [toutiao] INFO: User-Agent is: Speedy Spider (Entireweb; Beta/1.3; http://www.entireweb.com/about/search_tech/speedyspider/) <GET http://www.toutiao.com/api/article/feed/?category=news_fashion&utm_source=toutiao&widen=0&max_behot_time=0&max_behot_time_tmp=1479171012&as=A16538313A8D839&cp=581A7DF853099E1>
2016-11-15 00:50:16 [scrapy] DEBUG: Crawled (200) <GET http://www.toutiao.com/api/article/feed/?category=news_fashion&utm_source=toutiao&widen=0&max_behot_time=0&max_behot_time_tmp=1479171012&as=A16538313A8D839&cp=581A7DF853099E1> (referer: http://www.toutiao.com/api/article/feed/?category=news_fashion&utm_source=toutiao&widen=0&max_behot_time=0&max_behot_time_tmp=1479170982&as=A16538313A8D839&cp=581A7DF853099E1)
2016-11-15 00:50:16 [toutiao] DEBUG: Fetch toutiao homepage page: http://www.toutiao.com/api/article/feed/?category=news_fashion&utm_source=toutiao&widen=0&max_behot_time=0&max_behot_time_tmp=1479171012&as=A16538313A8D839&cp=581A7DF853099E1
2016-11-15 00:50:16 [scrapy] DEBUG: Scraped from <200 http://www.toutiao.com/api/article/feed/?category=news_fashion&utm_source=toutiao&widen=0&max_behot_time=0&max_behot_time_tmp=1479171012&as=A16538313A8D839&cp=581A7DF853099E1>
{'Title': '\xe5\x85\xa8\xe9\x9d\xa0\xe8\x84\x91\xe9\x97\xa8\xe4\xb8\x8a\xe7\x9a\x84\xe6\xb3\xb0\xe8\xbf\xaa\xe5\xb0\x8f\xe7\xa2\x8e\xe6\xaf\x9b\xef\xbc\x8c\xe5\x85\xb3\xe6\x99\x93\xe5\xbd\xa4\xe6\x9c\x80\xe8\xbf\x91\xe7\xbe\x8e\xe6\x88\x90\xe4\xba\x86\xe6\xb4\x8b\xe5\xa8\x83\xe5\xa8\x83\xef\xbc\x81',
 'TitleUrl': u'http://www.toutiao.com/group/6352797197722075394/'}
2016-11-15 00:50:16 [scrapy] DEBUG: Scraped from <200 http://www.toutiao.com/api/article/feed/?category=news_fashion&utm_source=toutiao&widen=0&max_behot_time=0&max_behot_time_tmp=1479171012&as=A16538313A8D839&cp=581A7DF853099E1>
{'Title': '\xe6\x89\x93\xe5\xb7\xa5\xe5\xa6\xb9\xe8\xbe\x9e\xe8\x81\x8c\xe6\x91\x86\xe5\x9c\xb0\xe6\x91\x8a\xef\xbc\x8c\xe6\x97\xa5\xe5\x85\xa5\xe8\xbf\x87\xe5\x8d\x83\xef\xbc\x8c\xe6\x9c\x80\xe5\x90\x8e\xe4\xb8\x80\xe4\xb8\xaa\xe4\xb8\x8d\xe5\x81\x9a\xe6\xa8\xa1\xe7\x89\xb9\xe7\x9c\x9f\xe5\x8f\xaf\xe6\x83\x9c',
 'TitleUrl': u'http://www.toutiao.com/group/6352698450584781058/'}
2016-11-15 00:50:16 [scrapy] DEBUG: Scraped from <200 http://www.toutiao.com/api/article/feed/?category=news_fashion&utm_source=toutiao&widen=0&max_behot_time=0&max_behot_time_tmp=1479171012&as=A16538313A8D839&cp=581A7DF853099E1>
{'Title': '\xe5\xa8\x9c\xe6\x89\x8e\xe7\x9a\x84\xe8\xbf\x99\xe6\x9d\xa1\xe5\xbe\xae\xe5\x8d\x9a\xef\xbc\x8c\xe6\x98\xaf\xe5\x9c\xa8\xe6\x9a\x97\xe7\xa4\xba\xe5\x92\x8c\xe5\xbc\xa0\xe7\xbf\xb0\xe7\x9a\x84\xe5\xa9\x9a\xe6\x9c\x9f\xe5\xb0\x86\xe8\xbf\x91\xe5\x90\x97\xef\xbc\x9f',
 'TitleUrl': u'http://www.toutiao.com/group/6350859449461293314/'}
2016-11-15 00:50:16 [scrapy] DEBUG: Scraped from <200 http://www.toutiao.com/api/article/feed/?category=news_fashion&utm_source=toutiao&widen=0&max_behot_time=0&max_behot_time_tmp=1479171012&as=A16538313A8D839&cp=581A7DF853099E1>
{'Title': '\xe6\xad\xa3\xe7\xa1\xae\xe7\x9a\x84\xe6\x8a\xa4\xe8\x82\xa4\xe9\xa1\xba\xe5\xba\x8f\xe6\x98\xaf\xe4\xbb\x80\xe4\xb9\x88',
 'TitleUrl': u'http://www.toutiao.com/group/6352623384672698625/'}
2016-11-15 00:50:16 [scrapy] DEBUG: Scraped from <200 http://www.toutiao.com/api/article/feed/?category=news_fashion&utm_source=toutiao&widen=0&max_behot_time=0&max_behot_time_tmp=1479171012&as=A16538313A8D839&cp=581A7DF853099E1>
{'Title': 'baby\xe7\xb4\xa0\xe9\xa2\x9c\xe7\x9a\x84\xe5\xad\x95\xe7\x85\xa7\xe6\xb5\x81\xe5\x87\xba\xe4\xbe\x9d\xe6\x97\xa7\xe7\x98\xa6\xef\xbc\x8c\xe4\xbd\x86\xe6\x98\xaf\xe7\x9c\x8b\xe6\xa0\xb7\xe5\xad\x90\xe5\x88\xa4\xe8\x8b\xa5\xe4\xb8\xa4\xe4\xba\xba\xe5\x95\x8a\xef\xbc\x81',
 'TitleUrl': u'http://www.toutiao.com/group/6351712445794681090/'}
2016-11-15 00:50:16 [scrapy] DEBUG: Scraped from <200 http://www.toutiao.com/api/article/feed/?category=news_fashion&utm_source=toutiao&widen=0&max_behot_time=0&max_behot_time_tmp=1479171012&as=A16538313A8D839&cp=581A7DF853099E1>
{'Title': '\xe9\x9b\xaa\xe6\xa2\xa8\xe4\xb8\x8d\xe5\x86\x8d\xe6\xb8\x85\xe7\xba\xaf\xef\xbc\x8c\xe9\xa3\x8e\xe6\xa0\xbc\xe5\x8f\x98\xe5\x8c\x96\xe7\x9a\x84\xe8\xbe\xa3\xe7\x9c\xbc\xe7\x9d\x9b\xef\xbc\x81',
 'TitleUrl': u'http://www.toutiao.com/group/6351343941183619329/'}
2016-11-15 00:50:16 [scrapy] DEBUG: Scraped from <200 http://www.toutiao.com/api/article/feed/?category=news_fashion&utm_source=toutiao&widen=0&max_behot_time=0&max_behot_time_tmp=1479171012&as=A16538313A8D839&cp=581A7DF853099E1>
{'Title': '\xe8\xa2\x81\xe5\x92\x8f\xe4\xbb\xaa\xe7\xb4\xa0\xe9\xa2\x9c\xe7\x8e\xb0\xe8\xba\xab\xe5\xbd\x93\xe5\x9c\xba\xe8\xa2\xab\xe5\x86\xb7\xe8\x90\xbd\xe4\xba\x86 \xe5\xbd\x93\xe6\x97\xb6\xe7\x9a\x84\xe6\xb0\x94\xe8\xb4\xa8\xe7\xbe\x8e\xe5\xa5\xb3\xe5\x93\xaa\xe5\x8e\xbb\xe4\xba\x86\xef\xbc\x9f',
 'TitleUrl': u'http://www.toutiao.com/group/6352751033739280641/'}
2016-11-15 00:50:16 [scrapy] DEBUG: Scraped from <200 http://www.toutiao.com/api/article/feed/?category=news_fashion&utm_source=toutiao&widen=0&max_behot_time=0&max_behot_time_tmp=1479171012&as=A16538313A8D839&cp=581A7DF853099E1>
{'Title': '\xe7\xb2\x89\xe7\x9b\x92\xe6\x97\xb6\xe4\xbb\xa3\xef\xbc\x81Nike SB Dunk Low \xe2\x80\x9cPink Box\xe2\x80\x9d \xe7\xb2\x89\xe8\x89\xb23M\xe5\x8f\x8d\xe5\x85\x89',
 'TitleUrl': u'http://www.toutiao.com/group/6352406527001542913/'}
2016-11-15 00:50:16 [scrapy] DEBUG: Scraped from <200 http://www.toutiao.com/api/article/feed/?category=news_fashion&utm_source=toutiao&widen=0&max_behot_time=0&max_behot_time_tmp=1479171012&as=A16538313A8D839&cp=581A7DF853099E1>
{'Title': '\xe5\x90\xac\xe8\xaf\xb4hin\xe4\xbc\x9a\xe6\x89\x93\xe6\x89\xae\xe7\x9a\x84\xe5\x8f\xaf\xe4\xba\xba\xe5\x84\xbf\xe9\x83\xbdhin\xe4\xbc\x9a\xe9\x9c\xb2\xe8\xa2\x9c\xe5\xad\x90\xef\xbc\x81\xef\xbc\x9f',
 'TitleUrl': u'http://www.toutiao.com/group/6352750662682165505/'}
2016-11-15 00:50:16 [scrapy] DEBUG: Scraped from <200 http://www.toutiao.com/api/article/feed/?category=news_fashion&utm_source=toutiao&widen=0&max_behot_time=0&max_behot_time_tmp=1479171012&as=A16538313A8D839&cp=581A7DF853099E1>
{'Title': '\xe5\xa5\xb3\xe5\xad\xa9\xe8\x87\xaa\xe5\xb9\xbc\xe5\x9b\xa0\xe7\x97\x85\xe8\x84\xb8\xe9\x83\xa8\xe5\x8f\x98\xe5\xbd\xa2\xef\xbc\x8c\xe5\xad\xa6\xe5\x8c\x96\xe5\xa6\x86\xe8\xae\xa9\xe8\x87\xaa\xe5\xb7\xb1\xe5\x8f\x98\xe7\xbe\x8e',
 'TitleUrl': u'http://www.toutiao.com/group/6352086196634730753/'}
2016-11-15 00:50:16 [scrapy] DEBUG: Scraped from <200 http://www.toutiao.com/api/article/feed/?category=news_fashion&utm_source=toutiao&widen=0&max_behot_time=0&max_behot_time_tmp=1479171012&as=A16538313A8D839&cp=581A7DF853099E1>
{'Title': '\xe4\xb8\x80\xe5\xbc\xa0\xe5\x9b\xbe\xe5\x91\x8a\xe8\xaf\x89\xe4\xbd\xa0Angelababy\xe7\x9a\x84\xe5\x8f\x91\xe5\x9e\x8b\xe5\x9c\xa8\xe7\x94\xb7\xe7\x94\x9f\xe7\x9c\xbc\xe4\xb8\xad\xe6\x98\xaf\xe4\xbb\x80\xe4\xb9\x88\xe6\xa0\xb7\xe7\x9a\x84\xef\xbc\x9f',
 'TitleUrl': u'http://www.toutiao.com/group/6350911986881233153/'}
2016-11-15 00:50:16 [scrapy] DEBUG: Scraped from <200 http://www.toutiao.com/api/article/feed/?category=news_fashion&utm_source=toutiao&widen=0&max_behot_time=0&max_behot_time_tmp=1479171012&as=A16538313A8D839&cp=581A7DF853099E1>
{'Title': '\xe5\x96\x9c\xe6\xac\xa2\xe7\xae\x80\xe7\xba\xa6\xe5\x8f\x88\xe6\x9c\x89\xe8\xb4\xa8\xe6\x84\x9f\xef\xbc\x9f\xe4\xbd\xa0\xe8\x82\xaf\xe5\xae\x9a\xe4\xbc\x9a\xe7\x88\xb1\xe4\xb8\x8a\xe8\xbf\x99\xe4\xb8\xaa\xe8\xbf\x98\xe6\x9c\xaa\xe6\x9c\x89\xe5\xbe\x88\xe5\xa4\x9a\xe4\xba\xba\xe8\xae\xa4\xe8\xaf\x86\xe7\x9a\x84\xe5\x93\x81\xe7\x89\x8c\xef\xbc\x81',
 'TitleUrl': u'http://www.toutiao.com/group/6352484477058957569/'}
2016-11-15 00:50:16 [scrapy] DEBUG: Scraped from <200 http://www.toutiao.com/api/article/feed/?category=news_fashion&utm_source=toutiao&widen=0&max_behot_time=0&max_behot_time_tmp=1479171012&as=A16538313A8D839&cp=581A7DF853099E1>
{'Title': '\xe7\xbb\x99\xe5\x8f\x8c\xe5\x8d\x81\xe4\xb8\x80\xe6\x9c\x80\xe5\x90\x8e\xe6\xb7\xbb\xe6\x8a\x8a\xe7\x81\xab\xef\xbc\x8c\xe6\x88\x91\xe7\xbf\xbb\xe9\x81\x8d\xe4\xba\x86\xe8\xb4\xad\xe7\x89\xa9\xe8\xbd\xa6\xe5\x92\x8c\xe5\x8e\x86\xe5\x8f\xb2\xe8\xae\xa2\xe5\x8d\x95\xe6\x8a\x8a\xe8\xbf\x99\xe4\xba\x9b\xe6\x8e\xa8\xe8\x8d\x90\xe7\xbb\x99\xe4\xbd\xa0~',
 'TitleUrl': u'http://www.toutiao.com/group/6350983143385760001/'}
2016-11-15 00:50:16 [scrapy] DEBUG: Scraped from <200 http://www.toutiao.com/api/article/feed/?category=news_fashion&utm_source=toutiao&widen=0&max_behot_time=0&max_behot_time_tmp=1479171012&as=A16538313A8D839&cp=581A7DF853099E1>
{'Title': '\xe5\xa4\xa7\xe8\xa1\xa8\xe5\xa7\x90\xe7\x9c\x9f\xe5\xbf\x83\xe4\xb8\x8d\xe6\x98\xaf\xe5\xa4\xb8\xe4\xbd\xa0\xef\xbc\x8c\xe8\xbf\x99\xe6\xa0\xb7\xe7\xa9\xbf\xe4\xb9\x9f\xe5\xbf\x92\xe6\x9c\x89\xe6\xb0\x94\xe8\xb4\xa8\xe4\xba\x86',
 'TitleUrl': u'http://www.toutiao.com/group/6352627732187414785/'}
2016-11-15 00:50:16 [scrapy] DEBUG: Scraped from <200 http://www.toutiao.com/api/article/feed/?category=news_fashion&utm_source=toutiao&widen=0&max_behot_time=0&max_behot_time_tmp=1479171012&as=A16538313A8D839&cp=581A7DF853099E1>
{'Title': '\xe5\xa4\xaa\xe5\x86\xb7\xe4\xba\x86\xef\xbc\x8c\xe7\x9c\x9f\xe6\x98\xaf\xe5\xa4\xaa\xe5\x86\xb7\xe4\xba\x86\xef\xbc\x8c\xe7\xbe\x8e\xe5\xa5\xb3\xe9\x83\xbd\xe7\xa9\xbf\xe9\x95\xbf\xe9\x9d\xb4\xe8\xbf\x87\xe5\x86\xac\xe4\xba\x86\xe3\x80\x82',
 'TitleUrl': u'http://www.toutiao.com/group/6339320257128284417/'}
2016-11-15 00:50:16 [scrapy] DEBUG: Scraped from <200 http://www.toutiao.com/api/article/feed/?category=news_fashion&utm_source=toutiao&widen=0&max_behot_time=0&max_behot_time_tmp=1479171012&as=A16538313A8D839&cp=581A7DF853099E1>
{'Title': '\xe5\xa4\xaa\xe5\x86\xb7\xe4\xba\x86\xef\xbc\x8c\xe7\x9c\x9f\xe6\x98\xaf\xe5\xa4\xaa\xe5\x86\xb7\xe4\xba\x86\xef\xbc\x8c\xe7\xbe\x8e\xe5\xa5\xb3\xe9\x83\xbd\xe7\xa9\xbf\xe9\x95\xbf\xe9\x9d\xb4\xe8\xbf\x87\xe5\x86\xac\xe4\xba\x86\xe3\x80\x82',
 'TitleUrl': u'http://www.toutiao.com/group/6352963598985707777/?_as_1479171014'}
2016-11-15 00:50:16 [toutiao] INFO: now entring download midware
2016-11-15 00:50:16 [toutiao] INFO: User-Agent is: FyberSpider (+http://www.fybersearch.com/fyberspider.php) <GET http://www.toutiao.com/api/article/feed/?category=news_fashion&utm_source=toutiao&widen=0&max_behot_time=0&max_behot_time_tmp=1479171013&as=A16538313A8D839&cp=581A7DF853099E1>
2016-11-15 00:50:17 [scrapy] DEBUG: Crawled (200) <GET http://www.toutiao.com/api/article/feed/?category=news_fashion&utm_source=toutiao&widen=0&max_behot_time=0&max_behot_time_tmp=1479171013&as=A16538313A8D839&cp=581A7DF853099E1> (referer: http://www.toutiao.com/api/article/feed/?category=news_fashion&utm_source=toutiao&widen=0&max_behot_time=0&max_behot_time_tmp=1479171012&as=A16538313A8D839&cp=581A7DF853099E1)
2016-11-15 00:50:17 [toutiao] DEBUG: Fetch toutiao homepage page: http://www.toutiao.com/api/article/feed/?category=news_fashion&utm_source=toutiao&widen=0&max_behot_time=0&max_behot_time_tmp=1479171013&as=A16538313A8D839&cp=581A7DF853099E1
2016-11-15 00:50:17 [scrapy] DEBUG: Scraped from <200 http://www.toutiao.com/api/article/feed/?category=news_fashion&utm_source=toutiao&widen=0&max_behot_time=0&max_behot_time_tmp=1479171013&as=A16538313A8D839&cp=581A7DF853099E1>
{'Title': '\xe5\x88\xab\xe5\xae\xb3\xe7\xbe\x9e\xef\xbc\x81\xe8\xa3\xb9\xe6\x88\x90\xe7\xb2\xbd\xe5\xad\x90\xe7\x9a\x84\xe5\x86\xac\xe5\xa4\xa9\xef\xbc\x8c\xe9\x87\x8a\xe6\x94\xbe\xe2\x80\x9c\xe9\x87\x8e\xe6\x80\xa7\xe2\x80\x9d\xe5\x85\xa8\xe9\x9d\xa0\xe5\xae\x83\xe4\xba\x86\xef\xbd\x9e',
 'TitleUrl': u'http://www.toutiao.com/group/6352798050453225729/'}
2016-11-15 00:50:17 [scrapy] DEBUG: Scraped from <200 http://www.toutiao.com/api/article/feed/?category=news_fashion&utm_source=toutiao&widen=0&max_behot_time=0&max_behot_time_tmp=1479171013&as=A16538313A8D839&cp=581A7DF853099E1>
{'Title': '\xe5\x86\xac\xe5\xa4\xa9\xe5\xa5\xb3\xe5\x84\xbf\xe9\x9d\x9e\xe8\xa6\x81\xe7\xa9\xbf\xe8\xa3\x99\xe5\xad\x90\xef\xbc\x8c\xe8\xa6\x81\xe4\xb8\x8d\xe8\xa6\x81\xe8\xae\xa9\xe5\xa5\xb9\xe7\xa9\xbf\xe8\xa3\x99\xe5\xad\x90\xe8\xaf\x95\xe8\xaf\x95\xef\xbc\x9f',
 'TitleUrl': u'http://www.toutiao.com/group/6352071166760321282/'}
2016-11-15 00:50:17 [scrapy] DEBUG: Scraped from <200 http://www.toutiao.com/api/article/feed/?category=news_fashion&utm_source=toutiao&widen=0&max_behot_time=0&max_behot_time_tmp=1479171013&as=A16538313A8D839&cp=581A7DF853099E1>
{'Title': '\xe6\x9e\x97\xe6\xb0\xb8\xe5\x81\xa5\xe7\xbb\x99\xe5\x84\xbf\xe5\xad\x90\xe7\xa9\xbf\xe6\x88\x90\xe8\xbf\x99\xe6\xa0\xb7\xe6\x98\xaf\xe8\xa6\x81\xe5\x8e\xbb\xe5\xb9\xb2\xe5\x98\x9b\xef\xbc\x9f\xe8\xbf\x99\xe6\x90\xad\xe9\x85\x8d\xe4\xb8\x80\xe8\x88\xac\xe4\xba\xba\xe8\xbf\x98\xe7\x9c\x9f\xe5\x81\x9a\xe4\xb8\x8d\xe5\x88\xb0',
 'TitleUrl': u'http://www.toutiao.com/group/6351556209954439426/'}
2016-11-15 00:50:17 [scrapy] DEBUG: Scraped from <200 http://www.toutiao.com/api/article/feed/?category=news_fashion&utm_source=toutiao&widen=0&max_behot_time=0&max_behot_time_tmp=1479171013&as=A16538313A8D839&cp=581A7DF853099E1>
{'Title': '\xe6\xb1\xa4\xe5\x94\xaf\xe4\xba\xa7\xe5\x90\x8e\xe7\x8e\xb0\xe5\xbd\xa2\xef\xbc\x8c\xe7\xa9\xbf Armani\xe6\x8c\xba\xe6\x9d\x8e\xe5\xae\x89',
 'TitleUrl': u'http://www.toutiao.com/group/6351584420902338818/'}
2016-11-15 00:50:17 [scrapy] DEBUG: Scraped from <200 http://www.toutiao.com/api/article/feed/?category=news_fashion&utm_source=toutiao&widen=0&max_behot_time=0&max_behot_time_tmp=1479171013&as=A16538313A8D839&cp=581A7DF853099E1>
{'Title': '\xe5\x9b\xbd\xe5\xa4\x96\xe7\xbc\x96\xe7\xbb\x87\xe8\xbe\xbe\xe4\xba\xba\xe5\x88\xb6\xe4\xbd\x9c\xe7\x9a\x84\xe3\x80\x8c\xe9\xbe\x99\xe9\xb3\x9e\xe6\x89\x8b\xe5\xa5\x97\xe3\x80\x8d\xef\xbc\x8c\xe9\x80\xa0\xe5\x9e\x8b\xe8\xb7\x9f\xe9\x85\x8d\xe8\x89\xb2\xe7\xae\x80\xe7\x9b\xb4\xe7\xbe\x8e\xe5\xbc\x80\xe6\x8c\x82~',
 'TitleUrl': u'http://www.toutiao.com/group/6333168127359467778/'}
2016-11-15 00:50:17 [scrapy] DEBUG: Scraped from <200 http://www.toutiao.com/api/article/feed/?category=news_fashion&utm_source=toutiao&widen=0&max_behot_time=0&max_behot_time_tmp=1479171013&as=A16538313A8D839&cp=581A7DF853099E1>
{'Title': '\xe4\xbc\x98\xe8\xa1\xa3\xe5\xba\x93\xe8\xa1\xa3\xe6\x9c\x8d\xe8\xbf\x99\xe4\xb9\x88\xe6\x99\xae\xe9\x80\x9a\xef\xbc\x8c\xe4\xb8\xba\xe4\xbb\x80\xe4\xb9\x88\xe4\xbc\x9a\xe7\x81\xab\xef\xbc\x9f',
 'TitleUrl': u'http://www.toutiao.com/group/6351718774529327362/'}
2016-11-15 00:50:17 [scrapy] DEBUG: Scraped from <200 http://www.toutiao.com/api/article/feed/?category=news_fashion&utm_source=toutiao&widen=0&max_behot_time=0&max_behot_time_tmp=1479171013&as=A16538313A8D839&cp=581A7DF853099E1>
{'Title': '\xe6\x8c\x91\xe9\x80\x89\xe5\x90\x88\xe9\x80\x82\xe4\xbd\xa0\xe7\x9a\x84\xe7\x89\x9b\xe4\xbb\x94\xe8\xa3\xa4',
 'TitleUrl': u'http://www.toutiao.com/group/6350902261393572098/'}
2016-11-15 00:50:17 [scrapy] DEBUG: Scraped from <200 http://www.toutiao.com/api/article/feed/?category=news_fashion&utm_source=toutiao&widen=0&max_behot_time=0&max_behot_time_tmp=1479171013&as=A16538313A8D839&cp=581A7DF853099E1>
{'Title': '\xe5\xb9\xb2\xe5\x87\x80\xe7\x9a\x84\xe6\xb0\x94\xe8\xb4\xa8\xe7\xbe\x8e\xe7\x94\xb2\xef\xbc\x8c\xe7\xac\xa6\xe5\x90\x88\xe6\x88\x91\xe7\x9a\x84\xe5\xb0\x91\xe5\xa5\xb3\xe5\xbf\x83',
 'TitleUrl': u'http://www.toutiao.com/group/6352606404050305281/'}
2016-11-15 00:50:17 [scrapy] DEBUG: Scraped from <200 http://www.toutiao.com/api/article/feed/?category=news_fashion&utm_source=toutiao&widen=0&max_behot_time=0&max_behot_time_tmp=1479171013&as=A16538313A8D839&cp=581A7DF853099E1>
{'Title': '\xe5\x85\xa8\xe9\x9d\xa0\xe8\x84\x91\xe9\x97\xa8\xe4\xb8\x8a\xe7\x9a\x84\xe6\xb3\xb0\xe8\xbf\xaa\xe5\xb0\x8f\xe7\xa2\x8e\xe6\xaf\x9b\xef\xbc\x8c\xe5\x85\xb3\xe6\x99\x93\xe5\xbd\xa4\xe6\x9c\x80\xe8\xbf\x91\xe7\xbe\x8e\xe6\x88\x90\xe4\xba\x86\xe6\xb4\x8b\xe5\xa8\x83\xe5\xa8\x83\xef\xbc\x81',
 'TitleUrl': u'http://www.toutiao.com/group/6352797197722075394/'}
2016-11-15 00:50:17 [scrapy] DEBUG: Scraped from <200 http://www.toutiao.com/api/article/feed/?category=news_fashion&utm_source=toutiao&widen=0&max_behot_time=0&max_behot_time_tmp=1479171013&as=A16538313A8D839&cp=581A7DF853099E1>
{'Title': '\xe6\x89\x93\xe5\xb7\xa5\xe5\xa6\xb9\xe8\xbe\x9e\xe8\x81\x8c\xe6\x91\x86\xe5\x9c\xb0\xe6\x91\x8a\xef\xbc\x8c\xe6\x97\xa5\xe5\x85\xa5\xe8\xbf\x87\xe5\x8d\x83\xef\xbc\x8c\xe6\x9c\x80\xe5\x90\x8e\xe4\xb8\x80\xe4\xb8\xaa\xe4\xb8\x8d\xe5\x81\x9a\xe6\xa8\xa1\xe7\x89\xb9\xe7\x9c\x9f\xe5\x8f\xaf\xe6\x83\x9c',
 'TitleUrl': u'http://www.toutiao.com/group/6352698450584781058/'}
2016-11-15 00:50:17 [scrapy] DEBUG: Scraped from <200 http://www.toutiao.com/api/article/feed/?category=news_fashion&utm_source=toutiao&widen=0&max_behot_time=0&max_behot_time_tmp=1479171013&as=A16538313A8D839&cp=581A7DF853099E1>
{'Title': '\xe5\xa8\x9c\xe6\x89\x8e\xe7\x9a\x84\xe8\xbf\x99\xe6\x9d\xa1\xe5\xbe\xae\xe5\x8d\x9a\xef\xbc\x8c\xe6\x98\xaf\xe5\x9c\xa8\xe6\x9a\x97\xe7\xa4\xba\xe5\x92\x8c\xe5\xbc\xa0\xe7\xbf\xb0\xe7\x9a\x84\xe5\xa9\x9a\xe6\x9c\x9f\xe5\xb0\x86\xe8\xbf\x91\xe5\x90\x97\xef\xbc\x9f',
 'TitleUrl': u'http://www.toutiao.com/group/6350859449461293314/'}
2016-11-15 00:50:17 [scrapy] DEBUG: Scraped from <200 http://www.toutiao.com/api/article/feed/?category=news_fashion&utm_source=toutiao&widen=0&max_behot_time=0&max_behot_time_tmp=1479171013&as=A16538313A8D839&cp=581A7DF853099E1>
{'Title': '\xe6\xad\xa3\xe7\xa1\xae\xe7\x9a\x84\xe6\x8a\xa4\xe8\x82\xa4\xe9\xa1\xba\xe5\xba\x8f\xe6\x98\xaf\xe4\xbb\x80\xe4\xb9\x88',
 'TitleUrl': u'http://www.toutiao.com/group/6352623384672698625/'}
2016-11-15 00:50:17 [scrapy] DEBUG: Scraped from <200 http://www.toutiao.com/api/article/feed/?category=news_fashion&utm_source=toutiao&widen=0&max_behot_time=0&max_behot_time_tmp=1479171013&as=A16538313A8D839&cp=581A7DF853099E1>
{'Title': 'baby\xe7\xb4\xa0\xe9\xa2\x9c\xe7\x9a\x84\xe5\xad\x95\xe7\x85\xa7\xe6\xb5\x81\xe5\x87\xba\xe4\xbe\x9d\xe6\x97\xa7\xe7\x98\xa6\xef\xbc\x8c\xe4\xbd\x86\xe6\x98\xaf\xe7\x9c\x8b\xe6\xa0\xb7\xe5\xad\x90\xe5\x88\xa4\xe8\x8b\xa5\xe4\xb8\xa4\xe4\xba\xba\xe5\x95\x8a\xef\xbc\x81',
 'TitleUrl': u'http://www.toutiao.com/group/6351712445794681090/'}
2016-11-15 00:50:17 [scrapy] DEBUG: Scraped from <200 http://www.toutiao.com/api/article/feed/?category=news_fashion&utm_source=toutiao&widen=0&max_behot_time=0&max_behot_time_tmp=1479171013&as=A16538313A8D839&cp=581A7DF853099E1>
{'Title': '\xe9\x9b\xaa\xe6\xa2\xa8\xe4\xb8\x8d\xe5\x86\x8d\xe6\xb8\x85\xe7\xba\xaf\xef\xbc\x8c\xe9\xa3\x8e\xe6\xa0\xbc\xe5\x8f\x98\xe5\x8c\x96\xe7\x9a\x84\xe8\xbe\xa3\xe7\x9c\xbc\xe7\x9d\x9b\xef\xbc\x81',
 'TitleUrl': u'http://www.toutiao.com/group/6351343941183619329/'}
2016-11-15 00:50:17 [scrapy] DEBUG: Scraped from <200 http://www.toutiao.com/api/article/feed/?category=news_fashion&utm_source=toutiao&widen=0&max_behot_time=0&max_behot_time_tmp=1479171013&as=A16538313A8D839&cp=581A7DF853099E1>
{'Title': '\xe8\xa2\x81\xe5\x92\x8f\xe4\xbb\xaa\xe7\xb4\xa0\xe9\xa2\x9c\xe7\x8e\xb0\xe8\xba\xab\xe5\xbd\x93\xe5\x9c\xba\xe8\xa2\xab\xe5\x86\xb7\xe8\x90\xbd\xe4\xba\x86 \xe5\xbd\x93\xe6\x97\xb6\xe7\x9a\x84\xe6\xb0\x94\xe8\xb4\xa8\xe7\xbe\x8e\xe5\xa5\xb3\xe5\x93\xaa\xe5\x8e\xbb\xe4\xba\x86\xef\xbc\x9f',
 'TitleUrl': u'http://www.toutiao.com/group/6352751033739280641/'}
2016-11-15 00:50:17 [scrapy] DEBUG: Scraped from <200 http://www.toutiao.com/api/article/feed/?category=news_fashion&utm_source=toutiao&widen=0&max_behot_time=0&max_behot_time_tmp=1479171013&as=A16538313A8D839&cp=581A7DF853099E1>
{'Title': '\xe8\xa2\x81\xe5\x92\x8f\xe4\xbb\xaa\xe7\xb4\xa0\xe9\xa2\x9c\xe7\x8e\xb0\xe8\xba\xab\xe5\xbd\x93\xe5\x9c\xba\xe8\xa2\xab\xe5\x86\xb7\xe8\x90\xbd\xe4\xba\x86 \xe5\xbd\x93\xe6\x97\xb6\xe7\x9a\x84\xe6\xb0\x94\xe8\xb4\xa8\xe7\xbe\x8e\xe5\xa5\xb3\xe5\x93\xaa\xe5\x8e\xbb\xe4\xba\x86\xef\xbc\x9f',
 'TitleUrl': u'http://www.toutiao.com/group/6352963598986510593/?_as_1479171015'}
2016-11-15 00:50:17 [toutiao] INFO: now entring download midware
2016-11-15 00:50:17 [toutiao] INFO: User-Agent is: sogou spider <GET http://www.toutiao.com/api/article/feed/?category=news_fashion&utm_source=toutiao&widen=0&max_behot_time=0&max_behot_time_tmp=1479171014&as=A16538313A8D839&cp=581A7DF853099E1>
2016-11-15 00:50:18 [scrapy] DEBUG: Crawled (200) <GET http://www.toutiao.com/api/article/feed/?category=news_fashion&utm_source=toutiao&widen=0&max_behot_time=0&max_behot_time_tmp=1479171014&as=A16538313A8D839&cp=581A7DF853099E1> (referer: http://www.toutiao.com/api/article/feed/?category=news_fashion&utm_source=toutiao&widen=0&max_behot_time=0&max_behot_time_tmp=1479171013&as=A16538313A8D839&cp=581A7DF853099E1)
2016-11-15 00:50:18 [toutiao] DEBUG: Fetch toutiao homepage page: http://www.toutiao.com/api/article/feed/?category=news_fashion&utm_source=toutiao&widen=0&max_behot_time=0&max_behot_time_tmp=1479171014&as=A16538313A8D839&cp=581A7DF853099E1
2016-11-15 00:50:18 [scrapy] DEBUG: Scraped from <200 http://www.toutiao.com/api/article/feed/?category=news_fashion&utm_source=toutiao&widen=0&max_behot_time=0&max_behot_time_tmp=1479171014&as=A16538313A8D839&cp=581A7DF853099E1>
{'Title': '\xe5\x85\xa8\xe9\x9d\xa0\xe8\x84\x91\xe9\x97\xa8\xe4\xb8\x8a\xe7\x9a\x84\xe6\xb3\xb0\xe8\xbf\xaa\xe5\xb0\x8f\xe7\xa2\x8e\xe6\xaf\x9b\xef\xbc\x8c\xe5\x85\xb3\xe6\x99\x93\xe5\xbd\xa4\xe6\x9c\x80\xe8\xbf\x91\xe7\xbe\x8e\xe6\x88\x90\xe4\xba\x86\xe6\xb4\x8b\xe5\xa8\x83\xe5\xa8\x83\xef\xbc\x81',
 'TitleUrl': u'http://www.toutiao.com/group/6352797197722075394/'}
2016-11-15 00:50:18 [scrapy] DEBUG: Scraped from <200 http://www.toutiao.com/api/article/feed/?category=news_fashion&utm_source=toutiao&widen=0&max_behot_time=0&max_behot_time_tmp=1479171014&as=A16538313A8D839&cp=581A7DF853099E1>
{'Title': '\xe6\x89\x93\xe5\xb7\xa5\xe5\xa6\xb9\xe8\xbe\x9e\xe8\x81\x8c\xe6\x91\x86\xe5\x9c\xb0\xe6\x91\x8a\xef\xbc\x8c\xe6\x97\xa5\xe5\x85\xa5\xe8\xbf\x87\xe5\x8d\x83\xef\xbc\x8c\xe6\x9c\x80\xe5\x90\x8e\xe4\xb8\x80\xe4\xb8\xaa\xe4\xb8\x8d\xe5\x81\x9a\xe6\xa8\xa1\xe7\x89\xb9\xe7\x9c\x9f\xe5\x8f\xaf\xe6\x83\x9c',
 'TitleUrl': u'http://www.toutiao.com/group/6352698450584781058/'}
2016-11-15 00:50:18 [scrapy] DEBUG: Scraped from <200 http://www.toutiao.com/api/article/feed/?category=news_fashion&utm_source=toutiao&widen=0&max_behot_time=0&max_behot_time_tmp=1479171014&as=A16538313A8D839&cp=581A7DF853099E1>
{'Title': '\xe5\xa8\x9c\xe6\x89\x8e\xe7\x9a\x84\xe8\xbf\x99\xe6\x9d\xa1\xe5\xbe\xae\xe5\x8d\x9a\xef\xbc\x8c\xe6\x98\xaf\xe5\x9c\xa8\xe6\x9a\x97\xe7\xa4\xba\xe5\x92\x8c\xe5\xbc\xa0\xe7\xbf\xb0\xe7\x9a\x84\xe5\xa9\x9a\xe6\x9c\x9f\xe5\xb0\x86\xe8\xbf\x91\xe5\x90\x97\xef\xbc\x9f',
 'TitleUrl': u'http://www.toutiao.com/group/6350859449461293314/'}
2016-11-15 00:50:18 [scrapy] DEBUG: Scraped from <200 http://www.toutiao.com/api/article/feed/?category=news_fashion&utm_source=toutiao&widen=0&max_behot_time=0&max_behot_time_tmp=1479171014&as=A16538313A8D839&cp=581A7DF853099E1>
{'Title': '\xe6\xad\xa3\xe7\xa1\xae\xe7\x9a\x84\xe6\x8a\xa4\xe8\x82\xa4\xe9\xa1\xba\xe5\xba\x8f\xe6\x98\xaf\xe4\xbb\x80\xe4\xb9\x88',
 'TitleUrl': u'http://www.toutiao.com/group/6352623384672698625/'}
2016-11-15 00:50:18 [scrapy] DEBUG: Scraped from <200 http://www.toutiao.com/api/article/feed/?category=news_fashion&utm_source=toutiao&widen=0&max_behot_time=0&max_behot_time_tmp=1479171014&as=A16538313A8D839&cp=581A7DF853099E1>
{'Title': 'baby\xe7\xb4\xa0\xe9\xa2\x9c\xe7\x9a\x84\xe5\xad\x95\xe7\x85\xa7\xe6\xb5\x81\xe5\x87\xba\xe4\xbe\x9d\xe6\x97\xa7\xe7\x98\xa6\xef\xbc\x8c\xe4\xbd\x86\xe6\x98\xaf\xe7\x9c\x8b\xe6\xa0\xb7\xe5\xad\x90\xe5\x88\xa4\xe8\x8b\xa5\xe4\xb8\xa4\xe4\xba\xba\xe5\x95\x8a\xef\xbc\x81',
 'TitleUrl': u'http://www.toutiao.com/group/6351712445794681090/'}
2016-11-15 00:50:18 [scrapy] DEBUG: Scraped from <200 http://www.toutiao.com/api/article/feed/?category=news_fashion&utm_source=toutiao&widen=0&max_behot_time=0&max_behot_time_tmp=1479171014&as=A16538313A8D839&cp=581A7DF853099E1>
{'Title': '\xe9\x9b\xaa\xe6\xa2\xa8\xe4\xb8\x8d\xe5\x86\x8d\xe6\xb8\x85\xe7\xba\xaf\xef\xbc\x8c\xe9\xa3\x8e\xe6\xa0\xbc\xe5\x8f\x98\xe5\x8c\x96\xe7\x9a\x84\xe8\xbe\xa3\xe7\x9c\xbc\xe7\x9d\x9b\xef\xbc\x81',
 'TitleUrl': u'http://www.toutiao.com/group/6351343941183619329/'}
2016-11-15 00:50:18 [scrapy] DEBUG: Scraped from <200 http://www.toutiao.com/api/article/feed/?category=news_fashion&utm_source=toutiao&widen=0&max_behot_time=0&max_behot_time_tmp=1479171014&as=A16538313A8D839&cp=581A7DF853099E1>
{'Title': '\xe8\xa2\x81\xe5\x92\x8f\xe4\xbb\xaa\xe7\xb4\xa0\xe9\xa2\x9c\xe7\x8e\xb0\xe8\xba\xab\xe5\xbd\x93\xe5\x9c\xba\xe8\xa2\xab\xe5\x86\xb7\xe8\x90\xbd\xe4\xba\x86 \xe5\xbd\x93\xe6\x97\xb6\xe7\x9a\x84\xe6\xb0\x94\xe8\xb4\xa8\xe7\xbe\x8e\xe5\xa5\xb3\xe5\x93\xaa\xe5\x8e\xbb\xe4\xba\x86\xef\xbc\x9f',
 'TitleUrl': u'http://www.toutiao.com/group/6352751033739280641/'}
2016-11-15 00:50:18 [scrapy] DEBUG: Scraped from <200 http://www.toutiao.com/api/article/feed/?category=news_fashion&utm_source=toutiao&widen=0&max_behot_time=0&max_behot_time_tmp=1479171014&as=A16538313A8D839&cp=581A7DF853099E1>
{'Title': '\xe7\xb2\x89\xe7\x9b\x92\xe6\x97\xb6\xe4\xbb\xa3\xef\xbc\x81Nike SB Dunk Low \xe2\x80\x9cPink Box\xe2\x80\x9d \xe7\xb2\x89\xe8\x89\xb23M\xe5\x8f\x8d\xe5\x85\x89',
 'TitleUrl': u'http://www.toutiao.com/group/6352406527001542913/'}
2016-11-15 00:50:18 [scrapy] DEBUG: Scraped from <200 http://www.toutiao.com/api/article/feed/?category=news_fashion&utm_source=toutiao&widen=0&max_behot_time=0&max_behot_time_tmp=1479171014&as=A16538313A8D839&cp=581A7DF853099E1>
{'Title': '\xe5\x90\xac\xe8\xaf\xb4hin\xe4\xbc\x9a\xe6\x89\x93\xe6\x89\xae\xe7\x9a\x84\xe5\x8f\xaf\xe4\xba\xba\xe5\x84\xbf\xe9\x83\xbdhin\xe4\xbc\x9a\xe9\x9c\xb2\xe8\xa2\x9c\xe5\xad\x90\xef\xbc\x81\xef\xbc\x9f',
 'TitleUrl': u'http://www.toutiao.com/group/6352750662682165505/'}
2016-11-15 00:50:18 [scrapy] DEBUG: Scraped from <200 http://www.toutiao.com/api/article/feed/?category=news_fashion&utm_source=toutiao&widen=0&max_behot_time=0&max_behot_time_tmp=1479171014&as=A16538313A8D839&cp=581A7DF853099E1>
{'Title': '\xe5\xa5\xb3\xe5\xad\xa9\xe8\x87\xaa\xe5\xb9\xbc\xe5\x9b\xa0\xe7\x97\x85\xe8\x84\xb8\xe9\x83\xa8\xe5\x8f\x98\xe5\xbd\xa2\xef\xbc\x8c\xe5\xad\xa6\xe5\x8c\x96\xe5\xa6\x86\xe8\xae\xa9\xe8\x87\xaa\xe5\xb7\xb1\xe5\x8f\x98\xe7\xbe\x8e',
 'TitleUrl': u'http://www.toutiao.com/group/6352086196634730753/'}
2016-11-15 00:50:18 [scrapy] DEBUG: Scraped from <200 http://www.toutiao.com/api/article/feed/?category=news_fashion&utm_source=toutiao&widen=0&max_behot_time=0&max_behot_time_tmp=1479171014&as=A16538313A8D839&cp=581A7DF853099E1>
{'Title': '\xe4\xb8\x80\xe5\xbc\xa0\xe5\x9b\xbe\xe5\x91\x8a\xe8\xaf\x89\xe4\xbd\xa0Angelababy\xe7\x9a\x84\xe5\x8f\x91\xe5\x9e\x8b\xe5\x9c\xa8\xe7\x94\xb7\xe7\x94\x9f\xe7\x9c\xbc\xe4\xb8\xad\xe6\x98\xaf\xe4\xbb\x80\xe4\xb9\x88\xe6\xa0\xb7\xe7\x9a\x84\xef\xbc\x9f',
 'TitleUrl': u'http://www.toutiao.com/group/6350911986881233153/'}
2016-11-15 00:50:18 [scrapy] DEBUG: Scraped from <200 http://www.toutiao.com/api/article/feed/?category=news_fashion&utm_source=toutiao&widen=0&max_behot_time=0&max_behot_time_tmp=1479171014&as=A16538313A8D839&cp=581A7DF853099E1>
{'Title': '\xe5\x96\x9c\xe6\xac\xa2\xe7\xae\x80\xe7\xba\xa6\xe5\x8f\x88\xe6\x9c\x89\xe8\xb4\xa8\xe6\x84\x9f\xef\xbc\x9f\xe4\xbd\xa0\xe8\x82\xaf\xe5\xae\x9a\xe4\xbc\x9a\xe7\x88\xb1\xe4\xb8\x8a\xe8\xbf\x99\xe4\xb8\xaa\xe8\xbf\x98\xe6\x9c\xaa\xe6\x9c\x89\xe5\xbe\x88\xe5\xa4\x9a\xe4\xba\xba\xe8\xae\xa4\xe8\xaf\x86\xe7\x9a\x84\xe5\x93\x81\xe7\x89\x8c\xef\xbc\x81',
 'TitleUrl': u'http://www.toutiao.com/group/6352484477058957569/'}
2016-11-15 00:50:18 [scrapy] DEBUG: Scraped from <200 http://www.toutiao.com/api/article/feed/?category=news_fashion&utm_source=toutiao&widen=0&max_behot_time=0&max_behot_time_tmp=1479171014&as=A16538313A8D839&cp=581A7DF853099E1>
{'Title': '\xe7\xbb\x99\xe5\x8f\x8c\xe5\x8d\x81\xe4\xb8\x80\xe6\x9c\x80\xe5\x90\x8e\xe6\xb7\xbb\xe6\x8a\x8a\xe7\x81\xab\xef\xbc\x8c\xe6\x88\x91\xe7\xbf\xbb\xe9\x81\x8d\xe4\xba\x86\xe8\xb4\xad\xe7\x89\xa9\xe8\xbd\xa6\xe5\x92\x8c\xe5\x8e\x86\xe5\x8f\xb2\xe8\xae\xa2\xe5\x8d\x95\xe6\x8a\x8a\xe8\xbf\x99\xe4\xba\x9b\xe6\x8e\xa8\xe8\x8d\x90\xe7\xbb\x99\xe4\xbd\xa0~',
 'TitleUrl': u'http://www.toutiao.com/group/6350983143385760001/'}
2016-11-15 00:50:18 [scrapy] DEBUG: Scraped from <200 http://www.toutiao.com/api/article/feed/?category=news_fashion&utm_source=toutiao&widen=0&max_behot_time=0&max_behot_time_tmp=1479171014&as=A16538313A8D839&cp=581A7DF853099E1>
{'Title': '\xe5\xa4\xa7\xe8\xa1\xa8\xe5\xa7\x90\xe7\x9c\x9f\xe5\xbf\x83\xe4\xb8\x8d\xe6\x98\xaf\xe5\xa4\xb8\xe4\xbd\xa0\xef\xbc\x8c\xe8\xbf\x99\xe6\xa0\xb7\xe7\xa9\xbf\xe4\xb9\x9f\xe5\xbf\x92\xe6\x9c\x89\xe6\xb0\x94\xe8\xb4\xa8\xe4\xba\x86',
 'TitleUrl': u'http://www.toutiao.com/group/6352627732187414785/'}
2016-11-15 00:50:18 [scrapy] DEBUG: Scraped from <200 http://www.toutiao.com/api/article/feed/?category=news_fashion&utm_source=toutiao&widen=0&max_behot_time=0&max_behot_time_tmp=1479171014&as=A16538313A8D839&cp=581A7DF853099E1>
{'Title': '\xe5\xa4\xaa\xe5\x86\xb7\xe4\xba\x86\xef\xbc\x8c\xe7\x9c\x9f\xe6\x98\xaf\xe5\xa4\xaa\xe5\x86\xb7\xe4\xba\x86\xef\xbc\x8c\xe7\xbe\x8e\xe5\xa5\xb3\xe9\x83\xbd\xe7\xa9\xbf\xe9\x95\xbf\xe9\x9d\xb4\xe8\xbf\x87\xe5\x86\xac\xe4\xba\x86\xe3\x80\x82',
 'TitleUrl': u'http://www.toutiao.com/group/6339320257128284417/'}
2016-11-15 00:50:18 [scrapy] DEBUG: Scraped from <200 http://www.toutiao.com/api/article/feed/?category=news_fashion&utm_source=toutiao&widen=0&max_behot_time=0&max_behot_time_tmp=1479171014&as=A16538313A8D839&cp=581A7DF853099E1>
{'Title': '\xe5\xa4\xaa\xe5\x86\xb7\xe4\xba\x86\xef\xbc\x8c\xe7\x9c\x9f\xe6\x98\xaf\xe5\xa4\xaa\xe5\x86\xb7\xe4\xba\x86\xef\xbc\x8c\xe7\xbe\x8e\xe5\xa5\xb3\xe9\x83\xbd\xe7\xa9\xbf\xe9\x95\xbf\xe9\x9d\xb4\xe8\xbf\x87\xe5\x86\xac\xe4\xba\x86\xe3\x80\x82',
 'TitleUrl': u'http://www.toutiao.com/group/6352964083184763137/?_as_1479171017'}
2016-11-15 00:50:18 [scrapy] DEBUG: Filtered duplicate request: <GET http://www.toutiao.com/api/article/feed/?category=news_fashion&utm_source=toutiao&widen=0&max_behot_time=0&max_behot_time_tmp=1479171013&as=A16538313A8D839&cp=581A7DF853099E1> - no more duplicates will be shown (see DUPEFILTER_DEBUG to show all duplicates)
2016-11-15 00:50:18 [scrapy] INFO: Closing spider (finished)
2016-11-15 00:50:18 [scrapy] INFO: Stored json feed (144 items) in: ../data/toutiao/news_fashion.json
2016-11-15 00:50:18 [scrapy] INFO: Dumping Scrapy stats:
{'downloader/request_bytes': 5764,
 'downloader/request_count': 9,
 'downloader/request_method_count/GET': 9,
 'downloader/response_bytes': 31301,
 'downloader/response_count': 9,
 'downloader/response_status_count/200': 9,
 'dupefilter/filtered': 1,
 'finish_reason': 'finished',
 'finish_time': datetime.datetime(2016, 11, 15, 0, 50, 18, 791958),
 'item_scraped_count': 144,
 'log_count/DEBUG': 164,
 'log_count/INFO': 26,
 'request_depth_max': 9,
 'response_received_count': 9,
 'scheduler/dequeued': 9,
 'scheduler/dequeued/memory': 9,
 'scheduler/enqueued': 9,
 'scheduler/enqueued/memory': 9,
 'start_time': datetime.datetime(2016, 11, 15, 0, 50, 8, 989239)}
2016-11-15 00:50:18 [scrapy] INFO: Spider closed (finished)
2016-11-15 02:09:11 [scrapy] INFO: Scrapy 1.2.0 started (bot: SocialSpider)
2016-11-15 02:09:11 [scrapy] INFO: Overridden settings: {'NEWSPIDER_MODULE': 'SocialSpider.spiders', 'FEED_URI': '../data/toutiao/news_fashion.json', 'SPIDER_MODULES': ['SocialSpider.spiders'], 'BOT_NAME': 'SocialSpider', 'FEED_FORMAT': 'json', 'LOG_FILE': '../log/toutiao/news_fashion.log'}
2016-11-15 02:09:11 [scrapy] INFO: Enabled extensions:
['scrapy.extensions.feedexport.FeedExporter',
 'scrapy.extensions.logstats.LogStats',
 'scrapy.extensions.telnet.TelnetConsole',
 'scrapy.extensions.corestats.CoreStats']
2016-11-15 02:09:12 [scrapy] INFO: Enabled downloader middlewares:
['scrapy.downloadermiddlewares.httpauth.HttpAuthMiddleware',
 'scrapy.downloadermiddlewares.downloadtimeout.DownloadTimeoutMiddleware',
 'scrapy.downloadermiddlewares.defaultheaders.DefaultHeadersMiddleware',
 'scrapy.downloadermiddlewares.useragent.UserAgentMiddleware',
 'SocialSpider.midware.UaMidWare.ProcessUaMidware',
 'scrapy.downloadermiddlewares.retry.RetryMiddleware',
 'scrapy.downloadermiddlewares.redirect.MetaRefreshMiddleware',
 'scrapy.downloadermiddlewares.httpcompression.HttpCompressionMiddleware',
 'scrapy.downloadermiddlewares.redirect.RedirectMiddleware',
 'scrapy.downloadermiddlewares.cookies.CookiesMiddleware',
 'scrapy.downloadermiddlewares.chunked.ChunkedTransferMiddleware',
 'scrapy.downloadermiddlewares.stats.DownloaderStats']
2016-11-15 02:09:12 [scrapy] INFO: Enabled spider middlewares:
['scrapy.spidermiddlewares.httperror.HttpErrorMiddleware',
 'scrapy.spidermiddlewares.offsite.OffsiteMiddleware',
 'scrapy.spidermiddlewares.referer.RefererMiddleware',
 'scrapy.spidermiddlewares.urllength.UrlLengthMiddleware',
 'scrapy.spidermiddlewares.depth.DepthMiddleware']
2016-11-15 02:09:12 [scrapy] INFO: Enabled item pipelines:
[]
2016-11-15 02:09:12 [scrapy] INFO: Spider opened
2016-11-15 02:09:12 [scrapy] INFO: Crawled 0 pages (at 0 pages/min), scraped 0 items (at 0 items/min)
2016-11-15 02:09:12 [scrapy] DEBUG: Telnet console listening on 127.0.0.1:6023
2016-11-15 02:09:12 [toutiao] INFO: now entring download midware
2016-11-15 02:09:12 [toutiao] INFO: User-Agent is: Speedy Spider (Entireweb; Beta/1.0; http://www.entireweb.com/about/search_tech/speedyspider/) <GET http://www.toutiao.com/api/article/feed/?category=news_fashion&utm_source=toutiao&widen=0&max_behot_time=0&max_behot_time_tmp=0&as=A135B8B16A0CF6F&cp=581AACBF560FEE1>
2016-11-15 02:09:12 [scrapy] DEBUG: Crawled (200) <GET http://www.toutiao.com/api/article/feed/?category=news_fashion&utm_source=toutiao&widen=0&max_behot_time=0&max_behot_time_tmp=0&as=A135B8B16A0CF6F&cp=581AACBF560FEE1> (referer: None)
2016-11-15 02:09:13 [toutiao] DEBUG: Fetch toutiao homepage page: http://www.toutiao.com/api/article/feed/?category=news_fashion&utm_source=toutiao&widen=0&max_behot_time=0&max_behot_time_tmp=0&as=A135B8B16A0CF6F&cp=581AACBF560FEE1
2016-11-15 02:09:13 [scrapy] ERROR: Spider error processing <GET http://www.toutiao.com/api/article/feed/?category=news_fashion&utm_source=toutiao&widen=0&max_behot_time=0&max_behot_time_tmp=0&as=A135B8B16A0CF6F&cp=581AACBF560FEE1> (referer: None)
Traceback (most recent call last):
  File "/usr/lib64/python2.7/site-packages/scrapy/utils/defer.py", line 102, in iter_errback
    yield next(it)
  File "/usr/lib64/python2.7/site-packages/scrapy/spidermiddlewares/offsite.py", line 29, in process_spider_output
    for x in result:
  File "/usr/lib64/python2.7/site-packages/scrapy/spidermiddlewares/referer.py", line 22, in <genexpr>
    return (_set_referer(r) for r in result or ())
  File "/usr/lib64/python2.7/site-packages/scrapy/spidermiddlewares/urllength.py", line 37, in <genexpr>
    return (r for r in result or () if _filter(r))
  File "/usr/lib64/python2.7/site-packages/scrapy/spidermiddlewares/depth.py", line 58, in <genexpr>
    return (r for r in result or () if _filter(r))
  File "/python/SocialSpider/SocialSpider/spiders/toutiao.py", line 33, in parse
    item['HotValue'] = val['comments_count']
KeyError: 'comments_count'
2016-11-15 02:09:13 [scrapy] INFO: Closing spider (finished)
2016-11-15 02:09:13 [scrapy] INFO: Dumping Scrapy stats:
{'downloader/request_bytes': 415,
 'downloader/request_count': 1,
 'downloader/request_method_count/GET': 1,
 'downloader/response_bytes': 4001,
 'downloader/response_count': 1,
 'downloader/response_status_count/200': 1,
 'finish_reason': 'finished',
 'finish_time': datetime.datetime(2016, 11, 15, 2, 9, 13, 31344),
 'log_count/DEBUG': 3,
 'log_count/ERROR': 1,
 'log_count/INFO': 9,
 'response_received_count': 1,
 'scheduler/dequeued': 1,
 'scheduler/dequeued/memory': 1,
 'scheduler/enqueued': 1,
 'scheduler/enqueued/memory': 1,
 'spider_exceptions/KeyError': 1,
 'start_time': datetime.datetime(2016, 11, 15, 2, 9, 12, 52947)}
2016-11-15 02:09:13 [scrapy] INFO: Spider closed (finished)
